15:37:36 SQL> @/dbbackups/ECST/migrations/core_owner/7.1-77105_notifications_auto/upgrade.sql
15:37:36 SQL> 
15:37:36 SQL> BEGIN
15:37:36   2  	INSERT INTO OPS_OWNER.NOTIFICATION_TYPE (ID, VALUE, TEMPLATE_URL) VALUES (OPS_OWNER.NOTTID_SEQ.NEXTVAL, 'card_expiration', 'N/A');
15:37:36   3  EXCEPTION WHEN DUP_VAL_ON_INDEX THEN NULL;
15:37:36   4  WHEN OTHERS THEN RAISE;
15:37:36   5  END;
15:37:36   6  /

PL/SQL procedure successfully completed.

Elapsed: 00:00:00.06
15:37:36 SQL> 
15:37:36 SQL> BEGIN
15:37:36   2  	INSERT INTO OPS_OWNER.NOTIFICATION_TYPE (ID, VALUE, TEMPLATE_URL) VALUES (OPS_OWNER.NOTTID_SEQ.NEXTVAL, 'redeemer-access-groupon', 'N/A');
15:37:36   3  EXCEPTION WHEN DUP_VAL_ON_INDEX THEN NULL;
15:37:36   4  WHEN OTHERS THEN RAISE;
15:37:36   5  END;
15:37:36   6  /

PL/SQL procedure successfully completed.

Elapsed: 00:00:00.01
15:37:36 SQL> 
15:37:36 SQL> BEGIN
15:37:36   2  	INSERT INTO OPS_OWNER.NOTIFICATION_TYPE (ID, VALUE, TEMPLATE_URL) VALUES (OPS_OWNER.NOTTID_SEQ.NEXTVAL, 'sartre-cancel', 'N/A');
15:37:36   3  EXCEPTION WHEN DUP_VAL_ON_INDEX THEN NULL;
15:37:36   4  WHEN OTHERS THEN RAISE;
15:37:36   5  END;
15:37:36   6  /

PL/SQL procedure successfully completed.

Elapsed: 00:00:00.00
15:37:36 SQL> 
15:37:36 SQL> BEGIN
15:37:36   2  	INSERT INTO OPS_OWNER.NOTIFICATION_TYPE (ID, VALUE, TEMPLATE_URL) VALUES (OPS_OWNER.NOTTID_SEQ.NEXTVAL, 'sartre-decline', 'N/A');
15:37:36   3  EXCEPTION WHEN DUP_VAL_ON_INDEX THEN NULL;
15:37:36   4  WHEN OTHERS THEN RAISE;
15:37:36   5  END;
15:37:36   6  /

PL/SQL procedure successfully completed.

Elapsed: 00:00:00.01
15:37:36 SQL> 
15:37:36 SQL> BEGIN
15:37:36   2  	INSERT INTO OPS_OWNER.NOTIFICATION_TYPE (ID, VALUE, TEMPLATE_URL) VALUES (OPS_OWNER.NOTTID_SEQ.NEXTVAL, 'sartre-purchase', 'N/A');
15:37:36   3  EXCEPTION WHEN DUP_VAL_ON_INDEX THEN NULL;
15:37:36   4  WHEN OTHERS THEN RAISE;
15:37:36   5  END;
15:37:36   6  /

PL/SQL procedure successfully completed.

Elapsed: 00:00:00.00
15:37:36 SQL> 
15:37:36 SQL> BEGIN
15:37:36   2  	INSERT INTO OPS_OWNER.NOTIFICATION_TYPE (ID, VALUE, TEMPLATE_URL) VALUES (OPS_OWNER.NOTTID_SEQ.NEXTVAL, 'sartre-sub-expired-groupon', 'N/A');
15:37:36   3  EXCEPTION WHEN DUP_VAL_ON_INDEX THEN NULL;
15:37:36   4  WHEN OTHERS THEN RAISE;
15:37:36   5  END;
15:37:36   6  /

PL/SQL procedure successfully completed.

Elapsed: 00:00:00.00
15:37:36 SQL> 
15:37:36 SQL> BEGIN
15:37:36   2  	INSERT INTO OPS_OWNER.NOTIFICATION_TYPE (ID, VALUE, TEMPLATE_URL) VALUES (OPS_OWNER.NOTTID_SEQ.NEXTVAL, 'sartre-upsell-sub-activation-groupon', 'N/A');
15:37:36   3  EXCEPTION WHEN DUP_VAL_ON_INDEX THEN NULL;
15:37:36   4  WHEN OTHERS THEN RAISE;
15:37:36   5  END;
15:37:36   6  /

PL/SQL procedure successfully completed.

Elapsed: 00:00:00.01
15:37:36 SQL> 
15:37:36 SQL> COMMIT;

Commit complete.

Elapsed: 00:00:00.00
15:37:36 SQL> commit;

Commit complete.

Elapsed: 00:00:00.00
15:37:36 SQL> spool off;


Subject: Nomad upgrade success: ECST@rac01.stg.sea1.nytimes.com
From: Nomad for Oracle <nytd_oracledba@nytimes.com>
To: nytd_oracledba@nytimes.com
Cc: steven.nedlin@nytimes.com
Nomad upgrade operation success. 
        
        Details
        -------
        DB Hostname: rac01.stg.sea1.nytimes.com
        SID: ECST
        Schema: core_owner
        Migration: 7.1-77105_notifications_auto
        SVN Revision: 9590
        Duration: 0