11:23:19 SQL> @/dbbackups/ECPR/migrations/ops_hist_owner/1-release-1.10.0-all/upgrade.sql
11:23:19 SQL> --------------------------------------------------------------------------------
11:23:19 SQL> -- DDL for package PROCS_HISTORY
11:23:19 SQL> --------------------------------------------------------------------------------
11:23:19 SQL> 
11:23:19 SQL> CREATE OR REPLACE PACKAGE "PROCS_HISTORY_V15" AS
11:23:19   2  
11:23:19   3  PROCEDURE CREATE_NOTIFICATION_HISTORY (
11:23:19   4  /*
11:23:19   5  Throws exceptions:
11:23:19   6  APP_EXCEPTION_CODES_V15.UNKNOWN_ERROR
11:23:19   7  */
11:23:19   8  	in_notification_id	      IN NUMBER,
11:23:19   9  	in_account_id		      IN NUMBER,
11:23:19  10  	in_group_id		      IN NUMBER,
11:23:19  11  	notification_reason_type_id   IN NUMBER,
11:23:19  12  	notification_status_id	      IN NUMBER,
11:23:19  13  	email_template_params	      IN CLOB,
11:23:19  14  	in_create_date		      IN DATE,
11:23:19  15  	in_date_to_notify	      IN DATE
11:23:19  16  );
11:23:19  17  
11:23:19  18  PROCEDURE CREATE_NOTIF_FAILURE_HISTORY (
11:23:19  19  /*
11:23:19  20  Throws exceptions:
11:23:19  21  APP_EXCEPTION_CODES_V15.UNKNOWN_ERROR
11:23:19  22  */
11:23:19  23  	in_error_messgae	 IN VARCHAR2,
11:23:19  24  	in_notification_id	 IN NUMBER,
11:23:19  25  	in_create_date		 IN DATE
11:23:19  26  );
11:23:19  27  
11:23:19  28  END PROCS_HISTORY_V15;
11:23:19  29  .
11:23:19 SQL> /

Package created.

Elapsed: 00:00:00.03
11:23:20 SQL> 
11:23:20 SQL> CREATE OR REPLACE PACKAGE BODY "PROCS_HISTORY_V15" AS
11:23:20   2  
11:23:20   3  PROCEDURE CREATE_NOTIFICATION_HISTORY (
11:23:20   4  /*
11:23:20   5  Throws exceptions:
11:23:20   6  APP_EXCEPTION_CODES_V15.UNKNOWN_ERROR
11:23:20   7  */
11:23:20   8  	in_notification_id	      IN NUMBER,
11:23:20   9  	in_account_id		      IN NUMBER,
11:23:20  10  	in_group_id		      IN NUMBER,
11:23:20  11  	notification_reason_type_id   IN NUMBER,
11:23:20  12  	notification_status_id	      IN NUMBER,
11:23:20  13  	email_template_params	      IN CLOB,
11:23:20  14  	in_create_date		      IN DATE,
11:23:20  15  	in_date_to_notify	      IN DATE
11:23:20  16  ) AS
11:23:20  17  SPROC_NAME CONSTANT VARCHAR2(27) := 'CREATE_NOTIFICATION_HISTORY';
11:23:20  18  BEGIN
11:23:20  19  
11:23:20  20  	INSERT INTO NOTIFICATION_HISTORY (
11:23:20  21  	  NOTIFICATION_ID,
11:23:20  22  	  ACCOUNT_ID,
11:23:20  23  	  GROUP_ID,
11:23:20  24  	  NOTIFICATION_REASON_TYPE_ID,
11:23:20  25  	  NOTIFICATION_STATUS_ID,
11:23:20  26  	  EMAIL_TEMPLATE_PARAMS,
11:23:20  27  	  CREATE_DATE,
11:23:20  28  	  UPDATE_DATE,
11:23:20  29  	  DATE_TO_NOTIFY
11:23:20  30  	) VALUES (
11:23:20  31  	  in_notification_id,
11:23:20  32  	  in_account_id,
11:23:20  33  	  in_group_id,
11:23:20  34  	  notification_reason_type_id,
11:23:20  35  	  notification_status_id,
11:23:20  36  	  email_template_params,
11:23:20  37  	  in_create_date,
11:23:20  38  	  sysdate,
11:23:20  39  	  in_date_to_notify
11:23:20  40  	);
11:23:20  41  
11:23:20  42  EXCEPTION
11:23:20  43  WHEN OTHERS THEN
11:23:20  44  	RAISE_APPLICATION_ERROR(CORE_OWNER.APP_EXCEPTION_CODES_V15.UNKNOWN_ERROR,
11:23:20  45  	  SPROC_NAME||': Unknown error: '||SQLERRM);
11:23:20  46  END CREATE_NOTIFICATION_HISTORY;
11:23:20  47  
11:23:20  48  /******************************************************************************/
11:23:20  49  
11:23:20  50  PROCEDURE CREATE_NOTIF_FAILURE_HISTORY (
11:23:20  51  /*
11:23:20  52  Throws exceptions:
11:23:20  53  APP_EXCEPTION_CODES_V15.UNKNOWN_ERROR
11:23:20  54  */
11:23:20  55  	in_error_messgae	 IN VARCHAR2,
11:23:20  56  	in_notification_id IN NUMBER,
11:23:20  57  	in_create_date		 IN DATE
11:23:20  58  ) AS
11:23:20  59  SPROC_NAME CONSTANT VARCHAR2(28) := 'CREATE_NOTIF_FAILURE_HISTORY';
11:23:20  60  BEGIN
11:23:20  61  
11:23:20  62  	INSERT INTO NOTIFICATION_FAILURE_HISTORY (
11:23:20  63  	  ERROR_MESSAGE,
11:23:20  64  	  NOTIFICATION_ID,
11:23:20  65  	  CREATE_DATE,
11:23:20  66  	  UPDATE_DATE
11:23:20  67  	) VALUES (
11:23:20  68  	  in_error_messgae,
11:23:20  69  	  in_notification_id,
11:23:20  70  	  in_create_date,
11:23:20  71  	  sysdate
11:23:20  72  	);
11:23:20  73  
11:23:20  74  EXCEPTION
11:23:20  75  WHEN OTHERS THEN
11:23:20  76  	RAISE_APPLICATION_ERROR(CORE_OWNER.APP_EXCEPTION_CODES_V15.UNKNOWN_ERROR,
11:23:20  77  	  SPROC_NAME||': Unknown error: '||SQLERRM);
11:23:20  78  END CREATE_NOTIF_FAILURE_HISTORY;
11:23:20  79  
11:23:20  80  END PROCS_HISTORY_V15;
11:23:20  81  .
11:23:20 SQL> /

Package body created.

Elapsed: 00:00:00.04
11:23:20 SQL> 
11:23:20 SQL> --------------------------------------------------------------------------------
11:23:20 SQL> -- DDL for package PROCS_PARTITIONS
11:23:20 SQL> --------------------------------------------------------------------------------
11:23:20 SQL> 
11:23:20 SQL> CREATE OR REPLACE PACKAGE "PROCS_PARTITIONS_V15" AS
11:23:20   2  
11:23:20   3  PROCEDURE GET_PARTITION_YEAR_MONTH (
11:23:20   4  	in_year   IN NUMBER,
11:23:20   5  	in_month  IN NUMBER,
11:23:20   6  	out_year  OUT NUMBER,
11:23:20   7  	out_month OUT NUMBER
11:23:20   8  );
11:23:20   9  
11:23:20  10  PROCEDURE ADD_TABLE_PARTITION (
11:23:20  11  	in_tablename	   IN VARCHAR2,
11:23:20  12  	in_partitionprefix IN VARCHAR2,
11:23:20  13  	in_year 	   IN NUMBER,
11:23:20  14  	in_month	   IN NUMBER
11:23:20  15  );
11:23:20  16  
11:23:20  17  PROCEDURE ADD_NOTIFICATION_PARTITION(
11:23:20  18  	in_year  IN NUMBER,
11:23:20  19  	in_month IN NUMBER
11:23:20  20  );
11:23:20  21  
11:23:20  22  PROCEDURE ADD_NOTIF_FAILURE_PARTITION(
11:23:20  23  	in_year  IN NUMBER,
11:23:20  24  	in_month IN NUMBER
11:23:20  25  );
11:23:20  26  
11:23:20  27  END PROCS_PARTITIONS_V15;
11:23:20  28  .
11:23:20 SQL> /

Package created.

Elapsed: 00:00:00.02
11:23:20 SQL> 
11:23:20 SQL> CREATE OR REPLACE PACKAGE BODY "PROCS_PARTITIONS_V15" AS
11:23:20   2  
11:23:20   3  PROCEDURE GET_PARTITION_YEAR_MONTH (
11:23:20   4  	in_year   IN NUMBER,
11:23:20   5  	in_month  IN NUMBER,
11:23:20   6  	out_year  OUT NUMBER,
11:23:20   7  	out_month OUT NUMBER
11:23:20   8  ) AS
11:23:20   9  BEGIN
11:23:20  10  	IF in_month < 12 THEN
11:23:20  11  	  out_month := in_month + 1;
11:23:20  12  	  out_year  := in_year;
11:23:20  13  	ELSIF in_month = 12 THEN
11:23:20  14  	  out_month := 1;
11:23:20  15  	  out_year  := in_year + 1;
11:23:20  16  	ELSE
11:23:20  17  	  out_month := in_month;
11:23:20  18  	  out_year  := in_year;
11:23:20  19  	END IF;
11:23:20  20  END;
11:23:20  21  
11:23:20  22  /**************************************************************/
11:23:20  23  
11:23:20  24  PROCEDURE ADD_TABLE_PARTITION (
11:23:20  25  	in_tablename	   IN VARCHAR2,
11:23:20  26  	in_partitionprefix IN VARCHAR2,
11:23:20  27  	in_year 	   IN NUMBER,
11:23:20  28  	in_month	   IN NUMBER
11:23:20  29  ) AS
11:23:20  30  -- VARIABLES
11:23:20  31  partision_year  NUMBER;
11:23:20  32  partision_month NUMBER;
11:23:20  33  -- CONSTANTS
11:23:20  34  const_max_prefix CONSTANT VARCHAR(3) := 'max';
11:23:20  35  BEGIN
11:23:20  36  	GET_PARTITION_YEAR_MONTH(in_year, in_month, partision_year, partision_month);
11:23:20  37  	EXECUTE IMMEDIATE 'ALTER TABLE '||in_tablename||' SPLIT PARTITION '||in_partitionprefix||'_'||const_max_prefix||' AT (date '''||partision_year||'-'||partision_month||'-01'') INTO (PARTITION '||in_partitionprefix||'_y'||in_year||'m'||in_month||', PARTITION '||in_partitionprefix||'_'||const_max_prefix||')';
11:23:20  38  END;
11:23:20  39  
11:23:20  40  /**************************************************************/
11:23:20  41  
11:23:20  42  PROCEDURE ADD_NOTIFICATION_PARTITION(
11:23:20  43  	in_year  IN NUMBER,
11:23:20  44  	in_month IN NUMBER
11:23:20  45  ) AS
11:23:20  46  -- CONSTANTS
11:23:20  47  CONST_TABLE_NAME	     CONSTANT VARCHAR2(20) := 'NOTIFICATION_HISTORY';
11:23:20  48  CONST_PARTITION_PREFIX CONSTANT VARCHAR2(12)  := 'notification';
11:23:20  49  BEGIN
11:23:20  50  	ADD_TABLE_PARTITION(CONST_TABLE_NAME, CONST_PARTITION_PREFIX, in_year, in_month);
11:23:20  51  END ADD_NOTIFICATION_PARTITION;
11:23:20  52  
11:23:20  53  /**************************************************************/
11:23:20  54  
11:23:20  55  PROCEDURE ADD_NOTIF_FAILURE_PARTITION(
11:23:20  56  	in_year  IN NUMBER,
11:23:20  57  	in_month IN NUMBER
11:23:20  58  ) AS
11:23:20  59  -- CONSTANTS
11:23:20  60  CONST_TABLE_NAME	     CONSTANT VARCHAR2(28) := 'NOTIFICATION_FAILURE_HISTORY';
11:23:20  61  CONST_PARTITION_PREFIX CONSTANT VARCHAR2(20) := 'notification_failure';
11:23:20  62  BEGIN
11:23:20  63  	ADD_TABLE_PARTITION(CONST_TABLE_NAME, CONST_PARTITION_PREFIX, in_year, in_month);
11:23:20  64  END ADD_NOTIF_FAILURE_PARTITION;
11:23:20  65  
11:23:20  66  END PROCS_PARTITIONS_V15;
11:23:20  67  .
11:23:20 SQL> /

Package body created.

Elapsed: 00:00:00.02
11:23:20 SQL> 
11:23:20 SQL> --------------------------------------------------------------------------------
11:23:20 SQL> -- DDL for package PROCS_SYSTEM
11:23:20 SQL> --------------------------------------------------------------------------------
11:23:20 SQL> 
11:23:20 SQL> CREATE OR REPLACE PACKAGE "PROCS_SYSTEM_V15" AS
11:23:20   2  
11:23:20   3  PROCEDURE INCREMENT_VERSION;
11:23:20   4  
11:23:20   5  PROCEDURE CHECK_VERSION(
11:23:20   6  	  in_vers    IN NUMBER,
11:23:20   7  	  out_result OUT NUMBER
11:23:20   8  );
11:23:20   9  
11:23:20  10  END PROCS_SYSTEM_V15;
11:23:20  11  .
11:23:20 SQL> /

Package created.

Elapsed: 00:00:00.01
11:23:20 SQL> 
11:23:20 SQL> CREATE OR REPLACE PACKAGE BODY "PROCS_SYSTEM_V15" AS
11:23:20   2  
11:23:20   3  PROCEDURE INCREMENT_VERSION
11:23:20   4  /*
11:23:20   5  Throws exceptions:
11:23:20   6  CORE_OWNER.APP_EXCEPTION_CODES_V15.UNKNOWN_ERROR
11:23:20   7  */
11:23:20   8  AS
11:23:20   9  BEGIN
11:23:20  10  
11:23:20  11  	UPDATE SYS_VERSION SET version=version+1;
11:23:20  12  
11:23:20  13  EXCEPTION
11:23:20  14  WHEN OTHERS THEN
11:23:20  15  	RAISE_APPLICATION_ERROR(CORE_OWNER.APP_EXCEPTION_CODES_V15.UNKNOWN_ERROR,
11:23:20  16  	  'Unknown error');
11:23:20  17  END INCREMENT_VERSION;
11:23:20  18  
11:23:20  19  /*************************************************************/
11:23:20  20  
11:23:20  21  PROCEDURE CHECK_VERSION(
11:23:20  22  	  in_vers    IN NUMBER,
11:23:20  23  	  out_result OUT NUMBER
11:23:20  24  ) AS
11:23:20  25  	current_version NUMBER;
11:23:20  26  BEGIN
11:23:20  27  	SELECT version INTO current_version FROM SYS_VERSION;
11:23:20  28  	IF(current_version != in_vers) THEN
11:23:20  29  	  out_result := 1;
11:23:20  30  	ELSE
11:23:20  31  	  out_result := 0;
11:23:20  32  	END IF;
11:23:20  33  	EXCEPTION
11:23:20  34  	      WHEN OTHERS THEN
11:23:20  35  	      NULL;
11:23:20  36  END CHECK_VERSION;
11:23:20  37  
11:23:20  38  END PROCS_SYSTEM_V15;
11:23:20  39  .
11:23:20 SQL> /

Package body created.

Elapsed: 00:00:00.02
11:23:20 SQL> 
11:23:20 SQL> --------------------------------------------------------------------------------
11:23:20 SQL> -- DDL for package PUBLIC_PROCS_OPS
11:23:20 SQL> --------------------------------------------------------------------------------
11:23:20 SQL> 
11:23:20 SQL> CREATE OR REPLACE PACKAGE "PUBLIC_PROCS_OPS_V15" AS
11:23:20   2  
11:23:20   3  PROCEDURE CREATE_NOTIFICATION_HISTORY (
11:23:20   4  /*
11:23:20   5  Throws exceptions:
11:23:20   6  APP_EXCEPTION_CODES_V15.UNKNOWN_ERROR
11:23:20   7  */
11:23:20   8  	in_notification_id	      IN NUMBER,
11:23:20   9  	in_account_id		      IN NUMBER,
11:23:20  10  	in_group_id		      IN NUMBER,
11:23:20  11  	notification_reason_type_id   IN NUMBER,
11:23:20  12  	notification_status_id	      IN NUMBER,
11:23:20  13  	email_template_params	      IN CLOB,
11:23:20  14  	in_create_date		      IN DATE,
11:23:20  15  	in_date_to_notify	      IN DATE
11:23:20  16  );
11:23:20  17  
11:23:20  18  PROCEDURE CREATE_NOTIF_FAILURE_HISTORY (
11:23:20  19  /*
11:23:20  20  Throws exceptions:
11:23:20  21  APP_EXCEPTION_CODES_V15.UNKNOWN_ERROR
11:23:20  22  */
11:23:20  23  	in_error_message	 IN VARCHAR2,
11:23:20  24  	in_notification_id	 IN NUMBER,
11:23:20  25  	in_create_date		 IN DATE
11:23:20  26  );
11:23:20  27  
11:23:20  28  END PUBLIC_PROCS_OPS_V15;
11:23:20  29  .
11:23:20 SQL> /

Package created.

Elapsed: 00:00:00.02
11:23:20 SQL> 
11:23:20 SQL> CREATE OR REPLACE PACKAGE BODY "PUBLIC_PROCS_OPS_V15" AS
11:23:20   2  
11:23:20   3  PROCEDURE CREATE_NOTIFICATION_HISTORY (
11:23:20   4  /*
11:23:20   5  Throws exceptions:
11:23:20   6  APP_EXCEPTION_CODES_V15.UNKNOWN_ERROR
11:23:20   7  */
11:23:20   8  	in_notification_id	      IN NUMBER,
11:23:20   9  	in_account_id		      IN NUMBER,
11:23:20  10  	in_group_id		      IN NUMBER,
11:23:20  11  	notification_reason_type_id   IN NUMBER,
11:23:20  12  	notification_status_id	      IN NUMBER,
11:23:20  13  	email_template_params	      IN CLOB,
11:23:20  14  	in_create_date		      IN DATE,
11:23:20  15  	in_date_to_notify	      IN DATE
11:23:20  16  ) AS
11:23:20  17  BEGIN
11:23:20  18  	PROCS_HISTORY_V15.CREATE_NOTIFICATION_HISTORY(
11:23:20  19  	  in_notification_id,
11:23:20  20  	  in_account_id,
11:23:20  21  	  in_group_id,
11:23:20  22  	  notification_reason_type_id,
11:23:20  23  	  notification_status_id,
11:23:20  24  	  email_template_params,
11:23:20  25  	  in_create_date,
11:23:20  26  	  in_date_to_notify
11:23:20  27  	);
11:23:20  28  END CREATE_NOTIFICATION_HISTORY;
11:23:20  29  
11:23:20  30  /******************************************************/
11:23:20  31  
11:23:20  32  PROCEDURE CREATE_NOTIF_FAILURE_HISTORY (
11:23:20  33  /*
11:23:20  34  Throws exceptions:
11:23:20  35  APP_EXCEPTION_CODES_V15.UNKNOWN_ERROR
11:23:20  36  */
11:23:20  37  	in_error_message	 IN VARCHAR2,
11:23:20  38  	in_notification_id	 IN NUMBER,
11:23:20  39  	in_create_date		 IN DATE
11:23:20  40  ) AS
11:23:20  41  BEGIN
11:23:20  42  	PROCS_HISTORY_V15.CREATE_NOTIF_FAILURE_HISTORY(
11:23:20  43  	  in_error_message,
11:23:20  44  	  in_notification_id,
11:23:20  45  	  in_create_date
11:23:20  46  	);
11:23:20  47  END CREATE_NOTIF_FAILURE_HISTORY;
11:23:20  48  
11:23:20  49  END PUBLIC_PROCS_OPS_V15;
11:23:20  50  .
11:23:20 SQL> /

Package body created.

Elapsed: 00:00:00.02
11:23:20 SQL> 
11:23:20 SQL> GRANT EXECUTE ON PUBLIC_PROCS_OPS_V15 TO ops_owner;

Grant succeeded.

Elapsed: 00:00:00.00
11:23:20 SQL> GRANT EXECUTE ON PUBLIC_PROCS_OPS_V15 TO ops_aaa_app;

Grant succeeded.

Elapsed: 00:00:00.01
11:23:20 SQL> GRANT EXECUTE ON PUBLIC_PROCS_OPS_V15 TO ops_payment_app;

Grant succeeded.

Elapsed: 00:00:00.00
11:23:20 SQL> GRANT EXECUTE ON PUBLIC_PROCS_OPS_V15 TO ops_notif_app;

Grant succeeded.

Elapsed: 00:00:00.00
11:23:20 SQL> commit;

Commit complete.

Elapsed: 00:00:00.00
11:23:20 SQL> spool off;


Subject: Nomad upgrade success: ECPR@rac01.prd.ewr1.nytimes.com
From: Nomad for Oracle <nytd_oracledba@nytimes.com>
To: nytd_ecommerce@nytimes.com,nytd_oracledba@nytimes.com
Cc: steven.nedlin@nytimes.com
Nomad upgrade operation success. 
        
        Details
        -------
        DB Hostname: rac01.prd.ewr1.nytimes.com
        SID: ECPR
        Schema: ops_hist_owner
        Migration: 1-release-1.10.0-all
        SVN Revision: 9677
        Duration: 0