17:54:27 SQL> @/dbbackups/ECPR/migrations/core_owner/21.1-update-3-offer-chain-end-date/upgrade.sql
17:54:27 SQL> WHENEVER SQLERROR EXIT SQL.SQLCODE ROLLBACK
17:54:27 SQL> 
17:54:27 SQL> UPDATE core_owner.offer_chain
17:54:27   2  SET adoptability_window_end_date = to_date('2099-12-31', 'yyyy-mm-dd'),
17:54:27   3  update_date = sysdate,
17:54:27   4  updated_by = 'JIRA SAR-250'
17:54:27   5  WHERE id in (3681562467, 173830776,965484810);

3 rows updated.

Elapsed: 00:00:00.58
17:54:27 SQL> 
17:54:27 SQL> commit;

Commit complete.

Elapsed: 00:00:00.01
17:54:27 SQL> commit;

Commit complete.

Elapsed: 00:00:00.00
17:54:27 SQL> spool off;


Subject: Nomad upgrade completed successfully: ECPR@rac01.prd.ewr1.nytimes.com
From: Nomad for Oracle <nytd_oracledba@nytimes.com>
To: nytd_ecommerce@nytimes.com
Cc: nytd_oracledba@nytimes.com
Nomad upgrade operation completed successfully without errors. 
        
        Details
        -------
        DB Hostname: rac01.prd.ewr1.nytimes.com
        SID: ECPR
        Schema: core_owner
        Migration: 21.1-update-3-offer-chain-end-date
        SVN Revision: 10612
        Duration: 1 sec.
        Service Request: https://jira.em.nytimes.com/browse/ORA-366