15:44:47 SQL> @/dbbackups/ECPR/migrations/core_owner/35.0-fix-transaction-type-for-gift-certificate/upgrade.sql
15:44:47 SQL> WHENEVER SQLERROR EXIT ROLLBACK;
15:44:47 SQL> 
15:44:47 SQL> UPDATE
15:44:47   2  	CORE_OWNER.TRANSACTION
15:44:47   3  SET
15:44:47   4  	TRANSACTION_TYPE_CODE = 'GIFT_CERTIFICATE_PURCHASE',
15:44:47   5  	UPDATED_BY = 'JIRA-SAR-434',
15:44:47   6  	UPDATE_DATE = SYSDATE
15:44:47   7  WHERE
15:44:47   8  	ID IN
15:44:47   9  	(
15:44:47  10  	  SELECT
15:44:47  11  	    CORE_OWNER.TRANSACTION.ID
15:44:47  12  	  FROM
15:44:47  13  	    CORE_OWNER.GIFT_CERTIFICATE
15:44:47  14  	  INNER JOIN CORE_OWNER.CHARGE
15:44:47  15  	  ON
15:44:47  16  	    CORE_OWNER.GIFT_CERTIFICATE.PURCHASE_INVOICE_ID =
15:44:47  17  	    CORE_OWNER.CHARGE.INVOICE_ID
15:44:47  18  	  INNER JOIN CORE_OWNER.TRANSACTION
15:44:47  19  	  ON
15:44:47  20  	    CORE_OWNER.CHARGE.TRANSACTION_ID = CORE_OWNER.TRANSACTION.ID
15:44:47  21  	  WHERE
15:44:47  22  	    Core_Owner.Transaction.Transaction_Type_Code LIKE 'RECURRING_%'
15:44:47  23  	);

2 rows updated.

Elapsed: 00:01:19.88
15:46:07 SQL> COMMIT;

Commit complete.

Elapsed: 00:00:00.01
15:46:07 SQL> 
15:46:07 SQL> 
15:46:07 SQL> 
15:46:07 SQL> 
15:46:07 SQL> commit;

Commit complete.

Elapsed: 00:00:00.00
15:46:07 SQL> spool off;


Subject: Nomad upgrade completed successfully: ECPR@rac01.prd.ewr1.nytimes.com
From: Nomad for Oracle <nytd_oracledba@nytimes.com>
To: nytd_ecommerce@nytimes.com
Cc: nytd_oracledba@nytimes.com

Nomad upgrade operation completed successfully without errors. 
        
        Details
        -------
        DB Hostname: rac01.prd.ewr1.nytimes.com
        DB Role: PRIMARY
        SID: ECPR
        Schema: core_owner
        Migration: 35.0-fix-transaction-type-for-gift-certificate
        SVN Revision: 11813
        Duration: 80 sec.
        DBA: sbao
        Service Request: https://jira.em.nytimes.com/browse/ORA-581