16:43:00 SQL> @/dbbackups/ECDV8/migrations/nytdba/6-cr_user_core_qa_auto-stg/upgrade.sql
16:43:00 SQL> create user core_qa_auto identified by values 'S:8BC8B37A33AE68BE0661AFA483C67CA6BBDF4A33A349530446357F9F3AA0' default tablespace users temporary tablespace temp profile default account unlock;

User created.

Elapsed: 00:00:00.31
16:43:00 SQL> 
16:43:00 SQL> alter user core_qa_auto quota 0 on users;

User altered.

Elapsed: 00:00:00.08
16:43:00 SQL> 
16:43:00 SQL> grant create session to core_qa_auto;

Grant succeeded.

Elapsed: 00:00:00.07
16:43:00 SQL> 
16:43:00 SQL> commit;

Commit complete.

Elapsed: 00:00:00.00
16:43:00 SQL> spool off;


Subject: Nomad upgrade completed successfully: ECDV8@rac01.qprvt.nytimes.com
From: Nomad for Oracle <nytd_oracledba@nytimes.com>
To: nytd_oracledba@nytimes.com
Cc: nytd_oracledba@nytimes.com

Nomad upgrade operation completed successfully without errors. 
        
        Details
        -------
        DB Hostname: rac01.qprvt.nytimes.com
        DB Role: PRIMARY
        SID: ECDV8
        Schema: nytdba
        Migration: 6-cr_user_core_qa_auto-stg
        SVN Revision: 12419
        Duration: 1 sec.
        DBA: apathrose
        