17:14:14 SQL> @/dbbackups/ECST2/migrations/core_owner/76-update-kindle-ereader-metadata-create-dates/upgrade.sql
17:14:14 SQL> whenever sqlerror exit rollback
17:14:14 SQL> 
17:14:14 SQL> update offer_chain_meta_data set create_date = sysdate, created_by = 'SAR-800' where offer_chain_id = 2691330666;

12 rows updated.

Elapsed: 00:00:00.01
17:14:14 SQL> commit;

Commit complete.

Elapsed: 00:00:00.00
17:14:14 SQL> spool off;


Subject: Nomad upgrade completed successfully: ECST2@rac01.stg.ewr1.nytimes.com
From: Nomad for Oracle <nytd_oracledba@nytimes.com>
To: nytd_ecommerce@nytimes.com
Cc: nytd_oracledba@nytimes.com

Nomad upgrade operation completed successfully without errors. 
        
        Details
        -------
        DB Hostname: rac01.stg.ewr1.nytimes.com
        DB Role: PRIMARY
        SID: ECST2
        Schema: core_owner
        Migration: 76-update-kindle-ereader-metadata-create-dates
        SVN Revision: 13515
        Duration: 0 sec.
        DBA: apathrose
        Service Request: https://jira.em.nytimes.com/browse/ORA-1075