14:44:34 SQL> @/dbbackups/ECPR/migrations/core_owner/68.2-add-amazon-sub-entries/upgrade.sql
14:44:34 SQL> WHENEVER SQLERROR EXIT SQL.SQLCODE ROLLBACK
14:44:34 SQL> 
14:44:34 SQL> -- Run time in ECST2 was about 6mins
14:44:34 SQL> INSERT
14:44:34   2  INTO
14:44:34   3  	  Amazon_Sub
14:44:34   4  	  (
14:44:34   5  	      ID ,
14:44:34   6  	      subscription_Id ,
14:44:34   7  	      Amazon_Id ,
14:44:34   8  	      CREATE_DATE ,
14:44:34   9  	      Created_By ,
14:44:34  10  	      Update_Date ,
14:44:34  11  	      Updated_By
14:44:34  12  	  )
14:44:34  13  SELECT
14:44:34  14  	  AMAZON_SUB_ID_SEQ.nextVal,
14:44:34  15  	  s2.id,
14:44:34  16  	  Az.Amazon_Id,
14:44:34  17  	  SYSDATE,
14:44:34  18  	  'JIRA-SAR-538',
14:44:34  19  	  SYSDATE,
14:44:34  20  	  'JIRA-SAR-538'
14:44:34  21  FROM
14:44:34  22  	  CORE_OWNER.AMAZON_SUB az
14:44:34  23  INNER JOIN
14:44:34  24  	  CORE_OWNER.SUBSCRIPTION s
14:44:34  25  ON
14:44:34  26  	  az.SUBSCRIPTION_ID = s.id
14:44:34  27  INNER JOIN
14:44:34  28  	  CORE_OWNER.ACCOUNT a
14:44:34  29  ON
14:44:34  30  	  s.Account_Id = a.Id
14:44:34  31  INNER JOIN
14:44:34  32  	  CORE_OWNER.SUBSCRIPTION s2
14:44:34  33  ON
14:44:34  34  	  s2.ACCOUNT_ID = a.id
14:44:34  35  WHERE
14:44:34  36  	  S.Offer_Chain_Id = 494003
14:44:34  37  AND S.Updated_By = 'JIRA-SAR-538'
14:44:34  38  AND S2.Subscription_Status_Id = 1
14:44:34  39  AND S2.Created_By = 'JIRA-SAR-538'
14:44:34  40  AND S2.Offer_Chain_Id = 2691330666;

10640 rows created.

Elapsed: 00:09:00.54
14:53:35 SQL> 
14:53:35 SQL> COMMIT;

Commit complete.

Elapsed: 00:00:00.00
14:53:35 SQL> commit;

Commit complete.

Elapsed: 00:00:00.00
14:53:35 SQL> spool off;


Subject: Nomad upgrade completed successfully: ECPR@rac01.prd.ewr1.nytimes.com
From: Nomad for Oracle <nytd_oracledba@nytimes.com>
To: nytd_ecommerce@nytimes.com
Cc: nytd_oracledba@nytimes.com

Nomad upgrade operation completed successfully without errors. 
        
        Details
        -------
        DB Hostname: rac01.prd.ewr1.nytimes.com
        DB Role: PRIMARY
        SID: ECPR
        Schema: core_owner
        Migration: 68.2-add-amazon-sub-entries
        SVN Revision: 13275
        Duration: 541 sec.
        DBA: sbao
        Service Request: https://jira.em.nytimes.com/browse/ORA-1020