13:34:41 SQL> @/dbbackups/ECPR/migrations/core_owner/11.0-release-1.9.0-126_change/upgrade.sql
13:34:41 SQL> WHENEVER SQLERROR EXIT ROLLBACK;
13:34:41 SQL> 
13:34:41 SQL> -- resolve version inconsistency in production
13:34:41 SQL> UPDATE SYS_VERSION SET VERSION = 125;

1 row updated.

Elapsed: 00:00:00.01
13:34:41 SQL> COMMIT;

Commit complete.

Elapsed: 00:00:00.00
13:34:41 SQL> 
13:34:41 SQL> variable is_current_version_fine NUMBER;
13:34:41 SQL> variable change_version NUMBER;
13:34:41 SQL> variable bad_current_version VARCHAR2(1024);
13:34:41 SQL> 
13:34:41 SQL> exec :change_version := 126;

PL/SQL procedure successfully completed.

Elapsed: 00:00:00.00
13:34:41 SQL> exec PROCS_SYSTEM_V14.CHECK_VERSION(:change_version - 1, :is_current_version_fine);

PL/SQL procedure successfully completed.

Elapsed: 00:00:00.13
13:34:41 SQL> exec :bad_current_version := 'Current version is bad, please update your version to '||(:change_version-1);

PL/SQL procedure successfully completed.

Elapsed: 00:00:00.01
13:34:41 SQL> 
13:34:41 SQL> BEGIN
13:34:41   2  	IF (:is_current_version_fine != 0) THEN
13:34:41   3  	  RAISE_APPLICATION_ERROR(-20001, :bad_current_version);
13:34:41   4  	END IF;
13:34:41   5  END;
13:34:41   6  /

PL/SQL procedure successfully completed.

Elapsed: 00:00:00.00
13:34:41 SQL> 
13:34:41 SQL> CREATE INDEX CC_REQUEST_STATUS_UPD_DATE_IDX ON CC_REQUEST_FILE(CC_REQUEST_FILE_STATUS, UPDATE_DATE) TABLESPACE CORE_IDX;

Index created.

Elapsed: 00:00:00.06
13:34:41 SQL> 
13:34:41 SQL> CREATE INDEX CC_REQUEST_FILE_ID_STATUS_IDX ON CC_REQUEST_FILE(ID, CC_REQUEST_FILE_STATUS) TABLESPACE CORE_IDX;

Index created.

Elapsed: 00:00:00.03
13:34:41 SQL> 
13:34:41 SQL> CREATE INDEX CC_UPPER_CHASE_PROFILE_ID_IDX ON CREDIT_CARD (UPPER(CHASE_PROFILE_ID)) TABLESPACE CORE_IDX;

Index created.

Elapsed: 00:00:15.17
13:34:56 SQL> 
13:34:56 SQL> -- new request file statuses
13:34:56 SQL> INSERT INTO CC_REQUEST_FILE_STATUS (ID, DESCRIPTION, CREATE_DATE, CREATED_BY)
13:34:56   2  VALUES ('NO_RESPONSE', 'No response file downloaded from Chase', SYSDATE, 'JIRA-RV-583');

1 row created.

Elapsed: 00:00:00.04
13:34:56 SQL> 
13:34:56 SQL> INSERT INTO CC_REQUEST_FILE_STATUS (ID, DESCRIPTION, CREATE_DATE, CREATED_BY)
13:34:56   2  VALUES ('NO_REPORT', 'No report file downloaded from Chase', SYSDATE, 'JIRA-RV-583');

1 row created.

Elapsed: 00:00:00.00
13:34:56 SQL> 
13:34:56 SQL> INSERT INTO CC_REQUEST_FILE_STATUS (ID, DESCRIPTION, CREATE_DATE, CREATED_BY)
13:34:56   2  VALUES ('RESPONSE_DOWNLOADED', 'The response file has been downloaded from Chase', SYSDATE, 'JIRA-RV-583');

1 row created.

Elapsed: 00:00:00.00
13:34:56 SQL> 
13:34:56 SQL> INSERT INTO CC_REQUEST_FILE_STATUS (ID, DESCRIPTION, CREATE_DATE, CREATED_BY)
13:34:56   2  VALUES ('REPORT_COMPLETE', 'The report file has been successfully processed', SYSDATE, 'JIRA-RV-583');

1 row created.

Elapsed: 00:00:00.00
13:34:56 SQL> 
13:34:56 SQL> INSERT INTO CC_REQUEST_FILE_STATUS (ID, DESCRIPTION, CREATE_DATE, CREATED_BY)
13:34:56   2  VALUES ('REPORT_COMPLETE_WITH_FAILURES', 'The report file has been successfully processed despite request failures', SYSDATE, 'JIRA-RV-583');

1 row created.

Elapsed: 00:00:00.00
13:34:56 SQL> 
13:34:56 SQL> INSERT INTO CC_REQUEST_FILE_STATUS (ID, DESCRIPTION, CREATE_DATE, CREATED_BY)
13:34:56   2  VALUES ('RESPONSE_COMPLETE', 'The response file has been successfully processed', SYSDATE, 'JIRA-RV-583');

1 row created.

Elapsed: 00:00:00.00
13:34:56 SQL> 
13:34:56 SQL> -- new credit card update statuses
13:34:56 SQL> INSERT INTO CC_UPDATE_STATUS (ID, DESCRIPTION, CREATE_DATE, CREATED_BY)
13:34:56   2  VALUES ('REQUEST_OK', 'OK response received for credit card request', SYSDATE, 'JIRA-RV-583');

1 row created.

Elapsed: 00:00:00.03
13:34:56 SQL> 
13:34:56 SQL> INSERT INTO CC_UPDATE_STATUS (ID, DESCRIPTION, CREATE_DATE, CREATED_BY)
13:34:56   2  VALUES ('REQUEST_FAILED', 'Error response received for credit card request', SYSDATE, 'JIRA-RV-583');

1 row created.

Elapsed: 00:00:00.00
13:34:56 SQL> 
13:34:56 SQL> commit;

Commit complete.

Elapsed: 00:00:00.00
13:34:56 SQL> 
13:34:56 SQL> ALTER TABLE CC_UPDATE ADD (
13:34:56   2  	RESPONSE_PROC_STATUS_CODE NUMBER NULL,
13:34:56   3  	RESPONSE_PROC_STATUS_MESSAGE VARCHAR2(2000) NULL
13:34:56   4  );

Table altered.

Elapsed: 00:00:00.31
13:34:57 SQL> 
13:34:57 SQL> EXEC PROCS_SYSTEM_V14.INCREMENT_VERSION();

PL/SQL procedure successfully completed.

Elapsed: 00:00:00.00
13:34:57 SQL> 
13:34:57 SQL> commit;

Commit complete.

Elapsed: 00:00:00.00
13:34:57 SQL> spool off;


Subject: Nomad upgrade success: ECPR@rac01.prd.ewr1.nytimes.com
From: Nomad for Oracle <nytd_oracledba@nytimes.com>
To: nytd_ecommerce@nytimes.com,nytd_oracledba@nytimes.com
Cc: steven.nedlin@nytimes.com
Nomad upgrade operation success. 
        
        Details
        -------
        DB Hostname: rac01.prd.ewr1.nytimes.com
        SID: ECPR
        Schema: core_owner
        Migration: 11.0-release-1.9.0-126_change
        SVN Revision: 9650
        Duration: 16