13:28:14 SQL> @/dbbackups/ECST/migrations/core_owner/28.0-release-1.12.1/upgrade.sql
13:28:14 SQL> WHENEVER SQLERROR EXIT ROLLBACK;
13:28:14 SQL> 
13:28:14 SQL> variable is_current_version_fine NUMBER;
13:28:14 SQL> variable change_version NUMBER;
13:28:14 SQL> variable bad_current_version VARCHAR2(1024);
13:28:14 SQL> 
13:28:14 SQL> exec :change_version := 134;

PL/SQL procedure successfully completed.

Elapsed: 00:00:00.01
13:28:14 SQL> exec PROCS_SYSTEM_V16.CHECK_VERSION(:change_version - 1, :is_current_version_fine);

PL/SQL procedure successfully completed.

Elapsed: 00:00:00.08
13:28:14 SQL> exec :bad_current_version := 'Current version is bad, please update your version to '||(:change_version-1);

PL/SQL procedure successfully completed.

Elapsed: 00:00:00.04
13:28:14 SQL> 
13:28:14 SQL> BEGIN
13:28:14   2  	IF (:is_current_version_fine != 0) THEN
13:28:14   3  	  RAISE_APPLICATION_ERROR(-20001, :bad_current_version);
13:28:14   4  	END IF;
13:28:14   5  END;
13:28:14   6  /

PL/SQL procedure successfully completed.

Elapsed: 00:00:00.00
13:28:14 SQL> 
13:28:14 SQL> INSERT INTO CORE_OWNER.CC_UPDATE_REASON(ID,DESCRIPTION,CREATE_DATE,CREATED_BY) VALUES ('OTHER','Unknown reason obtain from Chase Report File',SYSDATE,'JIRA-SAR-375');

1 row created.

Elapsed: 00:00:00.03
13:28:14 SQL> COMMIT;

Commit complete.

Elapsed: 00:00:00.00
13:28:14 SQL> 
13:28:14 SQL> CREATE INDEX CCU_UPDATE_DATE_IDX ON CC_UPDATE(UPDATE_DATE) TABLESPACE CORE_IDX;

Index created.

Elapsed: 00:00:08.58
13:28:22 SQL> 
13:28:22 SQL> EXEC PROCS_SYSTEM_V16.INCREMENT_VERSION();

PL/SQL procedure successfully completed.

Elapsed: 00:00:00.00
13:28:22 SQL> 
13:28:22 SQL> commit;

Commit complete.

Elapsed: 00:00:00.00
13:28:22 SQL> spool off;


Subject: Nomad upgrade completed successfully: ECST@rac01.stg.ewr1.nytimes.com
From: Nomad for Oracle <nytd_oracledba@nytimes.com>
To: nytd_ecommerce@nytimes.com
Cc: nytd_oracledba@nytimes.com

Nomad upgrade operation completed successfully without errors. 
        
        Details
        -------
        DB Hostname: rac01.stg.ewr1.nytimes.com
        DB Role: PRIMARY
        SID: ECST
        Schema: core_owner
        Migration: 28.0-release-1.12.1
        SVN Revision: 11108
        Duration: 9 sec.
        DBA: sbao
        Service Request: https://jira.em.nytimes.com/browse/ORA-512