09:25:46 SQL> @/dbbackups/ECST2/migrations/core_owner/25.0-comp-offer-newsroon-SAR-260/upgrade.sql
09:25:46 SQL> 
09:25:46 SQL> BEGIN
09:25:46   2  	INSERT INTO CORE_OWNER.NOTIFICATION_TYPE (ID, VALUE, TEMPLATE_URL) VALUES (CORE_OWNER.NOTTID_SEQ.NEXTVAL, 'complimentary_access2', 'N/A');
09:25:46   3  EXCEPTION WHEN DUP_VAL_ON_INDEX THEN NULL;
09:25:46   4  WHEN OTHERS THEN RAISE;
09:25:46   5  END;
09:25:46   6  /

PL/SQL procedure successfully completed.

Elapsed: 00:00:00.03
09:25:46 SQL> 
09:25:46 SQL> BEGIN
09:25:46   2  	INSERT INTO CORE_OWNER.NOTIFICATION_TYPE (ID, VALUE, TEMPLATE_URL) VALUES (CORE_OWNER.NOTTID_SEQ.NEXTVAL, 'complimentary_access2_biz', 'N/A');
09:25:46   3  EXCEPTION WHEN DUP_VAL_ON_INDEX THEN NULL;
09:25:46   4  WHEN OTHERS THEN RAISE;
09:25:46   5  END;
09:25:46   6  /

PL/SQL procedure successfully completed.

Elapsed: 00:00:00.01
09:25:46 SQL> 
09:25:46 SQL> BEGIN
09:25:46   2  	INSERT INTO CORE_OWNER.NOTIFICATION_TYPE (ID, VALUE, TEMPLATE_URL) VALUES (CORE_OWNER.NOTTID_SEQ.NEXTVAL, 'complimentary_access2_cr', 'N/A');
09:25:46   3  EXCEPTION WHEN DUP_VAL_ON_INDEX THEN NULL;
09:25:46   4  WHEN OTHERS THEN RAISE;
09:25:46   5  END;
09:25:46   6  /

PL/SQL procedure successfully completed.

Elapsed: 00:00:00.00
09:25:46 SQL> 
09:25:46 SQL> BEGIN
09:25:46   2  	INSERT INTO CORE_OWNER.NOTIFICATION_TYPE (ID, VALUE, TEMPLATE_URL) VALUES (CORE_OWNER.NOTTID_SEQ.NEXTVAL, 'complimentary_access2_nr', 'N/A');
09:25:46   3  EXCEPTION WHEN DUP_VAL_ON_INDEX THEN NULL;
09:25:46   4  WHEN OTHERS THEN RAISE;
09:25:46   5  END;
09:25:46   6  /

PL/SQL procedure successfully completed.

Elapsed: 00:00:00.00
09:25:46 SQL> 
09:25:46 SQL> BEGIN
09:25:46   2  	INSERT INTO CORE_OWNER.NOTIFICATION_TYPE (ID, VALUE, TEMPLATE_URL) VALUES (CORE_OWNER.NOTTID_SEQ.NEXTVAL, 'complimentary_access2_ns', 'N/A');
09:25:46   3  EXCEPTION WHEN DUP_VAL_ON_INDEX THEN NULL;
09:25:46   4  WHEN OTHERS THEN RAISE;
09:25:46   5  END;
09:25:46   6  /

PL/SQL procedure successfully completed.

Elapsed: 00:00:00.00
09:25:46 SQL> 
09:25:46 SQL> BEGIN
09:25:46   2  	INSERT INTO CORE_OWNER.NOTIFICATION_TYPE (ID, VALUE, TEMPLATE_URL) VALUES (CORE_OWNER.NOTTID_SEQ.NEXTVAL, 'complimentary_access2_pr', 'N/A');
09:25:46   3  EXCEPTION WHEN DUP_VAL_ON_INDEX THEN NULL;
09:25:46   4  WHEN OTHERS THEN RAISE;
09:25:46   5  END;
09:25:46   6  /

PL/SQL procedure successfully completed.

Elapsed: 00:00:00.01
09:25:46 SQL> COMMIT;

Commit complete.

Elapsed: 00:00:00.00
09:25:46 SQL> exit


Subject: Nomad upgrade completed successfully: ECST2@rac01.stg.ewr1.nytimes.com
From: Nomad for Oracle <nytd_oracledba@nytimes.com>
To: nytd_ecommerce@nytimes.com
Cc: nytd_oracledba@nytimes.com

Nomad upgrade operation completed successfully without errors. 
        
        Details
        -------
        DB Hostname: rac01.stg.ewr1.nytimes.com
        DB Role: PRIMARY
        SID: ECST2
        Schema: core_owner
        Migration: 25.0-comp-offer-newsroon-SAR-260
        SVN Revision: 10910
        Duration: 0 sec.
        DBA: sbao
        Service Request: https://jira.em.nytimes.com/browse/ORA-452