13:29:54 SQL> @/dbbackups/ECST2/migrations/core_owner/25.0-comp-offer-newsroon-SAR-260/upgrade.sql
13:29:54 SQL> 
13:29:54 SQL> BEGIN
13:29:54   2  	INSERT INTO CORE_OWNER.NOTIFICATION_TYPE (ID, VALUE, TEMPLATE_URL) VALUES (CORE_OWNER.NOTTID_SEQ.NEXTVAL, 'complimentary_access2', 'N/A');
13:29:54   3  EXCEPTION WHEN DUP_VAL_ON_INDEX THEN NULL;
13:29:54   4  WHEN OTHERS THEN RAISE;
13:29:54   5  END;
13:29:54   6  /

PL/SQL procedure successfully completed.

Elapsed: 00:00:00.04
13:29:54 SQL> 
13:29:54 SQL> BEGIN
13:29:54   2  	INSERT INTO CORE_OWNER.NOTIFICATION_TYPE (ID, VALUE, TEMPLATE_URL) VALUES (CORE_OWNER.NOTTID_SEQ.NEXTVAL, 'complimentary_access2_biz', 'N/A');
13:29:54   3  EXCEPTION WHEN DUP_VAL_ON_INDEX THEN NULL;
13:29:54   4  WHEN OTHERS THEN RAISE;
13:29:54   5  END;
13:29:54   6  /

PL/SQL procedure successfully completed.

Elapsed: 00:00:00.01
13:29:54 SQL> 
13:29:54 SQL> BEGIN
13:29:54   2  	INSERT INTO CORE_OWNER.NOTIFICATION_TYPE (ID, VALUE, TEMPLATE_URL) VALUES (CORE_OWNER.NOTTID_SEQ.NEXTVAL, 'complimentary_access2_cr', 'N/A');
13:29:54   3  EXCEPTION WHEN DUP_VAL_ON_INDEX THEN NULL;
13:29:54   4  WHEN OTHERS THEN RAISE;
13:29:54   5  END;
13:29:54   6  /

PL/SQL procedure successfully completed.

Elapsed: 00:00:00.00
13:29:54 SQL> 
13:29:54 SQL> BEGIN
13:29:54   2  	INSERT INTO CORE_OWNER.NOTIFICATION_TYPE (ID, VALUE, TEMPLATE_URL) VALUES (CORE_OWNER.NOTTID_SEQ.NEXTVAL, 'complimentary_access2_nr', 'N/A');
13:29:54   3  EXCEPTION WHEN DUP_VAL_ON_INDEX THEN NULL;
13:29:54   4  WHEN OTHERS THEN RAISE;
13:29:54   5  END;
13:29:54   6  /

PL/SQL procedure successfully completed.

Elapsed: 00:00:00.00
13:29:54 SQL> 
13:29:54 SQL> BEGIN
13:29:54   2  	INSERT INTO CORE_OWNER.NOTIFICATION_TYPE (ID, VALUE, TEMPLATE_URL) VALUES (CORE_OWNER.NOTTID_SEQ.NEXTVAL, 'complimentary_access2_ns', 'N/A');
13:29:54   3  EXCEPTION WHEN DUP_VAL_ON_INDEX THEN NULL;
13:29:54   4  WHEN OTHERS THEN RAISE;
13:29:54   5  END;
13:29:54   6  /

PL/SQL procedure successfully completed.

Elapsed: 00:00:00.00
13:29:54 SQL> 
13:29:54 SQL> BEGIN
13:29:54   2  	INSERT INTO CORE_OWNER.NOTIFICATION_TYPE (ID, VALUE, TEMPLATE_URL) VALUES (CORE_OWNER.NOTTID_SEQ.NEXTVAL, 'complimentary_access2_pr', 'N/A');
13:29:54   3  EXCEPTION WHEN DUP_VAL_ON_INDEX THEN NULL;
13:29:54   4  WHEN OTHERS THEN RAISE;
13:29:54   5  END;
13:29:54   6  /

PL/SQL procedure successfully completed.

Elapsed: 00:00:00.00
13:29:54 SQL> COMMIT;

Commit complete.

Elapsed: 00:00:00.00
13:29:54 SQL> exit


Subject: Nomad upgrade completed successfully: ECST2@rac01.stg.ewr1.nytimes.com
From: Nomad for Oracle <nytd_oracledba@nytimes.com>
To: nytd_ecommerce@nytimes.com
Cc: nytd_oracledba@nytimes.com

Nomad upgrade operation completed successfully without errors. 
        
        Details
        -------
        DB Hostname: rac01.stg.ewr1.nytimes.com
        DB Role: PRIMARY
        SID: ECST2
        Schema: core_owner
        Migration: 25.0-comp-offer-newsroon-SAR-260
        SVN Revision: 10910
        Duration: 0 sec.
        DBA: sbao
        Service Request: https://jira.em.nytimes.com/browse/ORA-452