13:33:07 SQL> @/dbbackups/ECST2/migrations/core_owner/20.8-post-release-1.11.1-data-copy/upgrade.sql
13:33:07 SQL> WHENEVER SQLERROR EXIT ROLLBACK;
13:33:07 SQL> 
13:33:07 SQL> alter table notification_failure disable constraint NOT_NOTF_FK;

Table altered.

Elapsed: 00:00:00.03
13:33:07 SQL> truncate table core_owner.NOTIFICATION_FAILURE;

Table truncated.

Elapsed: 00:00:00.03
13:33:07 SQL> truncate table core_owner.NOTIFICATION;

Table truncated.

Elapsed: 00:00:00.20
13:33:07 SQL> truncate table core_owner.PROCESS_RETRY_THROTTLE;

Table truncated.

Elapsed: 00:00:00.32
13:33:08 SQL> insert into core_owner.NOTIFICATION select * from ops_owner.NOTIFICATION;

5 rows created.

Elapsed: 00:00:00.01
13:33:08 SQL> insert into core_owner.NOTIFICATION_FAILURE select * from ops_owner.NOTIFICATION_FAILURE;

0 rows created.

Elapsed: 00:00:00.00
13:33:08 SQL> insert into core_owner.PROCESS_RETRY_THROTTLE select * from ops_owner.PROCESS_RETRY_THROTTLE;

432612 rows created.

Elapsed: 00:00:09.17
13:33:17 SQL> alter table notification_failure enable constraint NOT_NOTF_FK;

Table altered.

Elapsed: 00:00:00.02
13:33:17 SQL> 
13:33:17 SQL> commit;

Commit complete.

Elapsed: 00:00:00.00
13:33:17 SQL> 
13:33:17 SQL> commit;

Commit complete.

Elapsed: 00:00:00.00
13:33:17 SQL> spool off;


Subject: Nomad upgrade completed successfully: ECST2@rac01.stg.ewr1.nytimes.com
From: Nomad for Oracle <nytd_oracledba@nytimes.com>
To: nytd_ecommerce@nytimes.com,nytd_oracledba@nytimes.com
Cc: nytd_oracledba@nytimes.com
Nomad upgrade operation completed successfully without errors. 
        
        Details
        -------
        DB Hostname: rac01.stg.ewr1.nytimes.com
        SID: ECST2
        Schema: core_owner
        Migration: 20.8-post-release-1.11.1-data-copy
        SVN Revision: 10585
        Duration: 10 sec.
        Service Request: https://jira.em.nytimes.com/browse/ORA-348