15:21:05 SQL> @/dbbackups/ECPR/migrations/core_owner/20.8-post-release-1.11.1-data-copy/upgrade.sql
15:21:05 SQL> WHENEVER SQLERROR EXIT ROLLBACK;
15:21:05 SQL> 
15:21:05 SQL> alter table notification_failure disable constraint NOT_NOTF_FK;

Table altered.

Elapsed: 00:00:01.10
15:21:06 SQL> truncate table core_owner.NOTIFICATION_FAILURE;

Table truncated.

Elapsed: 00:00:01.88
15:21:08 SQL> truncate table core_owner.NOTIFICATION;

Table truncated.

Elapsed: 00:00:00.22
15:21:08 SQL> truncate table core_owner.PROCESS_RETRY_THROTTLE;

Table truncated.

Elapsed: 00:00:00.65
15:21:08 SQL> insert into core_owner.NOTIFICATION select * from ops_owner.NOTIFICATION;

175 rows created.

Elapsed: 00:00:00.95
15:21:09 SQL> insert into core_owner.NOTIFICATION_FAILURE select * from ops_owner.NOTIFICATION_FAILURE;

21 rows created.

Elapsed: 00:00:00.11
15:21:10 SQL> insert into core_owner.PROCESS_RETRY_THROTTLE select * from ops_owner.PROCESS_RETRY_THROTTLE;

758363 rows created.

Elapsed: 00:00:15.40
15:21:25 SQL> alter table notification_failure enable constraint NOT_NOTF_FK;

Table altered.

Elapsed: 00:00:00.12
15:21:25 SQL> 
15:21:25 SQL> commit;

Commit complete.

Elapsed: 00:00:00.00
15:21:25 SQL> 
15:21:25 SQL> commit;

Commit complete.

Elapsed: 00:00:00.00
15:21:25 SQL> spool off;


Subject: Nomad upgrade completed successfully: ECPR@rac01.prd.ewr1.nytimes.com
From: Nomad for Oracle <nytd_oracledba@nytimes.com>
To: nytd_ecommerce@nytimes.com
Cc: nytd_oracledba@nytimes.com
Nomad upgrade operation completed successfully without errors. 
        
        Details
        -------
        DB Hostname: rac01.prd.ewr1.nytimes.com
        SID: ECPR
        Schema: core_owner
        Migration: 20.8-post-release-1.11.1-data-copy
        SVN Revision: 10585
        Duration: 20 sec.
        Service Request: https://jira.em.nytimes.com/browse/ORA-348