14:41:10 SQL> @/dbbackups/ECPR/migrations/core_owner/68.1-update-kindle-e-reader-offer-chain/upgrade.sql
14:41:10 SQL> WHENEVER SQLERROR EXIT SQL.SQLCODE ROLLBACK
14:41:10 SQL> 
14:41:10 SQL> DELETE FROM Offer_Chain_Meta_Data WHERE Offer_Chain_Id = 2691330666 AND Created_By = 'JIRA-SAR-538' AND Name = 'IS_COMP' AND Value = '1';

1 row deleted.

Elapsed: 00:00:00.16
14:41:10 SQL> 
14:41:10 SQL> COMMIT;

Commit complete.

Elapsed: 00:00:00.01
14:41:11 SQL> commit;

Commit complete.

Elapsed: 00:00:00.00
14:41:11 SQL> spool off;


Subject: Nomad upgrade completed successfully: ECPR@rac01.prd.ewr1.nytimes.com
From: Nomad for Oracle <nytd_oracledba@nytimes.com>
To: nytd_ecommerce@nytimes.com
Cc: nytd_oracledba@nytimes.com

Nomad upgrade operation completed successfully without errors. 
        
        Details
        -------
        DB Hostname: rac01.prd.ewr1.nytimes.com
        DB Role: PRIMARY
        SID: ECPR
        Schema: core_owner
        Migration: 68.1-update-kindle-e-reader-offer-chain
        SVN Revision: 13269
        Duration: 0 sec.
        DBA: sbao
        Service Request: https://jira.em.nytimes.com/browse/ORA-1014