10:59:43 SQL> @/dbbackups/ECPR/migrations/nytdba/ec_package_grant2coresupport/upgrade.sql
10:59:43 SQL> Grant select on sys.dba_source to coresupport;

Grant succeeded.

Elapsed: 00:00:00.01
10:59:43 SQL> commit;

Commit complete.

Elapsed: 00:00:00.00
10:59:43 SQL> spool off;


Subject: Nomad upgrade completed successfully: ECPR@rac01.prd.ewr1.nytimes.com
From: Nomad for Oracle <nytd_oracledba@nytimes.com>
To: nytd_ecommerce@nytimes.com
Cc: nytd_oracledba@nytimes.com
Nomad upgrade operation completed successfully without errors. 
        
        Details
        -------
        DB Hostname: rac01.prd.ewr1.nytimes.com
        SID: ECPR
        Schema: nytdba
        Migration: ec_package_grant2coresupport
        SVN Revision: 10677
        Duration: 0 sec.
        Service Request: https://jira.em.nytimes.com/browse/ORA-332