14:15:39 SQL> @/dbbackups/ECPR/migrations/core_owner/75.1-release-1.17.0-143-change/upgrade.sql
14:15:39 SQL> WHENEVER SQLERROR EXIT ROLLBACK;
14:15:39 SQL> 
14:15:39 SQL> variable is_current_version_fine NUMBER;
14:15:39 SQL> variable change_version NUMBER;
14:15:39 SQL> variable bad_current_version VARCHAR2(1024);
14:15:39 SQL> 
14:15:39 SQL> exec :change_version := 143;

PL/SQL procedure successfully completed.

Elapsed: 00:00:00.00
14:15:39 SQL> exec PROCS_SYSTEM_V16.CHECK_VERSION(:change_version - 1, :is_current_version_fine);

PL/SQL procedure successfully completed.

Elapsed: 00:00:00.13
14:15:40 SQL> exec :bad_current_version := 'Current version is bad, please update your version to '||(:change_version-1);

PL/SQL procedure successfully completed.

Elapsed: 00:00:00.00
14:15:40 SQL> 
14:15:40 SQL> -- two copies of crosswords product, differ only in unit_price, which is not used
14:15:40 SQL> update product_offering set product_id = 6 where product_id = 2;

17 rows updated.

Elapsed: 00:00:00.23
14:15:40 SQL> -- two copies of archive article product, exactly the same
14:15:40 SQL> update product_offering set product_id = 3 where product_id = 4;

47 rows updated.

Elapsed: 00:00:00.00
14:15:40 SQL> truncate table product_eligibility;

Table truncated.

Elapsed: 00:00:00.85
14:15:41 SQL> delete from product where id = 2;

1 row deleted.

Elapsed: 00:00:00.07
14:15:41 SQL> delete from product where id = 4;

1 row deleted.

Elapsed: 00:00:00.00
14:15:41 SQL> 
14:15:41 SQL> -- fixing three product_offerings that have NONE capability due to hack for MEU
14:15:41 SQL> update product_offering set capability_id = 9 where product_id = 73 and capability_id = 0;

3 rows updated.

Elapsed: 00:00:00.01
14:15:41 SQL> 
14:15:41 SQL> alter table product add entitlement varchar2(32);

Table altered.

Elapsed: 00:00:00.95
14:15:42 SQL> alter table product add is_shareable number default 0 not null;

Table altered.

Elapsed: 00:00:00.10
14:15:42 SQL> alter table product add tax_category_id number default 0 not null;

Table altered.

Elapsed: 00:00:00.06
14:15:42 SQL> alter table product add default_vat_rate varchar2(32);

Table altered.

Elapsed: 00:00:00.05
14:15:42 SQL> 
14:15:42 SQL> -- set default_vat_rate to 0.2 for crosswords and archive articles, 0 for everything else
14:15:42 SQL> update product set default_vat_rate = '{"*": 0.0}';

77 rows updated.

Elapsed: 00:00:00.02
14:15:42 SQL> update product set default_vat_rate = '{"*": .2}' where id in (3, 6);

2 rows updated.

Elapsed: 00:00:00.00
14:15:42 SQL> alter table product modify default_vat_rate constraint vat_not_null not null;

Table altered.

Elapsed: 00:00:00.06
14:15:42 SQL> 
14:15:42 SQL> EXEC PROCS_SYSTEM_V16.INCREMENT_VERSION();

PL/SQL procedure successfully completed.

Elapsed: 00:00:00.01
14:15:42 SQL> commit;

Commit complete.

Elapsed: 00:00:00.00
14:15:42 SQL> spool off;


Subject: Nomad upgrade completed successfully: ECPR@rac01.prd.ewr1.nytimes.com
From: Nomad for Oracle <nytd_oracledba@nytimes.com>
To: nytd_ecommerce@nytimes.com
Cc: nytd_oracledba@nytimes.com

Nomad upgrade operation completed successfully without errors. 
        
        Details
        -------
        DB Hostname: rac01.prd.ewr1.nytimes.com
        DB Role: PRIMARY
        SID: ECPR
        Schema: core_owner
        Migration: 75.1-release-1.17.0-143-change
        SVN Revision: 13437
        Duration: 3 sec.
        DBA: apathrose
        