14:04:16 SQL> @/dbbackups/ECPR/migrations/core_owner/24.0-SAR-247-remove-ops-constraints/upgrade.sql
14:04:16 SQL> WHENEVER SQLERROR EXIT ROLLBACK;
14:04:16 SQL> 
14:04:16 SQL> variable is_current_version_fine NUMBER;
14:04:16 SQL> variable change_version NUMBER;
14:04:16 SQL> variable bad_current_version VARCHAR2(1024);
14:04:16 SQL> 
14:04:16 SQL> exec :change_version := 132;

PL/SQL procedure successfully completed.

Elapsed: 00:00:00.01
14:04:16 SQL> exec PROCS_SYSTEM_V9.CHECK_VERSION(:change_version - 1, :is_current_version_fine);

PL/SQL procedure successfully completed.

Elapsed: 00:00:00.12
14:04:16 SQL> exec :bad_current_version := 'Current version is bad, please update your version to '||(:change_version-1);

PL/SQL procedure successfully completed.

Elapsed: 00:00:00.00
14:04:16 SQL> 
14:04:16 SQL> BEGIN
14:04:16   2  	IF (:is_current_version_fine != 0) THEN
14:04:16   3  	  RAISE_APPLICATION_ERROR(-20001, :bad_current_version);
14:04:16   4  	END IF;
14:04:16   5  END;
14:04:16   6  /

PL/SQL procedure successfully completed.

Elapsed: 00:00:00.01
14:04:16 SQL> 
14:04:16 SQL> ALTER TABLE
14:04:16   2  	  offer_chain_notification_type DROP CONSTRAINT OPS_NT_OCHNT_FK;

Table altered.

Elapsed: 00:00:00.64
14:04:17 SQL> 
14:04:17 SQL> ALTER TABLE
14:04:17   2  	  OFFER_CHAIN_NOTIFICATION_TYPE ADD CONSTRAINT NT_OCHNT_FK FOREIGN KEY(NOTIFICATION_TYPE_ID) REFERENCES CORE_OWNER.NOTIFICATION_TYPE(ID) ENABLE;

Table altered.

Elapsed: 00:00:00.27
14:04:17 SQL> 
14:04:17 SQL> commit;

Commit complete.

Elapsed: 00:00:00.00
14:04:17 SQL> 
14:04:17 SQL> exec PROCS_SYSTEM_V9.INCREMENT_VERSION();

PL/SQL procedure successfully completed.

Elapsed: 00:00:00.00
14:04:17 SQL> commit;

Commit complete.

Elapsed: 00:00:00.00
14:04:17 SQL> spool off;


Subject: Nomad upgrade completed successfully: ECPR@rac01.prd.ewr1.nytimes.com
From: Nomad for Oracle <nytd_oracledba@nytimes.com>
To: nytd_ecommerce@nytimes.com
Cc: nytd_oracledba@nytimes.com

Nomad upgrade operation completed successfully without errors. 
        
        Details
        -------
        DB Hostname: rac01.prd.ewr1.nytimes.com
        DB Role: PRIMARY
        SID: ECPR
        Schema: core_owner
        Migration: 24.0-SAR-247-remove-ops-constraints
        SVN Revision: 10873
        Duration: 1 sec.
        DBA: sbao
        Service Request: https://jira.em.nytimes.com/browse/ORA-384