15:52:35 SQL> @/dbbackups/ECST2/migrations/core_owner/24.0-SAR-247-remove-ops-constraints/upgrade.sql
15:52:35 SQL> WHENEVER SQLERROR EXIT ROLLBACK;
15:52:35 SQL> 
15:52:35 SQL> variable is_current_version_fine NUMBER;
15:52:35 SQL> variable change_version NUMBER;
15:52:35 SQL> variable bad_current_version VARCHAR2(1024);
15:52:35 SQL> 
15:52:35 SQL> exec :change_version := 132;

PL/SQL procedure successfully completed.

Elapsed: 00:00:00.01
15:52:35 SQL> exec PROCS_SYSTEM_V9.CHECK_VERSION(:change_version - 1, :is_current_version_fine);

PL/SQL procedure successfully completed.

Elapsed: 00:00:00.11
15:52:35 SQL> exec :bad_current_version := 'Current version is bad, please update your version to '||(:change_version-1);

PL/SQL procedure successfully completed.

Elapsed: 00:00:00.01
15:52:35 SQL> 
15:52:35 SQL> BEGIN
15:52:35   2  	IF (:is_current_version_fine != 0) THEN
15:52:35   3  	  RAISE_APPLICATION_ERROR(-20001, :bad_current_version);
15:52:35   4  	END IF;
15:52:35   5  END;
15:52:35   6  /
BEGIN
*
ERROR at line 1:
ORA-20001: Current version is bad, please update your version to 131 
ORA-06512: at line 3 




Subject: Nomad upgrade completed with errors: ECST2@rac01.stg.ewr1.nytimes.com
From: Nomad for Oracle <nytd_oracledba@nytimes.com>
To: nytd_ecommerce@nytimes.com
Cc: nytd_oracledba@nytimes.com

Nomad upgrade operation has errors. 
        
        Details
        -------
        DB Hostname: rac01.stg.ewr1.nytimes.com
        DB Role: PRIMARY
        SID: ECST2
        Schema: core_owner
        Migration: 24.0-SAR-247-remove-ops-constraints
        SVN Revision: 10873
        Duration: 0 sec.
        DBA: sbao
                
        
        Error Detail
        ------------
        
        ERROR at line 1: ORA-20001: Current version is bad, please update your version to 131 ORA-06512: at line 3