10:41:27 SQL> @/dbbackups/ECPR/migrations/core_owner/36.1-enable-gift-cert-trigger/upgrade.sql
10:41:27 SQL> WHENEVER SQLERROR EXIT ROLLBACK;
10:41:27 SQL> 
10:41:27 SQL> alter trigger "CORE_OWNER"."TR_GIFT_CERTIFICATE_AUD" enable;

Trigger altered.

Elapsed: 00:00:00.17
10:41:27 SQL> 
10:41:27 SQL> COMMIT;

Commit complete.

Elapsed: 00:00:00.00
10:41:27 SQL> commit;

Commit complete.

Elapsed: 00:00:00.00
10:41:27 SQL> spool off;


Subject: Nomad upgrade completed successfully: ECPR@rac01.prd.ewr1.nytimes.com
From: Nomad for Oracle <nytd_oracledba@nytimes.com>
To: nytd_ecommerce@nytimes.com
Cc: nytd_oracledba@nytimes.com

Nomad upgrade operation completed successfully without errors. 
        
        Details
        -------
        DB Hostname: rac01.prd.ewr1.nytimes.com
        DB Role: PRIMARY
        SID: ECPR
        Schema: core_owner
        Migration: 36.1-enable-gift-cert-trigger
        SVN Revision: 11957
        Duration: 0 sec.
        DBA: sbao
        Service Request: https://jira.em.nytimes.com/browse/ORA-606