14:53:08 SQL> @/dbbackups/ECPR/migrations/core_hist_owner/5.0-release-1.13.0-change-file-024/upgrade.sql
14:53:08 SQL> WHENEVER SQLERROR EXIT ROLLBACK;
14:53:08 SQL> 
14:53:08 SQL> variable is_current_version_fine NUMBER;
14:53:08 SQL> variable change_version NUMBER;
14:53:08 SQL> variable bad_current_version VARCHAR2(1024);
14:53:08 SQL> 
14:53:08 SQL> exec :change_version := 24;

PL/SQL procedure successfully completed.

Elapsed: 00:00:00.00
14:53:08 SQL> exec PROCS_SYSTEM_V17.CHECK_VERSION(:change_version - 1, :is_current_version_fine);

PL/SQL procedure successfully completed.

Elapsed: 00:00:00.04
14:53:08 SQL> exec :bad_current_version := 'Current version is bad, please update your version to '||(:change_version-1);

PL/SQL procedure successfully completed.

Elapsed: 00:00:00.00
14:53:08 SQL> 
14:53:08 SQL> BEGIN
14:53:08   2  	IF (:is_current_version_fine != 0) THEN
14:53:08   3  	  RAISE_APPLICATION_ERROR(-20001, :bad_current_version);
14:53:08   4  	END IF;
14:53:08   5  END;
14:53:08   6  /

PL/SQL procedure successfully completed.

Elapsed: 00:00:00.00
14:53:08 SQL> 
14:53:08 SQL> ALTER TABLE CORE_HIST_OWNER.TRANSACTION_HISTORY ADD (
14:53:08   2  	  ORDER_ID VARCHAR2(255),
14:53:08   3  	  CHARGE_ID NUMBER(22),
14:53:08   4  	  IS_REFUND NUMBER(22),
14:53:08   5  	  IS_SETTLED NUMBER(22),
14:53:08   6  	  TRANSACTION_TYPE_CODE VARCHAR2(50)
14:53:08   7  );

Table altered.

Elapsed: 00:00:00.36
14:53:09 SQL> 
14:53:09 SQL> exec PROCS_SYSTEM_V17.INCREMENT_VERSION();

PL/SQL procedure successfully completed.

Elapsed: 00:00:00.00
14:53:09 SQL> commit;

Commit complete.

Elapsed: 00:00:00.00
14:53:09 SQL> spool off;


Subject: Nomad upgrade completed successfully: ECPR@rac01.prd.ewr1.nytimes.com
From: Nomad for Oracle <nytd_oracledba@nytimes.com>
To: nytd_ecommerce@nytimes.com
Cc: nytd_oracledba@nytimes.com

Nomad upgrade operation completed successfully without errors. 
        
        Details
        -------
        DB Hostname: rac01.prd.ewr1.nytimes.com
        DB Role: PRIMARY
        SID: ECPR
        Schema: core_hist_owner
        Migration: 5.0-release-1.13.0-change-file-024
        SVN Revision: 11554
        Duration: 0 sec.
        DBA: sbao
        Service Request: https://jira.em.nytimes.com/browse/ORA-557