15:06:07 SQL> @/dbbackups/ECST/migrations/core_owner/1-crete-MVLOG_ACCOUNT/rollback.sql
15:06:07 SQL> Drop MATERIALIZED VIEW LOG ON "CORE_OWNER"."ACCOUNT";

Materialized view log dropped.

Elapsed: 00:00:03.03
15:06:10 SQL> commit;

Commit complete.

Elapsed: 00:00:00.00
15:06:10 SQL> spool off;


Subject: Nomad rollback completed successfully: ECST@rac01.stg.ewr1.nytimes.com
From: Nomad for Oracle <nytd_oracledba@nytimes.com>
To: nytd_ecommerce@nytimes.com
Cc: nytd_oracledba@nytimes.com

Nomad rollback operation completed successfully without errors. 
        
        Details
        -------
        DB Hostname: rac01.stg.ewr1.nytimes.com
        DB Role: PRIMARY
        SID: ECST
        Schema: core_owner
        Migration: 1-crete-MVLOG_ACCOUNT
        SVN Revision: 11107
        Duration: 3 sec.
        DBA: rgorigy
        Service Request: https://jira.em.nytimes.com/browse/ORA-418