14:57:08 SQL> @/dbbackups/ECPR/migrations/core_owner/40.2-enable-csr-oc-requires-email-domain/upgrade.sql
14:57:08 SQL> WHENEVER SQLERROR EXIT ROLLBACK;
14:57:08 SQL> 
14:57:08 SQL> update offer_chain_eligibility set name = 'REQUIRES_EMAIL_DOMAIN' where name = 'REQUIRES_EMAIL_DOMAIN_DISABLED' AND offer_chain_id = 3957271485;

1 row updated.

Elapsed: 00:00:00.01
14:57:08 SQL> 
14:57:08 SQL> COMMIT;

Commit complete.

Elapsed: 00:00:00.00
14:57:08 SQL> commit;

Commit complete.

Elapsed: 00:00:00.00
14:57:08 SQL> spool off;


Subject: Nomad upgrade completed successfully: ECPR@rac01.prd.ewr1.nytimes.com
From: Nomad for Oracle <nytd_oracledba@nytimes.com>
To: nytd_ecommerce@nytimes.com
Cc: nytd_oracledba@nytimes.com

Nomad upgrade operation completed successfully without errors. 
        
        Details
        -------
        DB Hostname: rac01.prd.ewr1.nytimes.com
        DB Role: PRIMARY
        SID: ECPR
        Schema: core_owner
        Migration: 40.2-enable-csr-oc-requires-email-domain
        SVN Revision: 12091
        Duration: 0 sec.
        DBA: sbao
        Service Request: https://jira.em.nytimes.com/browse/ORA-672