16:21:14 SQL> @/dbbackups/ECST/migrations/core_owner/40.2-enable-csr-oc-requires-email-domain/upgrade.sql
16:21:14 SQL> WHENEVER SQLERROR EXIT ROLLBACK;
16:21:14 SQL> 
16:21:14 SQL> update offer_chain_eligibility set name = 'REQUIRES_EMAIL_DOMAIN' where name = 'REQUIRES_EMAIL_DOMAIN_DISABLED' AND offer_chain_id = 3957271485;

1 row updated.

Elapsed: 00:00:00.01
16:21:14 SQL> 
16:21:14 SQL> COMMIT;

Commit complete.

Elapsed: 00:00:00.00
16:21:14 SQL> commit;

Commit complete.

Elapsed: 00:00:00.00
16:21:14 SQL> spool off;


Subject: Nomad upgrade completed successfully: ECST@rac01.stg.ewr1.nytimes.com
From: Nomad for Oracle <nytd_oracledba@nytimes.com>
To: nytd_ecommerce@nytimes.com
Cc: nytd_oracledba@nytimes.com

Nomad upgrade operation completed successfully without errors. 
        
        Details
        -------
        DB Hostname: rac01.stg.ewr1.nytimes.com
        DB Role: PRIMARY
        SID: ECST
        Schema: core_owner
        Migration: 40.2-enable-csr-oc-requires-email-domain
        SVN Revision: 12091
        Duration: 0 sec.
        DBA: sbao
        Service Request: https://jira.em.nytimes.com/browse/ORA-683