14:45:31 SQL> @/dbbackups/ECST/migrations/core_owner/50-release-1.14.1-paypal-hard-decline-notification-type/upgrade.sql
14:45:31 SQL> WHENEVER SQLERROR EXIT ROLLBACK;
14:45:31 SQL> 
14:45:31 SQL> variable is_current_version_fine NUMBER;
14:45:31 SQL> variable change_version NUMBER;
14:45:31 SQL> variable bad_current_version VARCHAR2(1024);
14:45:31 SQL> 
14:45:31 SQL> exec :change_version := 138;

PL/SQL procedure successfully completed.

Elapsed: 00:00:00.00
14:45:31 SQL> exec PROCS_SYSTEM_V20.CHECK_VERSION(:change_version - 1, :is_current_version_fine);

PL/SQL procedure successfully completed.

Elapsed: 00:00:00.10
14:45:31 SQL> exec :bad_current_version := 'Current version is bad, please update your version to '||(:change_version-1);

PL/SQL procedure successfully completed.

Elapsed: 00:00:00.01
14:45:31 SQL> 
14:45:31 SQL> BEGIN
14:45:31   2  	IF (:is_current_version_fine != 0) THEN
14:45:31   3  	  RAISE_APPLICATION_ERROR(-20001, :bad_current_version);
14:45:31   4  	END IF;
14:45:31   5  END;
14:45:31   6  /

PL/SQL procedure successfully completed.

Elapsed: 00:00:00.00
14:45:31 SQL> 
14:45:31 SQL> INSERT INTO NOTIFICATION_TYPE (ID, VALUE, TEMPLATE_URL) VALUES (NOTTID_SEQ.NEXTVAL, 'sartre-pre-dunning-hard-decline-paypal', 'N/A');

1 row created.

Elapsed: 00:00:00.05
14:45:31 SQL> COMMIT;

Commit complete.

Elapsed: 00:00:00.00
14:45:31 SQL> 
14:45:31 SQL> EXEC PROCS_SYSTEM_V20.INCREMENT_VERSION();

PL/SQL procedure successfully completed.

Elapsed: 00:00:00.00
14:45:31 SQL> 
14:45:31 SQL> commit;

Commit complete.

Elapsed: 00:00:00.01
14:45:31 SQL> spool off;


Subject: Nomad upgrade completed successfully: ECST@rac01.stg.ewr1.nytimes.com
From: Nomad for Oracle <nytd_oracledba@nytimes.com>
To: nytd_ecommerce@nytimes.com
Cc: nytd_oracledba@nytimes.com

Nomad upgrade operation completed successfully without errors. 
        
        Details
        -------
        DB Hostname: rac01.stg.ewr1.nytimes.com
        DB Role: PRIMARY
        SID: ECST
        Schema: core_owner
        Migration: 50-release-1.14.1-paypal-hard-decline-notification-type
        SVN Revision: 12586
        Duration: 0 sec.
        DBA: sbao
        Service Request: https://jira.em.nytimes.com/browse/ORA-788