13:11:17 SQL> @/dbbackups/ECDV6/migrations/nytdba/2-grant_privs_to_core_owner/upgrade.sql
13:11:17 SQL> grant execute on dbms_lock to core_owner;

Grant succeeded.

Elapsed: 00:00:00.04
13:11:17 SQL> 
13:11:17 SQL> grant execute on dbms_crypto to core_owner;

Grant succeeded.

Elapsed: 00:00:00.01
13:11:17 SQL> commit;

Commit complete.

Elapsed: 00:00:00.01
13:11:17 SQL> spool off;


Subject: Nomad upgrade completed successfully: ECDV6@rac01.qprvt.nytimes.com
From: Nomad for Oracle <nytd_oracledba@nytimes.com>
To: nytd_oracledba@nytimes.com
Cc: nytd_oracledba@nytimes.com

Nomad upgrade operation completed successfully without errors. 
        
        Details
        -------
        DB Hostname: rac01.qprvt.nytimes.com
        DB Role: PRIMARY
        SID: ECDV6
        Schema: nytdba
        Migration: 2-grant_privs_to_core_owner
        SVN Revision: 10955
        Duration: 0 sec.
        DBA: sbao
        Service Request: https://jira.em.nytimes.com/browse/ORA-446