15:43:33 SQL> @/dbbackups/ECPR/migrations/nytdba/2-grant_privs_to_core_owner/upgrade.sql
15:43:33 SQL> grant execute on dbms_lock to core_owner;

Grant succeeded.

Elapsed: 00:00:00.02
15:43:33 SQL> 
15:43:33 SQL> grant execute on dbms_crypto to core_owner;

Grant succeeded.

Elapsed: 00:00:00.01
15:43:33 SQL> commit;

Commit complete.

Elapsed: 00:00:00.00
15:43:33 SQL> spool off;


Subject: Nomad upgrade completed successfully: ECPR@rac01.prd.ewr1.nytimes.com
From: Nomad for Oracle <nytd_oracledba@nytimes.com>
To: nytd_ecommerce@nytimes.com
Cc: nytd_oracledba@nytimes.com

Nomad upgrade operation completed successfully without errors. 
        
        Details
        -------
        DB Hostname: rac01.prd.ewr1.nytimes.com
        DB Role: PRIMARY
        SID: ECPR
        Schema: nytdba
        Migration: 2-grant_privs_to_core_owner
        SVN Revision: 10955
        Duration: 0 sec.
        DBA: sbao
        Service Request: https://jira.em.nytimes.com/browse/ORA-489