23:27:45 SQL> @/dbbackups/ECDV7/migrations/nytdba/12-cr_role_core_owner_execute/upgrade.sql
23:27:45 SQL> -- code to drop/create a role with execute privileges on <object_owner>'s packages
23:27:45 SQL> -- if you drop an existing role that is granted to anther user, make sure to grant it back to that user after the role is recreated.
23:27:45 SQL> 
23:27:45 SQL> set serveroutput on termout on verify off
23:27:45 SQL> -- since nomad turns off define before calling sql scripts, you need to explicitly turn define back on, as done in teh command below
23:27:45 SQL> set define on
23:27:45 SQL> define rol=CORE_OWNER_EXECUTE
23:27:45 SQL> WHENEVER OSERROR EXIT
23:27:45 SQL> WHENEVER SQLERROR CONTINUE
23:27:45 SQL> 
23:27:45 SQL> drop role &rol;
drop role CORE_OWNER_EXECUTE
          *
ERROR at line 1:
ORA-01919: role 'CORE_OWNER_EXECUTE' does not exist 


Elapsed: 00:00:00.10
23:27:45 SQL> 
23:27:45 SQL> WHENEVER SQLERROR EXIT ROLLBACK
23:27:45 SQL> 
23:27:45 SQL> declare
23:27:45   2  
23:27:45   3  	    role varchar2(30) := '&rol';
23:27:45   4  	    object_owner varchar2(30) := 'CORE_OWNER';
23:27:45   5  
23:27:45   6  begin
23:27:45   7  	  /* create role */
23:27:45   8  	  execute immediate 'create role '||role;
23:27:45   9  
23:27:45  10  	  /* grant execute  privileges on object_owner's tables to role */
23:27:45  11  	  for x in (select object_name from dba_objects  where object_type = 'PACKAGE' and owner = object_owner)
23:27:45  12  	  loop
23:27:45  13  	       dbms_output.put_line ('grant execute on ' ||object_owner||'.'|| x.object_name || ' to '||role);
23:27:45  14  	       execute immediate 'grant  execute on ' ||object_owner||'.'|| x.object_name || ' to '||role;
23:27:45  15  	  end loop;
23:27:45  16  
23:27:45  17  end;
23:27:45  18  /
grant execute on CORE_OWNER.APPLICATION_EXCEPTION_CODES to CORE_OWNER_EXECUTE   
grant execute on CORE_OWNER.APPLICATION_EXCEPTION_CODES_V1 to CORE_OWNER_EXECUTE
grant execute on CORE_OWNER.APPLICATION_EXCEPTION_CODES_V2 to CORE_OWNER_EXECUTE
grant execute on CORE_OWNER.APPLICATION_EXCEPTION_CODES_V3 to CORE_OWNER_EXECUTE
grant execute on CORE_OWNER.APPLICATION_EXCEPTION_CODES_V4 to CORE_OWNER_EXECUTE
grant execute on CORE_OWNER.APPLICATION_EXCEPTION_CODES_V5 to CORE_OWNER_EXECUTE
grant execute on CORE_OWNER.APPLICATION_EXCEPTION_CODES_V6 to CORE_OWNER_EXECUTE
grant execute on CORE_OWNER.APPLICATION_EXCEPTION_CODES_V7 to CORE_OWNER_EXECUTE
grant execute on CORE_OWNER.APPLICATION_EXCEPTION_CODES_V8 to CORE_OWNER_EXECUTE
grant execute on CORE_OWNER.APPLICATION_EXCEPTION_CODES_V9 to CORE_OWNER_EXECUTE
grant execute on CORE_OWNER.APP_EXCEPTION_CODES_V10 to CORE_OWNER_EXECUTE       
grant execute on CORE_OWNER.APP_EXCEPTION_CODES_V11 to CORE_OWNER_EXECUTE       
grant execute on CORE_OWNER.APP_EXCEPTION_CODES_V12 to CORE_OWNER_EXECUTE       
grant execute on CORE_OWNER.APP_EXCEPTION_CODES_V13 to CORE_OWNER_EXECUTE       
grant execute on CORE_OWNER.APP_EXCEPTION_CODES_V14 to CORE_OWNER_EXECUTE       
grant execute on CORE_OWNER.APP_EXCEPTION_CODES_V15 to CORE_OWNER_EXECUTE       
grant execute on CORE_OWNER.APP_EXCEPTION_CODES_V16 to CORE_OWNER_EXECUTE       
grant execute on CORE_OWNER.APP_EXCEPTION_CODES_V17 to CORE_OWNER_EXECUTE       
grant execute on CORE_OWNER.APP_EXCEPTION_CODES_V18 to CORE_OWNER_EXECUTE       
grant execute on CORE_OWNER.GLOBAL_CONSTANTS to CORE_OWNER_EXECUTE              
grant execute on CORE_OWNER.GLOBAL_CONSTANTS_V1 to CORE_OWNER_EXECUTE           
grant execute on CORE_OWNER.GLOBAL_CONSTANTS_V10 to CORE_OWNER_EXECUTE          
grant execute on CORE_OWNER.GLOBAL_CONSTANTS_V11 to CORE_OWNER_EXECUTE          
grant execute on CORE_OWNER.GLOBAL_CONSTANTS_V12 to CORE_OWNER_EXECUTE          
grant execute on CORE_OWNER.GLOBAL_CONSTANTS_V13 to CORE_OWNER_EXECUTE          
grant execute on CORE_OWNER.GLOBAL_CONSTANTS_V14 to CORE_OWNER_EXECUTE          
grant execute on CORE_OWNER.GLOBAL_CONSTANTS_V15 to CORE_OWNER_EXECUTE          
grant execute on CORE_OWNER.GLOBAL_CONSTANTS_V16 to CORE_OWNER_EXECUTE          
grant execute on CORE_OWNER.PROCS_TAXES_V12 to CORE_OWNER_EXECUTE               
grant execute on CORE_OWNER.PROCS_TAXES_V13 to CORE_OWNER_EXECUTE               
grant execute on CORE_OWNER.PROCS_TAXES_V14 to CORE_OWNER_EXECUTE               
grant execute on CORE_OWNER.PROCS_TAXES_V15 to CORE_OWNER_EXECUTE               
grant execute on CORE_OWNER.PROCS_TAXES_V16 to CORE_OWNER_EXECUTE               
grant execute on CORE_OWNER.PROCS_TAXES_V17 to CORE_OWNER_EXECUTE               
grant execute on CORE_OWNER.PROCS_TAXES_V18 to CORE_OWNER_EXECUTE               
grant execute on CORE_OWNER.PROCS_TAXES_V2 to CORE_OWNER_EXECUTE                
grant execute on CORE_OWNER.PROCS_TAXES_V3 to CORE_OWNER_EXECUTE                
grant execute on CORE_OWNER.PROCS_TAXES_V4 to CORE_OWNER_EXECUTE                
grant execute on CORE_OWNER.PROCS_TAXES_V5 to CORE_OWNER_EXECUTE                
grant execute on CORE_OWNER.PROCS_TAXES_V6 to CORE_OWNER_EXECUTE                
grant execute on CORE_OWNER.PROCS_TAXES_V7 to CORE_OWNER_EXECUTE                
grant execute on CORE_OWNER.PROCS_TAXES_V8 to CORE_OWNER_EXECUTE                
grant execute on CORE_OWNER.PROCS_TAXES_V9 to CORE_OWNER_EXECUTE                
grant execute on CORE_OWNER.PROCS_TEST to CORE_OWNER_EXECUTE                    
grant execute on CORE_OWNER.PROCS_TEST_V1 to CORE_OWNER_EXECUTE                 
grant execute on CORE_OWNER.PROCS_TEST_V10 to CORE_OWNER_EXECUTE                
grant execute on CORE_OWNER.PROCS_TEST_V11 to CORE_OWNER_EXECUTE                
grant execute on CORE_OWNER.PROCS_TEST_V12 to CORE_OWNER_EXECUTE                
grant execute on CORE_OWNER.PROCS_TEST_V13 to CORE_OWNER_EXECUTE                
grant execute on CORE_OWNER.PROCS_TEST_V14 to CORE_OWNER_EXECUTE                
grant execute on CORE_OWNER.PROCS_TEST_V15 to CORE_OWNER_EXECUTE                
grant execute on CORE_OWNER.PROCS_TEST_V16 to CORE_OWNER_EXECUTE                
grant execute on CORE_OWNER.PROCS_TEST_V17 to CORE_OWNER_EXECUTE                
grant execute on CORE_OWNER.PROCS_TEST_V18 to CORE_OWNER_EXECUTE                
grant execute on CORE_OWNER.PROCS_TEST_V2 to CORE_OWNER_EXECUTE                 
grant execute on CORE_OWNER.PROCS_TEST_V3 to CORE_OWNER_EXECUTE                 
grant execute on CORE_OWNER.PROCS_TEST_V4 to CORE_OWNER_EXECUTE                 
grant execute on CORE_OWNER.PROCS_TEST_V5 to CORE_OWNER_EXECUTE                 
grant execute on CORE_OWNER.PROCS_TEST_V6 to CORE_OWNER_EXECUTE                 
grant execute on CORE_OWNER.PROCS_TEST_V7 to CORE_OWNER_EXECUTE                 
grant execute on CORE_OWNER.PROCS_TEST_V8 to CORE_OWNER_EXECUTE                 
grant execute on CORE_OWNER.PROCS_TEST_V9 to CORE_OWNER_EXECUTE                 
grant execute on CORE_OWNER.PROCS_TRANSACTION to CORE_OWNER_EXECUTE             
grant execute on CORE_OWNER.PROCS_TRANSACTION_CRU to CORE_OWNER_EXECUTE         
grant execute on CORE_OWNER.PROCS_TRANSACTION_CRU_V1 to CORE_OWNER_EXECUTE      
grant execute on CORE_OWNER.PROCS_TRANSACTION_CRU_V10 to CORE_OWNER_EXECUTE     
grant execute on CORE_OWNER.PROCS_TRANSACTION_CRU_V11 to CORE_OWNER_EXECUTE     
grant execute on CORE_OWNER.PROCS_TRANSACTION_CRU_V12 to CORE_OWNER_EXECUTE     
grant execute on CORE_OWNER.PROCS_TRANSACTION_CRU_V13 to CORE_OWNER_EXECUTE     
grant execute on CORE_OWNER.PROCS_TRANSACTION_CRU_V14 to CORE_OWNER_EXECUTE     
grant execute on CORE_OWNER.PROCS_TRANSACTION_CRU_V15 to CORE_OWNER_EXECUTE     
grant execute on CORE_OWNER.PROCS_TRANSACTION_CRU_V16 to CORE_OWNER_EXECUTE     
grant execute on CORE_OWNER.PROCS_TRANSACTION_CRU_V17 to CORE_OWNER_EXECUTE     
grant execute on CORE_OWNER.PROCS_TRANSACTION_CRU_V18 to CORE_OWNER_EXECUTE     
grant execute on CORE_OWNER.PROCS_TRANSACTION_CRU_V2 to CORE_OWNER_EXECUTE      
grant execute on CORE_OWNER.PROCS_TRANSACTION_CRU_V3 to CORE_OWNER_EXECUTE      
grant execute on CORE_OWNER.PROCS_TRANSACTION_CRU_V4 to CORE_OWNER_EXECUTE      
grant execute on CORE_OWNER.PROCS_TRANSACTION_CRU_V5 to CORE_OWNER_EXECUTE      
grant execute on CORE_OWNER.PROCS_TRANSACTION_CRU_V6 to CORE_OWNER_EXECUTE      
grant execute on CORE_OWNER.PROCS_TRANSACTION_CRU_V7 to CORE_OWNER_EXECUTE      
grant execute on CORE_OWNER.PROCS_TRANSACTION_CRU_V8 to CORE_OWNER_EXECUTE      
grant execute on CORE_OWNER.PROCS_TRANSACTION_CRU_V9 to CORE_OWNER_EXECUTE      
grant execute on CORE_OWNER.PROCS_TRANSACTION_V1 to CORE_OWNER_EXECUTE          
grant execute on CORE_OWNER.PROCS_TRANSACTION_V10 to CORE_OWNER_EXECUTE         
grant execute on CORE_OWNER.PROCS_TRANSACTION_V11 to CORE_OWNER_EXECUTE         
grant execute on CORE_OWNER.PROCS_TRANSACTION_V12 to CORE_OWNER_EXECUTE         
grant execute on CORE_OWNER.PROCS_TRANSACTION_V13 to CORE_OWNER_EXECUTE         
grant execute on CORE_OWNER.PROCS_TRANSACTION_V14 to CORE_OWNER_EXECUTE         
grant execute on CORE_OWNER.PROCS_TRANSACTION_V15 to CORE_OWNER_EXECUTE         
grant execute on CORE_OWNER.PROCS_TRANSACTION_V16 to CORE_OWNER_EXECUTE         
grant execute on CORE_OWNER.PROCS_TRANSACTION_V17 to CORE_OWNER_EXECUTE         
grant execute on CORE_OWNER.PROCS_TRANSACTION_V18 to CORE_OWNER_EXECUTE         
grant execute on CORE_OWNER.PROCS_TRANSACTION_V2 to CORE_OWNER_EXECUTE          
grant execute on CORE_OWNER.PROCS_TRANSACTION_V3 to CORE_OWNER_EXECUTE          
grant execute on CORE_OWNER.PROCS_TRANSACTION_V4 to CORE_OWNER_EXECUTE          
grant execute on CORE_OWNER.PROCS_TRANSACTION_V5 to CORE_OWNER_EXECUTE          
grant execute on CORE_OWNER.PROCS_TRANSACTION_V6 to CORE_OWNER_EXECUTE          
grant execute on CORE_OWNER.PROCS_TRANSACTION_V7 to CORE_OWNER_EXECUTE          
grant execute on CORE_OWNER.PROCS_TRANSACTION_V8 to CORE_OWNER_EXECUTE          
grant execute on CORE_OWNER.PROCS_TRANSACTION_V9 to CORE_OWNER_EXECUTE          
grant execute on CORE_OWNER.PUBLIC_PROCS_BILLING to CORE_OWNER_EXECUTE          
grant execute on CORE_OWNER.PUBLIC_PROCS_BILLING_V1 to CORE_OWNER_EXECUTE       
grant execute on CORE_OWNER.PUBLIC_PROCS_BILLING_V10 to CORE_OWNER_EXECUTE      
grant execute on CORE_OWNER.PUBLIC_PROCS_BILLING_V11 to CORE_OWNER_EXECUTE      
grant execute on CORE_OWNER.PUBLIC_PROCS_BILLING_V12 to CORE_OWNER_EXECUTE      
grant execute on CORE_OWNER.PUBLIC_PROCS_BILLING_V13 to CORE_OWNER_EXECUTE      
grant execute on CORE_OWNER.PUBLIC_PROCS_BILLING_V14 to CORE_OWNER_EXECUTE      
grant execute on CORE_OWNER.APP_EXCEPTION_CODES_VEM to CORE_OWNER_EXECUTE       
grant execute on CORE_OWNER.GLOBAL_CONSTANTS_VEM to CORE_OWNER_EXECUTE          
grant execute on CORE_OWNER.GLOBAL_ENUMS_VEM to CORE_OWNER_EXECUTE              
grant execute on CORE_OWNER.GLOBAL_STATUSES_VEM to CORE_OWNER_EXECUTE           
grant execute on CORE_OWNER.NOTIFICATION_STATUSES_VEM to CORE_OWNER_EXECUTE     
grant execute on CORE_OWNER.PROCS_COMMON_VEM to CORE_OWNER_EXECUTE              
grant execute on CORE_OWNER.PROCS_ACCOUNT_VEM to CORE_OWNER_EXECUTE             
grant execute on CORE_OWNER.PROCS_ACCOUNT_CRU_VEM to CORE_OWNER_EXECUTE         
grant execute on CORE_OWNER.PROCS_ADDRESS_VEM to CORE_OWNER_EXECUTE             
grant execute on CORE_OWNER.PROCS_ADDRESS_CRU_VEM to CORE_OWNER_EXECUTE         
grant execute on CORE_OWNER.PROCS_ADJUSTMENTS_VEM to CORE_OWNER_EXECUTE         
grant execute on CORE_OWNER.PROCS_ADX_VEM to CORE_OWNER_EXECUTE                 
grant execute on CORE_OWNER.PROCS_AMAZON_VEM to CORE_OWNER_EXECUTE              
grant execute on CORE_OWNER.PROCS_ACCOUNT_V5 to CORE_OWNER_EXECUTE              
grant execute on CORE_OWNER.PROCS_ACCOUNT_V6 to CORE_OWNER_EXECUTE              
grant execute on CORE_OWNER.PROCS_ACCOUNT_V7 to CORE_OWNER_EXECUTE              
grant execute on CORE_OWNER.PROCS_ACCOUNT_V8 to CORE_OWNER_EXECUTE              
grant execute on CORE_OWNER.PROCS_ACCOUNT_V9 to CORE_OWNER_EXECUTE              
grant execute on CORE_OWNER.PROCS_ADDRESS_CRU_V10 to CORE_OWNER_EXECUTE         
grant execute on CORE_OWNER.PROCS_ADDRESS_CRU_V11 to CORE_OWNER_EXECUTE         
grant execute on CORE_OWNER.PROCS_ADDRESS_CRU_V12 to CORE_OWNER_EXECUTE         
grant execute on CORE_OWNER.PROCS_ADDRESS_CRU_V13 to CORE_OWNER_EXECUTE         
grant execute on CORE_OWNER.PROCS_ADDRESS_CRU_V14 to CORE_OWNER_EXECUTE         
grant execute on CORE_OWNER.PROCS_ADDRESS_CRU_V15 to CORE_OWNER_EXECUTE         
grant execute on CORE_OWNER.PROCS_ADDRESS_CRU_V16 to CORE_OWNER_EXECUTE         
grant execute on CORE_OWNER.PROCS_ADDRESS_CRU_V17 to CORE_OWNER_EXECUTE         
grant execute on CORE_OWNER.PROCS_ADDRESS_CRU_V18 to CORE_OWNER_EXECUTE         
grant execute on CORE_OWNER.PROCS_ADDRESS_CRU_V6 to CORE_OWNER_EXECUTE          
grant execute on CORE_OWNER.PROCS_ADDRESS_CRU_V7 to CORE_OWNER_EXECUTE          
grant execute on CORE_OWNER.PROCS_ADDRESS_CRU_V8 to CORE_OWNER_EXECUTE          
grant execute on CORE_OWNER.PROCS_ADDRESS_CRU_V9 to CORE_OWNER_EXECUTE          
grant execute on CORE_OWNER.PROCS_ADDRESS_V10 to CORE_OWNER_EXECUTE             
grant execute on CORE_OWNER.PROCS_ADDRESS_V11 to CORE_OWNER_EXECUTE             
grant execute on CORE_OWNER.PROCS_ADDRESS_V12 to CORE_OWNER_EXECUTE             
grant execute on CORE_OWNER.PROCS_ADDRESS_V13 to CORE_OWNER_EXECUTE             
grant execute on CORE_OWNER.PROCS_ADDRESS_V14 to CORE_OWNER_EXECUTE             
grant execute on CORE_OWNER.PROCS_ADDRESS_V15 to CORE_OWNER_EXECUTE             
grant execute on CORE_OWNER.PROCS_ADDRESS_V16 to CORE_OWNER_EXECUTE             
grant execute on CORE_OWNER.PROCS_ADDRESS_V17 to CORE_OWNER_EXECUTE             
grant execute on CORE_OWNER.PROCS_ADDRESS_V18 to CORE_OWNER_EXECUTE             
grant execute on CORE_OWNER.PROCS_ADDRESS_V6 to CORE_OWNER_EXECUTE              
grant execute on CORE_OWNER.PROCS_ADDRESS_V7 to CORE_OWNER_EXECUTE              
grant execute on CORE_OWNER.PROCS_ADDRESS_V8 to CORE_OWNER_EXECUTE              
grant execute on CORE_OWNER.PROCS_ADDRESS_V9 to CORE_OWNER_EXECUTE              
grant execute on CORE_OWNER.PROCS_ADJUSTMENTS_V10 to CORE_OWNER_EXECUTE         
grant execute on CORE_OWNER.PROCS_ADJUSTMENTS_V11 to CORE_OWNER_EXECUTE         
grant execute on CORE_OWNER.PROCS_ADJUSTMENTS_V12 to CORE_OWNER_EXECUTE         
grant execute on CORE_OWNER.PROCS_ADJUSTMENTS_V13 to CORE_OWNER_EXECUTE         
grant execute on CORE_OWNER.PROCS_ADJUSTMENTS_V14 to CORE_OWNER_EXECUTE         
grant execute on CORE_OWNER.PROCS_ADJUSTMENTS_V15 to CORE_OWNER_EXECUTE         
grant execute on CORE_OWNER.PROCS_ADJUSTMENTS_V16 to CORE_OWNER_EXECUTE         
grant execute on CORE_OWNER.PROCS_ADJUSTMENTS_V17 to CORE_OWNER_EXECUTE         
grant execute on CORE_OWNER.PROCS_ADJUSTMENTS_V18 to CORE_OWNER_EXECUTE         
grant execute on CORE_OWNER.PROCS_ADJUSTMENTS_V2 to CORE_OWNER_EXECUTE          
grant execute on CORE_OWNER.PROCS_ADJUSTMENTS_V3 to CORE_OWNER_EXECUTE          
grant execute on CORE_OWNER.PROCS_ADJUSTMENTS_V4 to CORE_OWNER_EXECUTE          
grant execute on CORE_OWNER.PROCS_ADJUSTMENTS_V5 to CORE_OWNER_EXECUTE          
grant execute on CORE_OWNER.PROCS_ADJUSTMENTS_V6 to CORE_OWNER_EXECUTE          
grant execute on CORE_OWNER.PROCS_ADJUSTMENTS_V7 to CORE_OWNER_EXECUTE          
grant execute on CORE_OWNER.PROCS_ADJUSTMENTS_V8 to CORE_OWNER_EXECUTE          
grant execute on CORE_OWNER.PROCS_ADJUSTMENTS_V9 to CORE_OWNER_EXECUTE          
grant execute on CORE_OWNER.PROCS_ADX_V10 to CORE_OWNER_EXECUTE                 
grant execute on CORE_OWNER.PROCS_ADX_V11 to CORE_OWNER_EXECUTE                 
grant execute on CORE_OWNER.PROCS_ADX_V12 to CORE_OWNER_EXECUTE                 
grant execute on CORE_OWNER.PROCS_ADX_V13 to CORE_OWNER_EXECUTE                 
grant execute on CORE_OWNER.PROCS_ADX_V14 to CORE_OWNER_EXECUTE                 
grant execute on CORE_OWNER.PROCS_ADX_V15 to CORE_OWNER_EXECUTE                 
grant execute on CORE_OWNER.PROCS_ADX_V16 to CORE_OWNER_EXECUTE                 
grant execute on CORE_OWNER.PROCS_ADX_V17 to CORE_OWNER_EXECUTE                 
grant execute on CORE_OWNER.PROCS_ADX_V18 to CORE_OWNER_EXECUTE                 
grant execute on CORE_OWNER.PROCS_ADX_V8 to CORE_OWNER_EXECUTE                  
grant execute on CORE_OWNER.PROCS_ADX_V9 to CORE_OWNER_EXECUTE                  
grant execute on CORE_OWNER.PROCS_AMAZON_CRU_V10 to CORE_OWNER_EXECUTE          
grant execute on CORE_OWNER.PROCS_AMAZON_CRU_V11 to CORE_OWNER_EXECUTE          
grant execute on CORE_OWNER.PROCS_AMAZON_CRU_V12 to CORE_OWNER_EXECUTE          
grant execute on CORE_OWNER.PROCS_AMAZON_CRU_V13 to CORE_OWNER_EXECUTE          
grant execute on CORE_OWNER.PROCS_AMAZON_CRU_V14 to CORE_OWNER_EXECUTE          
grant execute on CORE_OWNER.PROCS_AMAZON_CRU_V15 to CORE_OWNER_EXECUTE          
grant execute on CORE_OWNER.PROCS_AMAZON_CRU_V16 to CORE_OWNER_EXECUTE          
grant execute on CORE_OWNER.PROCS_AMAZON_CRU_V17 to CORE_OWNER_EXECUTE          
grant execute on CORE_OWNER.PROCS_AMAZON_CRU_V18 to CORE_OWNER_EXECUTE          
grant execute on CORE_OWNER.PROCS_AMAZON_CRU_V4 to CORE_OWNER_EXECUTE           
grant execute on CORE_OWNER.PROCS_AMAZON_CRU_V5 to CORE_OWNER_EXECUTE           
grant execute on CORE_OWNER.PROCS_AMAZON_CRU_V6 to CORE_OWNER_EXECUTE           
grant execute on CORE_OWNER.PROCS_AMAZON_CRU_V7 to CORE_OWNER_EXECUTE           
grant execute on CORE_OWNER.PROCS_HISTORY_V16 to CORE_OWNER_EXECUTE             
grant execute on CORE_OWNER.PROCS_HISTORY_V17 to CORE_OWNER_EXECUTE             
grant execute on CORE_OWNER.PROCS_HISTORY_V18 to CORE_OWNER_EXECUTE             
grant execute on CORE_OWNER.PROCS_HISTORY_V2 to CORE_OWNER_EXECUTE              
grant execute on CORE_OWNER.PROCS_HISTORY_V3 to CORE_OWNER_EXECUTE              
grant execute on CORE_OWNER.PROCS_HISTORY_V4 to CORE_OWNER_EXECUTE              
grant execute on CORE_OWNER.PROCS_HISTORY_V5 to CORE_OWNER_EXECUTE              
grant execute on CORE_OWNER.PROCS_HISTORY_V6 to CORE_OWNER_EXECUTE              
grant execute on CORE_OWNER.PROCS_HISTORY_V7 to CORE_OWNER_EXECUTE              
grant execute on CORE_OWNER.PROCS_HISTORY_V8 to CORE_OWNER_EXECUTE              
grant execute on CORE_OWNER.PROCS_HISTORY_V9 to CORE_OWNER_EXECUTE              
grant execute on CORE_OWNER.PROCS_INVOICE to CORE_OWNER_EXECUTE                 
grant execute on CORE_OWNER.PROCS_INVOICE_CRU to CORE_OWNER_EXECUTE             
grant execute on CORE_OWNER.PROCS_INVOICE_CRU_V1 to CORE_OWNER_EXECUTE          
grant execute on CORE_OWNER.PROCS_INVOICE_CRU_V10 to CORE_OWNER_EXECUTE         
grant execute on CORE_OWNER.PROCS_INVOICE_CRU_V11 to CORE_OWNER_EXECUTE         
grant execute on CORE_OWNER.PROCS_INVOICE_CRU_V12 to CORE_OWNER_EXECUTE         
grant execute on CORE_OWNER.PROCS_INVOICE_CRU_V13 to CORE_OWNER_EXECUTE         
grant execute on CORE_OWNER.PROCS_INVOICE_CRU_V14 to CORE_OWNER_EXECUTE         
grant execute on CORE_OWNER.PROCS_INVOICE_CRU_V15 to CORE_OWNER_EXECUTE         
grant execute on CORE_OWNER.PROCS_INVOICE_CRU_V16 to CORE_OWNER_EXECUTE         
grant execute on CORE_OWNER.PROCS_INVOICE_CRU_V17 to CORE_OWNER_EXECUTE         
grant execute on CORE_OWNER.PROCS_INVOICE_CRU_V18 to CORE_OWNER_EXECUTE         
grant execute on CORE_OWNER.PROCS_INVOICE_CRU_V2 to CORE_OWNER_EXECUTE          
grant execute on CORE_OWNER.PROCS_INVOICE_CRU_V3 to CORE_OWNER_EXECUTE          
grant execute on CORE_OWNER.PROCS_INVOICE_CRU_V4 to CORE_OWNER_EXECUTE          
grant execute on CORE_OWNER.PROCS_INVOICE_CRU_V5 to CORE_OWNER_EXECUTE          
grant execute on CORE_OWNER.PROCS_INVOICE_CRU_V6 to CORE_OWNER_EXECUTE          
grant execute on CORE_OWNER.PROCS_INVOICE_CRU_V7 to CORE_OWNER_EXECUTE          
grant execute on CORE_OWNER.PROCS_INVOICE_CRU_V8 to CORE_OWNER_EXECUTE          
grant execute on CORE_OWNER.PROCS_INVOICE_CRU_V9 to CORE_OWNER_EXECUTE          
grant execute on CORE_OWNER.PROCS_INVOICE_V1 to CORE_OWNER_EXECUTE              
grant execute on CORE_OWNER.PROCS_INVOICE_V10 to CORE_OWNER_EXECUTE             
grant execute on CORE_OWNER.PROCS_INVOICE_V11 to CORE_OWNER_EXECUTE             
grant execute on CORE_OWNER.PROCS_INVOICE_V12 to CORE_OWNER_EXECUTE             
grant execute on CORE_OWNER.PROCS_INVOICE_V13 to CORE_OWNER_EXECUTE             
grant execute on CORE_OWNER.PROCS_INVOICE_V14 to CORE_OWNER_EXECUTE             
grant execute on CORE_OWNER.PROCS_INVOICE_V15 to CORE_OWNER_EXECUTE             
grant execute on CORE_OWNER.PROCS_INVOICE_V16 to CORE_OWNER_EXECUTE             
grant execute on CORE_OWNER.PROCS_INVOICE_V17 to CORE_OWNER_EXECUTE             
grant execute on CORE_OWNER.PROCS_INVOICE_V18 to CORE_OWNER_EXECUTE             
grant execute on CORE_OWNER.PROCS_INVOICE_V2 to CORE_OWNER_EXECUTE              
grant execute on CORE_OWNER.PROCS_INVOICE_V3 to CORE_OWNER_EXECUTE              
grant execute on CORE_OWNER.PROCS_INVOICE_V4 to CORE_OWNER_EXECUTE              
grant execute on CORE_OWNER.PROCS_INVOICE_V5 to CORE_OWNER_EXECUTE              
grant execute on CORE_OWNER.PROCS_INVOICE_V6 to CORE_OWNER_EXECUTE              
grant execute on CORE_OWNER.PROCS_INVOICE_V7 to CORE_OWNER_EXECUTE              
grant execute on CORE_OWNER.PROCS_INVOICE_V8 to CORE_OWNER_EXECUTE              
grant execute on CORE_OWNER.PROCS_INVOICE_V9 to CORE_OWNER_EXECUTE              
grant execute on CORE_OWNER.PROCS_ITUNES_RECEIPT_CRU_V10 to CORE_OWNER_EXECUTE  
grant execute on CORE_OWNER.PROCS_ITUNES_RECEIPT_CRU_V11 to CORE_OWNER_EXECUTE  
grant execute on CORE_OWNER.PROCS_ITUNES_RECEIPT_CRU_V12 to CORE_OWNER_EXECUTE  
grant execute on CORE_OWNER.PROCS_ITUNES_RECEIPT_CRU_V13 to CORE_OWNER_EXECUTE  
grant execute on CORE_OWNER.PROCS_ITUNES_RECEIPT_CRU_V14 to CORE_OWNER_EXECUTE  
grant execute on CORE_OWNER.PROCS_ITUNES_RECEIPT_CRU_V15 to CORE_OWNER_EXECUTE  
grant execute on CORE_OWNER.PROCS_ITUNES_RECEIPT_CRU_V16 to CORE_OWNER_EXECUTE  
grant execute on CORE_OWNER.PROCS_ITUNES_RECEIPT_CRU_V17 to CORE_OWNER_EXECUTE  
grant execute on CORE_OWNER.PROCS_ITUNES_RECEIPT_CRU_V18 to CORE_OWNER_EXECUTE  
grant execute on CORE_OWNER.PROCS_ITUNES_RECEIPT_CRU_V3 to CORE_OWNER_EXECUTE   
grant execute on CORE_OWNER.PROCS_ITUNES_RECEIPT_CRU_V4 to CORE_OWNER_EXECUTE   
grant execute on CORE_OWNER.PROCS_ITUNES_RECEIPT_CRU_V5 to CORE_OWNER_EXECUTE   
grant execute on CORE_OWNER.PROCS_ITUNES_RECEIPT_CRU_V6 to CORE_OWNER_EXECUTE   
grant execute on CORE_OWNER.PROCS_ITUNES_RECEIPT_CRU_V7 to CORE_OWNER_EXECUTE   
grant execute on CORE_OWNER.PROCS_ITUNES_RECEIPT_CRU_V8 to CORE_OWNER_EXECUTE   
grant execute on CORE_OWNER.PROCS_ITUNES_RECEIPT_CRU_V9 to CORE_OWNER_EXECUTE   
grant execute on CORE_OWNER.PROCS_ITUNES_RECEIPT_V10 to CORE_OWNER_EXECUTE      
grant execute on CORE_OWNER.PROCS_ITUNES_RECEIPT_V11 to CORE_OWNER_EXECUTE      
grant execute on CORE_OWNER.PROCS_ITUNES_RECEIPT_V12 to CORE_OWNER_EXECUTE      
grant execute on CORE_OWNER.PROCS_ITUNES_RECEIPT_V13 to CORE_OWNER_EXECUTE      
grant execute on CORE_OWNER.PROCS_ITUNES_RECEIPT_V14 to CORE_OWNER_EXECUTE      
grant execute on CORE_OWNER.PROCS_ITUNES_RECEIPT_V15 to CORE_OWNER_EXECUTE      
grant execute on CORE_OWNER.PROCS_ITUNES_RECEIPT_V16 to CORE_OWNER_EXECUTE      
grant execute on CORE_OWNER.PROCS_ITUNES_RECEIPT_V17 to CORE_OWNER_EXECUTE      
grant execute on CORE_OWNER.PROCS_ITUNES_RECEIPT_V18 to CORE_OWNER_EXECUTE      
grant execute on CORE_OWNER.PROCS_ITUNES_RECEIPT_V3 to CORE_OWNER_EXECUTE       
grant execute on CORE_OWNER.PROCS_ITUNES_RECEIPT_V4 to CORE_OWNER_EXECUTE       
grant execute on CORE_OWNER.PROCS_ITUNES_RECEIPT_V5 to CORE_OWNER_EXECUTE       
grant execute on CORE_OWNER.PROCS_ITUNES_RECEIPT_V6 to CORE_OWNER_EXECUTE       
grant execute on CORE_OWNER.PROCS_ITUNES_RECEIPT_V7 to CORE_OWNER_EXECUTE       
grant execute on CORE_OWNER.PROCS_ITUNES_RECEIPT_V8 to CORE_OWNER_EXECUTE       
grant execute on CORE_OWNER.APP_EXCEPTION_CODES_V21 to CORE_OWNER_EXECUTE       
grant execute on CORE_OWNER.GLOBAL_CONSTANTS_V21 to CORE_OWNER_EXECUTE          
grant execute on CORE_OWNER.GLOBAL_ENUMS_V21 to CORE_OWNER_EXECUTE              
grant execute on CORE_OWNER.GLOBAL_STATUSES_V21 to CORE_OWNER_EXECUTE           
grant execute on CORE_OWNER.NOTIFICATION_STATUSES_V21 to CORE_OWNER_EXECUTE     
grant execute on CORE_OWNER.PROCS_COMMON_V21 to CORE_OWNER_EXECUTE              
grant execute on CORE_OWNER.PROCS_ACCOUNT_V21 to CORE_OWNER_EXECUTE             
grant execute on CORE_OWNER.PROCS_ACCOUNT_CRU_V21 to CORE_OWNER_EXECUTE         
grant execute on CORE_OWNER.PROCS_ADDRESS_V21 to CORE_OWNER_EXECUTE             
grant execute on CORE_OWNER.PROCS_ADDRESS_CRU_V21 to CORE_OWNER_EXECUTE         
grant execute on CORE_OWNER.PROCS_ADJUSTMENTS_V21 to CORE_OWNER_EXECUTE         
grant execute on CORE_OWNER.PROCS_ADX_V21 to CORE_OWNER_EXECUTE                 
grant execute on CORE_OWNER.PROCS_AMAZON_V21 to CORE_OWNER_EXECUTE              
grant execute on CORE_OWNER.PROCS_AMAZON_CRU_V21 to CORE_OWNER_EXECUTE          
grant execute on CORE_OWNER.PROCS_CHARGE_V21 to CORE_OWNER_EXECUTE              
grant execute on CORE_OWNER.PROCS_CHARGE_CRU_V21 to CORE_OWNER_EXECUTE          
grant execute on CORE_OWNER.PROCS_ENTITLEMENT_V21 to CORE_OWNER_EXECUTE         
grant execute on CORE_OWNER.PROCS_FIN_INSTRUMENTS_V21 to CORE_OWNER_EXECUTE     
grant execute on CORE_OWNER.PROCS_FIN_INSTRUMENTS_CRU_V21 to CORE_OWNER_EXECUTE 
grant execute on CORE_OWNER.PROCS_GROUP_ACCOUNT_V21 to CORE_OWNER_EXECUTE       
grant execute on CORE_OWNER.PROCS_GROUP_ACCOUNT_CRU_V21 to CORE_OWNER_EXECUTE   
grant execute on CORE_OWNER.PROCS_HISTORY_V21 to CORE_OWNER_EXECUTE             
grant execute on CORE_OWNER.PROCS_INVOICE_V21 to CORE_OWNER_EXECUTE             
grant execute on CORE_OWNER.PROCS_INVOICE_CRU_V21 to CORE_OWNER_EXECUTE         
grant execute on CORE_OWNER.PROCS_ITUNES_RECEIPT_V21 to CORE_OWNER_EXECUTE      
grant execute on CORE_OWNER.PROCS_ITUNES_RECEIPT_CRU_V21 to CORE_OWNER_EXECUTE  
grant execute on CORE_OWNER.PROCS_LICENSE_V21 to CORE_OWNER_EXECUTE             
grant execute on CORE_OWNER.PROCS_LICENSE_CRU_V21 to CORE_OWNER_EXECUTE         
grant execute on CORE_OWNER.PROCS_LINE_ITEMS_V21 to CORE_OWNER_EXECUTE          
grant execute on CORE_OWNER.PROCS_LINE_ITEMS_CRU_V21 to CORE_OWNER_EXECUTE      
grant execute on CORE_OWNER.PROCS_LOCKING_V21 to CORE_OWNER_EXECUTE             
grant execute on CORE_OWNER.PROCS_NOTIFICATION_V21 to CORE_OWNER_EXECUTE        
grant execute on CORE_OWNER.PROCS_OFFER_CHAIN_V21 to CORE_OWNER_EXECUTE         
grant execute on CORE_OWNER.PROCS_PROCESS_RETRY_V21 to CORE_OWNER_EXECUTE       
grant execute on CORE_OWNER.PROCS_PRODUCT_V21 to CORE_OWNER_EXECUTE             
grant execute on CORE_OWNER.PROCS_RECONCILIATION_CRU_V21 to CORE_OWNER_EXECUTE  
grant execute on CORE_OWNER.PROCS_SUBSCRIPTION_V21 to CORE_OWNER_EXECUTE        
grant execute on CORE_OWNER.PROCS_SUBSCRIPTION_CRU_V21 to CORE_OWNER_EXECUTE    
grant execute on CORE_OWNER.PROCS_SYSTEM_V21 to CORE_OWNER_EXECUTE              
grant execute on CORE_OWNER.PROCS_TAXES_V21 to CORE_OWNER_EXECUTE               
grant execute on CORE_OWNER.PROCS_TAXES_CRU_V21 to CORE_OWNER_EXECUTE           
grant execute on CORE_OWNER.PROCS_TEST_V21 to CORE_OWNER_EXECUTE                
grant execute on CORE_OWNER.PROCS_TRANSACTION_V21 to CORE_OWNER_EXECUTE         
grant execute on CORE_OWNER.PROCS_TRANSACTION_CRU_V21 to CORE_OWNER_EXECUTE     
grant execute on CORE_OWNER.PUBLIC_PROCS_BILLING_V21 to CORE_OWNER_EXECUTE      
grant execute on CORE_OWNER.PUBLIC_PROCS_CLIENT_V21 to CORE_OWNER_EXECUTE       
grant execute on CORE_OWNER.PUBLIC_PROCS_NOTIFICATION_V21 to CORE_OWNER_EXECUTE 
grant execute on CORE_OWNER.PUBLIC_PROCS_RENEWAL_V21 to CORE_OWNER_EXECUTE      
grant execute on CORE_OWNER.APP_EXCEPTION_CODES_V19 to CORE_OWNER_EXECUTE       
grant execute on CORE_OWNER.GLOBAL_CONSTANTS_V19 to CORE_OWNER_EXECUTE          
grant execute on CORE_OWNER.GLOBAL_ENUMS_V19 to CORE_OWNER_EXECUTE              
grant execute on CORE_OWNER.GLOBAL_STATUSES_V19 to CORE_OWNER_EXECUTE           
grant execute on CORE_OWNER.NOTIFICATION_STATUSES_V19 to CORE_OWNER_EXECUTE     
grant execute on CORE_OWNER.PROCS_COMMON_V19 to CORE_OWNER_EXECUTE              
grant execute on CORE_OWNER.PROCS_ACCOUNT_V19 to CORE_OWNER_EXECUTE             
grant execute on CORE_OWNER.PROCS_ACCOUNT_CRU_V19 to CORE_OWNER_EXECUTE         
grant execute on CORE_OWNER.PROCS_ADDRESS_V19 to CORE_OWNER_EXECUTE             
grant execute on CORE_OWNER.PROCS_ADDRESS_CRU_V19 to CORE_OWNER_EXECUTE         
grant execute on CORE_OWNER.PROCS_ADJUSTMENTS_V19 to CORE_OWNER_EXECUTE         
grant execute on CORE_OWNER.PROCS_ADX_V19 to CORE_OWNER_EXECUTE                 
grant execute on CORE_OWNER.PROCS_AMAZON_V19 to CORE_OWNER_EXECUTE              
grant execute on CORE_OWNER.PROCS_AMAZON_CRU_V19 to CORE_OWNER_EXECUTE          
grant execute on CORE_OWNER.PROCS_CHARGE_V19 to CORE_OWNER_EXECUTE              
grant execute on CORE_OWNER.PROCS_CHARGE_CRU_V19 to CORE_OWNER_EXECUTE          
grant execute on CORE_OWNER.PROCS_FIN_INSTRUMENTS_V19 to CORE_OWNER_EXECUTE     
grant execute on CORE_OWNER.PROCS_FIN_INSTRUMENTS_CRU_V19 to CORE_OWNER_EXECUTE 
grant execute on CORE_OWNER.PROCS_GROUP_ACCOUNT_V19 to CORE_OWNER_EXECUTE       
grant execute on CORE_OWNER.PROCS_GROUP_ACCOUNT_CRU_V19 to CORE_OWNER_EXECUTE   
grant execute on CORE_OWNER.PROCS_HISTORY_V19 to CORE_OWNER_EXECUTE             
grant execute on CORE_OWNER.PROCS_INVOICE_V19 to CORE_OWNER_EXECUTE             
grant execute on CORE_OWNER.PROCS_INVOICE_CRU_V19 to CORE_OWNER_EXECUTE         
grant execute on CORE_OWNER.PROCS_ITUNES_RECEIPT_V19 to CORE_OWNER_EXECUTE      
grant execute on CORE_OWNER.PROCS_ITUNES_RECEIPT_CRU_V19 to CORE_OWNER_EXECUTE  
grant execute on CORE_OWNER.PROCS_LICENSE_V19 to CORE_OWNER_EXECUTE             
grant execute on CORE_OWNER.PROCS_LICENSE_CRU_V19 to CORE_OWNER_EXECUTE         
grant execute on CORE_OWNER.PROCS_LINE_ITEMS_V19 to CORE_OWNER_EXECUTE          
grant execute on CORE_OWNER.PROCS_LINE_ITEMS_CRU_V19 to CORE_OWNER_EXECUTE      
grant execute on CORE_OWNER.PROCS_LOCKING_V19 to CORE_OWNER_EXECUTE             
grant execute on CORE_OWNER.PROCS_NOTIFICATION_V19 to CORE_OWNER_EXECUTE        
grant execute on CORE_OWNER.PROCS_AMAZON_CRU_V8 to CORE_OWNER_EXECUTE           
grant execute on CORE_OWNER.PROCS_AMAZON_CRU_V9 to CORE_OWNER_EXECUTE           
grant execute on CORE_OWNER.PROCS_AMAZON_V10 to CORE_OWNER_EXECUTE              
grant execute on CORE_OWNER.PROCS_AMAZON_V11 to CORE_OWNER_EXECUTE              
grant execute on CORE_OWNER.PROCS_AMAZON_V12 to CORE_OWNER_EXECUTE              
grant execute on CORE_OWNER.PROCS_AMAZON_V13 to CORE_OWNER_EXECUTE              
grant execute on CORE_OWNER.PROCS_AMAZON_V14 to CORE_OWNER_EXECUTE              
grant execute on CORE_OWNER.PROCS_AMAZON_V15 to CORE_OWNER_EXECUTE              
grant execute on CORE_OWNER.PROCS_AMAZON_V16 to CORE_OWNER_EXECUTE              
grant execute on CORE_OWNER.PROCS_AMAZON_V17 to CORE_OWNER_EXECUTE              
grant execute on CORE_OWNER.PROCS_AMAZON_V18 to CORE_OWNER_EXECUTE              
grant execute on CORE_OWNER.PROCS_AMAZON_V4 to CORE_OWNER_EXECUTE               
grant execute on CORE_OWNER.PROCS_AMAZON_V5 to CORE_OWNER_EXECUTE               
grant execute on CORE_OWNER.PROCS_AMAZON_V6 to CORE_OWNER_EXECUTE               
grant execute on CORE_OWNER.PROCS_AMAZON_V7 to CORE_OWNER_EXECUTE               
grant execute on CORE_OWNER.PROCS_AMAZON_V8 to CORE_OWNER_EXECUTE               
grant execute on CORE_OWNER.PROCS_AMAZON_V9 to CORE_OWNER_EXECUTE               
grant execute on CORE_OWNER.PROCS_CHARGE to CORE_OWNER_EXECUTE                  
grant execute on CORE_OWNER.PROCS_CHARGE_CRU to CORE_OWNER_EXECUTE              
grant execute on CORE_OWNER.PROCS_CHARGE_CRU_V1 to CORE_OWNER_EXECUTE           
grant execute on CORE_OWNER.PROCS_CHARGE_CRU_V10 to CORE_OWNER_EXECUTE          
grant execute on CORE_OWNER.PROCS_CHARGE_CRU_V11 to CORE_OWNER_EXECUTE          
grant execute on CORE_OWNER.PROCS_CHARGE_CRU_V12 to CORE_OWNER_EXECUTE          
grant execute on CORE_OWNER.PROCS_CHARGE_CRU_V13 to CORE_OWNER_EXECUTE          
grant execute on CORE_OWNER.PROCS_CHARGE_CRU_V14 to CORE_OWNER_EXECUTE          
grant execute on CORE_OWNER.PROCS_CHARGE_CRU_V15 to CORE_OWNER_EXECUTE          
grant execute on CORE_OWNER.PROCS_CHARGE_CRU_V16 to CORE_OWNER_EXECUTE          
grant execute on CORE_OWNER.PROCS_CHARGE_CRU_V17 to CORE_OWNER_EXECUTE          
grant execute on CORE_OWNER.PROCS_CHARGE_CRU_V18 to CORE_OWNER_EXECUTE          
grant execute on CORE_OWNER.PROCS_CHARGE_CRU_V2 to CORE_OWNER_EXECUTE           
grant execute on CORE_OWNER.PROCS_CHARGE_CRU_V3 to CORE_OWNER_EXECUTE           
grant execute on CORE_OWNER.PROCS_CHARGE_CRU_V4 to CORE_OWNER_EXECUTE           
grant execute on CORE_OWNER.PROCS_CHARGE_CRU_V5 to CORE_OWNER_EXECUTE           
grant execute on CORE_OWNER.PROCS_CHARGE_CRU_V6 to CORE_OWNER_EXECUTE           
grant execute on CORE_OWNER.PROCS_CHARGE_CRU_V7 to CORE_OWNER_EXECUTE           
grant execute on CORE_OWNER.PROCS_CHARGE_CRU_V8 to CORE_OWNER_EXECUTE           
grant execute on CORE_OWNER.PROCS_CHARGE_CRU_V9 to CORE_OWNER_EXECUTE           
grant execute on CORE_OWNER.PROCS_CHARGE_V1 to CORE_OWNER_EXECUTE               
grant execute on CORE_OWNER.PROCS_CHARGE_V10 to CORE_OWNER_EXECUTE              
grant execute on CORE_OWNER.PROCS_CHARGE_V11 to CORE_OWNER_EXECUTE              
grant execute on CORE_OWNER.PROCS_CHARGE_V12 to CORE_OWNER_EXECUTE              
grant execute on CORE_OWNER.PROCS_CHARGE_V13 to CORE_OWNER_EXECUTE              
grant execute on CORE_OWNER.PROCS_CHARGE_V14 to CORE_OWNER_EXECUTE              
grant execute on CORE_OWNER.PROCS_CHARGE_V15 to CORE_OWNER_EXECUTE              
grant execute on CORE_OWNER.PROCS_CHARGE_V16 to CORE_OWNER_EXECUTE              
grant execute on CORE_OWNER.PROCS_CHARGE_V17 to CORE_OWNER_EXECUTE              
grant execute on CORE_OWNER.PROCS_CHARGE_V18 to CORE_OWNER_EXECUTE              
grant execute on CORE_OWNER.PROCS_CHARGE_V2 to CORE_OWNER_EXECUTE               
grant execute on CORE_OWNER.PROCS_CHARGE_V3 to CORE_OWNER_EXECUTE               
grant execute on CORE_OWNER.PROCS_CHARGE_V4 to CORE_OWNER_EXECUTE               
grant execute on CORE_OWNER.PROCS_CHARGE_V5 to CORE_OWNER_EXECUTE               
grant execute on CORE_OWNER.PROCS_CHARGE_V6 to CORE_OWNER_EXECUTE               
grant execute on CORE_OWNER.PROCS_CHARGE_V7 to CORE_OWNER_EXECUTE               
grant execute on CORE_OWNER.PROCS_CHARGE_V8 to CORE_OWNER_EXECUTE               
grant execute on CORE_OWNER.PROCS_CHARGE_V9 to CORE_OWNER_EXECUTE               
grant execute on CORE_OWNER.PROCS_COMMON to CORE_OWNER_EXECUTE                  
grant execute on CORE_OWNER.PROCS_COMMON_V1 to CORE_OWNER_EXECUTE               
grant execute on CORE_OWNER.PROCS_COMMON_V10 to CORE_OWNER_EXECUTE              
grant execute on CORE_OWNER.PROCS_COMMON_V11 to CORE_OWNER_EXECUTE              
grant execute on CORE_OWNER.PROCS_COMMON_V12 to CORE_OWNER_EXECUTE              
grant execute on CORE_OWNER.PROCS_COMMON_V13 to CORE_OWNER_EXECUTE              
grant execute on CORE_OWNER.PROCS_COMMON_V14 to CORE_OWNER_EXECUTE              
grant execute on CORE_OWNER.PROCS_COMMON_V15 to CORE_OWNER_EXECUTE              
grant execute on CORE_OWNER.PROCS_COMMON_V16 to CORE_OWNER_EXECUTE              
grant execute on CORE_OWNER.PROCS_COMMON_V17 to CORE_OWNER_EXECUTE              
grant execute on CORE_OWNER.PROCS_COMMON_V18 to CORE_OWNER_EXECUTE              
grant execute on CORE_OWNER.PROCS_COMMON_V2 to CORE_OWNER_EXECUTE               
grant execute on CORE_OWNER.PROCS_COMMON_V3 to CORE_OWNER_EXECUTE               
grant execute on CORE_OWNER.PROCS_COMMON_V4 to CORE_OWNER_EXECUTE               
grant execute on CORE_OWNER.PROCS_COMMON_V5 to CORE_OWNER_EXECUTE               
grant execute on CORE_OWNER.PROCS_COMMON_V6 to CORE_OWNER_EXECUTE               
grant execute on CORE_OWNER.PROCS_COMMON_V7 to CORE_OWNER_EXECUTE               
grant execute on CORE_OWNER.PROCS_COMMON_V8 to CORE_OWNER_EXECUTE               
grant execute on CORE_OWNER.PROCS_COMMON_V9 to CORE_OWNER_EXECUTE               
grant execute on CORE_OWNER.PROCS_CUPY to CORE_OWNER_EXECUTE                    
grant execute on CORE_OWNER.PROCS_ENTITLEMENT_V10 to CORE_OWNER_EXECUTE         
grant execute on CORE_OWNER.PROCS_ENTITLEMENT_V11 to CORE_OWNER_EXECUTE         
grant execute on CORE_OWNER.PROCS_ENTITLEMENT_V12 to CORE_OWNER_EXECUTE         
grant execute on CORE_OWNER.PROCS_ENTITLEMENT_V13 to CORE_OWNER_EXECUTE         
grant execute on CORE_OWNER.PROCS_ENTITLEMENT_V14 to CORE_OWNER_EXECUTE         
grant execute on CORE_OWNER.PROCS_ENTITLEMENT_V15 to CORE_OWNER_EXECUTE         
grant execute on CORE_OWNER.PROCS_ENTITLEMENT_V16 to CORE_OWNER_EXECUTE         
grant execute on CORE_OWNER.PROCS_ENTITLEMENT_V17 to CORE_OWNER_EXECUTE         
grant execute on CORE_OWNER.PROCS_ENTITLEMENT_V18 to CORE_OWNER_EXECUTE         
grant execute on CORE_OWNER.PROCS_ITUNES_RECEIPT_V9 to CORE_OWNER_EXECUTE       
grant execute on CORE_OWNER.PROCS_LICENSE to CORE_OWNER_EXECUTE                 
grant execute on CORE_OWNER.PROCS_LICENSE_CRU to CORE_OWNER_EXECUTE             
grant execute on CORE_OWNER.PROCS_LICENSE_CRU_V1 to CORE_OWNER_EXECUTE          
grant execute on CORE_OWNER.PROCS_LICENSE_CRU_V10 to CORE_OWNER_EXECUTE         
grant execute on CORE_OWNER.PROCS_LICENSE_CRU_V11 to CORE_OWNER_EXECUTE         
grant execute on CORE_OWNER.PROCS_LICENSE_CRU_V12 to CORE_OWNER_EXECUTE         
grant execute on CORE_OWNER.PROCS_LICENSE_CRU_V13 to CORE_OWNER_EXECUTE         
grant execute on CORE_OWNER.PROCS_LICENSE_CRU_V14 to CORE_OWNER_EXECUTE         
grant execute on CORE_OWNER.PROCS_LICENSE_CRU_V15 to CORE_OWNER_EXECUTE         
grant execute on CORE_OWNER.PROCS_LICENSE_CRU_V16 to CORE_OWNER_EXECUTE         
grant execute on CORE_OWNER.PROCS_LICENSE_CRU_V17 to CORE_OWNER_EXECUTE         
grant execute on CORE_OWNER.PROCS_LICENSE_CRU_V18 to CORE_OWNER_EXECUTE         
grant execute on CORE_OWNER.PROCS_LICENSE_CRU_V2 to CORE_OWNER_EXECUTE          
grant execute on CORE_OWNER.PROCS_LICENSE_CRU_V3 to CORE_OWNER_EXECUTE          
grant execute on CORE_OWNER.PROCS_LICENSE_CRU_V4 to CORE_OWNER_EXECUTE          
grant execute on CORE_OWNER.PROCS_LICENSE_CRU_V5 to CORE_OWNER_EXECUTE          
grant execute on CORE_OWNER.PROCS_LICENSE_CRU_V6 to CORE_OWNER_EXECUTE          
grant execute on CORE_OWNER.PROCS_LICENSE_CRU_V7 to CORE_OWNER_EXECUTE          
grant execute on CORE_OWNER.PROCS_LICENSE_CRU_V8 to CORE_OWNER_EXECUTE          
grant execute on CORE_OWNER.PROCS_LICENSE_CRU_V9 to CORE_OWNER_EXECUTE          
grant execute on CORE_OWNER.PROCS_LICENSE_V1 to CORE_OWNER_EXECUTE              
grant execute on CORE_OWNER.PROCS_LICENSE_V10 to CORE_OWNER_EXECUTE             
grant execute on CORE_OWNER.PROCS_LICENSE_V11 to CORE_OWNER_EXECUTE             
grant execute on CORE_OWNER.PROCS_LICENSE_V12 to CORE_OWNER_EXECUTE             
grant execute on CORE_OWNER.PROCS_LICENSE_V13 to CORE_OWNER_EXECUTE             
grant execute on CORE_OWNER.PROCS_LICENSE_V14 to CORE_OWNER_EXECUTE             
grant execute on CORE_OWNER.PROCS_LICENSE_V15 to CORE_OWNER_EXECUTE             
grant execute on CORE_OWNER.PROCS_LICENSE_V16 to CORE_OWNER_EXECUTE             
grant execute on CORE_OWNER.PROCS_LICENSE_V17 to CORE_OWNER_EXECUTE             
grant execute on CORE_OWNER.PROCS_LICENSE_V18 to CORE_OWNER_EXECUTE             
grant execute on CORE_OWNER.PROCS_LICENSE_V2 to CORE_OWNER_EXECUTE              
grant execute on CORE_OWNER.PROCS_LICENSE_V3 to CORE_OWNER_EXECUTE              
grant execute on CORE_OWNER.PROCS_LICENSE_V4 to CORE_OWNER_EXECUTE              
grant execute on CORE_OWNER.PROCS_LICENSE_V5 to CORE_OWNER_EXECUTE              
grant execute on CORE_OWNER.PROCS_LICENSE_V6 to CORE_OWNER_EXECUTE              
grant execute on CORE_OWNER.PROCS_LICENSE_V7 to CORE_OWNER_EXECUTE              
grant execute on CORE_OWNER.PROCS_LICENSE_V8 to CORE_OWNER_EXECUTE              
grant execute on CORE_OWNER.PROCS_LICENSE_V9 to CORE_OWNER_EXECUTE              
grant execute on CORE_OWNER.PROCS_LINE_ITEMS to CORE_OWNER_EXECUTE              
grant execute on CORE_OWNER.PROCS_LINE_ITEMS_CRU to CORE_OWNER_EXECUTE          
grant execute on CORE_OWNER.PROCS_LINE_ITEMS_CRU_V1 to CORE_OWNER_EXECUTE       
grant execute on CORE_OWNER.PROCS_LINE_ITEMS_CRU_V10 to CORE_OWNER_EXECUTE      
grant execute on CORE_OWNER.PROCS_LINE_ITEMS_CRU_V11 to CORE_OWNER_EXECUTE      
grant execute on CORE_OWNER.PROCS_LINE_ITEMS_CRU_V12 to CORE_OWNER_EXECUTE      
grant execute on CORE_OWNER.PROCS_LINE_ITEMS_CRU_V13 to CORE_OWNER_EXECUTE      
grant execute on CORE_OWNER.PROCS_LINE_ITEMS_CRU_V14 to CORE_OWNER_EXECUTE      
grant execute on CORE_OWNER.PROCS_LINE_ITEMS_CRU_V15 to CORE_OWNER_EXECUTE      
grant execute on CORE_OWNER.PROCS_LINE_ITEMS_CRU_V16 to CORE_OWNER_EXECUTE      
grant execute on CORE_OWNER.PROCS_LINE_ITEMS_CRU_V17 to CORE_OWNER_EXECUTE      
grant execute on CORE_OWNER.PROCS_LINE_ITEMS_CRU_V18 to CORE_OWNER_EXECUTE      
grant execute on CORE_OWNER.PROCS_LINE_ITEMS_CRU_V2 to CORE_OWNER_EXECUTE       
grant execute on CORE_OWNER.PROCS_LINE_ITEMS_CRU_V3 to CORE_OWNER_EXECUTE       
grant execute on CORE_OWNER.PROCS_LINE_ITEMS_CRU_V4 to CORE_OWNER_EXECUTE       
grant execute on CORE_OWNER.PROCS_LINE_ITEMS_CRU_V5 to CORE_OWNER_EXECUTE       
grant execute on CORE_OWNER.PROCS_LINE_ITEMS_CRU_V6 to CORE_OWNER_EXECUTE       
grant execute on CORE_OWNER.PROCS_LINE_ITEMS_CRU_V7 to CORE_OWNER_EXECUTE       
grant execute on CORE_OWNER.PROCS_LINE_ITEMS_CRU_V8 to CORE_OWNER_EXECUTE       
grant execute on CORE_OWNER.PROCS_LINE_ITEMS_CRU_V9 to CORE_OWNER_EXECUTE       
grant execute on CORE_OWNER.PROCS_LINE_ITEMS_V1 to CORE_OWNER_EXECUTE           
grant execute on CORE_OWNER.PROCS_LINE_ITEMS_V10 to CORE_OWNER_EXECUTE          
grant execute on CORE_OWNER.PROCS_LINE_ITEMS_V11 to CORE_OWNER_EXECUTE          
grant execute on CORE_OWNER.PROCS_LINE_ITEMS_V12 to CORE_OWNER_EXECUTE          
grant execute on CORE_OWNER.PROCS_LINE_ITEMS_V13 to CORE_OWNER_EXECUTE          
grant execute on CORE_OWNER.PROCS_LINE_ITEMS_V14 to CORE_OWNER_EXECUTE          
grant execute on CORE_OWNER.PROCS_LINE_ITEMS_V15 to CORE_OWNER_EXECUTE          
grant execute on CORE_OWNER.PROCS_LINE_ITEMS_V16 to CORE_OWNER_EXECUTE          
grant execute on CORE_OWNER.PROCS_LINE_ITEMS_V17 to CORE_OWNER_EXECUTE          
grant execute on CORE_OWNER.PROCS_LINE_ITEMS_V18 to CORE_OWNER_EXECUTE          
grant execute on CORE_OWNER.PROCS_LINE_ITEMS_V2 to CORE_OWNER_EXECUTE           
grant execute on CORE_OWNER.PROCS_LINE_ITEMS_V3 to CORE_OWNER_EXECUTE           
grant execute on CORE_OWNER.PROCS_LINE_ITEMS_V4 to CORE_OWNER_EXECUTE           
grant execute on CORE_OWNER.PROCS_LINE_ITEMS_V5 to CORE_OWNER_EXECUTE           
grant execute on CORE_OWNER.PROCS_LINE_ITEMS_V6 to CORE_OWNER_EXECUTE           
grant execute on CORE_OWNER.PROCS_LINE_ITEMS_V7 to CORE_OWNER_EXECUTE           
grant execute on CORE_OWNER.PROCS_LINE_ITEMS_V8 to CORE_OWNER_EXECUTE           
grant execute on CORE_OWNER.PROCS_LINE_ITEMS_V9 to CORE_OWNER_EXECUTE           
grant execute on CORE_OWNER.PROCS_LINE_ITEM_ADJ to CORE_OWNER_EXECUTE           
grant execute on CORE_OWNER.PROCS_LOCKING to CORE_OWNER_EXECUTE                 
grant execute on CORE_OWNER.PROCS_LOCKING_V1 to CORE_OWNER_EXECUTE              
grant execute on CORE_OWNER.PROCS_LOCKING_V10 to CORE_OWNER_EXECUTE             
grant execute on CORE_OWNER.PROCS_LOCKING_V11 to CORE_OWNER_EXECUTE             
grant execute on CORE_OWNER.PROCS_LOCKING_V12 to CORE_OWNER_EXECUTE             
grant execute on CORE_OWNER.PROCS_LOCKING_V13 to CORE_OWNER_EXECUTE             
grant execute on CORE_OWNER.PROCS_LOCKING_V14 to CORE_OWNER_EXECUTE             
grant execute on CORE_OWNER.PROCS_LOCKING_V15 to CORE_OWNER_EXECUTE             
grant execute on CORE_OWNER.PROCS_LOCKING_V16 to CORE_OWNER_EXECUTE             
grant execute on CORE_OWNER.PROCS_LOCKING_V17 to CORE_OWNER_EXECUTE             
grant execute on CORE_OWNER.PROCS_LOCKING_V18 to CORE_OWNER_EXECUTE             
grant execute on CORE_OWNER.PROCS_LOCKING_V2 to CORE_OWNER_EXECUTE              
grant execute on CORE_OWNER.PROCS_LOCKING_V3 to CORE_OWNER_EXECUTE              
grant execute on CORE_OWNER.PROCS_LOCKING_V4 to CORE_OWNER_EXECUTE              
grant execute on CORE_OWNER.PROCS_LOCKING_V5 to CORE_OWNER_EXECUTE              
grant execute on CORE_OWNER.PROCS_LOCKING_V6 to CORE_OWNER_EXECUTE              
grant execute on CORE_OWNER.PROCS_LOCKING_V7 to CORE_OWNER_EXECUTE              
grant execute on CORE_OWNER.PROCS_LOCKING_V8 to CORE_OWNER_EXECUTE              
grant execute on CORE_OWNER.PROCS_LOCKING_V9 to CORE_OWNER_EXECUTE              
grant execute on CORE_OWNER.PROCS_NOTIFICATION_V17 to CORE_OWNER_EXECUTE        
grant execute on CORE_OWNER.PROCS_NOTIFICATION_V18 to CORE_OWNER_EXECUTE        
grant execute on CORE_OWNER.PROCS_OFFER_CHAIN to CORE_OWNER_EXECUTE             
grant execute on CORE_OWNER.PROCS_OFFER_CHAIN_V1 to CORE_OWNER_EXECUTE          
grant execute on CORE_OWNER.PROCS_OFFER_CHAIN_V10 to CORE_OWNER_EXECUTE         
grant execute on CORE_OWNER.PROCS_OFFER_CHAIN_V11 to CORE_OWNER_EXECUTE         
grant execute on CORE_OWNER.PROCS_OFFER_CHAIN_V12 to CORE_OWNER_EXECUTE         
grant execute on CORE_OWNER.PROCS_OFFER_CHAIN_V13 to CORE_OWNER_EXECUTE         
grant execute on CORE_OWNER.PROCS_OFFER_CHAIN_V14 to CORE_OWNER_EXECUTE         
grant execute on CORE_OWNER.PROCS_OFFER_CHAIN_V15 to CORE_OWNER_EXECUTE         
grant execute on CORE_OWNER.PROCS_OFFER_CHAIN_V16 to CORE_OWNER_EXECUTE         
grant execute on CORE_OWNER.PROCS_OFFER_CHAIN_V17 to CORE_OWNER_EXECUTE         
grant execute on CORE_OWNER.PROCS_OFFER_CHAIN_V18 to CORE_OWNER_EXECUTE         
grant execute on CORE_OWNER.PROCS_OFFER_CHAIN_V2 to CORE_OWNER_EXECUTE          
grant execute on CORE_OWNER.PROCS_OFFER_CHAIN_V3 to CORE_OWNER_EXECUTE          
grant execute on CORE_OWNER.PROCS_OFFER_CHAIN_V4 to CORE_OWNER_EXECUTE          
grant execute on CORE_OWNER.PROCS_OFFER_CHAIN_V5 to CORE_OWNER_EXECUTE          
grant execute on CORE_OWNER.PROCS_OFFER_CHAIN_V6 to CORE_OWNER_EXECUTE          
grant execute on CORE_OWNER.PROCS_OFFER_CHAIN_V7 to CORE_OWNER_EXECUTE          
grant execute on CORE_OWNER.PROCS_OFFER_CHAIN_V8 to CORE_OWNER_EXECUTE          
grant execute on CORE_OWNER.PROCS_OFFER_CHAIN_V9 to CORE_OWNER_EXECUTE          
grant execute on CORE_OWNER.PROCS_PARTITIONS_V8 to CORE_OWNER_EXECUTE           
grant execute on CORE_OWNER.PROCS_POLLING_SYNC to CORE_OWNER_EXECUTE            
grant execute on CORE_OWNER.PROCS_PROCESS_RETRY_V17 to CORE_OWNER_EXECUTE       
grant execute on CORE_OWNER.PROCS_PROCESS_RETRY_V18 to CORE_OWNER_EXECUTE       
grant execute on CORE_OWNER.PROCS_PRODUCT to CORE_OWNER_EXECUTE                 
grant execute on CORE_OWNER.PROCS_PRODUCT_V1 to CORE_OWNER_EXECUTE              
grant execute on CORE_OWNER.PROCS_PRODUCT_V10 to CORE_OWNER_EXECUTE             
grant execute on CORE_OWNER.PROCS_PRODUCT_V11 to CORE_OWNER_EXECUTE             
grant execute on CORE_OWNER.PROCS_PRODUCT_V12 to CORE_OWNER_EXECUTE             
grant execute on CORE_OWNER.PROCS_PRODUCT_V13 to CORE_OWNER_EXECUTE             
grant execute on CORE_OWNER.PROCS_PRODUCT_V14 to CORE_OWNER_EXECUTE             
grant execute on CORE_OWNER.PROCS_PRODUCT_V15 to CORE_OWNER_EXECUTE             
grant execute on CORE_OWNER.PROCS_PRODUCT_V16 to CORE_OWNER_EXECUTE             
grant execute on CORE_OWNER.PROCS_PRODUCT_V17 to CORE_OWNER_EXECUTE             
grant execute on CORE_OWNER.PROCS_PRODUCT_V18 to CORE_OWNER_EXECUTE             
grant execute on CORE_OWNER.PROCS_PRODUCT_V2 to CORE_OWNER_EXECUTE              
grant execute on CORE_OWNER.PROCS_PRODUCT_V3 to CORE_OWNER_EXECUTE              
grant execute on CORE_OWNER.PROCS_PRODUCT_V4 to CORE_OWNER_EXECUTE              
grant execute on CORE_OWNER.PROCS_PRODUCT_V5 to CORE_OWNER_EXECUTE              
grant execute on CORE_OWNER.PROCS_PRODUCT_V6 to CORE_OWNER_EXECUTE              
grant execute on CORE_OWNER.PROCS_PRODUCT_V7 to CORE_OWNER_EXECUTE              
grant execute on CORE_OWNER.PROCS_PRODUCT_V8 to CORE_OWNER_EXECUTE              
grant execute on CORE_OWNER.PROCS_PRODUCT_V9 to CORE_OWNER_EXECUTE              
grant execute on CORE_OWNER.PROCS_RECONCILIATION_CRU_V10 to CORE_OWNER_EXECUTE  
grant execute on CORE_OWNER.PROCS_RECONCILIATION_CRU_V11 to CORE_OWNER_EXECUTE  
grant execute on CORE_OWNER.PROCS_RECONCILIATION_CRU_V12 to CORE_OWNER_EXECUTE  
grant execute on CORE_OWNER.PROCS_RECONCILIATION_CRU_V13 to CORE_OWNER_EXECUTE  
grant execute on CORE_OWNER.PROCS_RECONCILIATION_CRU_V14 to CORE_OWNER_EXECUTE  
grant execute on CORE_OWNER.PROCS_RECONCILIATION_CRU_V15 to CORE_OWNER_EXECUTE  
grant execute on CORE_OWNER.PROCS_RECONCILIATION_CRU_V16 to CORE_OWNER_EXECUTE  
grant execute on CORE_OWNER.PROCS_RECONCILIATION_CRU_V17 to CORE_OWNER_EXECUTE  
grant execute on CORE_OWNER.PROCS_RECONCILIATION_CRU_V18 to CORE_OWNER_EXECUTE  
grant execute on CORE_OWNER.PROCS_RECONCILIATION_CRU_V3 to CORE_OWNER_EXECUTE   
grant execute on CORE_OWNER.PROCS_RECONCILIATION_CRU_V4 to CORE_OWNER_EXECUTE   
grant execute on CORE_OWNER.PROCS_RECONCILIATION_CRU_V5 to CORE_OWNER_EXECUTE   
grant execute on CORE_OWNER.PROCS_RECONCILIATION_CRU_V6 to CORE_OWNER_EXECUTE   
grant execute on CORE_OWNER.PROCS_RECONCILIATION_CRU_V7 to CORE_OWNER_EXECUTE   
grant execute on CORE_OWNER.PROCS_RECONCILIATION_CRU_V8 to CORE_OWNER_EXECUTE   
grant execute on CORE_OWNER.PROCS_RECONCILIATION_CRU_V9 to CORE_OWNER_EXECUTE   
grant execute on CORE_OWNER.PROCS_REPORTING to CORE_OWNER_EXECUTE               
grant execute on CORE_OWNER.PROCS_REPORTING_1A to CORE_OWNER_EXECUTE            
grant execute on CORE_OWNER.PROCS_REPORTS to CORE_OWNER_EXECUTE                 
grant execute on CORE_OWNER.PROCS_REPORTS_V1 to CORE_OWNER_EXECUTE              
grant execute on CORE_OWNER.PROCS_REPORTS_V2 to CORE_OWNER_EXECUTE              
grant execute on CORE_OWNER.PROCS_REPORTS_V3 to CORE_OWNER_EXECUTE              
grant execute on CORE_OWNER.APP_EXCEPTION_CODES_V23 to CORE_OWNER_EXECUTE       
grant execute on CORE_OWNER.GLOBAL_CONSTANTS_V23 to CORE_OWNER_EXECUTE          
grant execute on CORE_OWNER.GLOBAL_ENUMS_V23 to CORE_OWNER_EXECUTE              
grant execute on CORE_OWNER.GLOBAL_STATUSES_V23 to CORE_OWNER_EXECUTE           
grant execute on CORE_OWNER.NOTIFICATION_STATUSES_V23 to CORE_OWNER_EXECUTE     
grant execute on CORE_OWNER.PROCS_COMMON_V23 to CORE_OWNER_EXECUTE              
grant execute on CORE_OWNER.PROCS_ACCOUNT_CRU_V23 to CORE_OWNER_EXECUTE         
grant execute on CORE_OWNER.PROCS_ACCOUNT_V23 to CORE_OWNER_EXECUTE             
grant execute on CORE_OWNER.PROCS_ADDRESS_CRU_V23 to CORE_OWNER_EXECUTE         
grant execute on CORE_OWNER.PROCS_ADDRESS_V23 to CORE_OWNER_EXECUTE             
grant execute on CORE_OWNER.PROCS_ADJUSTMENTS_V23 to CORE_OWNER_EXECUTE         
grant execute on CORE_OWNER.PROCS_ADX_V23 to CORE_OWNER_EXECUTE                 
grant execute on CORE_OWNER.PROCS_AMAZON_CRU_V23 to CORE_OWNER_EXECUTE          
grant execute on CORE_OWNER.PROCS_AMAZON_V23 to CORE_OWNER_EXECUTE              
grant execute on CORE_OWNER.PROCS_CHARGE_CRU_V23 to CORE_OWNER_EXECUTE          
grant execute on CORE_OWNER.PROCS_CHARGE_V23 to CORE_OWNER_EXECUTE              
grant execute on CORE_OWNER.PROCS_ENTITLEMENT_V23 to CORE_OWNER_EXECUTE         
grant execute on CORE_OWNER.PROCS_FIN_INSTRUMENTS_CRU_V23 to CORE_OWNER_EXECUTE 
grant execute on CORE_OWNER.PROCS_FIN_INSTRUMENTS_V23 to CORE_OWNER_EXECUTE     
grant execute on CORE_OWNER.PROCS_GROUP_ACCOUNT_CRU_V23 to CORE_OWNER_EXECUTE   
grant execute on CORE_OWNER.PROCS_GROUP_ACCOUNT_V23 to CORE_OWNER_EXECUTE       
grant execute on CORE_OWNER.PROCS_HISTORY_V23 to CORE_OWNER_EXECUTE             
grant execute on CORE_OWNER.PROCS_INVOICE_CRU_V23 to CORE_OWNER_EXECUTE         
grant execute on CORE_OWNER.PROCS_INVOICE_V23 to CORE_OWNER_EXECUTE             
grant execute on CORE_OWNER.PROCS_ITUNES_RECEIPT_CRU_V23 to CORE_OWNER_EXECUTE  
grant execute on CORE_OWNER.PROCS_ITUNES_RECEIPT_V23 to CORE_OWNER_EXECUTE      
grant execute on CORE_OWNER.PROCS_LICENSE_CRU_V23 to CORE_OWNER_EXECUTE         
grant execute on CORE_OWNER.PROCS_LICENSE_V23 to CORE_OWNER_EXECUTE             
grant execute on CORE_OWNER.PROCS_LINE_ITEMS_CRU_V23 to CORE_OWNER_EXECUTE      
grant execute on CORE_OWNER.PROCS_LINE_ITEMS_V23 to CORE_OWNER_EXECUTE          
grant execute on CORE_OWNER.PROCS_LOCKING_V23 to CORE_OWNER_EXECUTE             
grant execute on CORE_OWNER.PROCS_NOTIFICATION_V23 to CORE_OWNER_EXECUTE        
grant execute on CORE_OWNER.PROCS_OFFER_CHAIN_V23 to CORE_OWNER_EXECUTE         
grant execute on CORE_OWNER.PROCS_PROCESS_RETRY_V23 to CORE_OWNER_EXECUTE       
grant execute on CORE_OWNER.PROCS_PRODUCT_V23 to CORE_OWNER_EXECUTE             
grant execute on CORE_OWNER.PROCS_RECONCILIATION_CRU_V23 to CORE_OWNER_EXECUTE  
grant execute on CORE_OWNER.PROCS_REPORTS_V23 to CORE_OWNER_EXECUTE             
grant execute on CORE_OWNER.PROCS_SUBSCRIPTION_CRU_V23 to CORE_OWNER_EXECUTE    
grant execute on CORE_OWNER.PROCS_SUBSCRIPTION_V23 to CORE_OWNER_EXECUTE        
grant execute on CORE_OWNER.PROCS_SYSTEM_V23 to CORE_OWNER_EXECUTE              
grant execute on CORE_OWNER.PROCS_ENTITLEMENT_V7 to CORE_OWNER_EXECUTE          
grant execute on CORE_OWNER.PROCS_ENTITLEMENT_V8 to CORE_OWNER_EXECUTE          
grant execute on CORE_OWNER.PROCS_ENTITLEMENT_V9 to CORE_OWNER_EXECUTE          
grant execute on CORE_OWNER.PROCS_FINANCIAL_INSTRUMENTS to CORE_OWNER_EXECUTE   
grant execute on CORE_OWNER.PROCS_FINANCIAL_INSTRUMENTS_V1 to CORE_OWNER_EXECUTE
grant execute on CORE_OWNER.PROCS_FINANCIAL_INSTRUMENTS_V2 to CORE_OWNER_EXECUTE
grant execute on CORE_OWNER.PROCS_FINANCIAL_INSTRUMENTS_V3 to CORE_OWNER_EXECUTE
grant execute on CORE_OWNER.PROCS_FINANCIAL_INSTRUMENTS_V4 to CORE_OWNER_EXECUTE
grant execute on CORE_OWNER.PROCS_FINANCIAL_INSTRUMENTS_V5 to CORE_OWNER_EXECUTE
grant execute on CORE_OWNER.PROCS_FINANCIAL_INSTRUMENTS_V6 to CORE_OWNER_EXECUTE
grant execute on CORE_OWNER.PROCS_FINANCIAL_INSTRUMENTS_V7 to CORE_OWNER_EXECUTE
grant execute on CORE_OWNER.PROCS_FINANCIAL_INSTRUMENTS_V8 to CORE_OWNER_EXECUTE
grant execute on CORE_OWNER.PROCS_FINANCIAL_INSTRUMENTS_V9 to CORE_OWNER_EXECUTE
grant execute on CORE_OWNER.PROCS_FIN_INSTRUMENTS_CRU to CORE_OWNER_EXECUTE     
grant execute on CORE_OWNER.PROCS_FIN_INSTRUMENTS_CRU_V1 to CORE_OWNER_EXECUTE  
grant execute on CORE_OWNER.PROCS_FIN_INSTRUMENTS_CRU_V10 to CORE_OWNER_EXECUTE 
grant execute on CORE_OWNER.PROCS_FIN_INSTRUMENTS_CRU_V11 to CORE_OWNER_EXECUTE 
grant execute on CORE_OWNER.PROCS_FIN_INSTRUMENTS_CRU_V12 to CORE_OWNER_EXECUTE 
grant execute on CORE_OWNER.PROCS_FIN_INSTRUMENTS_CRU_V13 to CORE_OWNER_EXECUTE 
grant execute on CORE_OWNER.PROCS_FIN_INSTRUMENTS_CRU_V14 to CORE_OWNER_EXECUTE 
grant execute on CORE_OWNER.PROCS_FIN_INSTRUMENTS_CRU_V15 to CORE_OWNER_EXECUTE 
grant execute on CORE_OWNER.PROCS_FIN_INSTRUMENTS_CRU_V16 to CORE_OWNER_EXECUTE 
grant execute on CORE_OWNER.PROCS_FIN_INSTRUMENTS_CRU_V17 to CORE_OWNER_EXECUTE 
grant execute on CORE_OWNER.PROCS_FIN_INSTRUMENTS_CRU_V18 to CORE_OWNER_EXECUTE 
grant execute on CORE_OWNER.PROCS_FIN_INSTRUMENTS_CRU_V2 to CORE_OWNER_EXECUTE  
grant execute on CORE_OWNER.PROCS_FIN_INSTRUMENTS_CRU_V3 to CORE_OWNER_EXECUTE  
grant execute on CORE_OWNER.PROCS_FIN_INSTRUMENTS_CRU_V4 to CORE_OWNER_EXECUTE  
grant execute on CORE_OWNER.PROCS_FIN_INSTRUMENTS_CRU_V5 to CORE_OWNER_EXECUTE  
grant execute on CORE_OWNER.PROCS_FIN_INSTRUMENTS_CRU_V6 to CORE_OWNER_EXECUTE  
grant execute on CORE_OWNER.PROCS_FIN_INSTRUMENTS_CRU_V7 to CORE_OWNER_EXECUTE  
grant execute on CORE_OWNER.PROCS_FIN_INSTRUMENTS_CRU_V8 to CORE_OWNER_EXECUTE  
grant execute on CORE_OWNER.PROCS_FIN_INSTRUMENTS_CRU_V9 to CORE_OWNER_EXECUTE  
grant execute on CORE_OWNER.PROCS_FIN_INSTRUMENTS_V10 to CORE_OWNER_EXECUTE     
grant execute on CORE_OWNER.PROCS_FIN_INSTRUMENTS_V11 to CORE_OWNER_EXECUTE     
grant execute on CORE_OWNER.PROCS_FIN_INSTRUMENTS_V12 to CORE_OWNER_EXECUTE     
grant execute on CORE_OWNER.PROCS_FIN_INSTRUMENTS_V13 to CORE_OWNER_EXECUTE     
grant execute on CORE_OWNER.PROCS_FIN_INSTRUMENTS_V14 to CORE_OWNER_EXECUTE     
grant execute on CORE_OWNER.PROCS_FIN_INSTRUMENTS_V15 to CORE_OWNER_EXECUTE     
grant execute on CORE_OWNER.PROCS_FIN_INSTRUMENTS_V16 to CORE_OWNER_EXECUTE     
grant execute on CORE_OWNER.PROCS_FIN_INSTRUMENTS_V17 to CORE_OWNER_EXECUTE     
grant execute on CORE_OWNER.PROCS_FIN_INSTRUMENTS_V18 to CORE_OWNER_EXECUTE     
grant execute on CORE_OWNER.PROCS_GROUP_ACCOUNT_CRU_V10 to CORE_OWNER_EXECUTE   
grant execute on CORE_OWNER.PROCS_GROUP_ACCOUNT_CRU_V11 to CORE_OWNER_EXECUTE   
grant execute on CORE_OWNER.PROCS_GROUP_ACCOUNT_CRU_V12 to CORE_OWNER_EXECUTE   
grant execute on CORE_OWNER.PROCS_GROUP_ACCOUNT_CRU_V13 to CORE_OWNER_EXECUTE   
grant execute on CORE_OWNER.PROCS_GROUP_ACCOUNT_CRU_V14 to CORE_OWNER_EXECUTE   
grant execute on CORE_OWNER.PROCS_GROUP_ACCOUNT_CRU_V15 to CORE_OWNER_EXECUTE   
grant execute on CORE_OWNER.PROCS_GROUP_ACCOUNT_CRU_V16 to CORE_OWNER_EXECUTE   
grant execute on CORE_OWNER.PROCS_GROUP_ACCOUNT_CRU_V17 to CORE_OWNER_EXECUTE   
grant execute on CORE_OWNER.PROCS_GROUP_ACCOUNT_CRU_V18 to CORE_OWNER_EXECUTE   
grant execute on CORE_OWNER.PROCS_GROUP_ACCOUNT_CRU_V6 to CORE_OWNER_EXECUTE    
grant execute on CORE_OWNER.PROCS_GROUP_ACCOUNT_CRU_V7 to CORE_OWNER_EXECUTE    
grant execute on CORE_OWNER.PROCS_GROUP_ACCOUNT_CRU_V8 to CORE_OWNER_EXECUTE    
grant execute on CORE_OWNER.PROCS_GROUP_ACCOUNT_CRU_V9 to CORE_OWNER_EXECUTE    
grant execute on CORE_OWNER.PROCS_GROUP_ACCOUNT_V10 to CORE_OWNER_EXECUTE       
grant execute on CORE_OWNER.PROCS_GROUP_ACCOUNT_V11 to CORE_OWNER_EXECUTE       
grant execute on CORE_OWNER.PROCS_GROUP_ACCOUNT_V12 to CORE_OWNER_EXECUTE       
grant execute on CORE_OWNER.PROCS_GROUP_ACCOUNT_V13 to CORE_OWNER_EXECUTE       
grant execute on CORE_OWNER.PROCS_GROUP_ACCOUNT_V14 to CORE_OWNER_EXECUTE       
grant execute on CORE_OWNER.PROCS_GROUP_ACCOUNT_V15 to CORE_OWNER_EXECUTE       
grant execute on CORE_OWNER.PROCS_GROUP_ACCOUNT_V16 to CORE_OWNER_EXECUTE       
grant execute on CORE_OWNER.PROCS_GROUP_ACCOUNT_V17 to CORE_OWNER_EXECUTE       
grant execute on CORE_OWNER.PROCS_GROUP_ACCOUNT_V18 to CORE_OWNER_EXECUTE       
grant execute on CORE_OWNER.PROCS_GROUP_ACCOUNT_V6 to CORE_OWNER_EXECUTE        
grant execute on CORE_OWNER.PROCS_GROUP_ACCOUNT_V7 to CORE_OWNER_EXECUTE        
grant execute on CORE_OWNER.PROCS_GROUP_ACCOUNT_V8 to CORE_OWNER_EXECUTE        
grant execute on CORE_OWNER.PROCS_GROUP_ACCOUNT_V9 to CORE_OWNER_EXECUTE        
grant execute on CORE_OWNER.PROCS_HISTORY to CORE_OWNER_EXECUTE                 
grant execute on CORE_OWNER.PROCS_HISTORY_V1 to CORE_OWNER_EXECUTE              
grant execute on CORE_OWNER.PROCS_HISTORY_V10 to CORE_OWNER_EXECUTE             
grant execute on CORE_OWNER.PROCS_HISTORY_V11 to CORE_OWNER_EXECUTE             
grant execute on CORE_OWNER.PROCS_HISTORY_V12 to CORE_OWNER_EXECUTE             
grant execute on CORE_OWNER.PROCS_HISTORY_V13 to CORE_OWNER_EXECUTE             
grant execute on CORE_OWNER.PROCS_HISTORY_V14 to CORE_OWNER_EXECUTE             
grant execute on CORE_OWNER.PROCS_HISTORY_V15 to CORE_OWNER_EXECUTE             
grant execute on CORE_OWNER.PROCS_AMAZON_CRU_VEM to CORE_OWNER_EXECUTE          
grant execute on CORE_OWNER.PROCS_CHARGE_VEM to CORE_OWNER_EXECUTE              
grant execute on CORE_OWNER.PROCS_CHARGE_CRU_VEM to CORE_OWNER_EXECUTE          
grant execute on CORE_OWNER.PROCS_ENTITLEMENT_VEM to CORE_OWNER_EXECUTE         
grant execute on CORE_OWNER.PROCS_FIN_INSTRUMENTS_VEM to CORE_OWNER_EXECUTE     
grant execute on CORE_OWNER.PROCS_FIN_INSTRUMENTS_CRU_VEM to CORE_OWNER_EXECUTE 
grant execute on CORE_OWNER.PROCS_GROUP_ACCOUNT_VEM to CORE_OWNER_EXECUTE       
grant execute on CORE_OWNER.PROCS_GROUP_ACCOUNT_CRU_VEM to CORE_OWNER_EXECUTE   
grant execute on CORE_OWNER.PROCS_HISTORY_VEM to CORE_OWNER_EXECUTE             
grant execute on CORE_OWNER.PROCS_INVOICE_VEM to CORE_OWNER_EXECUTE             
grant execute on CORE_OWNER.PROCS_INVOICE_CRU_VEM to CORE_OWNER_EXECUTE         
grant execute on CORE_OWNER.PROCS_ITUNES_RECEIPT_VEM to CORE_OWNER_EXECUTE      
grant execute on CORE_OWNER.PROCS_ITUNES_RECEIPT_CRU_VEM to CORE_OWNER_EXECUTE  
grant execute on CORE_OWNER.PROCS_LICENSE_VEM to CORE_OWNER_EXECUTE             
grant execute on CORE_OWNER.PROCS_LICENSE_CRU_VEM to CORE_OWNER_EXECUTE         
grant execute on CORE_OWNER.PROCS_LINE_ITEMS_VEM to CORE_OWNER_EXECUTE          
grant execute on CORE_OWNER.PROCS_LINE_ITEMS_CRU_VEM to CORE_OWNER_EXECUTE      
grant execute on CORE_OWNER.PROCS_LOCKING_VEM to CORE_OWNER_EXECUTE             
grant execute on CORE_OWNER.PROCS_NOTIFICATION_VEM to CORE_OWNER_EXECUTE        
grant execute on CORE_OWNER.PROCS_OFFER_CHAIN_VEM to CORE_OWNER_EXECUTE         
grant execute on CORE_OWNER.PROCS_PROCESS_RETRY_VEM to CORE_OWNER_EXECUTE       
grant execute on CORE_OWNER.PROCS_PRODUCT_VEM to CORE_OWNER_EXECUTE             
grant execute on CORE_OWNER.PROCS_RECONCILIATION_CRU_VEM to CORE_OWNER_EXECUTE  
grant execute on CORE_OWNER.PROCS_SUBSCRIPTION_VEM to CORE_OWNER_EXECUTE        
grant execute on CORE_OWNER.PROCS_SUBSCRIPTION_CRU_VEM to CORE_OWNER_EXECUTE    
grant execute on CORE_OWNER.PROCS_SYSTEM_VEM to CORE_OWNER_EXECUTE              
grant execute on CORE_OWNER.PROCS_TAXES_VEM to CORE_OWNER_EXECUTE               
grant execute on CORE_OWNER.PROCS_TAXES_CRU_VEM to CORE_OWNER_EXECUTE           
grant execute on CORE_OWNER.PROCS_TEST_VEM to CORE_OWNER_EXECUTE                
grant execute on CORE_OWNER.PROCS_TRANSACTION_VEM to CORE_OWNER_EXECUTE         
grant execute on CORE_OWNER.PROCS_TRANSACTION_CRU_VEM to CORE_OWNER_EXECUTE     
grant execute on CORE_OWNER.PUBLIC_PROCS_BILLING_VEM to CORE_OWNER_EXECUTE      
grant execute on CORE_OWNER.PUBLIC_PROCS_CLIENT_VEM to CORE_OWNER_EXECUTE       
grant execute on CORE_OWNER.PUBLIC_PROCS_NOTIFICATION_VEM to CORE_OWNER_EXECUTE 
grant execute on CORE_OWNER.PUBLIC_PROCS_RENEWAL_VEM to CORE_OWNER_EXECUTE      
grant execute on CORE_OWNER.GLOBAL_CONSTANTS_V17 to CORE_OWNER_EXECUTE          
grant execute on CORE_OWNER.GLOBAL_CONSTANTS_V18 to CORE_OWNER_EXECUTE          
grant execute on CORE_OWNER.GLOBAL_CONSTANTS_V2 to CORE_OWNER_EXECUTE           
grant execute on CORE_OWNER.GLOBAL_CONSTANTS_V3 to CORE_OWNER_EXECUTE           
grant execute on CORE_OWNER.GLOBAL_CONSTANTS_V4 to CORE_OWNER_EXECUTE           
grant execute on CORE_OWNER.GLOBAL_CONSTANTS_V5 to CORE_OWNER_EXECUTE           
grant execute on CORE_OWNER.GLOBAL_CONSTANTS_V6 to CORE_OWNER_EXECUTE           
grant execute on CORE_OWNER.GLOBAL_CONSTANTS_V7 to CORE_OWNER_EXECUTE           
grant execute on CORE_OWNER.GLOBAL_CONSTANTS_V8 to CORE_OWNER_EXECUTE           
grant execute on CORE_OWNER.GLOBAL_CONSTANTS_V9 to CORE_OWNER_EXECUTE           
grant execute on CORE_OWNER.GLOBAL_ENUMS to CORE_OWNER_EXECUTE                  
grant execute on CORE_OWNER.GLOBAL_ENUMS_V1 to CORE_OWNER_EXECUTE               
grant execute on CORE_OWNER.GLOBAL_ENUMS_V10 to CORE_OWNER_EXECUTE              
grant execute on CORE_OWNER.GLOBAL_ENUMS_V11 to CORE_OWNER_EXECUTE              
grant execute on CORE_OWNER.GLOBAL_ENUMS_V12 to CORE_OWNER_EXECUTE              
grant execute on CORE_OWNER.GLOBAL_ENUMS_V13 to CORE_OWNER_EXECUTE              
grant execute on CORE_OWNER.GLOBAL_ENUMS_V14 to CORE_OWNER_EXECUTE              
grant execute on CORE_OWNER.GLOBAL_ENUMS_V15 to CORE_OWNER_EXECUTE              
grant execute on CORE_OWNER.GLOBAL_ENUMS_V16 to CORE_OWNER_EXECUTE              
grant execute on CORE_OWNER.GLOBAL_ENUMS_V17 to CORE_OWNER_EXECUTE              
grant execute on CORE_OWNER.GLOBAL_ENUMS_V18 to CORE_OWNER_EXECUTE              
grant execute on CORE_OWNER.GLOBAL_ENUMS_V2 to CORE_OWNER_EXECUTE               
grant execute on CORE_OWNER.GLOBAL_ENUMS_V3 to CORE_OWNER_EXECUTE               
grant execute on CORE_OWNER.GLOBAL_ENUMS_V4 to CORE_OWNER_EXECUTE               
grant execute on CORE_OWNER.GLOBAL_ENUMS_V5 to CORE_OWNER_EXECUTE               
grant execute on CORE_OWNER.GLOBAL_ENUMS_V6 to CORE_OWNER_EXECUTE               
grant execute on CORE_OWNER.GLOBAL_ENUMS_V7 to CORE_OWNER_EXECUTE               
grant execute on CORE_OWNER.GLOBAL_ENUMS_V8 to CORE_OWNER_EXECUTE               
grant execute on CORE_OWNER.GLOBAL_ENUMS_V9 to CORE_OWNER_EXECUTE               
grant execute on CORE_OWNER.GLOBAL_STATUSES to CORE_OWNER_EXECUTE               
grant execute on CORE_OWNER.GLOBAL_STATUSES_V1 to CORE_OWNER_EXECUTE            
grant execute on CORE_OWNER.GLOBAL_STATUSES_V10 to CORE_OWNER_EXECUTE           
grant execute on CORE_OWNER.GLOBAL_STATUSES_V11 to CORE_OWNER_EXECUTE           
grant execute on CORE_OWNER.GLOBAL_STATUSES_V12 to CORE_OWNER_EXECUTE           
grant execute on CORE_OWNER.GLOBAL_STATUSES_V13 to CORE_OWNER_EXECUTE           
grant execute on CORE_OWNER.GLOBAL_STATUSES_V14 to CORE_OWNER_EXECUTE           
grant execute on CORE_OWNER.GLOBAL_STATUSES_V15 to CORE_OWNER_EXECUTE           
grant execute on CORE_OWNER.GLOBAL_STATUSES_V16 to CORE_OWNER_EXECUTE           
grant execute on CORE_OWNER.GLOBAL_STATUSES_V17 to CORE_OWNER_EXECUTE           
grant execute on CORE_OWNER.GLOBAL_STATUSES_V18 to CORE_OWNER_EXECUTE           
grant execute on CORE_OWNER.GLOBAL_STATUSES_V2 to CORE_OWNER_EXECUTE            
grant execute on CORE_OWNER.GLOBAL_STATUSES_V3 to CORE_OWNER_EXECUTE            
grant execute on CORE_OWNER.GLOBAL_STATUSES_V4 to CORE_OWNER_EXECUTE            
grant execute on CORE_OWNER.GLOBAL_STATUSES_V5 to CORE_OWNER_EXECUTE            
grant execute on CORE_OWNER.GLOBAL_STATUSES_V6 to CORE_OWNER_EXECUTE            
grant execute on CORE_OWNER.GLOBAL_STATUSES_V7 to CORE_OWNER_EXECUTE            
grant execute on CORE_OWNER.GLOBAL_STATUSES_V8 to CORE_OWNER_EXECUTE            
grant execute on CORE_OWNER.GLOBAL_STATUSES_V9 to CORE_OWNER_EXECUTE            
grant execute on CORE_OWNER.NOTIFICATION_STATUSES_V17 to CORE_OWNER_EXECUTE     
grant execute on CORE_OWNER.NOTIFICATION_STATUSES_V18 to CORE_OWNER_EXECUTE     
grant execute on CORE_OWNER.PROCS_ACCOUNT to CORE_OWNER_EXECUTE                 
grant execute on CORE_OWNER.PROCS_ACCOUNT_CRU to CORE_OWNER_EXECUTE             
grant execute on CORE_OWNER.PROCS_ACCOUNT_CRU_V1 to CORE_OWNER_EXECUTE          
grant execute on CORE_OWNER.PROCS_ACCOUNT_CRU_V10 to CORE_OWNER_EXECUTE         
grant execute on CORE_OWNER.PROCS_ACCOUNT_CRU_V11 to CORE_OWNER_EXECUTE         
grant execute on CORE_OWNER.PROCS_ACCOUNT_CRU_V12 to CORE_OWNER_EXECUTE         
grant execute on CORE_OWNER.PROCS_ACCOUNT_CRU_V13 to CORE_OWNER_EXECUTE         
grant execute on CORE_OWNER.PROCS_ACCOUNT_CRU_V14 to CORE_OWNER_EXECUTE         
grant execute on CORE_OWNER.PROCS_ACCOUNT_CRU_V15 to CORE_OWNER_EXECUTE         
grant execute on CORE_OWNER.PROCS_ACCOUNT_CRU_V16 to CORE_OWNER_EXECUTE         
grant execute on CORE_OWNER.PROCS_ACCOUNT_CRU_V17 to CORE_OWNER_EXECUTE         
grant execute on CORE_OWNER.PROCS_ACCOUNT_CRU_V18 to CORE_OWNER_EXECUTE         
grant execute on CORE_OWNER.PROCS_ACCOUNT_CRU_V2 to CORE_OWNER_EXECUTE          
grant execute on CORE_OWNER.PROCS_ACCOUNT_CRU_V3 to CORE_OWNER_EXECUTE          
grant execute on CORE_OWNER.PROCS_ACCOUNT_CRU_V4 to CORE_OWNER_EXECUTE          
grant execute on CORE_OWNER.PROCS_ACCOUNT_CRU_V5 to CORE_OWNER_EXECUTE          
grant execute on CORE_OWNER.PROCS_ACCOUNT_CRU_V6 to CORE_OWNER_EXECUTE          
grant execute on CORE_OWNER.PROCS_ACCOUNT_CRU_V7 to CORE_OWNER_EXECUTE          
grant execute on CORE_OWNER.PROCS_ACCOUNT_CRU_V8 to CORE_OWNER_EXECUTE          
grant execute on CORE_OWNER.PROCS_ACCOUNT_CRU_V9 to CORE_OWNER_EXECUTE          
grant execute on CORE_OWNER.PROCS_ACCOUNT_V1 to CORE_OWNER_EXECUTE              
grant execute on CORE_OWNER.PROCS_ACCOUNT_V10 to CORE_OWNER_EXECUTE             
grant execute on CORE_OWNER.PROCS_ACCOUNT_V11 to CORE_OWNER_EXECUTE             
grant execute on CORE_OWNER.PROCS_ACCOUNT_V12 to CORE_OWNER_EXECUTE             
grant execute on CORE_OWNER.PROCS_ACCOUNT_V13 to CORE_OWNER_EXECUTE             
grant execute on CORE_OWNER.PROCS_ACCOUNT_V14 to CORE_OWNER_EXECUTE             
grant execute on CORE_OWNER.PROCS_ACCOUNT_V15 to CORE_OWNER_EXECUTE             
grant execute on CORE_OWNER.PROCS_ACCOUNT_V16 to CORE_OWNER_EXECUTE             
grant execute on CORE_OWNER.PROCS_ACCOUNT_V17 to CORE_OWNER_EXECUTE             
grant execute on CORE_OWNER.PROCS_ACCOUNT_V18 to CORE_OWNER_EXECUTE             
grant execute on CORE_OWNER.PROCS_ACCOUNT_V2 to CORE_OWNER_EXECUTE              
grant execute on CORE_OWNER.PROCS_ACCOUNT_V3 to CORE_OWNER_EXECUTE              
grant execute on CORE_OWNER.PROCS_ACCOUNT_V4 to CORE_OWNER_EXECUTE              
grant execute on CORE_OWNER.PUBLIC_PROCS_BILLING_V15 to CORE_OWNER_EXECUTE      
grant execute on CORE_OWNER.PUBLIC_PROCS_BILLING_V16 to CORE_OWNER_EXECUTE      
grant execute on CORE_OWNER.PUBLIC_PROCS_BILLING_V17 to CORE_OWNER_EXECUTE      
grant execute on CORE_OWNER.PUBLIC_PROCS_BILLING_V18 to CORE_OWNER_EXECUTE      
grant execute on CORE_OWNER.PUBLIC_PROCS_BILLING_V2 to CORE_OWNER_EXECUTE       
grant execute on CORE_OWNER.PUBLIC_PROCS_BILLING_V3 to CORE_OWNER_EXECUTE       
grant execute on CORE_OWNER.PUBLIC_PROCS_BILLING_V4 to CORE_OWNER_EXECUTE       
grant execute on CORE_OWNER.PUBLIC_PROCS_BILLING_V5 to CORE_OWNER_EXECUTE       
grant execute on CORE_OWNER.PUBLIC_PROCS_BILLING_V6 to CORE_OWNER_EXECUTE       
grant execute on CORE_OWNER.PUBLIC_PROCS_BILLING_V7 to CORE_OWNER_EXECUTE       
grant execute on CORE_OWNER.PUBLIC_PROCS_BILLING_V8 to CORE_OWNER_EXECUTE       
grant execute on CORE_OWNER.PUBLIC_PROCS_BILLING_V9 to CORE_OWNER_EXECUTE       
grant execute on CORE_OWNER.PUBLIC_PROCS_CLIENT_V17 to CORE_OWNER_EXECUTE       
grant execute on CORE_OWNER.PUBLIC_PROCS_CLIENT_V18 to CORE_OWNER_EXECUTE       
grant execute on CORE_OWNER.PUBLIC_PROCS_NOTIFICATION_V10 to CORE_OWNER_EXECUTE 
grant execute on CORE_OWNER.PUBLIC_PROCS_NOTIFICATION_V11 to CORE_OWNER_EXECUTE 
grant execute on CORE_OWNER.PUBLIC_PROCS_NOTIFICATION_V12 to CORE_OWNER_EXECUTE 
grant execute on CORE_OWNER.PUBLIC_PROCS_NOTIFICATION_V13 to CORE_OWNER_EXECUTE 
grant execute on CORE_OWNER.PUBLIC_PROCS_NOTIFICATION_V14 to CORE_OWNER_EXECUTE 
grant execute on CORE_OWNER.PUBLIC_PROCS_NOTIFICATION_V15 to CORE_OWNER_EXECUTE 
grant execute on CORE_OWNER.PUBLIC_PROCS_NOTIFICATION_V16 to CORE_OWNER_EXECUTE 
grant execute on CORE_OWNER.PUBLIC_PROCS_NOTIFICATION_V17 to CORE_OWNER_EXECUTE 
grant execute on CORE_OWNER.PUBLIC_PROCS_NOTIFICATION_V18 to CORE_OWNER_EXECUTE 
grant execute on CORE_OWNER.PUBLIC_PROCS_NOTIFICATION_V2 to CORE_OWNER_EXECUTE  
grant execute on CORE_OWNER.PUBLIC_PROCS_NOTIFICATION_V3 to CORE_OWNER_EXECUTE  
grant execute on CORE_OWNER.PUBLIC_PROCS_NOTIFICATION_V4 to CORE_OWNER_EXECUTE  
grant execute on CORE_OWNER.PUBLIC_PROCS_NOTIFICATION_V5 to CORE_OWNER_EXECUTE  
grant execute on CORE_OWNER.PUBLIC_PROCS_NOTIFICATION_V6 to CORE_OWNER_EXECUTE  
grant execute on CORE_OWNER.PUBLIC_PROCS_NOTIFICATION_V7 to CORE_OWNER_EXECUTE  
grant execute on CORE_OWNER.PUBLIC_PROCS_NOTIFICATION_V8 to CORE_OWNER_EXECUTE  
grant execute on CORE_OWNER.PUBLIC_PROCS_NOTIFICATION_V9 to CORE_OWNER_EXECUTE  
grant execute on CORE_OWNER.PUBLIC_PROCS_RENEWAL to CORE_OWNER_EXECUTE          
grant execute on CORE_OWNER.PUBLIC_PROCS_RENEWAL_V1 to CORE_OWNER_EXECUTE       
grant execute on CORE_OWNER.PUBLIC_PROCS_RENEWAL_V10 to CORE_OWNER_EXECUTE      
grant execute on CORE_OWNER.PUBLIC_PROCS_RENEWAL_V11 to CORE_OWNER_EXECUTE      
grant execute on CORE_OWNER.PUBLIC_PROCS_RENEWAL_V12 to CORE_OWNER_EXECUTE      
grant execute on CORE_OWNER.PUBLIC_PROCS_RENEWAL_V13 to CORE_OWNER_EXECUTE      
grant execute on CORE_OWNER.PUBLIC_PROCS_RENEWAL_V14 to CORE_OWNER_EXECUTE      
grant execute on CORE_OWNER.PUBLIC_PROCS_RENEWAL_V15 to CORE_OWNER_EXECUTE      
grant execute on CORE_OWNER.PUBLIC_PROCS_RENEWAL_V16 to CORE_OWNER_EXECUTE      
grant execute on CORE_OWNER.PUBLIC_PROCS_RENEWAL_V17 to CORE_OWNER_EXECUTE      
grant execute on CORE_OWNER.PUBLIC_PROCS_RENEWAL_V18 to CORE_OWNER_EXECUTE      
grant execute on CORE_OWNER.PUBLIC_PROCS_RENEWAL_V2 to CORE_OWNER_EXECUTE       
grant execute on CORE_OWNER.PUBLIC_PROCS_RENEWAL_V3 to CORE_OWNER_EXECUTE       
grant execute on CORE_OWNER.PUBLIC_PROCS_RENEWAL_V4 to CORE_OWNER_EXECUTE       
grant execute on CORE_OWNER.PUBLIC_PROCS_RENEWAL_V5 to CORE_OWNER_EXECUTE       
grant execute on CORE_OWNER.PUBLIC_PROCS_RENEWAL_V6 to CORE_OWNER_EXECUTE       
grant execute on CORE_OWNER.PUBLIC_PROCS_RENEWAL_V7 to CORE_OWNER_EXECUTE       
grant execute on CORE_OWNER.PUBLIC_PROCS_RENEWAL_V8 to CORE_OWNER_EXECUTE       
grant execute on CORE_OWNER.PUBLIC_PROCS_RENEWAL_V9 to CORE_OWNER_EXECUTE       
grant execute on CORE_OWNER.PROCS_OFFER_CHAIN_V19 to CORE_OWNER_EXECUTE         
grant execute on CORE_OWNER.PROCS_PROCESS_RETRY_V19 to CORE_OWNER_EXECUTE       
grant execute on CORE_OWNER.PROCS_PRODUCT_V19 to CORE_OWNER_EXECUTE             
grant execute on CORE_OWNER.PROCS_RECONCILIATION_CRU_V19 to CORE_OWNER_EXECUTE  
grant execute on CORE_OWNER.PROCS_SUBSCRIPTION_V19 to CORE_OWNER_EXECUTE        
grant execute on CORE_OWNER.PROCS_SUBSCRIPTION_CRU_V19 to CORE_OWNER_EXECUTE    
grant execute on CORE_OWNER.PROCS_SYSTEM_V19 to CORE_OWNER_EXECUTE              
grant execute on CORE_OWNER.PROCS_TAXES_V19 to CORE_OWNER_EXECUTE               
grant execute on CORE_OWNER.PROCS_TAXES_CRU_V19 to CORE_OWNER_EXECUTE           
grant execute on CORE_OWNER.PROCS_TEST_V19 to CORE_OWNER_EXECUTE                
grant execute on CORE_OWNER.PROCS_TRANSACTION_V19 to CORE_OWNER_EXECUTE         
grant execute on CORE_OWNER.PROCS_TRANSACTION_CRU_V19 to CORE_OWNER_EXECUTE     
grant execute on CORE_OWNER.PUBLIC_PROCS_BILLING_V19 to CORE_OWNER_EXECUTE      
grant execute on CORE_OWNER.PUBLIC_PROCS_CLIENT_V19 to CORE_OWNER_EXECUTE       
grant execute on CORE_OWNER.PUBLIC_PROCS_NOTIFICATION_V19 to CORE_OWNER_EXECUTE 
grant execute on CORE_OWNER.PUBLIC_PROCS_RENEWAL_V19 to CORE_OWNER_EXECUTE      
grant execute on CORE_OWNER.PROCS_ENTITLEMENT_V19 to CORE_OWNER_EXECUTE         
grant execute on CORE_OWNER.APP_EXCEPTION_CODES_V22 to CORE_OWNER_EXECUTE       
grant execute on CORE_OWNER.GLOBAL_CONSTANTS_V22 to CORE_OWNER_EXECUTE          
grant execute on CORE_OWNER.GLOBAL_ENUMS_V22 to CORE_OWNER_EXECUTE              
grant execute on CORE_OWNER.GLOBAL_STATUSES_V22 to CORE_OWNER_EXECUTE           
grant execute on CORE_OWNER.NOTIFICATION_STATUSES_V22 to CORE_OWNER_EXECUTE     
grant execute on CORE_OWNER.PROCS_COMMON_V22 to CORE_OWNER_EXECUTE              
grant execute on CORE_OWNER.PROCS_HISTORY_V22 to CORE_OWNER_EXECUTE             
grant execute on CORE_OWNER.PUBLIC_PROCS_CORE_V22 to CORE_OWNER_EXECUTE         
grant execute on CORE_OWNER.PROCS_PARTITIONS_V22 to CORE_OWNER_EXECUTE          
grant execute on CORE_OWNER.PROCS_SYSTEM_V22 to CORE_OWNER_EXECUTE              
grant execute on CORE_OWNER.PROCS_ACCOUNT_CRU_V22 to CORE_OWNER_EXECUTE         
grant execute on CORE_OWNER.PROCS_ACCOUNT_V22 to CORE_OWNER_EXECUTE             
grant execute on CORE_OWNER.PROCS_ADDRESS_CRU_V22 to CORE_OWNER_EXECUTE         
grant execute on CORE_OWNER.PROCS_ADDRESS_V22 to CORE_OWNER_EXECUTE             
grant execute on CORE_OWNER.PROCS_ADJUSTMENTS_V22 to CORE_OWNER_EXECUTE         
grant execute on CORE_OWNER.PROCS_ADX_V22 to CORE_OWNER_EXECUTE                 
grant execute on CORE_OWNER.PROCS_AMAZON_CRU_V22 to CORE_OWNER_EXECUTE          
grant execute on CORE_OWNER.PROCS_AMAZON_V22 to CORE_OWNER_EXECUTE              
grant execute on CORE_OWNER.PROCS_CHARGE_CRU_V22 to CORE_OWNER_EXECUTE          
grant execute on CORE_OWNER.PROCS_CHARGE_V22 to CORE_OWNER_EXECUTE              
grant execute on CORE_OWNER.PROCS_ENTITLEMENT_V22 to CORE_OWNER_EXECUTE         
grant execute on CORE_OWNER.PROCS_FIN_INSTRUMENTS_CRU_V22 to CORE_OWNER_EXECUTE 
grant execute on CORE_OWNER.PROCS_FIN_INSTRUMENTS_V22 to CORE_OWNER_EXECUTE     
grant execute on CORE_OWNER.PROCS_GROUP_ACCOUNT_CRU_V22 to CORE_OWNER_EXECUTE   
grant execute on CORE_OWNER.PROCS_GROUP_ACCOUNT_V22 to CORE_OWNER_EXECUTE       
grant execute on CORE_OWNER.PROCS_INVOICE_CRU_V22 to CORE_OWNER_EXECUTE         
grant execute on CORE_OWNER.PROCS_INVOICE_V22 to CORE_OWNER_EXECUTE             
grant execute on CORE_OWNER.PROCS_ITUNES_RECEIPT_CRU_V22 to CORE_OWNER_EXECUTE  
grant execute on CORE_OWNER.PROCS_ITUNES_RECEIPT_V22 to CORE_OWNER_EXECUTE      
grant execute on CORE_OWNER.PROCS_LICENSE_CRU_V22 to CORE_OWNER_EXECUTE         
grant execute on CORE_OWNER.PROCS_LICENSE_V22 to CORE_OWNER_EXECUTE             
grant execute on CORE_OWNER.PROCS_LINE_ITEMS_CRU_V22 to CORE_OWNER_EXECUTE      
grant execute on CORE_OWNER.PROCS_LINE_ITEMS_V22 to CORE_OWNER_EXECUTE          
grant execute on CORE_OWNER.PROCS_LOCKING_V22 to CORE_OWNER_EXECUTE             
grant execute on CORE_OWNER.PROCS_NOTIFICATION_V22 to CORE_OWNER_EXECUTE        
grant execute on CORE_OWNER.PROCS_REPORTS_V4 to CORE_OWNER_EXECUTE              
grant execute on CORE_OWNER.PROCS_REPORTS_V5 to CORE_OWNER_EXECUTE              
grant execute on CORE_OWNER.PROCS_SUBSCRIPTION to CORE_OWNER_EXECUTE            
grant execute on CORE_OWNER.PROCS_SUBSCRIPTION_CRU to CORE_OWNER_EXECUTE        
grant execute on CORE_OWNER.PROCS_SUBSCRIPTION_CRU_V1 to CORE_OWNER_EXECUTE     
grant execute on CORE_OWNER.PROCS_SUBSCRIPTION_CRU_V10 to CORE_OWNER_EXECUTE    
grant execute on CORE_OWNER.PROCS_SUBSCRIPTION_CRU_V11 to CORE_OWNER_EXECUTE    
grant execute on CORE_OWNER.PROCS_SUBSCRIPTION_CRU_V12 to CORE_OWNER_EXECUTE    
grant execute on CORE_OWNER.PROCS_SUBSCRIPTION_CRU_V13 to CORE_OWNER_EXECUTE    
grant execute on CORE_OWNER.PROCS_SUBSCRIPTION_CRU_V14 to CORE_OWNER_EXECUTE    
grant execute on CORE_OWNER.PROCS_SUBSCRIPTION_CRU_V15 to CORE_OWNER_EXECUTE    
grant execute on CORE_OWNER.PROCS_SUBSCRIPTION_CRU_V16 to CORE_OWNER_EXECUTE    
grant execute on CORE_OWNER.PROCS_SUBSCRIPTION_CRU_V17 to CORE_OWNER_EXECUTE    
grant execute on CORE_OWNER.PROCS_SUBSCRIPTION_CRU_V18 to CORE_OWNER_EXECUTE    
grant execute on CORE_OWNER.PROCS_SUBSCRIPTION_CRU_V2 to CORE_OWNER_EXECUTE     
grant execute on CORE_OWNER.PROCS_SUBSCRIPTION_CRU_V3 to CORE_OWNER_EXECUTE     
grant execute on CORE_OWNER.PROCS_SUBSCRIPTION_CRU_V4 to CORE_OWNER_EXECUTE     
grant execute on CORE_OWNER.PROCS_SUBSCRIPTION_CRU_V5 to CORE_OWNER_EXECUTE     
grant execute on CORE_OWNER.PROCS_SUBSCRIPTION_CRU_V6 to CORE_OWNER_EXECUTE     
grant execute on CORE_OWNER.PROCS_SUBSCRIPTION_CRU_V7 to CORE_OWNER_EXECUTE     
grant execute on CORE_OWNER.PROCS_SUBSCRIPTION_CRU_V8 to CORE_OWNER_EXECUTE     
grant execute on CORE_OWNER.PROCS_SUBSCRIPTION_CRU_V9 to CORE_OWNER_EXECUTE     
grant execute on CORE_OWNER.PROCS_SUBSCRIPTION_V1 to CORE_OWNER_EXECUTE         
grant execute on CORE_OWNER.PROCS_SUBSCRIPTION_V10 to CORE_OWNER_EXECUTE        
grant execute on CORE_OWNER.PROCS_SUBSCRIPTION_V11 to CORE_OWNER_EXECUTE        
grant execute on CORE_OWNER.PROCS_SUBSCRIPTION_V12 to CORE_OWNER_EXECUTE        
grant execute on CORE_OWNER.PROCS_SUBSCRIPTION_V13 to CORE_OWNER_EXECUTE        
grant execute on CORE_OWNER.PROCS_SUBSCRIPTION_V14 to CORE_OWNER_EXECUTE        
grant execute on CORE_OWNER.PROCS_SUBSCRIPTION_V15 to CORE_OWNER_EXECUTE        
grant execute on CORE_OWNER.PROCS_SUBSCRIPTION_V16 to CORE_OWNER_EXECUTE        
grant execute on CORE_OWNER.PROCS_SUBSCRIPTION_V17 to CORE_OWNER_EXECUTE        
grant execute on CORE_OWNER.PROCS_SUBSCRIPTION_V18 to CORE_OWNER_EXECUTE        
grant execute on CORE_OWNER.PROCS_SUBSCRIPTION_V2 to CORE_OWNER_EXECUTE         
grant execute on CORE_OWNER.PROCS_SUBSCRIPTION_V3 to CORE_OWNER_EXECUTE         
grant execute on CORE_OWNER.PROCS_SUBSCRIPTION_V4 to CORE_OWNER_EXECUTE         
grant execute on CORE_OWNER.PROCS_SUBSCRIPTION_V5 to CORE_OWNER_EXECUTE         
grant execute on CORE_OWNER.PROCS_SUBSCRIPTION_V6 to CORE_OWNER_EXECUTE         
grant execute on CORE_OWNER.PROCS_SUBSCRIPTION_V7 to CORE_OWNER_EXECUTE         
grant execute on CORE_OWNER.PROCS_SUBSCRIPTION_V8 to CORE_OWNER_EXECUTE         
grant execute on CORE_OWNER.PROCS_SUBSCRIPTION_V9 to CORE_OWNER_EXECUTE         
grant execute on CORE_OWNER.PROCS_SYSTEM to CORE_OWNER_EXECUTE                  
grant execute on CORE_OWNER.PROCS_SYSTEM_V1 to CORE_OWNER_EXECUTE               
grant execute on CORE_OWNER.PROCS_SYSTEM_V10 to CORE_OWNER_EXECUTE              
grant execute on CORE_OWNER.PROCS_SYSTEM_V11 to CORE_OWNER_EXECUTE              
grant execute on CORE_OWNER.PROCS_SYSTEM_V12 to CORE_OWNER_EXECUTE              
grant execute on CORE_OWNER.PROCS_SYSTEM_V13 to CORE_OWNER_EXECUTE              
grant execute on CORE_OWNER.PROCS_SYSTEM_V14 to CORE_OWNER_EXECUTE              
grant execute on CORE_OWNER.PROCS_SYSTEM_V15 to CORE_OWNER_EXECUTE              
grant execute on CORE_OWNER.PROCS_SYSTEM_V16 to CORE_OWNER_EXECUTE              
grant execute on CORE_OWNER.PROCS_SYSTEM_V17 to CORE_OWNER_EXECUTE              
grant execute on CORE_OWNER.PROCS_SYSTEM_V18 to CORE_OWNER_EXECUTE              
grant execute on CORE_OWNER.PROCS_SYSTEM_V2 to CORE_OWNER_EXECUTE               
grant execute on CORE_OWNER.PROCS_SYSTEM_V3 to CORE_OWNER_EXECUTE               
grant execute on CORE_OWNER.PROCS_SYSTEM_V4 to CORE_OWNER_EXECUTE               
grant execute on CORE_OWNER.PROCS_SYSTEM_V5 to CORE_OWNER_EXECUTE               
grant execute on CORE_OWNER.PROCS_SYSTEM_V6 to CORE_OWNER_EXECUTE               
grant execute on CORE_OWNER.PROCS_SYSTEM_V7 to CORE_OWNER_EXECUTE               
grant execute on CORE_OWNER.PROCS_SYSTEM_V8 to CORE_OWNER_EXECUTE               
grant execute on CORE_OWNER.PROCS_SYSTEM_V9 to CORE_OWNER_EXECUTE               
grant execute on CORE_OWNER.PROCS_TAXES to CORE_OWNER_EXECUTE                   
grant execute on CORE_OWNER.PROCS_TAXES_CRU to CORE_OWNER_EXECUTE               
grant execute on CORE_OWNER.PROCS_TAXES_CRU_V1 to CORE_OWNER_EXECUTE            
grant execute on CORE_OWNER.PROCS_TAXES_CRU_V10 to CORE_OWNER_EXECUTE           
grant execute on CORE_OWNER.PROCS_TAXES_CRU_V11 to CORE_OWNER_EXECUTE           
grant execute on CORE_OWNER.PROCS_TAXES_CRU_V12 to CORE_OWNER_EXECUTE           
grant execute on CORE_OWNER.PROCS_TAXES_CRU_V13 to CORE_OWNER_EXECUTE           
grant execute on CORE_OWNER.PROCS_TAXES_CRU_V14 to CORE_OWNER_EXECUTE           
grant execute on CORE_OWNER.PROCS_TAXES_CRU_V15 to CORE_OWNER_EXECUTE           
grant execute on CORE_OWNER.PROCS_TAXES_CRU_V16 to CORE_OWNER_EXECUTE           
grant execute on CORE_OWNER.PROCS_TAXES_CRU_V17 to CORE_OWNER_EXECUTE           
grant execute on CORE_OWNER.PROCS_TAXES_CRU_V18 to CORE_OWNER_EXECUTE           
grant execute on CORE_OWNER.PROCS_TAXES_CRU_V2 to CORE_OWNER_EXECUTE            
grant execute on CORE_OWNER.PROCS_TAXES_CRU_V3 to CORE_OWNER_EXECUTE            
grant execute on CORE_OWNER.PROCS_TAXES_CRU_V4 to CORE_OWNER_EXECUTE            
grant execute on CORE_OWNER.PROCS_TAXES_CRU_V5 to CORE_OWNER_EXECUTE            
grant execute on CORE_OWNER.PROCS_TAXES_CRU_V6 to CORE_OWNER_EXECUTE            
grant execute on CORE_OWNER.PROCS_TAXES_CRU_V7 to CORE_OWNER_EXECUTE            
grant execute on CORE_OWNER.PROCS_TAXES_CRU_V8 to CORE_OWNER_EXECUTE            
grant execute on CORE_OWNER.PROCS_TAXES_CRU_V9 to CORE_OWNER_EXECUTE            
grant execute on CORE_OWNER.PROCS_TAXES_V1 to CORE_OWNER_EXECUTE                
grant execute on CORE_OWNER.PROCS_TAXES_V10 to CORE_OWNER_EXECUTE               
grant execute on CORE_OWNER.PROCS_TAXES_V11 to CORE_OWNER_EXECUTE               
grant execute on CORE_OWNER.PROCS_OFFER_CHAIN_V22 to CORE_OWNER_EXECUTE         
grant execute on CORE_OWNER.PROCS_PROCESS_RETRY_V22 to CORE_OWNER_EXECUTE       
grant execute on CORE_OWNER.PROCS_PRODUCT_V22 to CORE_OWNER_EXECUTE             
grant execute on CORE_OWNER.PROCS_RECONCILIATION_CRU_V22 to CORE_OWNER_EXECUTE  
grant execute on CORE_OWNER.PROCS_SUBSCRIPTION_CRU_V22 to CORE_OWNER_EXECUTE    
grant execute on CORE_OWNER.PROCS_SUBSCRIPTION_V22 to CORE_OWNER_EXECUTE        
grant execute on CORE_OWNER.PROCS_TAXES_CRU_V22 to CORE_OWNER_EXECUTE           
grant execute on CORE_OWNER.PROCS_TAXES_V22 to CORE_OWNER_EXECUTE               
grant execute on CORE_OWNER.PROCS_REPORTS_V21 to CORE_OWNER_EXECUTE             
grant execute on CORE_OWNER.PROCS_TEST_V22 to CORE_OWNER_EXECUTE                
grant execute on CORE_OWNER.PROCS_TRANSACTION_CRU_V22 to CORE_OWNER_EXECUTE     
grant execute on CORE_OWNER.PROCS_TRANSACTION_V22 to CORE_OWNER_EXECUTE         
grant execute on CORE_OWNER.PUBLIC_PROCS_BILLING_V22 to CORE_OWNER_EXECUTE      
grant execute on CORE_OWNER.PUBLIC_PROCS_CLIENT_V22 to CORE_OWNER_EXECUTE       
grant execute on CORE_OWNER.PUBLIC_PROCS_NOTIFICATION_V22 to CORE_OWNER_EXECUTE 
grant execute on CORE_OWNER.PUBLIC_PROCS_RENEWAL_V22 to CORE_OWNER_EXECUTE      
grant execute on CORE_OWNER.APP_EXCEPTION_CODES_V20 to CORE_OWNER_EXECUTE       
grant execute on CORE_OWNER.GLOBAL_CONSTANTS_V20 to CORE_OWNER_EXECUTE          
grant execute on CORE_OWNER.GLOBAL_ENUMS_V20 to CORE_OWNER_EXECUTE              
grant execute on CORE_OWNER.GLOBAL_STATUSES_V20 to CORE_OWNER_EXECUTE           
grant execute on CORE_OWNER.NOTIFICATION_STATUSES_V20 to CORE_OWNER_EXECUTE     
grant execute on CORE_OWNER.PROCS_COMMON_V20 to CORE_OWNER_EXECUTE              
grant execute on CORE_OWNER.PROCS_ACCOUNT_V20 to CORE_OWNER_EXECUTE             
grant execute on CORE_OWNER.PROCS_ACCOUNT_CRU_V20 to CORE_OWNER_EXECUTE         
grant execute on CORE_OWNER.PROCS_ADDRESS_V20 to CORE_OWNER_EXECUTE             
grant execute on CORE_OWNER.PROCS_ADDRESS_CRU_V20 to CORE_OWNER_EXECUTE         
grant execute on CORE_OWNER.PROCS_ADJUSTMENTS_V20 to CORE_OWNER_EXECUTE         
grant execute on CORE_OWNER.PROCS_ADX_V20 to CORE_OWNER_EXECUTE                 
grant execute on CORE_OWNER.PROCS_AMAZON_V20 to CORE_OWNER_EXECUTE              
grant execute on CORE_OWNER.PROCS_AMAZON_CRU_V20 to CORE_OWNER_EXECUTE          
grant execute on CORE_OWNER.PROCS_CHARGE_V20 to CORE_OWNER_EXECUTE              
grant execute on CORE_OWNER.PROCS_CHARGE_CRU_V20 to CORE_OWNER_EXECUTE          
grant execute on CORE_OWNER.PROCS_ENTITLEMENT_V20 to CORE_OWNER_EXECUTE         
grant execute on CORE_OWNER.PROCS_FIN_INSTRUMENTS_V20 to CORE_OWNER_EXECUTE     
grant execute on CORE_OWNER.PROCS_FIN_INSTRUMENTS_CRU_V20 to CORE_OWNER_EXECUTE 
grant execute on CORE_OWNER.PROCS_GROUP_ACCOUNT_V20 to CORE_OWNER_EXECUTE       
grant execute on CORE_OWNER.PROCS_GROUP_ACCOUNT_CRU_V20 to CORE_OWNER_EXECUTE   
grant execute on CORE_OWNER.PROCS_HISTORY_V20 to CORE_OWNER_EXECUTE             
grant execute on CORE_OWNER.PROCS_INVOICE_V20 to CORE_OWNER_EXECUTE             
grant execute on CORE_OWNER.PROCS_INVOICE_CRU_V20 to CORE_OWNER_EXECUTE         
grant execute on CORE_OWNER.PROCS_ITUNES_RECEIPT_V20 to CORE_OWNER_EXECUTE      
grant execute on CORE_OWNER.PROCS_ITUNES_RECEIPT_CRU_V20 to CORE_OWNER_EXECUTE  
grant execute on CORE_OWNER.PROCS_LICENSE_V20 to CORE_OWNER_EXECUTE             
grant execute on CORE_OWNER.PROCS_LICENSE_CRU_V20 to CORE_OWNER_EXECUTE         
grant execute on CORE_OWNER.PROCS_LINE_ITEMS_V20 to CORE_OWNER_EXECUTE          
grant execute on CORE_OWNER.PROCS_LINE_ITEMS_CRU_V20 to CORE_OWNER_EXECUTE      
grant execute on CORE_OWNER.PROCS_LOCKING_V20 to CORE_OWNER_EXECUTE             
grant execute on CORE_OWNER.PROCS_NOTIFICATION_V20 to CORE_OWNER_EXECUTE        
grant execute on CORE_OWNER.PROCS_OFFER_CHAIN_V20 to CORE_OWNER_EXECUTE         
grant execute on CORE_OWNER.PROCS_PROCESS_RETRY_V20 to CORE_OWNER_EXECUTE       
grant execute on CORE_OWNER.PROCS_PRODUCT_V20 to CORE_OWNER_EXECUTE             
grant execute on CORE_OWNER.PROCS_RECONCILIATION_CRU_V20 to CORE_OWNER_EXECUTE  
grant execute on CORE_OWNER.PROCS_REPORTS_V20 to CORE_OWNER_EXECUTE             
grant execute on CORE_OWNER.PROCS_SUBSCRIPTION_V20 to CORE_OWNER_EXECUTE        
grant execute on CORE_OWNER.PROCS_SUBSCRIPTION_CRU_V20 to CORE_OWNER_EXECUTE    
grant execute on CORE_OWNER.PROCS_SYSTEM_V20 to CORE_OWNER_EXECUTE              
grant execute on CORE_OWNER.PROCS_TAXES_V20 to CORE_OWNER_EXECUTE               
grant execute on CORE_OWNER.PROCS_TAXES_CRU_V20 to CORE_OWNER_EXECUTE           
grant execute on CORE_OWNER.PROCS_TEST_V20 to CORE_OWNER_EXECUTE                
grant execute on CORE_OWNER.PROCS_TRANSACTION_V20 to CORE_OWNER_EXECUTE         
grant execute on CORE_OWNER.PROCS_TRANSACTION_CRU_V20 to CORE_OWNER_EXECUTE     
grant execute on CORE_OWNER.PUBLIC_PROCS_BILLING_V20 to CORE_OWNER_EXECUTE      
grant execute on CORE_OWNER.PUBLIC_PROCS_CLIENT_V20 to CORE_OWNER_EXECUTE       
grant execute on CORE_OWNER.PUBLIC_PROCS_NOTIFICATION_V20 to CORE_OWNER_EXECUTE 
grant execute on CORE_OWNER.PUBLIC_PROCS_RENEWAL_V20 to CORE_OWNER_EXECUTE      
grant execute on CORE_OWNER.PROCS_REPORTS_V22 to CORE_OWNER_EXECUTE             
grant execute on CORE_OWNER.PUBLIC_PROCS_CORE_V21 to CORE_OWNER_EXECUTE         
grant execute on CORE_OWNER.PROCS_PARTITIONS_V21 to CORE_OWNER_EXECUTE          
grant execute on CORE_OWNER.PROCS_TAXES_CRU_V23 to CORE_OWNER_EXECUTE           
grant execute on CORE_OWNER.PROCS_TAXES_V23 to CORE_OWNER_EXECUTE               
grant execute on CORE_OWNER.PROCS_TEST_V23 to CORE_OWNER_EXECUTE                
grant execute on CORE_OWNER.PROCS_TRANSACTION_CRU_V23 to CORE_OWNER_EXECUTE     
grant execute on CORE_OWNER.PROCS_TRANSACTION_V23 to CORE_OWNER_EXECUTE         
grant execute on CORE_OWNER.PUBLIC_PROCS_BILLING_V23 to CORE_OWNER_EXECUTE      
grant execute on CORE_OWNER.PUBLIC_PROCS_CLIENT_V23 to CORE_OWNER_EXECUTE       
grant execute on CORE_OWNER.PUBLIC_PROCS_NOTIFICATION_V23 to CORE_OWNER_EXECUTE 
grant execute on CORE_OWNER.PUBLIC_PROCS_RENEWAL_V23 to CORE_OWNER_EXECUTE      
grant execute on CORE_OWNER.PROCS_AR_BAL_APPLIES_V23 to CORE_OWNER_EXECUTE      

PL/SQL procedure successfully completed.

Elapsed: 00:00:08.75
23:27:53 SQL> 
23:27:53 SQL> commit;

Commit complete.

Elapsed: 00:00:00.00
23:27:53 SQL> spool off;


Subject: Nomad upgrade completed with errors: ECDV7@rac01.qprvt.nytimes.com
From: Nomad for Oracle <db.alert@nytimes.com>
To: nytd_ecommerce@nytimes.com

Nomad upgrade operation has errors. 
        
        Details
        -------
        DB Hostname: rac01.qprvt.nytimes.com
        DB Role: primary
        Database: ECDV7
        Schema: nytdba
        Migration: 12-cr_role_core_owner_execute
        SVN Revision: 13841
        Duration: 9 sec.
        DBA: apathrose
                
        
        Error Detail
        ------------
        
        ERROR at line 1: ORA-01919: role 'CORE_OWNER_EXECUTE' does not exist