17:13:09 SQL> @/dbbackups/ECST/migrations/core_hist_owner/1-release-1.10.0-all/upgrade.sql
17:13:09 SQL> --------------------------------------------------------------------------------
17:13:09 SQL> -- DDL for package PROCS_HISTORY
17:13:09 SQL> --------------------------------------------------------------------------------
17:13:09 SQL> 
17:13:09 SQL> CREATE OR REPLACE PACKAGE "PROCS_HISTORY_V15" AS
17:13:09   2  
17:13:09   3  PROCEDURE CREATE_ADDRESS_HISTORY (
17:13:09   4  /*
17:13:09   5  Throws exceptions:
17:13:09   6  APP_EXCEPTION_CODES_V15.UNKNOWN_ERROR
17:13:09   7  */
17:13:09   8  	in_address_id		      IN ADDRESS_HISTORY.ADDRESS_ID%TYPE,
17:13:09   9  	in_system_activity_reason_id  IN ADDRESS_HISTORY.SYSTEM_ACTIVITY_REASON_ID%TYPE,
17:13:09  10  	in_address1		      IN ADDRESS_HISTORY.ADDRESS1%TYPE,
17:13:09  11  	in_address2		      IN ADDRESS_HISTORY.ADDRESS2%TYPE,
17:13:09  12  	in_city 		      IN ADDRESS_HISTORY.CITY%TYPE,
17:13:09  13  	in_state		      IN ADDRESS_HISTORY.STATE%TYPE,
17:13:09  14  	in_postal_code		      IN ADDRESS_HISTORY.POSTAL_CODE%TYPE,
17:13:09  15  	in_country		      IN ADDRESS_HISTORY.COUNTRY%TYPE,
17:13:09  16  	in_created_by		      IN ADDRESS_HISTORY.CREATED_BY%TYPE,
17:13:09  17  	in_create_date		      IN ADDRESS_HISTORY.CREATE_DATE%TYPE,
17:13:09  18  	in_updated_by		      IN ADDRESS_HISTORY.UPDATED_BY%TYPE,
17:13:09  19  	in_update_date		      IN ADDRESS_HISTORY.UPDATE_DATE%TYPE
17:13:09  20  );
17:13:09  21  
17:13:09  22  PROCEDURE CREATE_ACCOUNT_HISTORY (
17:13:09  23  /*
17:13:09  24  Throws exceptions:
17:13:09  25  APP_EXCEPTION_CODES_V15.UNKNOWN_ERROR
17:13:09  26  */
17:13:09  27  	in_account_id		      IN NUMBER,
17:13:09  28  	in_suspend_date 	      IN DATE,
17:13:09  29  	in_group_id		      IN NUMBER,
17:13:09  30  	in_created_by		      IN VARCHAR2,
17:13:09  31  	in_create_date		      IN DATE,
17:13:09  32  	in_system_activity_reason_id  IN NUMBER,
17:13:09  33  	in_account_status_id	      IN NUMBER,
17:13:09  34  	in_instrument_type_id	      IN NUMBER,
17:13:09  35  	in_instrument_id	      IN NUMBER
17:13:09  36  );
17:13:09  37  
17:13:09  38  PROCEDURE CREATE_SUBSCRIPTION_HISTORY (
17:13:09  39  /*
17:13:09  40  Throws exceptions:
17:13:09  41  APP_EXCEPTION_CODES_V15.UNKNOWN_ERROR
17:13:09  42  */
17:13:09  43  	in_subscription_id	     IN  NUMBER,
17:13:09  44  	in_account_id		     IN NUMBER,
17:13:09  45  	in_purchase_date	     IN DATE,
17:13:09  46  	in_offer_chain_id	     IN NUMBER,
17:13:09  47  	in_suspend_date 	     IN DATE,
17:13:09  48  	in_termination_date	     IN DATE,
17:13:09  49  	in_days_remaining_adjustment IN NUMBER,
17:13:09  50  	in_cancellation_type_id      IN NUMBER,
17:13:09  51  	in_created_by		     IN  VARCHAR2,
17:13:09  52  	in_create_date		     IN DATE,
17:13:09  53  	in_system_activity_reason_id IN  NUMBER
17:13:09  54  );
17:13:09  55  
17:13:09  56  PROCEDURE CREATE_CREDIT_CARD_HISTORY (
17:13:09  57  /*
17:13:09  58  Throws exceptions:
17:13:09  59  APP_EXCEPTION_CODES_V15.UNKNOWN_ERROR
17:13:09  60  */
17:13:09  61  	in_credit_card_id	      IN  NUMBER,
17:13:09  62  	in_account_id		      IN NUMBER,
17:13:09  63  	in_instrument_name	      IN VARCHAR2,
17:13:09  64  	in_private_card_holder_name   IN VARCHAR2,
17:13:09  65  	in_private_street_address     IN VARCHAR2,
17:13:09  66  	in_private_street_address2    IN VARCHAR2,
17:13:09  67  	in_state		      IN VARCHAR2,
17:13:09  68  	in_city 		      IN VARCHAR2,
17:13:09  69  	in_postal_code		      IN VARCHAR2,
17:13:09  70  	in_country		      IN CHAR,
17:13:09  71  	in_last_four_cc 	      IN VARCHAR2,
17:13:09  72  	in_expiration_date	      IN DATE,
17:13:09  73  	in_credit_card_type_id	      IN NUMBER,
17:13:09  74  	in_secret_token 	      IN VARCHAR2,
17:13:09  75  	in_chase_profile_id	      IN VARCHAR2,
17:13:09  76  	in_credit_card_status_id      IN NUMBER,
17:13:09  77  	in_created_by		      IN  VARCHAR2,
17:13:09  78  	in_create_date		      IN DATE,
17:13:09  79  	in_system_activity_reason_id  IN  NUMBER
17:13:09  80  );
17:13:09  81  
17:13:09  82  PROCEDURE CREATE_PAYPAL_HISTORY (
17:13:09  83  /*
17:13:09  84  Throws exceptions:
17:13:09  85  APP_EXCEPTION_CODES_V15.UNKNOWN_ERROR
17:13:09  86  */
17:13:09  87  	in_paypal_id			IN NUMBER,
17:13:09  88  	in_account_id			IN NUMBER,
17:13:09  89  	in_instrument_name		IN VARCHAR2,
17:13:09  90  	in_private_email_address	IN VARCHAR2,
17:13:09  91  	in_created_by			IN VARCHAR2,
17:13:09  92  	in_create_date			IN DATE,
17:13:09  93  	in_paypal_status_id		IN NUMBER,
17:13:09  94  	in_paypal_prvt_street_address	IN VARCHAR2,
17:13:09  95  	in_paypal_prvt_street_address2	IN VARCHAR2,
17:13:09  96  	in_state			IN VARCHAR2,
17:13:09  97  	in_city 			IN VARCHAR2,
17:13:09  98  	in_postal_code			IN VARCHAR2,
17:13:09  99  	in_country			IN CHAR,
17:13:09 100  	in_expiration_date		IN DATE,
17:13:09 101  	in_system_activity_reason_id	IN NUMBER,
17:13:09 102  	in_secret_token 		IN VARCHAR2
17:13:09 103  );
17:13:09 104  
17:13:09 105  PROCEDURE CREATE_TRANSACTION_HISTORY (
17:13:09 106  /*
17:13:09 107  Throws exceptions:
17:13:09 108  APP_EXCEPTION_CODES_V15.UNKNOWN_ERROR
17:13:09 109  */
17:13:09 110  	in_transaction_id	     IN NUMBER,
17:13:09 111  	in_transaction_status_id     IN NUMBER,
17:13:09 112  	in_transaction_amount	     IN NUMBER,
17:13:09 113  	in_created_by		     IN VARCHAR2,
17:13:09 114  	in_create_date		     IN DATE,
17:13:09 115  	in_system_activity_reason_id IN NUMBER
17:13:09 116  );
17:13:09 117  
17:13:09 118  PROCEDURE CREATE_GIFT_CERT_HISTORY (
17:13:09 119  /*
17:13:09 120  Throws exceptions:
17:13:09 121  APP_EXCEPTION_CODES_V15.UNKNOWN_ERROR
17:13:09 122  */
17:13:09 123  	in_gift_certificate_id	      IN NUMBER,
17:13:09 124  	in_purchaser_group_id	      IN NUMBER,
17:13:09 125  	in_purchase_invoice_id	      IN NUMBER,
17:13:09 126  	in_offer_chain_id	      IN NUMBER,
17:13:09 127  	in_expiration_date	      IN DATE,
17:13:09 128  	in_purchase_date	      IN DATE,
17:13:09 129  	in_gift_certificate_status_id IN NUMBER,
17:13:09 130  	in_code 		      IN VARCHAR2,
17:13:09 131  	in_created_by		      IN VARCHAR2,
17:13:09 132  	in_create_date		      IN DATE,
17:13:09 133  	in_system_activity_reason_id  IN NUMBER,
17:13:09 134  	in_recipient_name	      IN VARCHAR2,
17:13:09 135  	in_gift_message 	      IN VARCHAR2,
17:13:09 136  	in_recipient_email	      IN VARCHAR2,
17:13:09 137  	in_finalized_invoice_id       IN NUMBER,
17:13:09 138  	in_sender_email 	      IN VARCHAR2,
17:13:09 139  	in_sender_name		      IN VARCHAR2,
17:13:09 140  	in_redemption_date	      IN DATE,
17:13:09 141  	in_redeemer_group_id	      IN NUMBER,
17:13:09 142  	in_cancelation_date	      IN DATE,
17:13:09 143  	in_recipient_address_id       IN NUMBER,
17:13:09 144  	in_redeemer_address_id	      IN NUMBER,
17:13:09 145  	in_recipient_notify_date      IN DATE
17:13:09 146  );
17:13:09 147  
17:13:09 148  PROCEDURE CREATE_INVOICE_HISTORY (
17:13:09 149  /*
17:13:09 150  Throws exceptions:
17:13:09 151  APP_EXCEPTION_CODES_V15.UNKNOWN_ERROR
17:13:09 152  */
17:13:09 153  	in_invoice_id		     IN NUMBER,
17:13:09 154  	in_invoice_status_id	     IN NUMBER,
17:13:09 155  	in_created_by		     IN VARCHAR2,
17:13:09 156  	in_create_date		     IN DATE,
17:13:09 157  	in_system_activity_reason_id IN NUMBER
17:13:09 158  );
17:13:09 159  
17:13:09 160  PROCEDURE CREATE_LICENSE_HISTORY (
17:13:09 161  /*
17:13:09 162  Throws exceptions:
17:13:09 163  APP_EXCEPTION_CODES_V15.UNKNOWN_ERROR
17:13:09 164  */
17:13:09 165  	in_license_id		     IN NUMBER,
17:13:09 166  	in_license_status_id	     IN NUMBER,
17:13:09 167  	in_needs_entitlements	     IN NUMBER,
17:13:09 168  	in_start_date		     IN DATE,
17:13:09 169  	in_offer_id		     IN NUMBER,
17:13:09 170  	in_subscription_id	     IN NUMBER,
17:13:09 171  	in_invoice_id		     IN NUMBER,
17:13:09 172  	in_end_date		     IN DATE,
17:13:09 173  	in_created_by		     IN VARCHAR2,
17:13:09 174  	in_create_date		     IN DATE,
17:13:09 175  	in_is_extension 	     IN NUMBER,
17:13:09 176  	in_current_offer_index	     IN NUMBER,
17:13:09 177  	in_current_offer_recurr_num  IN NUMBER,
17:13:09 178  	in_system_activity_reason_id IN NUMBER,
17:13:09 179  	in_entitlement_end_date      IN DATE
17:13:09 180  );
17:13:09 181  
17:13:09 182  PROCEDURE CREATE_CHARGE_HISTORY (
17:13:09 183  /*
17:13:09 184  Throws exceptions:
17:13:09 185  APP_EXCEPTION_CODES_V15.UNKNOWN_ERROR
17:13:09 186  */
17:13:09 187  	in_charge_id		     IN NUMBER,
17:13:09 188  	in_invoice_id		     IN NUMBER,
17:13:09 189  	in_transaction_id	     IN NUMBER,
17:13:09 190  	in_instrument_type_id	     IN NUMBER,
17:13:09 191  	in_instrument_id	     IN NUMBER,
17:13:09 192  	in_charge_amount	     IN NUMBER,
17:13:09 193  	in_created_by		     IN VARCHAR2,
17:13:09 194  	in_create_date		     IN DATE,
17:13:09 195  	in_charge_status_id	     IN NUMBER,
17:13:09 196  	in_system_activity_reason_id IN NUMBER
17:13:09 197  );
17:13:09 198  
17:13:09 199  PROCEDURE CREATE_ITUNES_RECEIPT_HISTORY (
17:13:09 200  /*
17:13:09 201  Throws exceptions:
17:13:09 202  APP_EXCEPTION_CODES_V15.UNKNOWN_ERROR
17:13:09 203  */
17:13:09 204  /*
17:13:09 205  CREATE TABLE ITUNES_RECEIPT (
17:13:09 206  	id NUMBER NOT NULL ENABLE,
17:13:09 207  	subscription_id NUMBER NOT NULL ENABLE,
17:13:09 208  	receipt VARCHAR(1024) NOT NULL ENABLE,
17:13:09 209  	status NUMBER,
17:13:09 210  	quantity NUMBER,
17:13:09 211  	product_id VARCHAR(1024),
17:13:09 212  	transaction_id VARCHAR(1024),
17:13:09 213  	purchase_date TIMESTAMP,
17:13:09 214  	original_transaction_id VARCHAR(1024),
17:13:09 215  	original_purchase_date TIMESTAMP,
17:13:09 216  	app_item_id VARCHAR(1024),
17:13:09 217  	version_external_id NUMBER,
17:13:09 218  	bid VARCHAR(1024),
17:13:09 219  	bvrs VARCHAR(255),
17:13:09 220  	expires_date TIMESTAMP,
17:13:09 221  	create_date DATE NOT NULL,
17:13:09 222  	created_by VARCHAR(255) NOT NULL,
17:13:09 223  	update_date DATE NOT NULL,
17:13:09 224  	updated_by VARCHAR(255) NOT NULL,
17:13:09 225  	last_check_date DATE NOT NULL,
17:13:09 226  	CONSTRAINT "ITUNESRECEIPT_PK" PRIMARY KEY ("ID") USING INDEX TABLESPACE "CORE_IDX" ENABLE,
17:13:09 227  	CONSTRAINT "ITUNESRECEIPT_SUBID_FK" FOREIGN KEY ("SUBSCRIPTION_ID") REFERENCES SUBSCRIPTION(ID) USING INDEX TABLESPACE "CORE_IDX" ENABLE,
17:13:09 228  	CONSTRAINT "ITUNESRECEIPT_RECEIPT_UK" UNIQUE(receipt) USING INDEX TABLESPACE "CORE_IDX" ENABLE,
17:13:09 229  	CONSTRAINT "ITUNESRECEIPT_SUBID_UK" UNIQUE(subscription_id) USING INDEX TABLESPACE "CORE_IDX" ENABLE
17:13:09 230  )
17:13:09 231  TABLESPACE CORE;
17:13:09 232  */
17:13:09 233  	in_id		    IN CORE_HIST_OWNER.ITUNES_RECEIPT_HISTORY.ID%TYPE,
17:13:09 234  	in_subscription_id  IN CORE_HIST_OWNER.ITUNES_RECEIPT_HISTORY.SUBSCRIPTION_ID%TYPE,
17:13:09 235  	in_receipt	    IN CORE_HIST_OWNER.ITUNES_RECEIPT_HISTORY.RECEIPT%TYPE,
17:13:09 236  	in_status	    IN CORE_HIST_OWNER.ITUNES_RECEIPT_HISTORY.STATUS%TYPE,
17:13:09 237  	in_quantity	    IN CORE_HIST_OWNER.ITUNES_RECEIPT_HISTORY.QUANTITY%TYPE,
17:13:09 238  	in_product_id	    IN CORE_HIST_OWNER.ITUNES_RECEIPT_HISTORY.PRODUCT_ID%TYPE,
17:13:09 239  	in_transaction_id   IN CORE_HIST_OWNER.ITUNES_RECEIPT_HISTORY.TRANSACTION_ID%TYPE,
17:13:09 240  	in_purchase_date    IN CORE_HIST_OWNER.ITUNES_RECEIPT_HISTORY.PURCHASE_DATE%TYPE,
17:13:09 241  	in_original_transaction_id IN CORE_HIST_OWNER.ITUNES_RECEIPT_HISTORY.ORIGINAL_TRANSACTION_ID%TYPE,
17:13:09 242  	in_original_purchase_date IN CORE_HIST_OWNER.ITUNES_RECEIPT_HISTORY.ORIGINAL_PURCHASE_DATE%TYPE,
17:13:09 243  	in_app_item_id	    IN CORE_HIST_OWNER.ITUNES_RECEIPT_HISTORY.APP_ITEM_ID%TYPE,
17:13:09 244  	in_version_external_id IN CORE_HIST_OWNER.ITUNES_RECEIPT_HISTORY.VERSION_EXTERNAL_ID%TYPE,
17:13:09 245  	in_bid		    IN CORE_HIST_OWNER.ITUNES_RECEIPT_HISTORY.BID%TYPE,
17:13:09 246  	in_bvrs 	    IN CORE_HIST_OWNER.ITUNES_RECEIPT_HISTORY.BVRS%TYPE,
17:13:09 247  	in_expires_date     IN CORE_HIST_OWNER.ITUNES_RECEIPT_HISTORY.EXPIRES_DATE%TYPE,
17:13:09 248  	in_create_date	    IN CORE_HIST_OWNER.ITUNES_RECEIPT_HISTORY.CREATE_DATE%TYPE,
17:13:09 249  	in_created_by	    IN CORE_HIST_OWNER.ITUNES_RECEIPT_HISTORY.CREATED_BY%TYPE,
17:13:09 250  	in_update_date	    IN CORE_HIST_OWNER.ITUNES_RECEIPT_HISTORY.UPDATE_DATE%TYPE,
17:13:09 251  	in_updated_by	    IN CORE_HIST_OWNER.ITUNES_RECEIPT_HISTORY.UPDATED_BY%TYPE,
17:13:09 252  	in_last_check_date  IN CORE_HIST_OWNER.ITUNES_RECEIPT_HISTORY.LAST_CHECK_DATE%TYPE,
17:13:09 253  	in_cancel_date	    IN CORE_HIST_OWNER.ITUNES_RECEIPT_HISTORY.CANCEL_DATE%TYPE
17:13:09 254  );
17:13:09 255  
17:13:09 256  END PROCS_HISTORY_V15;
17:13:09 257  .
17:13:09 SQL> /

Package created.

Elapsed: 00:00:00.16
17:13:09 SQL> 
17:13:09 SQL> CREATE OR REPLACE PACKAGE BODY "PROCS_HISTORY_V15" AS
17:13:09   2  
17:13:09   3  PROCEDURE CREATE_ADDRESS_HISTORY (
17:13:09   4  /*
17:13:09   5  Throws exceptions:
17:13:09   6  APP_EXCEPTION_CODES_V15.UNKNOWN_ERROR
17:13:09   7  */
17:13:09   8  	in_address_id		      IN ADDRESS_HISTORY.ADDRESS_ID%TYPE,
17:13:09   9  	in_system_activity_reason_id  IN ADDRESS_HISTORY.SYSTEM_ACTIVITY_REASON_ID%TYPE,
17:13:09  10  	in_address1		      IN ADDRESS_HISTORY.ADDRESS1%TYPE,
17:13:09  11  	in_address2		      IN ADDRESS_HISTORY.ADDRESS2%TYPE,
17:13:09  12  	in_city 		      IN ADDRESS_HISTORY.CITY%TYPE,
17:13:09  13  	in_state		      IN ADDRESS_HISTORY.STATE%TYPE,
17:13:09  14  	in_postal_code		      IN ADDRESS_HISTORY.POSTAL_CODE%TYPE,
17:13:09  15  	in_country		      IN ADDRESS_HISTORY.COUNTRY%TYPE,
17:13:09  16  	in_created_by		      IN ADDRESS_HISTORY.CREATED_BY%TYPE,
17:13:09  17  	in_create_date		      IN ADDRESS_HISTORY.CREATE_DATE%TYPE,
17:13:09  18  	in_updated_by		      IN ADDRESS_HISTORY.UPDATED_BY%TYPE,
17:13:09  19  	in_update_date		      IN ADDRESS_HISTORY.UPDATE_DATE%TYPE
17:13:09  20  ) AS
17:13:09  21  SPROC_NAME CONSTANT VARCHAR2(22) := 'CREATE_ADDRESS_HISTORY';
17:13:09  22  BEGIN
17:13:09  23  
17:13:09  24  	INSERT INTO
17:13:09  25  	  ADDRESS_HISTORY (
17:13:09  26  	  ADDRESS_ID,
17:13:09  27  	  SYSTEM_ACTIVITY_REASON_ID,
17:13:09  28  	  ADDRESS1,
17:13:09  29  	  ADDRESS2,
17:13:09  30  	  CITY,
17:13:09  31  	  STATE,
17:13:09  32  	  POSTAL_CODE,
17:13:09  33  	  COUNTRY,
17:13:09  34  	  CREATED_BY,
17:13:09  35  	  CREATE_DATE,
17:13:09  36  	  UPDATED_BY,
17:13:09  37  	  UPDATE_DATE
17:13:09  38  	) VALUES (
17:13:09  39  	  in_address_id,
17:13:09  40  	  in_system_activity_reason_id,
17:13:09  41  	  in_address1,
17:13:09  42  	  in_address2,
17:13:09  43  	  in_city,
17:13:09  44  	  in_state,
17:13:09  45  	  in_postal_code,
17:13:09  46  	  in_country,
17:13:09  47  	  in_created_by,
17:13:09  48  	  in_create_date,
17:13:09  49  	  in_updated_by,
17:13:09  50  	  in_update_date
17:13:09  51  	);
17:13:09  52  
17:13:09  53  EXCEPTION
17:13:09  54  WHEN OTHERS THEN
17:13:09  55  	RAISE_APPLICATION_ERROR(CORE_OWNER.APP_EXCEPTION_CODES_V15.UNKNOWN_ERROR,
17:13:09  56  	  SPROC_NAME||': Unknown error: '||SQLERRM);
17:13:09  57  END CREATE_ADDRESS_HISTORY;
17:13:09  58  
17:13:09  59  /******************************************************************************/
17:13:09  60  
17:13:09  61  PROCEDURE CREATE_ACCOUNT_HISTORY (
17:13:09  62  /*
17:13:09  63  Throws exceptions:
17:13:09  64  APP_EXCEPTION_CODES_V15.UNKNOWN_ERROR
17:13:09  65  */
17:13:09  66  	in_account_id		      IN NUMBER,
17:13:09  67  	in_suspend_date 	      IN DATE,
17:13:09  68  	in_group_id		      IN NUMBER,
17:13:09  69  	in_created_by		      IN VARCHAR2,
17:13:09  70  	in_create_date		      IN DATE,
17:13:09  71  	in_system_activity_reason_id  IN NUMBER,
17:13:09  72  	in_account_status_id	      IN NUMBER,
17:13:09  73  	in_instrument_type_id	      IN NUMBER,
17:13:09  74  	in_instrument_id	      IN NUMBER
17:13:09  75  ) AS
17:13:09  76  SPROC_NAME CONSTANT VARCHAR2(22) := 'CREATE_ACCOUNT_HISTORY';
17:13:09  77  BEGIN
17:13:09  78  
17:13:09  79  	INSERT INTO
17:13:09  80  	  ACCOUNT_HISTORY (
17:13:09  81  	  ACCOUNT_ID,
17:13:09  82  	  SUSPEND_DATE,
17:13:09  83  	  GROUP_ID,
17:13:09  84  	  CREATE_DATE,
17:13:09  85  	  CREATED_BY,
17:13:09  86  	  SYSTEM_ACTIVITY_REASON_ID,
17:13:09  87  	  ACCOUNT_STATUS_ID,
17:13:09  88  	  INSTRUMENT_TYPE_ID,
17:13:09  89  	  INSTRUMENT_ID
17:13:09  90  	) VALUES (
17:13:09  91  	  in_account_id,
17:13:09  92  	  in_suspend_date,
17:13:09  93  	  in_group_id,
17:13:09  94  	  in_create_date,
17:13:09  95  	  in_created_by,
17:13:09  96  	  in_system_activity_reason_id,
17:13:09  97  	  in_account_status_id,
17:13:09  98  	  in_instrument_type_id,
17:13:09  99  	  in_instrument_id
17:13:09 100  	);
17:13:09 101  
17:13:09 102  EXCEPTION
17:13:09 103  WHEN OTHERS THEN
17:13:09 104  	RAISE_APPLICATION_ERROR(CORE_OWNER.APP_EXCEPTION_CODES_V15.UNKNOWN_ERROR,
17:13:09 105  	  SPROC_NAME||': Unknown error: '||SQLERRM);
17:13:09 106  END CREATE_ACCOUNT_HISTORY;
17:13:09 107  
17:13:09 108  /******************************************************************************/
17:13:09 109  
17:13:09 110  PROCEDURE CREATE_SUBSCRIPTION_HISTORY (
17:13:09 111  /*
17:13:09 112  Throws exceptions:
17:13:09 113  APP_EXCEPTION_CODES_V15.UNKNOWN_ERROR
17:13:09 114  */
17:13:09 115  	in_subscription_id	     IN  NUMBER,
17:13:09 116  	in_account_id		     IN NUMBER,
17:13:09 117  	in_purchase_date	     IN DATE,
17:13:09 118  	in_offer_chain_id	     IN NUMBER,
17:13:09 119  	in_suspend_date 	     IN DATE,
17:13:09 120  	in_termination_date	     IN DATE,
17:13:09 121  	in_days_remaining_adjustment IN NUMBER,
17:13:09 122  	in_cancellation_type_id      IN NUMBER,
17:13:09 123  	in_created_by		     IN  VARCHAR2,
17:13:09 124  	in_create_date		     IN DATE,
17:13:09 125  	in_system_activity_reason_id IN  NUMBER
17:13:09 126  ) AS
17:13:09 127  SPROC_NAME CONSTANT VARCHAR2(27) := 'CREATE_SUBSCRIPTION_HISTORY';
17:13:09 128  BEGIN
17:13:09 129  
17:13:09 130  	INSERT INTO SUBSCRIPTION_HISTORY (
17:13:09 131  	  SUBSCRIPTION_ID,
17:13:09 132  	  ACCOUNT_ID,
17:13:09 133  	  PURCHASE_DATE,
17:13:09 134  	  OFFER_CHAIN_ID,
17:13:09 135  	  SUSPEND_DATE,
17:13:09 136  	  TERMINATION_DATE,
17:13:09 137  	  DAYS_REMAINING_ADJUSTMENT,
17:13:09 138  	  CANCELLATION_TYPE_ID,
17:13:09 139  	  CREATE_DATE,
17:13:09 140  	  CREATED_BY,
17:13:09 141  	  SYSTEM_ACTIVITY_REASON_ID
17:13:09 142  	) VALUES (
17:13:09 143  	  in_subscription_id,
17:13:09 144  	  in_account_id,
17:13:09 145  	  in_purchase_date,
17:13:09 146  	  in_offer_chain_id,
17:13:09 147  	  in_suspend_date,
17:13:09 148  	  in_termination_date,
17:13:09 149  	  in_days_remaining_adjustment,
17:13:09 150  	  in_cancellation_type_id,
17:13:09 151  	  in_create_date,
17:13:09 152  	  in_created_by,
17:13:09 153  	  in_system_activity_reason_id
17:13:09 154  	);
17:13:09 155  
17:13:09 156  EXCEPTION
17:13:09 157  WHEN OTHERS THEN
17:13:09 158  	RAISE_APPLICATION_ERROR(CORE_OWNER.APP_EXCEPTION_CODES_V15.UNKNOWN_ERROR,
17:13:09 159  	  SPROC_NAME||': Unknown error: '||SQLERRM);
17:13:09 160  END CREATE_SUBSCRIPTION_HISTORY;
17:13:09 161  
17:13:09 162  /******************************************************************************/
17:13:09 163  
17:13:09 164  PROCEDURE CREATE_CREDIT_CARD_HISTORY (
17:13:09 165  /*
17:13:09 166  Throws exceptions:
17:13:09 167  APP_EXCEPTION_CODES_V15.UNKNOWN_ERROR
17:13:09 168  */
17:13:09 169  	in_credit_card_id	      IN  NUMBER,
17:13:09 170  	in_account_id		      IN NUMBER,
17:13:09 171  	in_instrument_name	      IN VARCHAR2,
17:13:09 172  	in_private_card_holder_name   IN VARCHAR2,
17:13:09 173  	in_private_street_address     IN VARCHAR2,
17:13:09 174  	in_private_street_address2    IN VARCHAR2,
17:13:09 175  	in_state		      IN VARCHAR2,
17:13:09 176  	in_city 		      IN VARCHAR2,
17:13:09 177  	in_postal_code		      IN VARCHAR2,
17:13:09 178  	in_country		      IN CHAR,
17:13:09 179  	in_last_four_cc 	      IN VARCHAR2,
17:13:09 180  	in_expiration_date	      IN DATE,
17:13:09 181  	in_credit_card_type_id	      IN NUMBER,
17:13:09 182  	in_secret_token 	      IN VARCHAR2,
17:13:09 183  	in_chase_profile_id	      IN VARCHAR2,
17:13:09 184  	in_credit_card_status_id      IN NUMBER,
17:13:09 185  	in_created_by		      IN  VARCHAR2,
17:13:09 186  	in_create_date		      IN DATE,
17:13:09 187  	in_system_activity_reason_id  IN  NUMBER
17:13:09 188  ) AS
17:13:09 189  SPROC_NAME CONSTANT VARCHAR2(26) := 'CREATE_CREDIT_CARD_HISTORY';
17:13:09 190  BEGIN
17:13:09 191  
17:13:09 192  	INSERT INTO CREDIT_CARD_HISTORY (
17:13:09 193  	  CREDIT_CARD_ID,
17:13:09 194  	  ACCOUNT_ID,
17:13:09 195  	  INSTRUMENT_NAME,
17:13:09 196  	  PRIVATE_CARD_HOLDER_NAME,
17:13:09 197  	  PRIVATE_STREET_ADDRESS,
17:13:09 198  	  PRIVATE_STREET_ADDRESS2,
17:13:09 199  	  STATE,
17:13:09 200  	  CITY,
17:13:09 201  	  POSTAL_CODE,
17:13:09 202  	  COUNTRY,
17:13:09 203  	  LAST_FOUR_CC,
17:13:09 204  	  EXPIRATION_DATE,
17:13:09 205  	  CREDIT_CARD_TYPE_ID,
17:13:09 206  	  SECRET_TOKEN,
17:13:09 207  	  CHASE_PROFILE_ID,
17:13:09 208  	  CREATE_DATE,
17:13:09 209  	  CREATED_BY,
17:13:09 210  	  SYSTEM_ACTIVITY_REASON_ID,
17:13:09 211  	  CREDIT_CARD_STATUS_ID
17:13:09 212  	) VALUES (
17:13:09 213  	  in_credit_card_id,
17:13:09 214  	  in_account_id,
17:13:09 215  	  in_instrument_name,
17:13:09 216  	  in_private_card_holder_name,
17:13:09 217  	  in_private_street_address,
17:13:09 218  	  in_private_street_address2,
17:13:09 219  	  in_state,
17:13:09 220  	  in_city,
17:13:09 221  	  in_postal_code,
17:13:09 222  	  in_country,
17:13:09 223  	  in_last_four_cc,
17:13:09 224  	  in_expiration_date,
17:13:09 225  	  in_credit_card_type_id,
17:13:09 226  	  in_secret_token,
17:13:09 227  	  in_chase_profile_id,
17:13:09 228  	  in_create_date,
17:13:09 229  	  in_created_by,
17:13:09 230  	  in_system_activity_reason_id,
17:13:09 231  	  in_credit_card_status_id
17:13:09 232  	);
17:13:09 233  
17:13:09 234  EXCEPTION
17:13:09 235  WHEN OTHERS THEN
17:13:09 236  	RAISE_APPLICATION_ERROR(CORE_OWNER.APP_EXCEPTION_CODES_V15.UNKNOWN_ERROR,
17:13:09 237  	  SPROC_NAME||': Unknown error: '||SQLERRM);
17:13:09 238  END CREATE_CREDIT_CARD_HISTORY;
17:13:09 239  
17:13:09 240  /******************************************************************************/
17:13:09 241  
17:13:09 242  PROCEDURE CREATE_PAYPAL_HISTORY (
17:13:09 243  /*
17:13:09 244  Throws exceptions:
17:13:09 245  APP_EXCEPTION_CODES_V15.UNKNOWN_ERROR
17:13:09 246  */
17:13:09 247  	in_paypal_id			IN NUMBER,
17:13:09 248  	in_account_id			IN NUMBER,
17:13:09 249  	in_instrument_name		IN VARCHAR2,
17:13:09 250  	in_private_email_address	IN VARCHAR2,
17:13:09 251  	in_created_by			IN VARCHAR2,
17:13:09 252  	in_create_date			IN DATE,
17:13:09 253  	in_paypal_status_id		IN NUMBER,
17:13:09 254  	in_paypal_prvt_street_address	IN VARCHAR2,
17:13:09 255  	in_paypal_prvt_street_address2	IN VARCHAR2,
17:13:09 256  	in_state			IN VARCHAR2,
17:13:09 257  	in_city 			IN VARCHAR2,
17:13:09 258  	in_postal_code			IN VARCHAR2,
17:13:09 259  	in_country			IN CHAR,
17:13:09 260  	in_expiration_date		IN DATE,
17:13:09 261  	in_system_activity_reason_id	IN NUMBER,
17:13:09 262  	in_secret_token 		IN VARCHAR2
17:13:09 263  ) AS
17:13:09 264  SPROC_NAME CONSTANT VARCHAR2(21) := 'CREATE_PAYPAL_HISTORY';
17:13:09 265  BEGIN
17:13:09 266  
17:13:09 267  	INSERT INTO PAYPAL_HISTORY(
17:13:09 268  	    PAYPAL_ID,
17:13:09 269  	    ACCOUNT_ID,
17:13:09 270  	    INSTRUMENT_NAME,
17:13:09 271  	    PRIVATE_EMAIL_ADDRESS,
17:13:09 272  	    CREATE_DATE,
17:13:09 273  	    CREATED_BY,
17:13:09 274  	    PAYPAL_STATUS_ID,
17:13:09 275  	    PRIVATE_STREET_ADDRESS,
17:13:09 276  	    PRIVATE_STREET_ADDRESS2,
17:13:09 277  	    STATE,
17:13:09 278  	    CITY,
17:13:09 279  	    POSTAL_CODE,
17:13:09 280  	    COUNTRY,
17:13:09 281  	    EXPIRATION_DATE,
17:13:09 282  	    SYSTEM_ACTIVITY_REASON_ID,
17:13:09 283  	    SECRET_TOKEN
17:13:09 284  	  ) VALUES (
17:13:09 285  	    in_paypal_id,
17:13:09 286  	    in_account_id,
17:13:09 287  	    in_instrument_name,
17:13:09 288  	    in_private_email_address,
17:13:09 289  	    in_create_date,
17:13:09 290  	    in_created_by,
17:13:09 291  	    in_paypal_status_id,
17:13:09 292  	    in_paypal_prvt_street_address,
17:13:09 293  	    in_paypal_prvt_street_address2,
17:13:09 294  	    in_state,
17:13:09 295  	    in_city,
17:13:09 296  	    in_postal_code,
17:13:09 297  	    in_country,
17:13:09 298  	    in_expiration_date,
17:13:09 299  	    in_system_activity_reason_id,
17:13:09 300  	    in_secret_token
17:13:09 301  	  );
17:13:09 302  
17:13:09 303  EXCEPTION
17:13:09 304  WHEN OTHERS THEN
17:13:09 305  	RAISE_APPLICATION_ERROR(CORE_OWNER.APP_EXCEPTION_CODES_V15.UNKNOWN_ERROR,
17:13:09 306  	  SPROC_NAME||': Unknown error: '||SQLERRM);
17:13:09 307  END;
17:13:09 308  
17:13:09 309  /******************************************************************************/
17:13:09 310  
17:13:09 311  PROCEDURE CREATE_TRANSACTION_HISTORY (
17:13:09 312  /*
17:13:09 313  Throws exceptions:
17:13:09 314  APP_EXCEPTION_CODES_V15.UNKNOWN_ERROR
17:13:09 315  */
17:13:09 316  	in_transaction_id	     IN NUMBER,
17:13:09 317  	in_transaction_status_id     IN NUMBER,
17:13:09 318  	in_transaction_amount	     IN NUMBER,
17:13:09 319  	in_created_by		     IN VARCHAR2,
17:13:09 320  	in_create_date		     IN DATE,
17:13:09 321  	in_system_activity_reason_id IN NUMBER
17:13:09 322  ) AS
17:13:09 323  SPROC_NAME CONSTANT VARCHAR2(26) := 'CREATE_TRANSACTION_HISTORY';
17:13:09 324  BEGIN
17:13:09 325  
17:13:09 326  	INSERT INTO TRANSACTION_HISTORY (
17:13:09 327  	  TRANSACTION_ID,
17:13:09 328  	  TRANSACTION_STATUS_ID,
17:13:09 329  	  TRANSACTION_AMOUNT,
17:13:09 330  	  CREATE_DATE,
17:13:09 331  	  CREATED_BY,
17:13:09 332  	  SYSTEM_ACTIVITY_REASON_ID
17:13:09 333  	) VALUES (
17:13:09 334  	  in_transaction_id,
17:13:09 335  	  in_transaction_status_id,
17:13:09 336  	  in_transaction_amount,
17:13:09 337  	  in_create_date,
17:13:09 338  	  in_created_by,
17:13:09 339  	  in_system_activity_reason_id
17:13:09 340  	);
17:13:09 341  
17:13:09 342  EXCEPTION
17:13:09 343  WHEN OTHERS THEN
17:13:09 344  	RAISE_APPLICATION_ERROR(CORE_OWNER.APP_EXCEPTION_CODES_V15.UNKNOWN_ERROR,
17:13:09 345  	  SPROC_NAME||': Unknown error: '||SQLERRM);
17:13:09 346  END CREATE_TRANSACTION_HISTORY;
17:13:09 347  
17:13:09 348  /******************************************************************************/
17:13:09 349  
17:13:09 350  PROCEDURE CREATE_GIFT_CERT_HISTORY (
17:13:09 351  	in_gift_certificate_id	      IN NUMBER,
17:13:09 352  	in_purchaser_group_id	      IN NUMBER,
17:13:09 353  	in_purchase_invoice_id	      IN NUMBER,
17:13:09 354  	in_offer_chain_id	      IN NUMBER,
17:13:09 355  	in_expiration_date	      IN DATE,
17:13:09 356  	in_purchase_date	      IN DATE,
17:13:09 357  	in_gift_certificate_status_id IN NUMBER,
17:13:09 358  	in_code 		      IN VARCHAR2,
17:13:09 359  	in_created_by		      IN VARCHAR2,
17:13:09 360  	in_create_date		      IN DATE,
17:13:09 361  	in_system_activity_reason_id  IN NUMBER,
17:13:09 362  	in_recipient_name	      IN VARCHAR2,
17:13:09 363  	in_gift_message 	      IN VARCHAR2,
17:13:09 364  	in_recipient_email	      IN VARCHAR2,
17:13:09 365  	in_finalized_invoice_id       IN NUMBER,
17:13:09 366  	in_sender_email 	      IN VARCHAR2,
17:13:09 367  	in_sender_name		      IN VARCHAR2,
17:13:09 368  	in_redemption_date	      IN DATE,
17:13:09 369  	in_redeemer_group_id	      IN NUMBER,
17:13:09 370  	in_cancelation_date	      IN DATE,
17:13:09 371  	in_recipient_address_id       IN NUMBER,
17:13:09 372  	in_redeemer_address_id	      IN NUMBER,
17:13:09 373  	in_recipient_notify_date      IN DATE
17:13:09 374  ) AS
17:13:09 375  SPROC_NAME CONSTANT VARCHAR2(24) := 'CREATE_GIFT_CERT_HISTORY';
17:13:09 376  BEGIN
17:13:09 377  
17:13:09 378  	INSERT INTO GIFT_CERTIFICATE_HISTORY (
17:13:09 379  	  GIFT_CERTIFICATE_ID,
17:13:09 380  	  PURCHASER_GROUP_ID,
17:13:09 381  	  PURCHASE_INVOICE_ID,
17:13:09 382  	  OFFER_CHAIN_ID,
17:13:09 383  	  EXPIRATION_DATE,
17:13:09 384  	  PURCHASE_DATE,
17:13:09 385  	  GIFT_CERTIFICATE_STATUS_ID,
17:13:09 386  	  CODE,
17:13:09 387  	  CREATE_DATE,
17:13:09 388  	  CREATED_BY,
17:13:09 389  	  SYSTEM_ACTIVITY_REASON_ID,
17:13:09 390  	  RECIPIENT_NAME,
17:13:09 391  	  GIFT_MESSAGE,
17:13:09 392  	  RECIPIENT_EMAIL,
17:13:09 393  	  FINALIZED_INVOICE_ID,
17:13:09 394  	  SENDER_EMAIL,
17:13:09 395  	  SENDER_NAME,
17:13:09 396  	  REDEMPTION_DATE,
17:13:09 397  	  REDEEMER_GROUP_ID,
17:13:09 398  	  CANCELATION_DATE,
17:13:09 399  	  RECIPIENT_ADDRESS_ID,
17:13:09 400  	  REDEEMER_ADDRESS_ID,
17:13:09 401  	  RECIPIENT_NOTIFY_DATE
17:13:09 402  	) VALUES (
17:13:09 403  	  in_gift_certificate_id,
17:13:09 404  	  in_purchaser_group_id,
17:13:09 405  	  in_purchase_invoice_id,
17:13:09 406  	  in_offer_chain_id,
17:13:09 407  	  in_expiration_date,
17:13:09 408  	  in_purchase_date,
17:13:09 409  	  in_gift_certificate_status_id,
17:13:09 410  	  in_code,
17:13:09 411  	  in_create_date,
17:13:09 412  	  in_created_by,
17:13:09 413  	  in_system_activity_reason_id,
17:13:09 414  	  in_recipient_name,
17:13:09 415  	  in_gift_message,
17:13:09 416  	  in_recipient_email,
17:13:09 417  	  in_finalized_invoice_id,
17:13:09 418  	  in_sender_email,
17:13:09 419  	  in_sender_name,
17:13:09 420  	  in_redemption_date,
17:13:09 421  	  in_redeemer_group_id,
17:13:09 422  	  in_cancelation_date,
17:13:09 423  	  in_recipient_address_id,
17:13:09 424  	  in_redeemer_address_id,
17:13:09 425  	  in_recipient_notify_date
17:13:09 426  	);
17:13:09 427  
17:13:09 428  EXCEPTION
17:13:09 429  WHEN OTHERS THEN
17:13:09 430  	RAISE_APPLICATION_ERROR(CORE_OWNER.APP_EXCEPTION_CODES_V15.UNKNOWN_ERROR,
17:13:09 431  	  SPROC_NAME||': Unknown error: '||SQLERRM);
17:13:09 432  END CREATE_GIFT_CERT_HISTORY;
17:13:09 433  
17:13:09 434  /******************************************************************************/
17:13:09 435  
17:13:09 436  PROCEDURE CREATE_INVOICE_HISTORY (
17:13:09 437  	in_invoice_id		     IN NUMBER,
17:13:09 438  	in_invoice_status_id	     IN NUMBER,
17:13:09 439  	in_created_by		     IN VARCHAR2,
17:13:09 440  	in_create_date		     IN DATE,
17:13:09 441  	in_system_activity_reason_id IN NUMBER
17:13:09 442  ) AS
17:13:09 443  SPROC_NAME CONSTANT VARCHAR2(22) := 'CREATE_INVOICE_HISTORY';
17:13:09 444  BEGIN
17:13:09 445  
17:13:09 446  	INSERT INTO INVOICE_HISTORY (
17:13:09 447  	  INVOICE_ID,
17:13:09 448  	  INVOICE_STATUS_ID,
17:13:09 449  	  CREATE_DATE,
17:13:09 450  	  CREATED_BY,
17:13:09 451  	  SYSTEM_ACTIVITY_REASON_ID
17:13:09 452  	) VALUES (
17:13:09 453  	  in_invoice_id,
17:13:09 454  	  in_invoice_status_id,
17:13:09 455  	  in_create_date,
17:13:09 456  	  in_created_by,
17:13:09 457  	  in_system_activity_reason_id
17:13:09 458  	);
17:13:09 459  
17:13:09 460  EXCEPTION
17:13:09 461  WHEN OTHERS THEN
17:13:09 462  	RAISE_APPLICATION_ERROR(CORE_OWNER.APP_EXCEPTION_CODES_V15.UNKNOWN_ERROR,
17:13:09 463  	  SPROC_NAME||': Unknown error: '||SQLERRM);
17:13:09 464  END CREATE_INVOICE_HISTORY;
17:13:09 465  
17:13:09 466  /******************************************************************************/
17:13:09 467  
17:13:09 468  PROCEDURE CREATE_LICENSE_HISTORY (
17:13:09 469  /*
17:13:09 470  Throws exceptions:
17:13:09 471  APP_EXCEPTION_CODES_V15.UNKNOWN_ERROR
17:13:09 472  */
17:13:09 473  	in_license_id		     IN NUMBER,
17:13:09 474  	in_license_status_id	     IN NUMBER,
17:13:09 475  	in_needs_entitlements	     IN NUMBER,
17:13:09 476  	in_start_date		     IN DATE,
17:13:09 477  	in_offer_id		     IN NUMBER,
17:13:09 478  	in_subscription_id	     IN NUMBER,
17:13:09 479  	in_invoice_id		     IN NUMBER,
17:13:09 480  	in_end_date		     IN DATE,
17:13:09 481  	in_created_by		     IN VARCHAR2,
17:13:09 482  	in_create_date		     IN DATE,
17:13:09 483  	in_is_extension 	     IN NUMBER,
17:13:09 484  	in_current_offer_index	     IN NUMBER,
17:13:09 485  	in_current_offer_recurr_num  IN NUMBER,
17:13:09 486  	in_system_activity_reason_id IN NUMBER,
17:13:09 487  	in_entitlement_end_date      IN DATE
17:13:09 488  ) AS
17:13:09 489  SPROC_NAME CONSTANT VARCHAR2(22) := 'CREATE_LICENSE_HISTORY';
17:13:09 490  BEGIN
17:13:09 491  
17:13:09 492  	INSERT INTO LICENSE_HISTORY (
17:13:09 493  	  LICENSE_ID,
17:13:09 494  	  LICENSE_STATUS_ID,
17:13:09 495  	  START_DATE,
17:13:09 496  	  OFFER_ID,
17:13:09 497  	  SUBSCRIPTION_ID,
17:13:09 498  	  INVOICE_ID,
17:13:09 499  	  END_DATE,
17:13:09 500  	  CREATE_DATE,
17:13:09 501  	  CREATED_BY,
17:13:09 502  	  IS_EXTENSION,
17:13:09 503  	  CURRENT_OFFER_INDEX,
17:13:09 504  	  CURRENT_OFFER_RECURR_NUM,
17:13:09 505  	  SYSTEM_ACTIVITY_REASON_ID,
17:13:09 506  	  NEEDS_ENTITLEMENTS,
17:13:09 507  	  ENTITLEMENT_END_DATE
17:13:09 508  	) VALUES (
17:13:09 509  	  in_license_id,
17:13:09 510  	  in_license_status_id,
17:13:09 511  	  in_start_date,
17:13:09 512  	  in_offer_id,
17:13:09 513  	  in_subscription_id,
17:13:09 514  	  in_invoice_id,
17:13:09 515  	  in_end_date,
17:13:09 516  	  in_create_date,
17:13:09 517  	  in_created_by,
17:13:09 518  	  in_is_extension,
17:13:09 519  	  in_current_offer_index,
17:13:09 520  	  in_current_offer_recurr_num,
17:13:09 521  	  in_system_activity_reason_id,
17:13:09 522  	  in_needs_entitlements,
17:13:09 523  	  in_entitlement_end_date
17:13:09 524  	);
17:13:09 525  
17:13:09 526  EXCEPTION
17:13:09 527  WHEN OTHERS THEN
17:13:09 528  	RAISE_APPLICATION_ERROR(CORE_OWNER.APP_EXCEPTION_CODES_V15.UNKNOWN_ERROR,
17:13:09 529  	  SPROC_NAME||': Unknown error: '||SQLERRM);
17:13:09 530  END CREATE_LICENSE_HISTORY;
17:13:09 531  
17:13:09 532  /******************************************************************************/
17:13:09 533  
17:13:09 534  PROCEDURE CREATE_CHARGE_HISTORY (
17:13:09 535  /*
17:13:09 536  Throws exceptions:
17:13:09 537  APP_EXCEPTION_CODES_V15.UNKNOWN_ERROR
17:13:09 538  */
17:13:09 539  	in_charge_id		     IN NUMBER,
17:13:09 540  	in_invoice_id		     IN NUMBER,
17:13:09 541  	in_transaction_id	     IN NUMBER,
17:13:09 542  	in_instrument_type_id	     IN NUMBER,
17:13:09 543  	in_instrument_id	     IN NUMBER,
17:13:09 544  	in_charge_amount	     IN NUMBER,
17:13:09 545  	in_created_by		     IN VARCHAR2,
17:13:09 546  	in_create_date		     IN DATE,
17:13:09 547  	in_charge_status_id	     IN NUMBER,
17:13:09 548  	in_system_activity_reason_id IN NUMBER
17:13:09 549  ) AS
17:13:09 550  SPROC_NAME CONSTANT VARCHAR2(21) := 'CREATE_CHARGE_HISTORY';
17:13:09 551  BEGIN
17:13:09 552  
17:13:09 553  	INSERT INTO CHARGE_HISTORY (
17:13:09 554  	  CHARGE_ID,
17:13:09 555  	  INVOICE_ID,
17:13:09 556  	  TRANSACTION_ID,
17:13:09 557  	  INSTRUMENT_TYPE_ID,
17:13:09 558  	  INSTRUMENT_ID,
17:13:09 559  	  CHARGE_AMOUNT,
17:13:09 560  	  CREATE_DATE,
17:13:09 561  	  CREATED_BY,
17:13:09 562  	  CHARGE_STATUS_ID,
17:13:09 563  	  SYSTEM_ACTIVITY_REASON_ID
17:13:09 564  	) VALUES (
17:13:09 565  	  in_charge_id,
17:13:09 566  	  in_invoice_id,
17:13:09 567  	  in_transaction_id,
17:13:09 568  	  in_instrument_type_id,
17:13:09 569  	  in_instrument_id,
17:13:09 570  	  in_charge_amount,
17:13:09 571  	  in_create_date,
17:13:09 572  	  in_created_by,
17:13:09 573  	  in_charge_status_id,
17:13:09 574  	  in_system_activity_reason_id
17:13:09 575  	);
17:13:09 576  
17:13:09 577  EXCEPTION
17:13:09 578  WHEN OTHERS THEN
17:13:09 579  	RAISE_APPLICATION_ERROR(CORE_OWNER.APP_EXCEPTION_CODES_V15.UNKNOWN_ERROR,
17:13:09 580  	  SPROC_NAME||': Unknown error: '||SQLERRM);
17:13:09 581  END;
17:13:09 582  
17:13:09 583  
17:13:09 584  PROCEDURE CREATE_ITUNES_RECEIPT_HISTORY (
17:13:09 585  /*
17:13:09 586  Throws exceptions:
17:13:09 587  APP_EXCEPTION_CODES_V15.UNKNOWN_ERROR
17:13:09 588  */
17:13:09 589  /*
17:13:09 590  CREATE TABLE ITUNES_RECEIPT (
17:13:09 591  	id NUMBER NOT NULL ENABLE,
17:13:09 592  	subscription_id NUMBER NOT NULL ENABLE,
17:13:09 593  	receipt VARCHAR(1024) NOT NULL ENABLE,
17:13:09 594  	status NUMBER,
17:13:09 595  	quantity NUMBER,
17:13:09 596  	product_id VARCHAR(1024),
17:13:09 597  	transaction_id VARCHAR(1024),
17:13:09 598  	purchase_date TIMESTAMP,
17:13:09 599  	original_transaction_id VARCHAR(1024),
17:13:09 600  	app_item_id VARCHAR(1024),
17:13:09 601  	version_external_id NUMBER,
17:13:09 602  	bid VARCHAR(1024),
17:13:09 603  	bvrs VARCHAR(255),
17:13:09 604  	expires_date TIMESTAMP,
17:13:09 605  	create_date DATE NOT NULL,
17:13:09 606  	created_by VARCHAR(255) NOT NULL,
17:13:09 607  	update_date DATE NOT NULL,
17:13:09 608  	updated_by VARCHAR(255) NOT NULL,
17:13:09 609  	last_check_date DATE NOT NULL,
17:13:09 610  	CONSTRAINT "ITUNESRECEIPT_PK" PRIMARY KEY ("ID") USING INDEX TABLESPACE "CORE_IDX" ENABLE,
17:13:09 611  	CONSTRAINT "ITUNESRECEIPT_SUBID_FK" FOREIGN KEY ("SUBSCRIPTION_ID") REFERENCES SUBSCRIPTION(ID) USING INDEX TABLESPACE "CORE_IDX" ENABLE,
17:13:09 612  	CONSTRAINT "ITUNESRECEIPT_RECEIPT_UK" UNIQUE(receipt) USING INDEX TABLESPACE "CORE_IDX" ENABLE,
17:13:09 613  	CONSTRAINT "ITUNESRECEIPT_SUBID_UK" UNIQUE(subscription_id) USING INDEX TABLESPACE "CORE_IDX" ENABLE
17:13:09 614  )
17:13:09 615  TABLESPACE CORE;
17:13:09 616  */
17:13:09 617  	in_id		    IN CORE_HIST_OWNER.ITUNES_RECEIPT_HISTORY.ID%TYPE,
17:13:09 618  	in_subscription_id  IN CORE_HIST_OWNER.ITUNES_RECEIPT_HISTORY.SUBSCRIPTION_ID%TYPE,
17:13:09 619  	in_receipt	    IN CORE_HIST_OWNER.ITUNES_RECEIPT_HISTORY.RECEIPT%TYPE,
17:13:09 620  	in_status	    IN CORE_HIST_OWNER.ITUNES_RECEIPT_HISTORY.STATUS%TYPE,
17:13:09 621  	in_quantity	    IN CORE_HIST_OWNER.ITUNES_RECEIPT_HISTORY.QUANTITY%TYPE,
17:13:09 622  	in_product_id	    IN CORE_HIST_OWNER.ITUNES_RECEIPT_HISTORY.PRODUCT_ID%TYPE,
17:13:09 623  	in_transaction_id   IN CORE_HIST_OWNER.ITUNES_RECEIPT_HISTORY.TRANSACTION_ID%TYPE,
17:13:09 624  	in_purchase_date    IN CORE_HIST_OWNER.ITUNES_RECEIPT_HISTORY.PURCHASE_DATE%TYPE,
17:13:09 625  	in_original_transaction_id IN CORE_HIST_OWNER.ITUNES_RECEIPT_HISTORY.ORIGINAL_TRANSACTION_ID%TYPE,
17:13:09 626  	in_original_purchase_date IN CORE_HIST_OWNER.ITUNES_RECEIPT_HISTORY.ORIGINAL_PURCHASE_DATE%TYPE,
17:13:09 627  	in_app_item_id	    IN CORE_HIST_OWNER.ITUNES_RECEIPT_HISTORY.APP_ITEM_ID%TYPE,
17:13:09 628  	in_version_external_id IN CORE_HIST_OWNER.ITUNES_RECEIPT_HISTORY.VERSION_EXTERNAL_ID%TYPE,
17:13:09 629  	in_bid		    IN CORE_HIST_OWNER.ITUNES_RECEIPT_HISTORY.BID%TYPE,
17:13:09 630  	in_bvrs 	    IN CORE_HIST_OWNER.ITUNES_RECEIPT_HISTORY.BVRS%TYPE,
17:13:09 631  	in_expires_date     IN CORE_HIST_OWNER.ITUNES_RECEIPT_HISTORY.EXPIRES_DATE%TYPE,
17:13:09 632  	in_create_date	    IN CORE_HIST_OWNER.ITUNES_RECEIPT_HISTORY.CREATE_DATE%TYPE,
17:13:09 633  	in_created_by	    IN CORE_HIST_OWNER.ITUNES_RECEIPT_HISTORY.CREATED_BY%TYPE,
17:13:09 634  	in_update_date	    IN CORE_HIST_OWNER.ITUNES_RECEIPT_HISTORY.UPDATE_DATE%TYPE,
17:13:09 635  	in_updated_by	    IN CORE_HIST_OWNER.ITUNES_RECEIPT_HISTORY.UPDATED_BY%TYPE,
17:13:09 636  	in_last_check_date  IN CORE_HIST_OWNER.ITUNES_RECEIPT_HISTORY.LAST_CHECK_DATE%TYPE,
17:13:09 637  	in_cancel_date	    IN CORE_HIST_OWNER.ITUNES_RECEIPT_HISTORY.CANCEL_DATE%TYPE
17:13:09 638  ) AS
17:13:09 639  BEGIN
17:13:09 640  	INSERT INTO CORE_HIST_OWNER.ITUNES_RECEIPT_HISTORY
17:13:09 641  	(
17:13:09 642  	      id,
17:13:09 643  	      subscription_id,
17:13:09 644  	      receipt,
17:13:09 645  	      status,
17:13:09 646  	      quantity,
17:13:09 647  	      product_id,
17:13:09 648  	      transaction_id,
17:13:09 649  	      purchase_date,
17:13:09 650  	      original_transaction_id,
17:13:09 651  	      original_purchase_date,
17:13:09 652  	      app_item_id,
17:13:09 653  	      version_external_id,
17:13:09 654  	      bid,
17:13:09 655  	      bvrs,
17:13:09 656  	      expires_date,
17:13:09 657  	      create_date,
17:13:09 658  	      created_by,
17:13:09 659  	      update_date,
17:13:09 660  	      updated_by,
17:13:09 661  	      last_check_date,
17:13:09 662  	      cancel_date,
17:13:09 663  	      history_date
17:13:09 664  	)
17:13:09 665  	VALUES
17:13:09 666  	(
17:13:09 667  	      in_id,
17:13:09 668  	      in_subscription_id,
17:13:09 669  	      in_receipt,
17:13:09 670  	      in_status,
17:13:09 671  	      in_quantity,
17:13:09 672  	      in_product_id,
17:13:09 673  	      in_transaction_id,
17:13:09 674  	      in_purchase_date,
17:13:09 675  	      in_original_transaction_id,
17:13:09 676  	      in_original_purchase_date,
17:13:09 677  	      in_app_item_id,
17:13:09 678  	      in_version_external_id,
17:13:09 679  	      in_bid,
17:13:09 680  	      in_bvrs,
17:13:09 681  	      in_expires_date,
17:13:09 682  	      in_create_date,
17:13:09 683  	      in_created_by,
17:13:09 684  	      in_update_date,
17:13:09 685  	      in_updated_by,
17:13:09 686  	      in_last_check_date,
17:13:09 687  	      in_cancel_date,
17:13:09 688  	      sysdate
17:13:09 689  	);
17:13:09 690  END CREATE_ITUNES_RECEIPT_HISTORY;
17:13:09 691  
17:13:09 692  END PROCS_HISTORY_V15;
17:13:09 693  .
17:13:09 SQL> /

Package body created.

Elapsed: 00:00:00.10
17:13:09 SQL> 
17:13:09 SQL> --------------------------------------------------------------------------------
17:13:09 SQL> -- DDL for package PUBLIC_PROCS_CORE
17:13:09 SQL> --------------------------------------------------------------------------------
17:13:09 SQL> 
17:13:09 SQL> CREATE OR REPLACE PACKAGE "PUBLIC_PROCS_CORE_V15" AS
17:13:09   2  
17:13:09   3  PROCEDURE CREATE_ADDRESS_HISTORY (
17:13:09   4  /*
17:13:09   5  Throws exceptions:
17:13:09   6  APP_EXCEPTION_CODES_V15.UNKNOWN_ERROR
17:13:09   7  */
17:13:09   8  	in_address_id		      IN ADDRESS_HISTORY.ADDRESS_ID%TYPE,
17:13:09   9  	in_system_activity_reason_id  IN ADDRESS_HISTORY.SYSTEM_ACTIVITY_REASON_ID%TYPE,
17:13:09  10  	in_address1		      IN ADDRESS_HISTORY.ADDRESS1%TYPE,
17:13:09  11  	in_address2		      IN ADDRESS_HISTORY.ADDRESS2%TYPE,
17:13:09  12  	in_city 		      IN ADDRESS_HISTORY.CITY%TYPE,
17:13:09  13  	in_state		      IN ADDRESS_HISTORY.STATE%TYPE,
17:13:09  14  	in_postal_code		      IN ADDRESS_HISTORY.POSTAL_CODE%TYPE,
17:13:09  15  	in_country		      IN ADDRESS_HISTORY.COUNTRY%TYPE,
17:13:09  16  	in_created_by		      IN ADDRESS_HISTORY.CREATED_BY%TYPE,
17:13:09  17  	in_create_date		      IN ADDRESS_HISTORY.CREATE_DATE%TYPE,
17:13:09  18  	in_updated_by		      IN ADDRESS_HISTORY.UPDATED_BY%TYPE,
17:13:09  19  	in_update_date		      IN ADDRESS_HISTORY.UPDATE_DATE%TYPE
17:13:09  20  );
17:13:09  21  
17:13:09  22  PROCEDURE CREATE_ACCOUNT_HISTORY (
17:13:09  23  /*
17:13:09  24  Throws exceptions:
17:13:09  25  APP_EXCEPTION_CODES_V15.UNKNOWN_ERROR
17:13:09  26  */
17:13:09  27  	in_account_id		      IN NUMBER,
17:13:09  28  	in_suspend_date 	      IN DATE,
17:13:09  29  	in_group_id		      IN NUMBER,
17:13:09  30  	in_created_by		      IN VARCHAR2,
17:13:09  31  	in_create_date		      IN DATE,
17:13:09  32  	in_system_activity_reason_id  IN NUMBER,
17:13:09  33  	in_account_status_id	      IN NUMBER,
17:13:09  34  	in_instrument_type_id	      IN NUMBER,
17:13:09  35  	in_instrument_id	      IN NUMBER
17:13:09  36  );
17:13:09  37  
17:13:09  38  PROCEDURE CREATE_SUBSCRIPTION_HISTORY (
17:13:09  39  /*
17:13:09  40  Throws exceptions:
17:13:09  41  APP_EXCEPTION_CODES_V15.UNKNOWN_ERROR
17:13:09  42  */
17:13:09  43  	in_subscription_id	     IN  NUMBER,
17:13:09  44  	in_account_id		     IN NUMBER,
17:13:09  45  	in_purchase_date	     IN DATE,
17:13:09  46  	in_offer_chain_id	     IN NUMBER,
17:13:09  47  	in_suspend_date 	     IN DATE,
17:13:09  48  	in_termination_date	     IN DATE,
17:13:09  49  	in_days_remaining_adjustment IN NUMBER,
17:13:09  50  	in_cancellation_type_id      IN NUMBER,
17:13:09  51  	in_created_by		     IN  VARCHAR2,
17:13:09  52  	in_create_date		     IN DATE,
17:13:09  53  	in_system_activity_reason_id IN  NUMBER
17:13:09  54  );
17:13:09  55  
17:13:09  56  PROCEDURE CREATE_CREDIT_CARD_HISTORY (
17:13:09  57  /*
17:13:09  58  Throws exceptions:
17:13:09  59  APP_EXCEPTION_CODES_V15.UNKNOWN_ERROR
17:13:09  60  */
17:13:09  61  	in_credit_card_id	      IN  NUMBER,
17:13:09  62  	in_account_id		      IN NUMBER,
17:13:09  63  	in_instrument_name	      IN VARCHAR2,
17:13:09  64  	in_private_card_holder_name   IN VARCHAR2,
17:13:09  65  	in_private_street_address     IN VARCHAR2,
17:13:09  66  	in_private_street_address2    IN VARCHAR2,
17:13:09  67  	in_state		      IN VARCHAR2,
17:13:09  68  	in_city 		      IN VARCHAR2,
17:13:09  69  	in_postal_code		      IN VARCHAR2,
17:13:09  70  	in_country		      IN CHAR,
17:13:09  71  	in_last_four_cc 	      IN VARCHAR2,
17:13:09  72  	in_expiration_date	      IN DATE,
17:13:09  73  	in_credit_card_type_id	      IN NUMBER,
17:13:09  74  	in_secret_token 	      IN VARCHAR2,
17:13:09  75  	in_chase_profile_id	      IN VARCHAR2,
17:13:09  76  	in_credit_card_status_id      IN NUMBER,
17:13:09  77  	in_created_by		      IN  VARCHAR2,
17:13:09  78  	in_create_date		      IN DATE,
17:13:09  79  	in_system_activity_reason_id  IN  NUMBER
17:13:09  80  );
17:13:09  81  
17:13:09  82  PROCEDURE CREATE_PAYPAL_HISTORY (
17:13:09  83  /*
17:13:09  84  Throws exceptions:
17:13:09  85  APP_EXCEPTION_CODES_V15.UNKNOWN_ERROR
17:13:09  86  */
17:13:09  87  	in_paypal_id			IN NUMBER,
17:13:09  88  	in_account_id			IN NUMBER,
17:13:09  89  	in_instrument_name		IN VARCHAR2,
17:13:09  90  	in_private_email_address	IN VARCHAR2,
17:13:09  91  	in_created_by			IN VARCHAR2,
17:13:09  92  	in_create_date			IN DATE,
17:13:09  93  	in_paypal_status_id		IN NUMBER,
17:13:09  94  	in_paypal_prvt_street_address	IN VARCHAR2,
17:13:09  95  	in_paypal_prvt_street_address2	IN VARCHAR2,
17:13:09  96  	in_state			IN VARCHAR2,
17:13:09  97  	in_city 			IN VARCHAR2,
17:13:09  98  	in_postal_code			IN VARCHAR2,
17:13:09  99  	in_country			IN CHAR,
17:13:09 100  	in_expiration_date		IN DATE,
17:13:09 101  	in_system_activity_reason_id	IN NUMBER,
17:13:09 102  	in_secret_token 		IN VARCHAR2
17:13:09 103  );
17:13:09 104  
17:13:09 105  PROCEDURE CREATE_TRANSACTION_HISTORY (
17:13:09 106  /*
17:13:09 107  Throws exceptions:
17:13:09 108  APP_EXCEPTION_CODES_V15.UNKNOWN_ERROR
17:13:09 109  */
17:13:09 110  	in_transaction_id	     IN NUMBER,
17:13:09 111  	in_transaction_status_id     IN NUMBER,
17:13:09 112  	in_transaction_amount	     IN NUMBER,
17:13:09 113  	in_created_by		     IN VARCHAR2,
17:13:09 114  	in_create_date		     IN DATE,
17:13:09 115  	in_system_activity_reason_id IN NUMBER
17:13:09 116  );
17:13:09 117  
17:13:09 118  PROCEDURE CREATE_GIFT_CERT_HISTORY (
17:13:09 119  	in_gift_certificate_id	      IN NUMBER,
17:13:09 120  	in_purchaser_group_id	      IN NUMBER,
17:13:09 121  	in_purchase_invoice_id	      IN NUMBER,
17:13:09 122  	in_offer_chain_id	      IN NUMBER,
17:13:09 123  	in_expiration_date	      IN DATE,
17:13:09 124  	in_purchase_date	      IN DATE,
17:13:09 125  	in_gift_certificate_status_id IN NUMBER,
17:13:09 126  	in_code 		      IN VARCHAR2,
17:13:09 127  	in_created_by		      IN VARCHAR2,
17:13:09 128  	in_create_date		      IN DATE,
17:13:09 129  	in_system_activity_reason_id  IN NUMBER,
17:13:09 130  	in_recipient_name	      IN VARCHAR2,
17:13:09 131  	in_gift_message 	      IN VARCHAR2,
17:13:09 132  	in_recipient_email	      IN VARCHAR2,
17:13:09 133  	in_finalized_invoice_id       IN NUMBER,
17:13:09 134  	in_sender_email 	      IN VARCHAR2,
17:13:09 135  	in_sender_name		      IN VARCHAR2,
17:13:09 136  	in_redemption_date	      IN DATE,
17:13:09 137  	in_redeemer_group_id	      IN NUMBER,
17:13:09 138  	in_cancelation_date	      IN DATE,
17:13:09 139  	in_recipient_address_id       IN NUMBER,
17:13:09 140  	in_redeemer_address_id	      IN NUMBER,
17:13:09 141  	in_recipient_notify_date      IN DATE
17:13:09 142  );
17:13:09 143  
17:13:09 144  PROCEDURE CREATE_INVOICE_HISTORY (
17:13:09 145  /*
17:13:09 146  Throws exceptions:
17:13:09 147  APP_EXCEPTION_CODES_V15.UNKNOWN_ERROR
17:13:09 148  */
17:13:09 149  	in_invoice_id		     IN NUMBER,
17:13:09 150  	in_invoice_status_id	     IN NUMBER,
17:13:09 151  	in_created_by		     IN VARCHAR2,
17:13:09 152  	in_create_date		     IN DATE,
17:13:09 153  	in_system_activity_reason_id IN NUMBER
17:13:09 154  );
17:13:09 155  
17:13:09 156  PROCEDURE CREATE_LICENSE_HISTORY (
17:13:09 157  /*
17:13:09 158  Throws exceptions:
17:13:09 159  APP_EXCEPTION_CODES_V15.UNKNOWN_ERROR
17:13:09 160  */
17:13:09 161  	in_license_id		    IN NUMBER,
17:13:09 162  	in_license_status_id	    IN NUMBER,
17:13:09 163  	in_needs_entitlements	    IN NUMBER,
17:13:09 164  	in_start_date		    IN DATE,
17:13:09 165  	in_offer_id		    IN NUMBER,
17:13:09 166  	in_subscription_id	    IN NUMBER,
17:13:09 167  	in_invoice_id		    IN NUMBER,
17:13:09 168  	in_end_date		    IN DATE,
17:13:09 169  	in_created_by		    IN VARCHAR2,
17:13:09 170  	in_create_date		    IN DATE,
17:13:09 171  	in_is_extension 	    IN NUMBER,
17:13:09 172  	in_current_offer_index	    IN NUMBER,
17:13:09 173  	in_current_offer_recurr_num IN NUMBER,
17:13:09 174  	in_system_activity_reason_id IN NUMBER,
17:13:09 175  	in_entitlement_end_date      IN DATE
17:13:09 176  );
17:13:09 177  
17:13:09 178  PROCEDURE CREATE_CHARGE_HISTORY (
17:13:09 179  /*
17:13:09 180  Throws exceptions:
17:13:09 181  APP_EXCEPTION_CODES_V15.UNKNOWN_ERROR
17:13:09 182  */
17:13:09 183  	in_charge_id		     IN NUMBER,
17:13:09 184  	in_invoice_id		     IN NUMBER,
17:13:09 185  	in_transaction_id	     IN NUMBER,
17:13:09 186  	in_instrument_type_id	     IN NUMBER,
17:13:09 187  	in_instrument_id	     IN NUMBER,
17:13:09 188  	in_charge_amount	     IN NUMBER,
17:13:09 189  	in_created_by		     IN VARCHAR2,
17:13:09 190  	in_create_date		     IN DATE,
17:13:09 191  	in_charge_status_id	     IN NUMBER,
17:13:09 192  	in_system_activity_reason_id IN NUMBER
17:13:09 193  );
17:13:09 194  
17:13:09 195  PROCEDURE CREATE_ITUNES_RECEIPT_HISTORY (
17:13:09 196  /*
17:13:09 197  Throws exceptions:
17:13:09 198  APP_EXCEPTION_CODES_V15.UNKNOWN_ERROR
17:13:09 199  */
17:13:09 200  /*
17:13:09 201  CREATE TABLE ITUNES_RECEIPT (
17:13:09 202  	id NUMBER NOT NULL ENABLE,
17:13:09 203  	subscription_id NUMBER NOT NULL ENABLE,
17:13:09 204  	receipt VARCHAR(1024) NOT NULL ENABLE,
17:13:09 205  	status NUMBER,
17:13:09 206  	quantity NUMBER,
17:13:09 207  	product_id VARCHAR(1024),
17:13:09 208  	transaction_id VARCHAR(1024),
17:13:09 209  	purchase_date TIMESTAMP,
17:13:09 210  	original_transaction_id VARCHAR(1024),
17:13:09 211  	original_purchase_date TIMESTAMP,
17:13:09 212  	app_item_id VARCHAR(1024),
17:13:09 213  	version_external_id NUMBER,
17:13:09 214  	bid VARCHAR(1024),
17:13:09 215  	bvrs VARCHAR(255),
17:13:09 216  	expires_date TIMESTAMP,
17:13:09 217  	create_date DATE NOT NULL,
17:13:09 218  	created_by VARCHAR(255) NOT NULL,
17:13:09 219  	update_date DATE NOT NULL,
17:13:09 220  	updated_by VARCHAR(255) NOT NULL,
17:13:09 221  	last_check_date DATE NOT NULL,
17:13:09 222  	CONSTRAINT "ITUNESRECEIPT_PK" PRIMARY KEY ("ID") USING INDEX TABLESPACE "CORE_IDX" ENABLE,
17:13:09 223  	CONSTRAINT "ITUNESRECEIPT_SUBID_FK" FOREIGN KEY ("SUBSCRIPTION_ID") REFERENCES SUBSCRIPTION(ID) USING INDEX TABLESPACE "CORE_IDX" ENABLE,
17:13:09 224  	CONSTRAINT "ITUNESRECEIPT_RECEIPT_UK" UNIQUE(receipt) USING INDEX TABLESPACE "CORE_IDX" ENABLE,
17:13:09 225  	CONSTRAINT "ITUNESRECEIPT_SUBID_UK" UNIQUE(subscription_id) USING INDEX TABLESPACE "CORE_IDX" ENABLE
17:13:09 226  )
17:13:09 227  TABLESPACE CORE;
17:13:09 228  */
17:13:09 229  	in_id		    IN CORE_HIST_OWNER.ITUNES_RECEIPT_HISTORY.ID%TYPE,
17:13:09 230  	in_subscription_id  IN CORE_HIST_OWNER.ITUNES_RECEIPT_HISTORY.SUBSCRIPTION_ID%TYPE,
17:13:09 231  	in_receipt	    IN CORE_HIST_OWNER.ITUNES_RECEIPT_HISTORY.RECEIPT%TYPE,
17:13:09 232  	in_status	    IN CORE_HIST_OWNER.ITUNES_RECEIPT_HISTORY.STATUS%TYPE,
17:13:09 233  	in_quantity	    IN CORE_HIST_OWNER.ITUNES_RECEIPT_HISTORY.QUANTITY%TYPE,
17:13:09 234  	in_product_id	    IN CORE_HIST_OWNER.ITUNES_RECEIPT_HISTORY.PRODUCT_ID%TYPE,
17:13:09 235  	in_transaction_id   IN CORE_HIST_OWNER.ITUNES_RECEIPT_HISTORY.TRANSACTION_ID%TYPE,
17:13:09 236  	in_purchase_date    IN CORE_HIST_OWNER.ITUNES_RECEIPT_HISTORY.PURCHASE_DATE%TYPE,
17:13:09 237  	in_original_transaction_id IN CORE_HIST_OWNER.ITUNES_RECEIPT_HISTORY.ORIGINAL_TRANSACTION_ID%TYPE,
17:13:09 238  	in_original_purchase_date IN CORE_HIST_OWNER.ITUNES_RECEIPT_HISTORY.ORIGINAL_PURCHASE_DATE%TYPE,
17:13:09 239  	in_app_item_id	    IN CORE_HIST_OWNER.ITUNES_RECEIPT_HISTORY.APP_ITEM_ID%TYPE,
17:13:09 240  	in_version_external_id IN CORE_HIST_OWNER.ITUNES_RECEIPT_HISTORY.VERSION_EXTERNAL_ID%TYPE,
17:13:09 241  	in_bid		    IN CORE_HIST_OWNER.ITUNES_RECEIPT_HISTORY.BID%TYPE,
17:13:09 242  	in_bvrs 	    IN CORE_HIST_OWNER.ITUNES_RECEIPT_HISTORY.BVRS%TYPE,
17:13:09 243  	in_expires_date     IN CORE_HIST_OWNER.ITUNES_RECEIPT_HISTORY.EXPIRES_DATE%TYPE,
17:13:09 244  	in_create_date	    IN CORE_HIST_OWNER.ITUNES_RECEIPT_HISTORY.CREATE_DATE%TYPE,
17:13:09 245  	in_created_by	    IN CORE_HIST_OWNER.ITUNES_RECEIPT_HISTORY.CREATED_BY%TYPE,
17:13:09 246  	in_update_date	    IN CORE_HIST_OWNER.ITUNES_RECEIPT_HISTORY.UPDATE_DATE%TYPE,
17:13:09 247  	in_updated_by	    IN CORE_HIST_OWNER.ITUNES_RECEIPT_HISTORY.UPDATED_BY%TYPE,
17:13:09 248  	in_last_check_date  IN CORE_HIST_OWNER.ITUNES_RECEIPT_HISTORY.LAST_CHECK_DATE%TYPE,
17:13:09 249  	in_cancel_date	    IN CORE_HIST_OWNER.ITUNES_RECEIPT_HISTORY.CANCEL_DATE%TYPE
17:13:09 250  );
17:13:09 251  END PUBLIC_PROCS_CORE_V15;
17:13:09 252  .
17:13:09 SQL> /

Package created.

Elapsed: 00:00:00.12
17:13:09 SQL> 
17:13:09 SQL> CREATE OR REPLACE PACKAGE BODY "PUBLIC_PROCS_CORE_V15" AS
17:13:09   2  
17:13:09   3  PROCEDURE CREATE_ADDRESS_HISTORY (
17:13:09   4  /*
17:13:09   5  Throws exceptions:
17:13:09   6  APP_EXCEPTION_CODES_V15.NOT_FOUND
17:13:09   7  APP_EXCEPTION_CODES_V15.UNKNOWN_ERROR
17:13:09   8  */
17:13:09   9  	in_address_id		      IN ADDRESS_HISTORY.ADDRESS_ID%TYPE,
17:13:09  10  	in_system_activity_reason_id  IN ADDRESS_HISTORY.SYSTEM_ACTIVITY_REASON_ID%TYPE,
17:13:09  11  	in_address1		      IN ADDRESS_HISTORY.ADDRESS1%TYPE,
17:13:09  12  	in_address2		      IN ADDRESS_HISTORY.ADDRESS2%TYPE,
17:13:09  13  	in_city 		      IN ADDRESS_HISTORY.CITY%TYPE,
17:13:09  14  	in_state		      IN ADDRESS_HISTORY.STATE%TYPE,
17:13:09  15  	in_postal_code		      IN ADDRESS_HISTORY.POSTAL_CODE%TYPE,
17:13:09  16  	in_country		      IN ADDRESS_HISTORY.COUNTRY%TYPE,
17:13:09  17  	in_created_by		      IN ADDRESS_HISTORY.CREATED_BY%TYPE,
17:13:09  18  	in_create_date		      IN ADDRESS_HISTORY.CREATE_DATE%TYPE,
17:13:09  19  	in_updated_by		      IN ADDRESS_HISTORY.UPDATED_BY%TYPE,
17:13:09  20  	in_update_date		      IN ADDRESS_HISTORY.UPDATE_DATE%TYPE
17:13:09  21  ) AS
17:13:09  22  BEGIN
17:13:09  23  	PROCS_HISTORY_V15.CREATE_ADDRESS_HISTORY(
17:13:09  24  	in_address_id,
17:13:09  25  	in_system_activity_reason_id,
17:13:09  26  	in_address1,
17:13:09  27  	in_address2,
17:13:09  28  	in_city,
17:13:09  29  	in_state,
17:13:09  30  	in_postal_code,
17:13:09  31  	in_country,
17:13:09  32  	in_created_by,
17:13:09  33  	in_create_date,
17:13:09  34  	in_updated_by,
17:13:09  35  	in_update_date
17:13:09  36  	);
17:13:09  37  END CREATE_ADDRESS_HISTORY;
17:13:09  38  
17:13:09  39  PROCEDURE CREATE_ACCOUNT_HISTORY (
17:13:09  40  /*
17:13:09  41  Throws exceptions:
17:13:09  42  APP_EXCEPTION_CODES_V15.NOT_FOUND
17:13:09  43  APP_EXCEPTION_CODES_V15.UNKNOWN_ERROR
17:13:09  44  */
17:13:09  45  	in_account_id		      IN NUMBER,
17:13:09  46  	in_suspend_date 	      IN DATE,
17:13:09  47  	in_group_id		      IN NUMBER,
17:13:09  48  	in_created_by		      IN VARCHAR2,
17:13:09  49  	in_create_date		      IN DATE,
17:13:09  50  	in_system_activity_reason_id  IN NUMBER,
17:13:09  51  	in_account_status_id	      IN NUMBER,
17:13:09  52  	in_instrument_type_id	      IN NUMBER,
17:13:09  53  	in_instrument_id	      IN NUMBER
17:13:09  54  ) AS
17:13:09  55  BEGIN
17:13:09  56  	PROCS_HISTORY_V15.CREATE_ACCOUNT_HISTORY(
17:13:09  57  	  in_account_id,
17:13:09  58  	  in_suspend_date,
17:13:09  59  	  in_group_id,
17:13:09  60  	  in_created_by,
17:13:09  61  	  in_create_date,
17:13:09  62  	  in_system_activity_reason_id,
17:13:09  63  	  in_account_status_id,
17:13:09  64  	  in_instrument_type_id,
17:13:09  65  	  in_instrument_id
17:13:09  66  	);
17:13:09  67  END CREATE_ACCOUNT_HISTORY;
17:13:09  68  
17:13:09  69  PROCEDURE CREATE_SUBSCRIPTION_HISTORY (
17:13:09  70  /*
17:13:09  71  Throws exceptions:
17:13:09  72  APP_EXCEPTION_CODES_V15.UNKNOWN_ERROR
17:13:09  73  */
17:13:09  74  	in_subscription_id	     IN  NUMBER,
17:13:09  75  	in_account_id		     IN NUMBER,
17:13:09  76  	in_purchase_date	     IN DATE,
17:13:09  77  	in_offer_chain_id	     IN NUMBER,
17:13:09  78  	in_suspend_date 	     IN DATE,
17:13:09  79  	in_termination_date	     IN DATE,
17:13:09  80  	in_days_remaining_adjustment IN NUMBER,
17:13:09  81  	in_cancellation_type_id      IN NUMBER,
17:13:09  82  	in_created_by		     IN  VARCHAR2,
17:13:09  83  	in_create_date		     IN DATE,
17:13:09  84  	in_system_activity_reason_id IN  NUMBER
17:13:09  85  ) AS
17:13:09  86  BEGIN
17:13:09  87  	PROCS_HISTORY_V15.CREATE_SUBSCRIPTION_HISTORY(
17:13:09  88  	  in_subscription_id,
17:13:09  89  	  in_account_id,
17:13:09  90  	  in_purchase_date,
17:13:09  91  	  in_offer_chain_id,
17:13:09  92  	  in_suspend_date,
17:13:09  93  	  in_termination_date,
17:13:09  94  	  in_days_remaining_adjustment,
17:13:09  95  	  in_cancellation_type_id,
17:13:09  96  	  in_created_by,
17:13:09  97  	  in_create_date,
17:13:09  98  	  in_system_activity_reason_id
17:13:09  99  	);
17:13:09 100  END CREATE_SUBSCRIPTION_HISTORY;
17:13:09 101  
17:13:09 102  PROCEDURE CREATE_CREDIT_CARD_HISTORY (
17:13:09 103  /*
17:13:09 104  Throws exceptions:
17:13:09 105  APP_EXCEPTION_CODES_V15.UNKNOWN_ERROR
17:13:09 106  */
17:13:09 107  	in_credit_card_id	      IN  NUMBER,
17:13:09 108  	in_account_id		      IN NUMBER,
17:13:09 109  	in_instrument_name	      IN VARCHAR2,
17:13:09 110  	in_private_card_holder_name   IN VARCHAR2,
17:13:09 111  	in_private_street_address     IN VARCHAR2,
17:13:09 112  	in_private_street_address2    IN VARCHAR2,
17:13:09 113  	in_state		      IN VARCHAR2,
17:13:09 114  	in_city 		      IN VARCHAR2,
17:13:09 115  	in_postal_code		      IN VARCHAR2,
17:13:09 116  	in_country		      IN CHAR,
17:13:09 117  	in_last_four_cc 	      IN VARCHAR2,
17:13:09 118  	in_expiration_date	      IN DATE,
17:13:09 119  	in_credit_card_type_id	      IN NUMBER,
17:13:09 120  	in_secret_token 	      IN VARCHAR2,
17:13:09 121  	in_chase_profile_id	      IN VARCHAR2,
17:13:09 122  	in_credit_card_status_id      IN NUMBER,
17:13:09 123  	in_created_by		      IN  VARCHAR2,
17:13:09 124  	in_create_date		      IN DATE,
17:13:09 125  	in_system_activity_reason_id  IN  NUMBER
17:13:09 126  ) AS
17:13:09 127  BEGIN
17:13:09 128  	PROCS_HISTORY_V15.CREATE_CREDIT_CARD_HISTORY(
17:13:09 129  	  in_credit_card_id,
17:13:09 130  	  in_account_id,
17:13:09 131  	  in_instrument_name,
17:13:09 132  	  in_private_card_holder_name,
17:13:09 133  	  in_private_street_address,
17:13:09 134  	  in_private_street_address2,
17:13:09 135  	  in_state,
17:13:09 136  	  in_city,
17:13:09 137  	  in_postal_code,
17:13:09 138  	  in_country,
17:13:09 139  	  in_last_four_cc,
17:13:09 140  	  in_expiration_date,
17:13:09 141  	  in_credit_card_type_id,
17:13:09 142  	  in_secret_token,
17:13:09 143  	  in_chase_profile_id,
17:13:09 144  	  in_credit_card_status_id,
17:13:09 145  	  in_created_by,
17:13:09 146  	  in_create_date,
17:13:09 147  	  in_system_activity_reason_id
17:13:09 148  );
17:13:09 149  END CREATE_CREDIT_CARD_HISTORY;
17:13:09 150  
17:13:09 151  /***************************************************************/
17:13:09 152  
17:13:09 153  PROCEDURE CREATE_PAYPAL_HISTORY (
17:13:09 154  /*
17:13:09 155  Throws exceptions:
17:13:09 156  APP_EXCEPTION_CODES_V15.UNKNOWN_ERROR
17:13:09 157  */
17:13:09 158  	in_paypal_id			IN NUMBER,
17:13:09 159  	in_account_id			IN NUMBER,
17:13:09 160  	in_instrument_name		IN VARCHAR2,
17:13:09 161  	in_private_email_address	IN VARCHAR2,
17:13:09 162  	in_created_by			IN VARCHAR2,
17:13:09 163  	in_create_date			IN DATE,
17:13:09 164  	in_paypal_status_id		IN NUMBER,
17:13:09 165  	in_paypal_prvt_street_address	IN VARCHAR2,
17:13:09 166  	in_paypal_prvt_street_address2	IN VARCHAR2,
17:13:09 167  	in_state			IN VARCHAR2,
17:13:09 168  	in_city 			IN VARCHAR2,
17:13:09 169  	in_postal_code			IN VARCHAR2,
17:13:09 170  	in_country			IN CHAR,
17:13:09 171  	in_expiration_date		IN DATE,
17:13:09 172  	in_system_activity_reason_id	IN NUMBER,
17:13:09 173  	in_secret_token 		IN VARCHAR2
17:13:09 174  ) AS
17:13:09 175  BEGIN
17:13:09 176  	PROCS_HISTORY_V15.CREATE_PAYPAL_HISTORY(
17:13:09 177  	  in_paypal_id,
17:13:09 178  	  in_account_id,
17:13:09 179  	  in_instrument_name,
17:13:09 180  	  in_private_email_address,
17:13:09 181  	  in_created_by,
17:13:09 182  	  in_create_date,
17:13:09 183  	  in_paypal_status_id,
17:13:09 184  	  in_paypal_prvt_street_address,
17:13:09 185  	  in_paypal_prvt_street_address2,
17:13:09 186  	  in_state,
17:13:09 187  	  in_city,
17:13:09 188  	  in_postal_code,
17:13:09 189  	  in_country,
17:13:09 190  	  in_expiration_date,
17:13:09 191  	  in_system_activity_reason_id,
17:13:09 192  	  in_secret_token
17:13:09 193  	);
17:13:09 194  END;
17:13:09 195  
17:13:09 196  /***************************************************************/
17:13:09 197  
17:13:09 198  PROCEDURE CREATE_TRANSACTION_HISTORY (
17:13:09 199  /*
17:13:09 200  Throws exceptions:
17:13:09 201  APP_EXCEPTION_CODES_V15.UNKNOWN_ERROR
17:13:09 202  */
17:13:09 203  	in_transaction_id	     IN NUMBER,
17:13:09 204  	in_transaction_status_id     IN NUMBER,
17:13:09 205  	in_transaction_amount	     IN NUMBER,
17:13:09 206  	in_created_by		     IN VARCHAR2,
17:13:09 207  	in_create_date		     IN DATE,
17:13:09 208  	in_system_activity_reason_id IN NUMBER
17:13:09 209  ) AS
17:13:09 210  BEGIN
17:13:09 211  	PROCS_HISTORY_V15.CREATE_TRANSACTION_HISTORY(
17:13:09 212  	  in_transaction_id,
17:13:09 213  	  in_transaction_status_id,
17:13:09 214  	  in_transaction_amount,
17:13:09 215  	  in_created_by,
17:13:09 216  	  in_create_date,
17:13:09 217  	  in_system_activity_reason_id
17:13:09 218  	);
17:13:09 219  END CREATE_TRANSACTION_HISTORY;
17:13:09 220  
17:13:09 221  /***************************************************************/
17:13:09 222  
17:13:09 223  PROCEDURE CREATE_GIFT_CERT_HISTORY (
17:13:09 224  	in_gift_certificate_id	      IN NUMBER,
17:13:09 225  	in_purchaser_group_id	      IN NUMBER,
17:13:09 226  	in_purchase_invoice_id	      IN NUMBER,
17:13:09 227  	in_offer_chain_id	      IN NUMBER,
17:13:09 228  	in_expiration_date	      IN DATE,
17:13:09 229  	in_purchase_date	      IN DATE,
17:13:09 230  	in_gift_certificate_status_id IN NUMBER,
17:13:09 231  	in_code 		      IN VARCHAR2,
17:13:09 232  	in_created_by		      IN VARCHAR2,
17:13:09 233  	in_create_date		      IN DATE,
17:13:09 234  	in_system_activity_reason_id  IN NUMBER,
17:13:09 235  	in_recipient_name	      IN VARCHAR2,
17:13:09 236  	in_gift_message 	      IN VARCHAR2,
17:13:09 237  	in_recipient_email	      IN VARCHAR2,
17:13:09 238  	in_finalized_invoice_id       IN NUMBER,
17:13:09 239  	in_sender_email 	      IN VARCHAR2,
17:13:09 240  	in_sender_name		      IN VARCHAR2,
17:13:09 241  	in_redemption_date	      IN DATE,
17:13:09 242  	in_redeemer_group_id	      IN NUMBER,
17:13:09 243  	in_cancelation_date	      IN DATE,
17:13:09 244  	in_recipient_address_id       IN NUMBER,
17:13:09 245  	in_redeemer_address_id	      IN NUMBER,
17:13:09 246  	in_recipient_notify_date      IN DATE
17:13:09 247  ) AS
17:13:09 248  BEGIN
17:13:09 249  	PROCS_HISTORY_V15.CREATE_GIFT_CERT_HISTORY(
17:13:09 250  	  in_gift_certificate_id,
17:13:09 251  	  in_purchaser_group_id,
17:13:09 252  	  in_purchase_invoice_id,
17:13:09 253  	  in_offer_chain_id,
17:13:09 254  	  in_expiration_date,
17:13:09 255  	  in_purchase_date,
17:13:09 256  	  in_gift_certificate_status_id,
17:13:09 257  	  in_code,
17:13:09 258  	  in_created_by,
17:13:09 259  	  in_create_date,
17:13:09 260  	  in_system_activity_reason_id,
17:13:09 261  	  in_recipient_name,
17:13:09 262  	  in_gift_message,
17:13:09 263  	  in_recipient_email,
17:13:09 264  	  in_finalized_invoice_id,
17:13:09 265  	  in_sender_email,
17:13:09 266  	  in_sender_name,
17:13:09 267  	  in_redemption_date,
17:13:09 268  	  in_redeemer_group_id,
17:13:09 269  	  in_cancelation_date,
17:13:09 270  	  in_recipient_address_id,
17:13:09 271  	  in_redeemer_address_id,
17:13:09 272  	  in_recipient_notify_date
17:13:09 273  	);
17:13:09 274  END CREATE_GIFT_CERT_HISTORY;
17:13:09 275  
17:13:09 276  /***************************************************************/
17:13:09 277  
17:13:09 278  PROCEDURE CREATE_INVOICE_HISTORY (
17:13:09 279  	in_invoice_id		     IN NUMBER,
17:13:09 280  	in_invoice_status_id	     IN NUMBER,
17:13:09 281  	in_created_by		     IN VARCHAR2,
17:13:09 282  	in_create_date		     IN DATE,
17:13:09 283  	in_system_activity_reason_id IN NUMBER
17:13:09 284  ) AS
17:13:09 285  BEGIN
17:13:09 286  	PROCS_HISTORY_V15.CREATE_INVOICE_HISTORY (
17:13:09 287  	  in_invoice_id,
17:13:09 288  	  in_invoice_status_id,
17:13:09 289  	  in_created_by,
17:13:09 290  	  in_create_date,
17:13:09 291  	  in_system_activity_reason_id
17:13:09 292  	);
17:13:09 293  END CREATE_INVOICE_HISTORY;
17:13:09 294  
17:13:09 295  /***************************************************************/
17:13:09 296  
17:13:09 297  PROCEDURE CREATE_LICENSE_HISTORY (
17:13:09 298  /*
17:13:09 299  Throws exceptions:
17:13:09 300  APP_EXCEPTION_CODES_V15.UNKNOWN_ERROR
17:13:09 301  */
17:13:09 302  	in_license_id		    IN NUMBER,
17:13:09 303  	in_license_status_id	    IN NUMBER,
17:13:09 304  	in_needs_entitlements	    IN NUMBER,
17:13:09 305  	in_start_date		    IN DATE,
17:13:09 306  	in_offer_id		    IN NUMBER,
17:13:09 307  	in_subscription_id	    IN NUMBER,
17:13:09 308  	in_invoice_id		    IN NUMBER,
17:13:09 309  	in_end_date		    IN DATE,
17:13:09 310  	in_created_by		    IN VARCHAR2,
17:13:09 311  	in_create_date		    IN DATE,
17:13:09 312  	in_is_extension 	    IN NUMBER,
17:13:09 313  	in_current_offer_index	    IN NUMBER,
17:13:09 314  	in_current_offer_recurr_num IN NUMBER,
17:13:09 315  	in_system_activity_reason_id IN NUMBER,
17:13:09 316  	in_entitlement_end_date      IN DATE
17:13:09 317  ) AS
17:13:09 318  BEGIN
17:13:09 319  	PROCS_HISTORY_V15.CREATE_LICENSE_HISTORY (
17:13:09 320  	  in_license_id,
17:13:09 321  	  in_license_status_id,
17:13:09 322  	  in_needs_entitlements,
17:13:09 323  	  in_start_date,
17:13:09 324  	  in_offer_id,
17:13:09 325  	  in_subscription_id,
17:13:09 326  	  in_invoice_id,
17:13:09 327  	  in_end_date,
17:13:09 328  	  in_created_by,
17:13:09 329  	  in_create_date,
17:13:09 330  	  in_is_extension,
17:13:09 331  	  in_current_offer_index,
17:13:09 332  	  in_current_offer_recurr_num,
17:13:09 333  	  in_system_activity_reason_id,
17:13:09 334  	  in_entitlement_end_date
17:13:09 335  	);
17:13:09 336  END CREATE_LICENSE_HISTORY;
17:13:09 337  
17:13:09 338  /***************************************************************/
17:13:09 339  
17:13:09 340  PROCEDURE CREATE_CHARGE_HISTORY (
17:13:09 341  /*
17:13:09 342  Throws exceptions:
17:13:09 343  APP_EXCEPTION_CODES_V15.UNKNOWN_ERROR
17:13:09 344  */
17:13:09 345  	in_charge_id		     IN NUMBER,
17:13:09 346  	in_invoice_id		     IN NUMBER,
17:13:09 347  	in_transaction_id	     IN NUMBER,
17:13:09 348  	in_instrument_type_id	     IN NUMBER,
17:13:09 349  	in_instrument_id	     IN NUMBER,
17:13:09 350  	in_charge_amount	     IN NUMBER,
17:13:09 351  	in_created_by		     IN VARCHAR2,
17:13:09 352  	in_create_date		     IN DATE,
17:13:09 353  	in_charge_status_id	     IN NUMBER,
17:13:09 354  	in_system_activity_reason_id IN NUMBER
17:13:09 355  ) AS
17:13:09 356  BEGIN
17:13:09 357  	PROCS_HISTORY_V15.CREATE_CHARGE_HISTORY (
17:13:09 358  	  in_charge_id,
17:13:09 359  	  in_invoice_id,
17:13:09 360  	  in_transaction_id,
17:13:09 361  	  in_instrument_type_id,
17:13:09 362  	  in_instrument_id,
17:13:09 363  	  in_charge_amount,
17:13:09 364  	  in_created_by,
17:13:09 365  	  in_create_date,
17:13:09 366  	  in_charge_status_id,
17:13:09 367  	  in_system_activity_reason_id
17:13:09 368  	);
17:13:09 369  END;
17:13:09 370  
17:13:09 371  PROCEDURE CREATE_ITUNES_RECEIPT_HISTORY (
17:13:09 372  /*
17:13:09 373  Throws exceptions:
17:13:09 374  APP_EXCEPTION_CODES_V15.UNKNOWN_ERROR
17:13:09 375  */
17:13:09 376  /*
17:13:09 377  CREATE TABLE ITUNES_RECEIPT (
17:13:09 378  	id NUMBER NOT NULL ENABLE,
17:13:09 379  	subscription_id NUMBER NOT NULL ENABLE,
17:13:09 380  	receipt VARCHAR(1024) NOT NULL ENABLE,
17:13:09 381  	status NUMBER,
17:13:09 382  	quantity NUMBER,
17:13:09 383  	product_id VARCHAR(1024),
17:13:09 384  	transaction_id VARCHAR(1024),
17:13:09 385  	purchase_date TIMESTAMP,
17:13:09 386  	original_transaction_id VARCHAR(1024),
17:13:09 387  	original_purchase_date TIMESTAMP,
17:13:09 388  	app_item_id VARCHAR(1024),
17:13:09 389  	version_external_id NUMBER,
17:13:09 390  	bid VARCHAR(1024),
17:13:09 391  	bvrs VARCHAR(255),
17:13:09 392  	expires_date TIMESTAMP,
17:13:09 393  	create_date DATE NOT NULL,
17:13:09 394  	created_by VARCHAR(255) NOT NULL,
17:13:09 395  	update_date DATE NOT NULL,
17:13:09 396  	updated_by VARCHAR(255) NOT NULL,
17:13:09 397  	last_check_date DATE NOT NULL,
17:13:09 398  	CONSTRAINT "ITUNESRECEIPT_PK" PRIMARY KEY ("ID") USING INDEX TABLESPACE "CORE_IDX" ENABLE,
17:13:09 399  	CONSTRAINT "ITUNESRECEIPT_SUBID_FK" FOREIGN KEY ("SUBSCRIPTION_ID") REFERENCES SUBSCRIPTION(ID) USING INDEX TABLESPACE "CORE_IDX" ENABLE,
17:13:09 400  	CONSTRAINT "ITUNESRECEIPT_RECEIPT_UK" UNIQUE(receipt) USING INDEX TABLESPACE "CORE_IDX" ENABLE,
17:13:09 401  	CONSTRAINT "ITUNESRECEIPT_SUBID_UK" UNIQUE(subscription_id) USING INDEX TABLESPACE "CORE_IDX" ENABLE
17:13:09 402  )
17:13:09 403  TABLESPACE CORE;
17:13:09 404  */
17:13:09 405  	in_id		    IN CORE_HIST_OWNER.ITUNES_RECEIPT_HISTORY.ID%TYPE,
17:13:09 406  	in_subscription_id  IN CORE_HIST_OWNER.ITUNES_RECEIPT_HISTORY.SUBSCRIPTION_ID%TYPE,
17:13:09 407  	in_receipt	    IN CORE_HIST_OWNER.ITUNES_RECEIPT_HISTORY.RECEIPT%TYPE,
17:13:09 408  	in_status	    IN CORE_HIST_OWNER.ITUNES_RECEIPT_HISTORY.STATUS%TYPE,
17:13:09 409  	in_quantity	    IN CORE_HIST_OWNER.ITUNES_RECEIPT_HISTORY.QUANTITY%TYPE,
17:13:09 410  	in_product_id	    IN CORE_HIST_OWNER.ITUNES_RECEIPT_HISTORY.PRODUCT_ID%TYPE,
17:13:09 411  	in_transaction_id   IN CORE_HIST_OWNER.ITUNES_RECEIPT_HISTORY.TRANSACTION_ID%TYPE,
17:13:09 412  	in_purchase_date    IN CORE_HIST_OWNER.ITUNES_RECEIPT_HISTORY.PURCHASE_DATE%TYPE,
17:13:09 413  	in_original_transaction_id IN CORE_HIST_OWNER.ITUNES_RECEIPT_HISTORY.ORIGINAL_TRANSACTION_ID%TYPE,
17:13:09 414  	in_original_purchase_date IN CORE_HIST_OWNER.ITUNES_RECEIPT_HISTORY.ORIGINAL_PURCHASE_DATE%TYPE,
17:13:09 415  	in_app_item_id	    IN CORE_HIST_OWNER.ITUNES_RECEIPT_HISTORY.APP_ITEM_ID%TYPE,
17:13:09 416  	in_version_external_id IN CORE_HIST_OWNER.ITUNES_RECEIPT_HISTORY.VERSION_EXTERNAL_ID%TYPE,
17:13:09 417  	in_bid		    IN CORE_HIST_OWNER.ITUNES_RECEIPT_HISTORY.BID%TYPE,
17:13:09 418  	in_bvrs 	    IN CORE_HIST_OWNER.ITUNES_RECEIPT_HISTORY.BVRS%TYPE,
17:13:09 419  	in_expires_date     IN CORE_HIST_OWNER.ITUNES_RECEIPT_HISTORY.EXPIRES_DATE%TYPE,
17:13:09 420  	in_create_date	    IN CORE_HIST_OWNER.ITUNES_RECEIPT_HISTORY.CREATE_DATE%TYPE,
17:13:09 421  	in_created_by	    IN CORE_HIST_OWNER.ITUNES_RECEIPT_HISTORY.CREATED_BY%TYPE,
17:13:09 422  	in_update_date	    IN CORE_HIST_OWNER.ITUNES_RECEIPT_HISTORY.UPDATE_DATE%TYPE,
17:13:09 423  	in_updated_by	    IN CORE_HIST_OWNER.ITUNES_RECEIPT_HISTORY.UPDATED_BY%TYPE,
17:13:09 424  	in_last_check_date  IN CORE_HIST_OWNER.ITUNES_RECEIPT_HISTORY.LAST_CHECK_DATE%TYPE,
17:13:09 425  	in_cancel_date	    IN CORE_HIST_OWNER.ITUNES_RECEIPT_HISTORY.CANCEL_DATE%TYPE
17:13:09 426  ) AS
17:13:09 427  BEGIN
17:13:09 428  	PROCS_HISTORY_V15.CREATE_ITUNES_RECEIPT_HISTORY (
17:13:09 429  	  in_id => in_id,
17:13:09 430  	  in_subscription_id => in_subscription_id,
17:13:09 431  	  in_receipt => in_receipt,
17:13:09 432  	  in_status => in_status,
17:13:09 433  	  in_quantity => in_quantity,
17:13:09 434  	  in_product_id => in_product_id,
17:13:09 435  	  in_transaction_id => in_transaction_id,
17:13:09 436  	  in_purchase_date => in_purchase_date,
17:13:09 437  	  in_original_transaction_id => in_original_transaction_id,
17:13:09 438  	  in_original_purchase_date => in_original_purchase_date,
17:13:09 439  	  in_app_item_id => in_app_item_id,
17:13:09 440  	  in_version_external_id => in_version_external_id,
17:13:09 441  	  in_bid => in_bid,
17:13:09 442  	  in_bvrs => in_bvrs,
17:13:09 443  	  in_expires_date => in_expires_date,
17:13:09 444  	  in_create_date => in_create_date,
17:13:09 445  	  in_created_by => in_created_by,
17:13:09 446  	  in_update_date => in_update_date,
17:13:09 447  	  in_updated_by => in_updated_by,
17:13:09 448  	  in_last_check_date => in_last_check_date,
17:13:09 449  	  in_cancel_date => in_cancel_date
17:13:09 450  	);
17:13:09 451  END;
17:13:09 452  END PUBLIC_PROCS_CORE_V15;
17:13:09 453  .
17:13:09 SQL> /

Package body created.

Elapsed: 00:00:00.03
17:13:09 SQL> 
17:13:09 SQL> --------------------------------------------------------------------------------
17:13:09 SQL> -- DDL for package PROCS_PARTITIONS
17:13:09 SQL> --------------------------------------------------------------------------------
17:13:09 SQL> 
17:13:09 SQL> CREATE OR REPLACE PACKAGE "PROCS_PARTITIONS_V15" AS
17:13:09   2  
17:13:09   3  PROCEDURE GET_PARTITION_YEAR_MONTH (
17:13:09   4  	in_year   IN NUMBER,
17:13:09   5  	in_month  IN NUMBER,
17:13:09   6  	out_year  OUT NUMBER,
17:13:09   7  	out_month OUT NUMBER
17:13:09   8  );
17:13:09   9  
17:13:09  10  PROCEDURE ADD_TABLE_PARTITION (
17:13:09  11  	in_tablename	   IN VARCHAR2,
17:13:09  12  	in_partitionprefix IN VARCHAR2,
17:13:09  13  	in_year 	   IN NUMBER,
17:13:09  14  	in_month	   IN NUMBER
17:13:09  15  );
17:13:09  16  
17:13:09  17  PROCEDURE ADD_ACCOUNT_PARTITION(
17:13:09  18  	in_year  IN NUMBER,
17:13:09  19  	in_month IN NUMBER
17:13:09  20  );
17:13:09  21  
17:13:09  22  PROCEDURE ADD_BILLING_LOG_PARTITION(
17:13:09  23  	in_year  IN NUMBER,
17:13:09  24  	in_month IN NUMBER
17:13:09  25  );
17:13:09  26  
17:13:09  27  PROCEDURE ADD_CREDIT_CARD_PARTITION(
17:13:09  28  	in_year  IN NUMBER,
17:13:09  29  	in_month IN NUMBER
17:13:09  30  );
17:13:09  31  
17:13:09  32  PROCEDURE ADD_GCERTIFICATE_PARTITION(
17:13:09  33  	in_year  IN NUMBER,
17:13:09  34  	in_month IN NUMBER
17:13:09  35  );
17:13:09  36  
17:13:09  37  PROCEDURE ADD_OFFER_CHAIN_PARTITION(
17:13:09  38  	in_year  IN NUMBER,
17:13:09  39  	in_month IN NUMBER
17:13:09  40  );
17:13:09  41  
17:13:09  42  PROCEDURE ADD_OFF_OFFER_CHAIN_PARTITION(
17:13:09  43  	in_year  IN NUMBER,
17:13:09  44  	in_month IN NUMBER
17:13:09  45  );
17:13:09  46  
17:13:09  47  PROCEDURE ADD_PAYPAL_PARTITION(
17:13:09  48  	in_year  IN NUMBER,
17:13:09  49  	in_month IN NUMBER
17:13:09  50  );
17:13:09  51  
17:13:09  52  PROCEDURE ADD_SUBSCRIPTION_PARTITION(
17:13:09  53  	in_year  IN NUMBER,
17:13:09  54  	in_month IN NUMBER
17:13:09  55  );
17:13:09  56  
17:13:09  57  PROCEDURE ADD_TRANSACTION_PARTITION(
17:13:09  58  	in_year  IN NUMBER,
17:13:09  59  	in_month IN NUMBER
17:13:09  60  );
17:13:09  61  
17:13:09  62  PROCEDURE ADD_INVOICE_PARTITION(
17:13:09  63  	in_year  IN NUMBER,
17:13:09  64  	in_month IN NUMBER
17:13:09  65  );
17:13:09  66  
17:13:09  67  PROCEDURE ADD_LICENSE_PARTITION(
17:13:09  68  	in_year  IN NUMBER,
17:13:09  69  	in_month IN NUMBER
17:13:09  70  );
17:13:09  71  
17:13:09  72  PROCEDURE ADD_CHARGE_PARTITION(
17:13:09  73  	in_year  IN NUMBER,
17:13:09  74  	in_month IN NUMBER
17:13:09  75  );
17:13:09  76  
17:13:09  77  END PROCS_PARTITIONS_V15;
17:13:09  78  .
17:13:09 SQL> /

Package created.

Elapsed: 00:00:00.03
17:13:10 SQL> 
17:13:10 SQL> CREATE OR REPLACE PACKAGE BODY "PROCS_PARTITIONS_V15" AS
17:13:10   2  
17:13:10   3  PROCEDURE GET_PARTITION_YEAR_MONTH (
17:13:10   4  	in_year   IN NUMBER,
17:13:10   5  	in_month  IN NUMBER,
17:13:10   6  	out_year  OUT NUMBER,
17:13:10   7  	out_month OUT NUMBER
17:13:10   8  ) AS
17:13:10   9  BEGIN
17:13:10  10  	IF in_month < 12 THEN
17:13:10  11  	  out_month := in_month + 1;
17:13:10  12  	  out_year  := in_year;
17:13:10  13  	ELSIF in_month = 12 THEN
17:13:10  14  	  out_month := 1;
17:13:10  15  	  out_year  := in_year + 1;
17:13:10  16  	ELSE
17:13:10  17  	  out_month := in_month;
17:13:10  18  	  out_year  := in_year;
17:13:10  19  	END IF;
17:13:10  20  END;
17:13:10  21  
17:13:10  22  /**************************************************************/
17:13:10  23  
17:13:10  24  PROCEDURE ADD_TABLE_PARTITION (
17:13:10  25  	in_tablename	   IN VARCHAR2,
17:13:10  26  	in_partitionprefix IN VARCHAR2,
17:13:10  27  	in_year 	   IN NUMBER,
17:13:10  28  	in_month	   IN NUMBER
17:13:10  29  ) AS
17:13:10  30  -- VARIABLES
17:13:10  31  partision_year  NUMBER;
17:13:10  32  partision_month NUMBER;
17:13:10  33  -- CONSTANTS
17:13:10  34  const_max_prefix CONSTANT VARCHAR(3) := 'max';
17:13:10  35  BEGIN
17:13:10  36  	GET_PARTITION_YEAR_MONTH(in_year, in_month, partision_year, partision_month);
17:13:10  37  	EXECUTE IMMEDIATE 'ALTER TABLE '||in_tablename||' SPLIT PARTITION '||in_partitionprefix||'_'||const_max_prefix||' AT (date '''||partision_year||'-'||partision_month||'-01'') INTO (PARTITION '||in_partitionprefix||'_y'||in_year||'m'||in_month||', PARTITION '||in_partitionprefix||'_'||const_max_prefix||')';
17:13:10  38  END;
17:13:10  39  
17:13:10  40  /**************************************************************/
17:13:10  41  
17:13:10  42  PROCEDURE ADD_ACCOUNT_PARTITION(
17:13:10  43  	in_year  IN NUMBER,
17:13:10  44  	in_month IN NUMBER
17:13:10  45  ) AS
17:13:10  46  -- CONSTANTS
17:13:10  47  CONST_TABLE_NAME	     CONSTANT VARCHAR2(15) := 'ACCOUNT_HISTORY';
17:13:10  48  CONST_PARTITION_PREFIX CONSTANT VARCHAR2(7)  := 'account';
17:13:10  49  BEGIN
17:13:10  50  	ADD_TABLE_PARTITION(CONST_TABLE_NAME, CONST_PARTITION_PREFIX, in_year, in_month);
17:13:10  51  END ADD_ACCOUNT_PARTITION;
17:13:10  52  
17:13:10  53  /**************************************************************/
17:13:10  54  
17:13:10  55  PROCEDURE ADD_BILLING_LOG_PARTITION(
17:13:10  56  	in_year  IN NUMBER,
17:13:10  57  	in_month IN NUMBER
17:13:10  58  ) AS
17:13:10  59  -- CONSTANTS
17:13:10  60  CONST_TABLE_NAME	     CONSTANT VARCHAR2(28) := 'BILLING_ACTIVITY_LOG_HISTORY';
17:13:10  61  CONST_PARTITION_PREFIX CONSTANT VARCHAR2(15) := 'billing_act_log';
17:13:10  62  BEGIN
17:13:10  63  	ADD_TABLE_PARTITION(CONST_TABLE_NAME, CONST_PARTITION_PREFIX, in_year, in_month);
17:13:10  64  END ADD_BILLING_LOG_PARTITION;
17:13:10  65  
17:13:10  66  /**************************************************************/
17:13:10  67  
17:13:10  68  PROCEDURE ADD_CREDIT_CARD_PARTITION(
17:13:10  69  	in_year  IN NUMBER,
17:13:10  70  	in_month IN NUMBER
17:13:10  71  ) AS
17:13:10  72  -- CONSTANTS
17:13:10  73  CONST_TABLE_NAME	     CONSTANT VARCHAR2(19) := 'CREDIT_CARD_HISTORY';
17:13:10  74  CONST_PARTITION_PREFIX CONSTANT VARCHAR2(11) := 'credit_card';
17:13:10  75  BEGIN
17:13:10  76  	ADD_TABLE_PARTITION(CONST_TABLE_NAME, CONST_PARTITION_PREFIX, in_year, in_month);
17:13:10  77  END ADD_CREDIT_CARD_PARTITION;
17:13:10  78  
17:13:10  79  /**************************************************************/
17:13:10  80  
17:13:10  81  PROCEDURE ADD_GCERTIFICATE_PARTITION(
17:13:10  82  	in_year  IN NUMBER,
17:13:10  83  	in_month IN NUMBER
17:13:10  84  ) AS
17:13:10  85  -- CONSTANTS
17:13:10  86  CONST_TABLE_NAME	     CONSTANT VARCHAR2(24) := 'GIFT_CERTIFICATE_HISTORY';
17:13:10  87  CONST_PARTITION_PREFIX CONSTANT VARCHAR2(16) := 'gift_certificate';
17:13:10  88  BEGIN
17:13:10  89  	ADD_TABLE_PARTITION(CONST_TABLE_NAME, CONST_PARTITION_PREFIX, in_year, in_month);
17:13:10  90  END ADD_GCERTIFICATE_PARTITION;
17:13:10  91  
17:13:10  92  /**************************************************************/
17:13:10  93  
17:13:10  94  PROCEDURE ADD_OFFER_CHAIN_PARTITION(
17:13:10  95  	in_year  IN NUMBER,
17:13:10  96  	in_month IN NUMBER
17:13:10  97  ) AS
17:13:10  98  -- CONSTANTS
17:13:10  99  CONST_TABLE_NAME	     CONSTANT VARCHAR2(19) := 'OFFER_CHAIN_HISTORY';
17:13:10 100  CONST_PARTITION_PREFIX CONSTANT VARCHAR2(11) := 'offer_chain';
17:13:10 101  BEGIN
17:13:10 102  	ADD_TABLE_PARTITION(CONST_TABLE_NAME, CONST_PARTITION_PREFIX, in_year, in_month);
17:13:10 103  END ADD_OFFER_CHAIN_PARTITION;
17:13:10 104  
17:13:10 105  /**************************************************************/
17:13:10 106  
17:13:10 107  PROCEDURE ADD_OFF_OFFER_CHAIN_PARTITION(
17:13:10 108  	in_year  IN NUMBER,
17:13:10 109  	in_month IN NUMBER
17:13:10 110  ) AS
17:13:10 111  -- CONSTANTS
17:13:10 112  CONST_TABLE_NAME	     CONSTANT VARCHAR2(25) := 'OFFER_OFFER_CHAIN_HISTORY';
17:13:10 113  CONST_PARTITION_PREFIX CONSTANT VARCHAR2(17) := 'offer_offer_chain';
17:13:10 114  BEGIN
17:13:10 115  	ADD_TABLE_PARTITION(CONST_TABLE_NAME, CONST_PARTITION_PREFIX, in_year, in_month);
17:13:10 116  END ADD_OFF_OFFER_CHAIN_PARTITION;
17:13:10 117  
17:13:10 118  /**************************************************************/
17:13:10 119  
17:13:10 120  PROCEDURE ADD_PAYPAL_PARTITION(
17:13:10 121  	in_year  IN NUMBER,
17:13:10 122  	in_month IN NUMBER
17:13:10 123  ) AS
17:13:10 124  -- CONSTANTS
17:13:10 125  CONST_TABLE_NAME	     CONSTANT VARCHAR2(14) := 'PAYPAL_HISTORY';
17:13:10 126  CONST_PARTITION_PREFIX CONSTANT VARCHAR2(6)  := 'paypal';
17:13:10 127  BEGIN
17:13:10 128  	ADD_TABLE_PARTITION(CONST_TABLE_NAME, CONST_PARTITION_PREFIX, in_year, in_month);
17:13:10 129  END ADD_PAYPAL_PARTITION;
17:13:10 130  
17:13:10 131  /**************************************************************/
17:13:10 132  
17:13:10 133  PROCEDURE ADD_SUBSCRIPTION_PARTITION(
17:13:10 134  	in_year  IN NUMBER,
17:13:10 135  	in_month IN NUMBER
17:13:10 136  ) AS
17:13:10 137  -- CONSTANTS
17:13:10 138  CONST_TABLE_NAME	     CONSTANT VARCHAR2(20) := 'SUBSCRIPTION_HISTORY';
17:13:10 139  CONST_PARTITION_PREFIX CONSTANT VARCHAR2(12) := 'subscription';
17:13:10 140  BEGIN
17:13:10 141  	ADD_TABLE_PARTITION(CONST_TABLE_NAME, CONST_PARTITION_PREFIX, in_year, in_month);
17:13:10 142  END ADD_SUBSCRIPTION_PARTITION;
17:13:10 143  
17:13:10 144  /**************************************************************/
17:13:10 145  
17:13:10 146  PROCEDURE ADD_TRANSACTION_PARTITION(
17:13:10 147  	in_year  IN NUMBER,
17:13:10 148  	in_month IN NUMBER
17:13:10 149  ) AS
17:13:10 150  -- CONSTANTS
17:13:10 151  CONST_TABLE_NAME	     CONSTANT VARCHAR2(19) := 'TRANSACTION_HISTORY';
17:13:10 152  CONST_PARTITION_PREFIX CONSTANT VARCHAR2(11) := 'transaction';
17:13:10 153  BEGIN
17:13:10 154  	ADD_TABLE_PARTITION(CONST_TABLE_NAME, CONST_PARTITION_PREFIX, in_year, in_month);
17:13:10 155  END ADD_TRANSACTION_PARTITION;
17:13:10 156  
17:13:10 157  /**************************************************************/
17:13:10 158  
17:13:10 159  PROCEDURE ADD_INVOICE_PARTITION(
17:13:10 160  	in_year  IN NUMBER,
17:13:10 161  	in_month IN NUMBER
17:13:10 162  ) AS
17:13:10 163  -- CONSTANTS
17:13:10 164  CONST_TABLE_NAME	     CONSTANT VARCHAR2(15) := 'INVOICE_HISTORY';
17:13:10 165  CONST_PARTITION_PREFIX CONSTANT VARCHAR2(7) := 'invoice';
17:13:10 166  BEGIN
17:13:10 167  	ADD_TABLE_PARTITION(CONST_TABLE_NAME, CONST_PARTITION_PREFIX, in_year, in_month);
17:13:10 168  END ADD_INVOICE_PARTITION;
17:13:10 169  
17:13:10 170  /**************************************************************/
17:13:10 171  
17:13:10 172  PROCEDURE ADD_LICENSE_PARTITION(
17:13:10 173  	in_year  IN NUMBER,
17:13:10 174  	in_month IN NUMBER
17:13:10 175  ) AS
17:13:10 176  -- CONSTANTS
17:13:10 177  CONST_TABLE_NAME	     CONSTANT VARCHAR2(15) := 'LICENSE_HISTORY';
17:13:10 178  CONST_PARTITION_PREFIX CONSTANT VARCHAR2(7) := 'license';
17:13:10 179  BEGIN
17:13:10 180  	ADD_TABLE_PARTITION(CONST_TABLE_NAME, CONST_PARTITION_PREFIX, in_year, in_month);
17:13:10 181  END ADD_LICENSE_PARTITION;
17:13:10 182  
17:13:10 183  /**************************************************************/
17:13:10 184  
17:13:10 185  PROCEDURE ADD_CHARGE_PARTITION(
17:13:10 186  	in_year  IN NUMBER,
17:13:10 187  	in_month IN NUMBER
17:13:10 188  ) AS
17:13:10 189  -- CONSTANTS
17:13:10 190  CONST_TABLE_NAME	     CONSTANT VARCHAR2(15) := 'CHARGE_HISTORY';
17:13:10 191  CONST_PARTITION_PREFIX CONSTANT VARCHAR2(7) := 'charge';
17:13:10 192  BEGIN
17:13:10 193  	ADD_TABLE_PARTITION(CONST_TABLE_NAME, CONST_PARTITION_PREFIX, in_year, in_month);
17:13:10 194  END ADD_CHARGE_PARTITION;
17:13:10 195  
17:13:10 196  END PROCS_PARTITIONS_V15;
17:13:10 197  .
17:13:10 SQL> /

Package body created.

Elapsed: 00:00:00.02
17:13:10 SQL> 
17:13:10 SQL> --------------------------------------------------------------------------------
17:13:10 SQL> -- DDL for package PROCS_SYSTEM
17:13:10 SQL> --------------------------------------------------------------------------------
17:13:10 SQL> 
17:13:10 SQL> CREATE OR REPLACE PACKAGE "PROCS_SYSTEM_V15" AS
17:13:10   2  
17:13:10   3  PROCEDURE INCREMENT_VERSION;
17:13:10   4  
17:13:10   5  PROCEDURE CHECK_VERSION(
17:13:10   6  	  in_vers    IN NUMBER,
17:13:10   7  	  out_result OUT NUMBER
17:13:10   8  );
17:13:10   9  
17:13:10  10  END PROCS_SYSTEM_V15;
17:13:10  11  .
17:13:10 SQL> /

Package created.

Elapsed: 00:00:00.02
17:13:10 SQL> 
17:13:10 SQL> CREATE OR REPLACE PACKAGE BODY "PROCS_SYSTEM_V15" AS
17:13:10   2  
17:13:10   3  PROCEDURE INCREMENT_VERSION
17:13:10   4  /*
17:13:10   5  Throws exceptions:
17:13:10   6  CORE_OWNER.APP_EXCEPTION_CODES_V15.UNKNOWN_ERROR
17:13:10   7  */
17:13:10   8  AS
17:13:10   9  BEGIN
17:13:10  10  
17:13:10  11  	UPDATE SYS_VERSION SET version=version+1;
17:13:10  12  
17:13:10  13  EXCEPTION
17:13:10  14  WHEN OTHERS THEN
17:13:10  15  	RAISE_APPLICATION_ERROR(CORE_OWNER.APP_EXCEPTION_CODES_V15.UNKNOWN_ERROR,
17:13:10  16  	  'Unknown error');
17:13:10  17  END INCREMENT_VERSION;
17:13:10  18  
17:13:10  19  /*************************************************************/
17:13:10  20  
17:13:10  21  PROCEDURE CHECK_VERSION(
17:13:10  22  	  in_vers    IN NUMBER,
17:13:10  23  	  out_result OUT NUMBER
17:13:10  24  ) AS
17:13:10  25  	current_version NUMBER;
17:13:10  26  BEGIN
17:13:10  27  	SELECT version INTO current_version FROM SYS_VERSION;
17:13:10  28  	IF(current_version != in_vers) THEN
17:13:10  29  	  out_result := 1;
17:13:10  30  	ELSE
17:13:10  31  	  out_result := 0;
17:13:10  32  	END IF;
17:13:10  33  	EXCEPTION
17:13:10  34  	      WHEN OTHERS THEN
17:13:10  35  	      NULL;
17:13:10  36  END CHECK_VERSION;
17:13:10  37  
17:13:10  38  END PROCS_SYSTEM_V15;
17:13:10  39  .
17:13:10 SQL> /

Package body created.

Elapsed: 00:00:00.03
17:13:10 SQL> 
17:13:10 SQL> grant execute on PUBLIC_PROCS_CORE_V15 to core_owner;

Grant succeeded.

Elapsed: 00:00:00.00
17:13:10 SQL> grant execute on PUBLIC_PROCS_CORE_V15 to core_app;

Grant succeeded.

Elapsed: 00:00:00.01
17:13:10 SQL> commit;

Commit complete.

Elapsed: 00:00:00.00
17:13:10 SQL> spool off;


Subject: Nomad upgrade success: ECST@rac01.stg.sea1.nytimes.com
From: Nomad for Oracle <nytd_oracledba@nytimes.com>
To: nytd_ecommerce@nytimes.com,nytd_oracledba@nytimes.com
Cc: steven.nedlin@nytimes.com
Nomad upgrade operation success. 
        
        Details
        -------
        DB Hostname: rac01.stg.sea1.nytimes.com
        SID: ECST
        Schema: core_hist_owner
        Migration: 1-release-1.10.0-all
        SVN Revision: 9678
        Duration: 1