14:43:53 SQL> @/dbbackups/ECST/migrations/core_owner/55-update-99-cent-12-wk-oc-adoptability-end-date/upgrade.sql
14:43:53 SQL> UPDATE
14:43:53   2  	offer_chain
14:43:53   3  SET
14:43:53   4  	adoptability_window_end_date = to_date('2069-12-31 00:00:00', 'YYYY-MM-DD HH24:MI:SS'),
14:43:53   5  	update_date = SYSDATE,
14:43:53   6  	updated_by = 'PMOM-22'
14:43:53   7  WHERE
14:43:53   8  	id IN (1883293023,
14:43:53   9  	       512404814,
14:43:53  10  	       2251423298)
14:43:53  11  commit;
commit
*
ERROR at line 11:
ORA-00933: SQL command not properly ended 


Elapsed: 00:00:00.00
14:43:53 SQL> spool off;


Subject: Nomad upgrade completed with errors: ECST@rac01.stg.ewr1.nytimes.com
From: Nomad for Oracle <nytd_oracledba@nytimes.com>
To: nytd_ecommerce@nytimes.com
Cc: nytd_oracledba@nytimes.com

Nomad upgrade operation has errors. 
        
        Details
        -------
        DB Hostname: rac01.stg.ewr1.nytimes.com
        DB Role: PRIMARY
        SID: ECST
        Schema: core_owner
        Migration: 55-update-99-cent-12-wk-oc-adoptability-end-date
        SVN Revision: 12785
        Duration: 0 sec.
        DBA: sbao
        Service Request: https://jira.em.nytimes.com/browse/ORA-838        
        
        Error Detail
        ------------
        
        ERROR at line 11: ORA-00933: SQL command not properly ended