16:00:05 SQL> @/dbbackups/ECPR/migrations/core_owner/59-SAR-617-unique-group-email/upgrade.sql
16:00:05 SQL> WHENEVER SQLERROR EXIT ROLLBACK;
16:00:05 SQL> 
16:00:05 SQL> --was set to pacific.edu incorrectly for SY-2192
16:00:05 SQL> update group_account_email_domain set email_domain='pacificu.edu', updated_by='jira-SAR-617', update_date=sysdate where ID=724;

1 row updated.

Elapsed: 00:00:00.27
16:00:06 SQL> 
16:00:06 SQL> --is active even though the subscription is  not, another sjcny.edu is active with group account id 59253 with active subscription
16:00:06 SQL> update group_account_email_domain set is_active=0, updated_by='jira-SAR-617', update_date=sysdate where ID=431;

1 row updated.

Elapsed: 00:00:00.01
16:00:06 SQL> 
16:00:06 SQL> --Based on Carol email
16:00:06 SQL> --UNIV OF NEB-LINCOLN via Bugzilla 74966 (892025628@unl.edu) is UNL.edu – that’s a L as in Lincoln
16:00:06 SQL> --UNIV OF NORTHERN IA via Bugzilla 74966 (same ticket) (892025586@uni.edu) is UNI.edu – as in Iowa
16:00:06 SQL> update group_account_email_domain set email_domain='unl.edu', updated_by='jira-SAR-617', update_date=sysdate where ID=306;

1 row updated.

Elapsed: 00:00:00.01
16:00:06 SQL> 
16:00:06 SQL> --duplicate uni.edu under same  group account
16:00:06 SQL> update group_account_email_domain set is_active=0, updated_by='jira-SAR-617', update_date=sysdate where ID=307;

1 row updated.

Elapsed: 00:00:00.00
16:00:06 SQL> 
16:00:06 SQL> commit;

Commit complete.

Elapsed: 00:00:00.01
16:00:06 SQL> commit;

Commit complete.

Elapsed: 00:00:00.00
16:00:06 SQL> spool off;


Subject: Nomad upgrade completed successfully: ECPR@rac01.prd.ewr1.nytimes.com
From: Nomad for Oracle <nytd_oracledba@nytimes.com>
To: nytd_ecommerce@nytimes.com
Cc: nytd_oracledba@nytimes.com

Nomad upgrade operation completed successfully without errors. 
        
        Details
        -------
        DB Hostname: rac01.prd.ewr1.nytimes.com
        DB Role: PRIMARY
        SID: ECPR
        Schema: core_owner
        Migration: 59-SAR-617-unique-group-email
        SVN Revision: 12922
        Duration: 0 sec.
        DBA: sbao
        Service Request: https://jira.em.nytimes.com/browse/ORA-904