13:58:21 SQL> @/dbbackups/ECPR/migrations/core_owner/58.1-release-1.16.0-141-change-recreate-amazon-tables.sql/upgrade.sql
13:58:21 SQL> CREATE TABLE "CORE_OWNER"."AMAZON_APPSTORE_ITEM_TYPE" ( id number );
CREATE TABLE "CORE_OWNER"."AMAZON_APPSTORE_ITEM_TYPE" ( id number )
                          *
ERROR at line 1:
ORA-00955: name is already used by an existing object 


Elapsed: 00:00:00.00
13:58:21 SQL> CREATE SEQUENCE "CORE_OWNER"."AAS_ID_SEQ";
CREATE SEQUENCE "CORE_OWNER"."AAS_ID_SEQ"
                             *
ERROR at line 1:
ORA-00955: name is already used by an existing object 


Elapsed: 00:00:00.01
13:58:21 SQL> 
13:58:21 SQL> commit;

Commit complete.

Elapsed: 00:00:00.00
13:58:21 SQL> spool off;


Subject: Nomad upgrade completed with errors: ECPR@rac01.prd.ewr1.nytimes.com
From: Nomad for Oracle <nytd_oracledba@nytimes.com>
To: nytd_ecommerce@nytimes.com
Cc: nytd_oracledba@nytimes.com

Nomad upgrade operation has errors. 
        
        Details
        -------
        DB Hostname: rac01.prd.ewr1.nytimes.com
        DB Role: PRIMARY
        SID: ECPR
        Schema: core_owner
        Migration: 58.1-release-1.16.0-141-change-recreate-amazon-tables.sql
        SVN Revision: 13066
        Duration: 0 sec.
        DBA: sbao
        Service Request: https://jira.em.nytimes.com/browse/ORA-899        
        
        Error Detail
        ------------
        
        ERROR at line 1: ORA-00955: name is already used by an existing object -- ERROR at line 1: ORA-00955: name is already used by an existing object