10:56:31 SQL> @/dbbackups/ECST/migrations/core_owner/48.1-SAR-484-back-populate-order-id/upgrade.sql
10:56:31 SQL> WHENEVER SQLERROR EXIT SQL.SQLCODE ROLLBACK
10:56:31 SQL> 
10:56:31 SQL> UPDATE TRANSACTION
10:56:31   2  SET IS_SETTLED = 1, UPDATE_DATE = SYSDATE, UPDATED_BY = 'JIRA-SAR-484', ORDER_ID = '6b4e2985ae1ee7c114295f'
10:56:31   3  WHERE ID =  15495056 AND (ORDER_ID IS NULL OR ORDER_ID <> '6b4e2985ae1ee7c114295f');

0 rows updated.

Elapsed: 00:00:00.00
10:56:31 SQL> UPDATE TRANSACTION
10:56:31   2  SET IS_SETTLED = 1, UPDATE_DATE = SYSDATE, UPDATED_BY = 'JIRA-SAR-484', ORDER_ID = '0e424a95d1f07a9daca204'
10:56:31   3  WHERE ID =  15535061 AND (ORDER_ID IS NULL OR ORDER_ID <> '0e424a95d1f07a9daca204');

0 rows updated.

Elapsed: 00:00:00.01
10:56:31 SQL> UPDATE TRANSACTION
10:56:31   2  SET IS_SETTLED = 1, UPDATE_DATE = SYSDATE, UPDATED_BY = 'JIRA-SAR-484', ORDER_ID = '5b4f8aba19b9767b9b37a1'
10:56:31   3  WHERE ID =  15540014 AND (ORDER_ID IS NULL OR ORDER_ID <> '5b4f8aba19b9767b9b37a1');

0 rows updated.

Elapsed: 00:00:00.00
10:56:31 SQL> UPDATE TRANSACTION
10:56:31   2  SET IS_SETTLED = 1, UPDATE_DATE = SYSDATE, UPDATED_BY = 'JIRA-SAR-484', ORDER_ID = 'c44e81b42c455520db1a3c'
10:56:31   3  WHERE ID =  15545410 AND (ORDER_ID IS NULL OR ORDER_ID <> 'c44e81b42c455520db1a3c');

0 rows updated.

Elapsed: 00:00:00.00
10:56:31 SQL> UPDATE TRANSACTION
10:56:31   2  SET IS_SETTLED = 1, UPDATE_DATE = SYSDATE, UPDATED_BY = 'JIRA-SAR-484', ORDER_ID = '3b48acba96dc5e6ee255af'
10:56:31   3  WHERE ID =  15581753 AND (ORDER_ID IS NULL OR ORDER_ID <> '3b48acba96dc5e6ee255af');

0 rows updated.

Elapsed: 00:00:00.00
10:56:31 SQL> UPDATE TRANSACTION
10:56:31   2  SET IS_SETTLED = 1, UPDATE_DATE = SYSDATE, UPDATED_BY = 'JIRA-SAR-484', ORDER_ID = 'c749bbaabf5f3f0fadb94d'
10:56:31   3  WHERE ID =  15596588 AND (ORDER_ID IS NULL OR ORDER_ID <> 'c749bbaabf5f3f0fadb94d');

0 rows updated.

Elapsed: 00:00:00.00
10:56:31 SQL> UPDATE TRANSACTION
10:56:31   2  SET IS_SETTLED = 1, UPDATE_DATE = SYSDATE, UPDATED_BY = 'JIRA-SAR-484', ORDER_ID = '2f460c89ae376cd690998b'
10:56:31   3  WHERE ID =  15634078 AND (ORDER_ID IS NULL OR ORDER_ID <> '2f460c89ae376cd690998b');

0 rows updated.

Elapsed: 00:00:00.00
10:56:31 SQL> UPDATE TRANSACTION
10:56:31   2  SET IS_SETTLED = 1, UPDATE_DATE = SYSDATE, UPDATED_BY = 'JIRA-SAR-484', ORDER_ID = '0b49f18e2fb134363e7479'
10:56:31   3  WHERE ID =  15684433 AND (ORDER_ID IS NULL OR ORDER_ID <> '0b49f18e2fb134363e7479');

0 rows updated.

Elapsed: 00:00:00.00
10:56:31 SQL> UPDATE TRANSACTION
10:56:31   2  SET IS_SETTLED = 1, UPDATE_DATE = SYSDATE, UPDATED_BY = 'JIRA-SAR-484', ORDER_ID = 'f54d5aa72e4bb486297d28'
10:56:31   3  WHERE ID =  16513154 AND (ORDER_ID IS NULL OR ORDER_ID <> 'f54d5aa72e4bb486297d28');

0 rows updated.

Elapsed: 00:00:00.01
10:56:31 SQL> UPDATE TRANSACTION
10:56:31   2  SET IS_SETTLED = 1, UPDATE_DATE = SYSDATE, UPDATED_BY = 'JIRA-SAR-484', ORDER_ID = '334e389a43647252e7227f'
10:56:31   3  WHERE ID =  16996123 AND (ORDER_ID IS NULL OR ORDER_ID <> '334e389a43647252e7227f');

0 rows updated.

Elapsed: 00:00:00.00
10:56:31 SQL> UPDATE TRANSACTION
10:56:31   2  SET IS_SETTLED = 1, UPDATE_DATE = SYSDATE, UPDATED_BY = 'JIRA-SAR-484', ORDER_ID = '25428fb5d5ca18c122d513'
10:56:31   3  WHERE ID =  17138166 AND (ORDER_ID IS NULL OR ORDER_ID <> '25428fb5d5ca18c122d513');

0 rows updated.

Elapsed: 00:00:00.00
10:56:31 SQL> UPDATE TRANSACTION
10:56:31   2  SET IS_SETTLED = 1, UPDATE_DATE = SYSDATE, UPDATED_BY = 'JIRA-SAR-484', ORDER_ID = 'd74d039f9890baa6041dbf'
10:56:31   3  WHERE ID =  17191750 AND (ORDER_ID IS NULL OR ORDER_ID <> 'd74d039f9890baa6041dbf');

0 rows updated.

Elapsed: 00:00:00.00
10:56:31 SQL> UPDATE TRANSACTION
10:56:31   2  SET IS_SETTLED = 1, UPDATE_DATE = SYSDATE, UPDATED_BY = 'JIRA-SAR-484', ORDER_ID = 'b9419cac2118fa9b1a3b9a'
10:56:31   3  WHERE ID =  17247424 AND (ORDER_ID IS NULL OR ORDER_ID <> 'b9419cac2118fa9b1a3b9a');

0 rows updated.

Elapsed: 00:00:00.00
10:56:31 SQL> UPDATE TRANSACTION
10:56:31   2  SET IS_SETTLED = 1, UPDATE_DATE = SYSDATE, UPDATED_BY = 'JIRA-SAR-484', ORDER_ID = '6f4f268cbf790cb1633b2b'
10:56:31   3  WHERE ID =  17250189 AND (ORDER_ID IS NULL OR ORDER_ID <> '6f4f268cbf790cb1633b2b');

0 rows updated.

Elapsed: 00:00:00.00
10:56:31 SQL> UPDATE TRANSACTION
10:56:31   2  SET IS_SETTLED = 1, UPDATE_DATE = SYSDATE, UPDATED_BY = 'JIRA-SAR-484', ORDER_ID = '474ff0ae63f5ce559d9784'
10:56:31   3  WHERE ID =  17252104 AND (ORDER_ID IS NULL OR ORDER_ID <> '474ff0ae63f5ce559d9784');

0 rows updated.

Elapsed: 00:00:00.00
10:56:31 SQL> UPDATE TRANSACTION
10:56:31   2  SET IS_SETTLED = 1, UPDATE_DATE = SYSDATE, UPDATED_BY = 'JIRA-SAR-484', ORDER_ID = '1f4b93b391299970e88a62'
10:56:31   3  WHERE ID =  17296483 AND (ORDER_ID IS NULL OR ORDER_ID <> '1f4b93b391299970e88a62');

0 rows updated.

Elapsed: 00:00:00.00
10:56:31 SQL> UPDATE TRANSACTION
10:56:31   2  SET IS_SETTLED = 1, UPDATE_DATE = SYSDATE, UPDATED_BY = 'JIRA-SAR-484', ORDER_ID = 'ed42beb54b376a4e353b16'
10:56:31   3  WHERE ID =  17297196 AND (ORDER_ID IS NULL OR ORDER_ID <> 'ed42beb54b376a4e353b16');

0 rows updated.

Elapsed: 00:00:00.00
10:56:31 SQL> UPDATE TRANSACTION
10:56:31   2  SET IS_SETTLED = 1, UPDATE_DATE = SYSDATE, UPDATED_BY = 'JIRA-SAR-484', ORDER_ID = '604c1197d182dfaf196017'
10:56:31   3  WHERE ID =  17310636 AND (ORDER_ID IS NULL OR ORDER_ID <> '604c1197d182dfaf196017');

0 rows updated.

Elapsed: 00:00:00.00
10:56:31 SQL> UPDATE TRANSACTION
10:56:31   2  SET IS_SETTLED = 1, UPDATE_DATE = SYSDATE, UPDATED_BY = 'JIRA-SAR-484', ORDER_ID = '904ee9ba8acbc8581d6dba'
10:56:31   3  WHERE ID =  17325579 AND (ORDER_ID IS NULL OR ORDER_ID <> '904ee9ba8acbc8581d6dba');

0 rows updated.

Elapsed: 00:00:00.00
10:56:31 SQL> UPDATE TRANSACTION
10:56:31   2  SET IS_SETTLED = 1, UPDATE_DATE = SYSDATE, UPDATED_BY = 'JIRA-SAR-484', ORDER_ID = '9d4b19b46e9aa6bc1b43e8'
10:56:31   3  WHERE ID =  17362105 AND (ORDER_ID IS NULL OR ORDER_ID <> '9d4b19b46e9aa6bc1b43e8');

0 rows updated.

Elapsed: 00:00:00.01
10:56:31 SQL> UPDATE TRANSACTION
10:56:31   2  SET IS_SETTLED = 1, UPDATE_DATE = SYSDATE, UPDATED_BY = 'JIRA-SAR-484', ORDER_ID = '3341b29a7d20e7101a660a'
10:56:31   3  WHERE ID =  17366103 AND (ORDER_ID IS NULL OR ORDER_ID <> '3341b29a7d20e7101a660a');

0 rows updated.

Elapsed: 00:00:00.00
10:56:31 SQL> UPDATE TRANSACTION
10:56:31   2  SET IS_SETTLED = 1, UPDATE_DATE = SYSDATE, UPDATED_BY = 'JIRA-SAR-484', ORDER_ID = '0e4d4186acf13802bdd673'
10:56:31   3  WHERE ID =  17381676 AND (ORDER_ID IS NULL OR ORDER_ID <> '0e4d4186acf13802bdd673');

0 rows updated.

Elapsed: 00:00:00.00
10:56:31 SQL> UPDATE TRANSACTION
10:56:31   2  SET IS_SETTLED = 1, UPDATE_DATE = SYSDATE, UPDATED_BY = 'JIRA-SAR-484', ORDER_ID = '84408baddd65756ddea5c6'
10:56:31   3  WHERE ID =  17381842 AND (ORDER_ID IS NULL OR ORDER_ID <> '84408baddd65756ddea5c6');

0 rows updated.

Elapsed: 00:00:00.00
10:56:31 SQL> UPDATE TRANSACTION
10:56:31   2  SET IS_SETTLED = 1, UPDATE_DATE = SYSDATE, UPDATED_BY = 'JIRA-SAR-484', ORDER_ID = 'a0432b93c17bedec20914d'
10:56:31   3  WHERE ID =  17382540 AND (ORDER_ID IS NULL OR ORDER_ID <> 'a0432b93c17bedec20914d');

0 rows updated.

Elapsed: 00:00:00.00
10:56:31 SQL> UPDATE TRANSACTION
10:56:31   2  SET IS_SETTLED = 1, UPDATE_DATE = SYSDATE, UPDATED_BY = 'JIRA-SAR-484', ORDER_ID = 'f44ad0bb18332624776d16'
10:56:31   3  WHERE ID =  17383274 AND (ORDER_ID IS NULL OR ORDER_ID <> 'f44ad0bb18332624776d16');

0 rows updated.

Elapsed: 00:00:00.00
10:56:31 SQL> UPDATE TRANSACTION
10:56:31   2  SET IS_SETTLED = 1, UPDATE_DATE = SYSDATE, UPDATED_BY = 'JIRA-SAR-484', ORDER_ID = 'ec4831b1b06601e32da6c8'
10:56:31   3  WHERE ID =  17418770 AND (ORDER_ID IS NULL OR ORDER_ID <> 'ec4831b1b06601e32da6c8');

0 rows updated.

Elapsed: 00:00:00.00
10:56:31 SQL> UPDATE TRANSACTION
10:56:31   2  SET IS_SETTLED = 1, UPDATE_DATE = SYSDATE, UPDATED_BY = 'JIRA-SAR-484', ORDER_ID = 'b14ebc9fe08239b2eeed46'
10:56:31   3  WHERE ID =  17419674 AND (ORDER_ID IS NULL OR ORDER_ID <> 'b14ebc9fe08239b2eeed46');

0 rows updated.

Elapsed: 00:00:00.01
10:56:31 SQL> UPDATE TRANSACTION
10:56:31   2  SET IS_SETTLED = 1, UPDATE_DATE = SYSDATE, UPDATED_BY = 'JIRA-SAR-484', ORDER_ID = 'ad4c52a80e554093955417'
10:56:31   3  WHERE ID =  17422122 AND (ORDER_ID IS NULL OR ORDER_ID <> 'ad4c52a80e554093955417');

0 rows updated.

Elapsed: 00:00:00.00
10:56:31 SQL> UPDATE TRANSACTION
10:56:31   2  SET IS_SETTLED = 1, UPDATE_DATE = SYSDATE, UPDATED_BY = 'JIRA-SAR-484', ORDER_ID = '794d4296a22dbca9638312'
10:56:31   3  WHERE ID =  17422302 AND (ORDER_ID IS NULL OR ORDER_ID <> '794d4296a22dbca9638312');

0 rows updated.

Elapsed: 00:00:00.00
10:56:31 SQL> UPDATE TRANSACTION
10:56:31   2  SET IS_SETTLED = 1, UPDATE_DATE = SYSDATE, UPDATED_BY = 'JIRA-SAR-484', ORDER_ID = '8d44d8a794f4734d50729a'
10:56:31   3  WHERE ID =  17422923 AND (ORDER_ID IS NULL OR ORDER_ID <> '8d44d8a794f4734d50729a');

0 rows updated.

Elapsed: 00:00:00.00
10:56:31 SQL> UPDATE TRANSACTION
10:56:31   2  SET IS_SETTLED = 1, UPDATE_DATE = SYSDATE, UPDATED_BY = 'JIRA-SAR-484', ORDER_ID = 'b14b6ab8b0cdcf2c5dfcf1'
10:56:31   3  WHERE ID =  17461691 AND (ORDER_ID IS NULL OR ORDER_ID <> 'b14b6ab8b0cdcf2c5dfcf1');

0 rows updated.

Elapsed: 00:00:00.00
10:56:31 SQL> UPDATE TRANSACTION
10:56:31   2  SET IS_SETTLED = 1, UPDATE_DATE = SYSDATE, UPDATED_BY = 'JIRA-SAR-484', ORDER_ID = '874cada1abd73f0caaf85f'
10:56:31   3  WHERE ID =  17462437 AND (ORDER_ID IS NULL OR ORDER_ID <> '874cada1abd73f0caaf85f');

0 rows updated.

Elapsed: 00:00:00.00
10:56:31 SQL> UPDATE TRANSACTION
10:56:31   2  SET IS_SETTLED = 1, UPDATE_DATE = SYSDATE, UPDATED_BY = 'JIRA-SAR-484', ORDER_ID = '4640bfb01b9fb036a544db'
10:56:31   3  WHERE ID =  17462862 AND (ORDER_ID IS NULL OR ORDER_ID <> '4640bfb01b9fb036a544db');

0 rows updated.

Elapsed: 00:00:00.01
10:56:31 SQL> UPDATE TRANSACTION
10:56:31   2  SET IS_SETTLED = 1, UPDATE_DATE = SYSDATE, UPDATED_BY = 'JIRA-SAR-484', ORDER_ID = 'b749ccaba8e4fadb3b3ad3'
10:56:31   3  WHERE ID =  17482613 AND (ORDER_ID IS NULL OR ORDER_ID <> 'b749ccaba8e4fadb3b3ad3');

0 rows updated.

Elapsed: 00:00:00.00
10:56:31 SQL> 
10:56:31 SQL> COMMIT;

Commit complete.

Elapsed: 00:00:00.00
10:56:31 SQL> commit;

Commit complete.

Elapsed: 00:00:00.00
10:56:31 SQL> spool off;


Subject: Nomad upgrade completed successfully: ECST@rac01.stg.ewr1.nytimes.com
From: Nomad for Oracle <nytd_oracledba@nytimes.com>
To: nytd_ecommerce@nytimes.com
Cc: nytd_oracledba@nytimes.com

Nomad upgrade operation completed successfully without errors. 
        
        Details
        -------
        DB Hostname: rac01.stg.ewr1.nytimes.com
        DB Role: PRIMARY
        SID: ECST
        Schema: core_owner
        Migration: 48.1-SAR-484-back-populate-order-id
        SVN Revision: 12523
        Duration: 0 sec.
        DBA: sbao
        Service Request: https://jira.em.nytimes.com/browse/ORA-742