13:54:51 SQL> @/dbbackups/ECPR/migrations/core_hist_owner/0-create-MVLOG_NOTIFICATION_HISTORY/upgrade.sql
13:54:51 SQL> CREATE MATERIALIZED VIEW LOG ON CORE_HIST_OWNER.NOTIFICATION_HISTORY TABLESPACE CORE_HIST
13:54:51   2  WITH PRIMARY KEY EXCLUDING NEW VALUES;

Materialized view log created.

Elapsed: 00:00:01.12
13:54:53 SQL> 
13:54:53 SQL> grant select on core_hist_owner.MLOG$_NOTIFICATION_HISTORY to core_owner;

Grant succeeded.

Elapsed: 00:00:00.05
13:54:53 SQL> 
13:54:53 SQL> grant select on core_hist_owner.notification_history to core_owner;

Grant succeeded.

Elapsed: 00:00:00.02
13:54:53 SQL> commit;

Commit complete.

Elapsed: 00:00:00.00
13:54:53 SQL> spool off;


Subject: Nomad upgrade completed successfully: ECPR@rac01.prd.ewr1.nytimes.com
From: Nomad for Oracle <nytd_oracledba@nytimes.com>
To: nytd_ecommerce@nytimes.com
Cc: nytd_oracledba@nytimes.com

Nomad upgrade operation completed successfully without errors. 
        
        Details
        -------
        DB Hostname: rac01.prd.ewr1.nytimes.com
        DB Role: PRIMARY
        SID: ECPR
        Schema: core_hist_owner
        Migration: 0-create-MVLOG_NOTIFICATION_HISTORY
        SVN Revision: 12034
        Duration: 1 sec.
        DBA: sbao
        Service Request: https://jira.em.nytimes.com/browse/ORA-363