13:38:56 SQL> @/dbbackups/ECST/migrations/core_owner/27.0-update-gc-expiration-date-SAR-278/upgrade.sql
13:38:56 SQL> WHENEVER SQLERROR EXIT SQL.SQLCODE ROLLBACK
13:38:56 SQL> 
13:38:56 SQL> DECLARE
13:38:56   2  cnt  NUMBER(1,-2);
13:38:56   3  today DATE :=sysdate;
13:38:56   4  BEGIN
13:38:56   5  	 cnt := 0;
13:38:56   6  
13:38:56   7  	 FOR f_row IN (
13:38:56   8  	    SELECT code as "CODE"
13:38:56   9  	    FROM
13:38:56  10  	       GIFT_CERTIFICATE
13:38:56  11  	    WHERE
13:38:56  12  	       offer_chain_id = 5801360120
13:38:56  13  	       AND PURCHASER_GROUP_ID=67310183
13:38:56  14  	       AND gift_certificate_status_id = 1
13:38:56  15  	      )
13:38:56  16  	 LOOP
13:38:56  17  	    UPDATE GIFT_CERTIFICATE
13:38:56  18  	    SET EXPIRATION_DATE = add_months(create_date,60),
13:38:56  19  	       UPDATE_DATE = today,
13:38:56  20  	       UPDATED_BY = 'JIRA-SAR-278'
13:38:56  21  	    WHERE OFFER_CHAIN_ID = 5801360120
13:38:56  22  	       AND CODE = f_row.CODE
13:38:56  23  	       AND gift_certificate_status_id = 1
13:38:56  24  	       AND PURCHASER_GROUP_ID=67310183;
13:38:56  25  
13:38:56  26  	    cnt := cnt + 1;
13:38:56  27  	    IF mod(cnt, 2000) = 0 THEN
13:38:56  28  	       COMMIT;
13:38:56  29  	    END IF;
13:38:56  30  	 END LOOP;
13:38:56  31  	 COMMIT;
13:38:56  32  END;
13:38:56  33  /

PL/SQL procedure successfully completed.

Elapsed: 00:00:00.03
13:38:56 SQL> 
13:38:56 SQL> commit;

Commit complete.

Elapsed: 00:00:00.00
13:38:56 SQL> spool off;


Subject: Nomad upgrade completed successfully: ECST@rac01.stg.ewr1.nytimes.com
From: Nomad for Oracle <nytd_oracledba@nytimes.com>
To: nytd_ecommerce@nytimes.com
Cc: nytd_oracledba@nytimes.com

Nomad upgrade operation completed successfully without errors. 
        
        Details
        -------
        DB Hostname: rac01.stg.ewr1.nytimes.com
        DB Role: PRIMARY
        SID: ECST
        Schema: core_owner
        Migration: 27.0-update-gc-expiration-date-SAR-278
        SVN Revision: 11028
        Duration: 0 sec.
        DBA: sbao
        Service Request: https://jira.em.nytimes.com/browse/ORA-468