09:40:00 SQL> @/dbbackups/ECDV8/migrations/core_owner/0-create-MVLOG-QUANTITY_TYPE/upgrade.sql
09:40:00 SQL> CREATE MATERIALIZED VIEW LOG ON "CORE_OWNER"."QUANTITY_TYPE"  TABLESPACE "CORE" WITH PRIMARY KEY EXCLUDING NEW VALUES;

Materialized view log created.

Elapsed: 00:00:09.30
09:40:09 SQL> 
09:40:09 SQL> commit;

Commit complete.

Elapsed: 00:00:00.00
09:40:09 SQL> spool off;


Subject: Nomad upgrade completed successfully: ECDV8@rac01.qprvt.nytimes.com
From: Nomad for Oracle <db.alert@nytimes.com>
To: steven.nedlin@nytimes.com

Nomad upgrade operation completed successfully without errors. 
        
        Details
        -------
        DB Hostname: rac01.qprvt.nytimes.com
        DB Role: primary
        Database: ECDV8
        Schema: core_owner
        Migration: 0-create-MVLOG-QUANTITY_TYPE
        SVN Revision: 14177
        Duration: 9 sec.
        DBA: achinnappan
        