14:11:20 SQL> @/dbbackups/ECPR/migrations/core_hist_owner/4.0_release-1.11.2_023-change/upgrade.sql
14:11:20 SQL> WHENEVER SQLERROR EXIT ROLLBACK;
14:11:20 SQL> 
14:11:20 SQL> variable is_current_version_fine NUMBER;
14:11:20 SQL> variable change_version NUMBER;
14:11:20 SQL> variable bad_current_version VARCHAR2(1024);
14:11:20 SQL> 
14:11:20 SQL> exec :change_version := 23;

PL/SQL procedure successfully completed.

Elapsed: 00:00:00.00
14:11:20 SQL> exec PROCS_SYSTEM_V16.CHECK_VERSION(:change_version - 1, :is_current_version_fine);

PL/SQL procedure successfully completed.

Elapsed: 00:00:00.12
14:11:20 SQL> exec :bad_current_version := 'Current version is bad, please update your version to '||(:change_version-1);

PL/SQL procedure successfully completed.

Elapsed: 00:00:00.00
14:11:20 SQL> 
14:11:20 SQL> BEGIN
14:11:20   2  	IF (:is_current_version_fine != 0) THEN
14:11:20   3  	  RAISE_APPLICATION_ERROR(-20001, :bad_current_version);
14:11:20   4  	END IF;
14:11:20   5  END;
14:11:20   6  /

PL/SQL procedure successfully completed.

Elapsed: 00:00:00.00
14:11:20 SQL> 
14:11:20 SQL> ALTER TABLE LICENSE_HISTORY ADD GRACE_START_DATE DATE;

Table altered.

Elapsed: 00:00:00.23
14:11:21 SQL> ALTER TABLE LICENSE_HISTORY ADD GRACE_END_DATE DATE;

Table altered.

Elapsed: 00:00:00.03
14:11:21 SQL> 
14:11:21 SQL> exec PROCS_SYSTEM_V16.INCREMENT_VERSION();

PL/SQL procedure successfully completed.

Elapsed: 00:00:00.01
14:11:21 SQL> commit;

Commit complete.

Elapsed: 00:00:00.00
14:11:21 SQL> spool off;


Subject: Nomad upgrade completed successfully: ECPR@rac01.prd.ewr1.nytimes.com
From: Nomad for Oracle <nytd_oracledba@nytimes.com>
To: nytd_ecommerce@nytimes.com
Cc: nytd_oracledba@nytimes.com

Nomad upgrade operation completed successfully without errors. 
        
        Details
        -------
        DB Hostname: rac01.prd.ewr1.nytimes.com
        DB Role: PRIMARY
        SID: ECPR
        Schema: core_hist_owner
        Migration: 4.0_release-1.11.2_023-change
        SVN Revision: 10602
        Duration: 0 sec.
        DBA: sbao
        Service Request: https://jira.em.nytimes.com/browse/ORA-401