15:32:33 SQL> @/dbbackups/ECPR/migrations/core_owner/20.4-release-1.11.1-common/upgrade.sql
15:32:33 SQL> --------------------------------------------------------------------------------
15:32:33 SQL> -- DDL for package APP_EXCEPTION_CODES
15:32:33 SQL> --------------------------------------------------------------------------------
15:32:33 SQL> 
15:32:33 SQL> CREATE OR REPLACE PACKAGE "APP_EXCEPTION_CODES_V17"
15:32:33   2  AS
15:32:33   3  -- norlov 09.09 : current_timestamp replaced by sysdate
15:32:33   4  -- in comparisons (according to #38816)
15:32:33   5  -- 2010-09-13: according to #38860, current_timestamp calls replaced by SYSDATE variable
15:32:33   6  -- to use the same date in whole procedure, also single current_timestamp calls
15:32:33   7  -- replaced by SYSDATE calls
15:32:33   8  
15:32:33   9  
15:32:33  10  	-- EXCEPTION CODES
15:32:33  11  	UNKNOWN_ERROR	  CONSTANT NUMBER := -20001;
15:32:33  12  	NOT_FOUND	  CONSTANT NUMBER := -20002;
15:32:33  13  	STATE_ERROR	  CONSTANT NUMBER := -20003;
15:32:33  14  	DUPLICATE_ERROR   CONSTANT NUMBER := -20004;
15:32:33  15  	HISTORY_ERROR	  CONSTANT NUMBER := -20005;
15:32:33  16  	INVALID_PARAMETER CONSTANT NUMBER := -20006;
15:32:33  17  	INTERNAL_ERROR	  CONSTANT NUMBER := -20007;
15:32:33  18  	CONFLICT_ERROR	  CONSTANT NUMBER := -20008;
15:32:33  19  END APP_EXCEPTION_CODES_V17;
15:32:33  20  .
15:32:33 SQL> /

Package created.

Elapsed: 00:00:00.10
15:32:33 SQL> 
15:32:33 SQL> 
15:32:33 SQL> 
15:32:33 SQL> --------------------------------------------------------------------------------
15:32:33 SQL> -- DDL for package GLOBAL_CONSTANTS
15:32:33 SQL> --------------------------------------------------------------------------------
15:32:33 SQL> 
15:32:33 SQL> CREATE OR REPLACE PACKAGE "GLOBAL_CONSTANTS_V17" AS
15:32:33   2  
15:32:33   3  TRUE  CONSTANT NUMBER := 1;
15:32:33   4  FALSE CONSTANT NUMBER := 0;
15:32:33   5  
15:32:33   6  INFINITY CONSTANT NUMBER := -1;
15:32:33   7  
15:32:33   8  ONE_DAY_INTERVAL	 CONSTANT INTERVAL DAY TO SECOND := INTERVAL '1' DAY;
15:32:33   9  ONE_MONTH_INTERVAL CONSTANT INTERVAL YEAR TO MONTH := INTERVAL '1' MONTH;
15:32:33  10  ONE_YEAR_INTERVAL   CONSTANT INTERVAL YEAR TO MONTH := INTERVAL '1' YEAR;
15:32:33  11  
15:32:33  12  -- Exception delimeter
15:32:33  13  EXCEPTION_DELIMETER CONSTANT VARCHAR2(1) := chr(10);
15:32:33  14  
15:32:33  15  -- Number of days when core should return all money
15:32:33  16  OFFER_START_GRACE_PERIOD CONSTANT NUMBER := 7;
15:32:33  17  
15:32:33  18  -- NUmber of days when core should not return any money
15:32:33  19  OFFER_END_GRACE_PERIOD   CONSTANT NUMBER := 7;
15:32:33  20  
15:32:33  21  -- OFFER CHAIN: is refundable META DATTA RULE
15:32:33  22  OFFER_CHAIN_IS_REFUNDABLE   CONSTANT NUMBER := 1;
15:32:33  23  OFFER_CHAIN_REFUNDABLE_RULE CONSTANT VARCHAR2(10) := 'REFUNDABLE';
15:32:33  24  
15:32:33  25  -- OFFER CHAIN REFUNDABLE RULES
15:32:33  26  OFFER_CHAIN_FULL_REFUND	  CONSTANT VARCHAR2(22) := 'FULL_REFUND_DAYS_LIMIT';
15:32:33  27  OFFER_CHAIN_PRORATED_REFUND CONSTANT VARCHAR2(26) := 'PRORATED_REFUND_DAYS_LIMIT';
15:32:33  28  
15:32:33  29  -- norlov: name of the OC eligibility
15:32:33  30  GIFT_CERTIFICATE_REQUIRED CONSTANT VARCHAR2(25) := 'gift certificate required';
15:32:33  31  
15:32:33  32  -- norlov: flag for set elibility
15:32:33  33  ELIGIBILITY_FLAG_SET CONSTANT VARCHAR2(1) := '1';
15:32:33  34  
15:32:33  35  -- norlov: name of OC metadata
15:32:33  36  REDEMPTION_OC_ID CONSTANT VARCHAR2(25) := 'redemption offer chain id';
15:32:33  37  
15:32:33  38  -- norlov: name of the OC eligibility
15:32:33  39  MAX_CONCURRENT_SUBS CONSTANT VARCHAR2(19) := 'MAX_CONCURRENT_SUBS';
15:32:33  40  
15:32:33  41  -- norlov: 'unlimited' value for max concurrent subscription number
15:32:33  42  MAX_CONCURRENT_SUBS_UNLIM CONSTANT VARCHAR2(9) := 'UNLIMITED';
15:32:33  43  
15:32:33  44  -- 'unlimited' value for max concurrent products number
15:32:33  45  MAX_CONSURRENT_PRD_UNLIM CONSTANT VARCHAR2(9) := 'UNLIMITED';
15:32:33  46  
15:32:33  47  -- UPGRADABLE_OFFER_CHAIN_ID
15:32:33  48  OCMD_UPGRADABLE_OFFER_CHAIN_ID CONSTANT VARCHAR(25) := 'UPGRADABLE_OFFER_CHAIN_ID';
15:32:33  49  
15:32:33  50  -- Max number of records that should be return
15:32:33  51  MAX_RETURN_COUNT NUMBER := 1000;
15:32:33  52  
15:32:33  53  -- Share end date for non-group-pass group accounts
15:32:33  54  MAX_DATE CONSTANT DATE := TO_DATE('12/31/9999', 'MM/DD/YYYY');
15:32:33  55  
15:32:33  56  END GLOBAL_CONSTANTS_V17;
15:32:33  57  .
15:32:33 SQL> /

Package created.

Elapsed: 00:00:00.03
15:32:33 SQL> 
15:32:33 SQL> 
15:32:33 SQL> 
15:32:33 SQL> --------------------------------------------------------------------------------
15:32:33 SQL> -- DDL for package GLOBAL_ENUMS
15:32:33 SQL> --------------------------------------------------------------------------------
15:32:33 SQL> 
15:32:33 SQL> CREATE OR REPLACE PACKAGE "GLOBAL_ENUMS_V17" AS
15:32:33   2  
15:32:33   3  ----
15:32:33   4  -- CREDIT CARD TYPES
15:32:33   5  
15:32:33   6  CREDIT_CARD_AMEX	      CONSTANT NUMBER := 1;
15:32:33   7  CREDIT_CARD_VISA	      CONSTANT NUMBER := 2;
15:32:33   8  CREDIT_CARD_MASTER_CARD CONSTANT NUMBER := 3;
15:32:33   9  CREDIT_CARD_DISCOVER    CONSTANT NUMBER := 4;
15:32:33  10  
15:32:33  11  ----
15:32:33  12  -- INSTRUMENT TYPE
15:32:33  13  
15:32:33  14  INSTRUMENT_CREDIT_CARD	   CONSTANT NUMBER := 1;
15:32:33  15  INSTRUMENT_PAYPAL 	   CONSTANT NUMBER := 2;
15:32:33  16  INSTRUMENT_GIFT_CERTIFICATE  CONSTANT NUMBER := 3;
15:32:33  17  INSTRUMENT_ZCI_INSTRUMENT    CONSTANT NUMBER := 4;
15:32:33  18  
15:32:33  19  ----
15:32:33  20  -- SYSTEM ACTIVITY REASONS
15:32:33  21  
15:32:33  22  SAC_SYSTEM_APPLIED_RULE CONSTANT NUMBER := 1;
15:32:33  23  
15:32:33  24  ----
15:32:33  25  -- GIFT CERTIFICATES TYPE
15:32:33  26  
15:32:33  27  GSTYPE_GSTYPE1 CONSTANT NUMBER := 1;
15:32:33  28  GSTYPE_GSTYPE2 CONSTANT NUMBER := 2;
15:32:33  29  
15:32:33  30  ----
15:32:33  31  -- SYSTEM CATEGORY
15:32:33  32  
15:32:33  33  SYSTEM_CATEGORY_LIVE CONSTANT NUMBER := 1;
15:32:33  34  SYSTEM_CATEGORY_TEST CONSTANT NUMBER := 2;
15:32:33  35  
15:32:33  36  ----
15:32:33  37  -- OFFER_RECURRENCES
15:32:33  38  
15:32:33  39  OFFER_REC_INFINITY CONSTANT NUMBER := -1;
15:32:33  40  
15:32:33  41  ----
15:32:33  42  -- TAX JURISDICTION LEVELS
15:32:33  43  -- We need only international right now
15:32:33  44  
15:32:33  45  JURIS_INTERNATIONAL CONSTANT NUMBER := 5;
15:32:33  46  
15:32:33  47  ----
15:32:33  48  -- TAX TYPES
15:32:33  49  
15:32:33  50  TAX_TYPE_SALES CONSTANT NUMBER := 1;
15:32:33  51  TAX_TYPE_VAT   CONSTANT NUMBER := 2;
15:32:33  52  
15:32:33  53  END GLOBAL_ENUMS_V17;
15:32:33  54  .
15:32:33 SQL> /

Package created.

Elapsed: 00:00:00.04
15:32:33 SQL> 
15:32:33 SQL> 
15:32:33 SQL> 
15:32:33 SQL> --------------------------------------------------------------------------------
15:32:33 SQL> -- DDL for package GLOBAL_STATUSES
15:32:33 SQL> --------------------------------------------------------------------------------
15:32:33 SQL> 
15:32:33 SQL> CREATE OR REPLACE PACKAGE "GLOBAL_STATUSES_V17" AS
15:32:33   2  
15:32:33   3  
15:32:33   4  ----
15:32:33   5  -- ACCOUNT STATUSES
15:32:33   6  
15:32:33   7  ACCOUNT_ACTIVE   CONSTANT NUMBER := 1;
15:32:33   8  ACCOUNT_FROZEN   CONSTANT NUMBER := 2;
15:32:33   9  ACCOUNT_DISABLED CONSTANT NUMBER := 3;
15:32:33  10  
15:32:33  11  ----
15:32:33  12  -- SUBSCRIPTION STATUSES
15:32:33  13  
15:32:33  14  SUBSCRIPTION_ACTIVE	  CONSTANT NUMBER := 1;
15:32:33  15  SUBSCRIPTION_SUSPENDED	  CONSTANT NUMBER := 2;
15:32:33  16  SUBSCRIPTION_CANCELED	  CONSTANT NUMBER := 3;
15:32:33  17  SUBSCRIPTION_CLOSED	  CONSTANT NUMBER := 4;
15:32:33  18  SUBSCRIPTION_FALSE_START	  CONSTANT NUMBER := 5;
15:32:33  19  
15:32:33  20  ----
15:32:33  21  -- CREDIT_CARD STATUSES
15:32:33  22  
15:32:33  23  CREDIT_CARD_ACTIVE   CONSTANT NUMBER := 1;
15:32:33  24  CREDIT_CARD_INVALID  CONSTANT NUMBER := 2; -- WAS INACTIVE
15:32:33  25  CREDIT_CARD_DISABLED CONSTANT NUMBER := 3; -- WAS FROZEN
15:32:33  26  CREDIT_CARD_EXPIRED  CONSTANT NUMBER := 4;
15:32:33  27  
15:32:33  28  ----
15:32:33  29  -- PAYPAL STATUSES
15:32:33  30  
15:32:33  31  PAYPAL_ACTIVE   CONSTANT NUMBER := 1;
15:32:33  32  PAYPAL_INACTIVE CONSTANT NUMBER := 2;
15:32:33  33  PAYPAL_FROZEN   CONSTANT NUMBER := 3;
15:32:33  34  
15:32:33  35  ----
15:32:33  36  -- GIFT_CERTIFICATE STATUSES
15:32:33  37  
15:32:33  38  GIFT_CERTIFICATE_ACTIVE	 CONSTANT NUMBER := 1;
15:32:33  39  GIFT_CERTIFICATE_FINALIZED CONSTANT NUMBER := 2;
15:32:33  40  GIFT_CERTIFICATE_REFUNDED  CONSTANT NUMBER := 3;
15:32:33  41  
15:32:33  42  ----
15:32:33  43  -- TRANSACTION STATUSES
15:32:33  44  
15:32:33  45  TRANSACTION_PENDING	     CONSTANT NUMBER := 1;
15:32:33  46  TRANSACTION_CLOSED	     CONSTANT NUMBER := 2;
15:32:33  47  TRANSACTION_CHARGEBACK	     CONSTANT NUMBER := 3;
15:32:33  48  TRANSACTION_PREPARE	     CONSTANT NUMBER := 1;
15:32:33  49  TRANSACTION_DECLINED	     CONSTANT NUMBER := 7;
15:32:33  50  
15:32:33  51  ----
15:32:33  52  -- TRANSACTION_ATTEMPT_STATUS
15:32:33  53  TRANS_ATTEMPT_IN_PROGRESS CONSTANT NUMBER := 1;
15:32:33  54  TRANS_ATTEMPT_SUCCESS	CONSTANT NUMBER := 2;
15:32:33  55  TRANS_ATTEMPT_FAILED	CONSTANT NUMBER := 3;
15:32:33  56  
15:32:33  57  ----
15:32:33  58  -- PRODUCT STATUSES
15:32:33  59  
15:32:33  60  PRODUCT_ACTIVE	CONSTANT NUMBER := 1;
15:32:33  61  PRODUCT_INACTIVE	CONSTANT NUMBER := 2;
15:32:33  62  PRODUCT_DISABLED	CONSTANT NUMBER := 3;
15:32:33  63  
15:32:33  64  ----
15:32:33  65  -- LICENSE STATUSES
15:32:33  66  
15:32:33  67  LICENSE_CLOSED CONSTANT NUMBER := 1;
15:32:33  68  LICENSE_ACTIVE CONSTANT NUMBER := 2;
15:32:33  69  
15:32:33  70  ----
15:32:33  71  -- INVOICE STATUSES
15:32:33  72  
15:32:33  73  INVOICE_OPEN		  CONSTANT NUMBER := 1; -- IN SPECS INVOICE_PENDING
15:32:33  74  INVOICE_CLOSED		  CONSTANT NUMBER := 3; -- IN SPECS INVOICE_PAID
15:32:33  75  /*
15:32:33  76  Next statuses were deleted by Sergey.
15:32:33  77  INVOICE_PENDING_TRANSACTION CONSTANT NUMBER := 2; -- IN SPECS INVOICE_PENDING_TRANSACTION
15:32:33  78  INVOICE_LEGACY		  CONSTANT NUMBER := 4;
15:32:33  79  INVOICE_FAILED		  CONSTANT NUMBER := 5; -- FAILED INVOICE
15:32:33  80  INVOICE_CANCELED		  CONSTANT NUMBER := 6; -- CANCELED INVOICE
15:32:33  81  */
15:32:33  82  
15:32:33  83  ----
15:32:33  84  -- CHARGE STATUSES
15:32:33  85  
15:32:33  86  CHARGE_OPENED    CONSTANT NUMBER := 1;
15:32:33  87  CHARGE_PROCESSED CONSTANT NUMBER := 2;
15:32:33  88  CHARGE_CANCELED  CONSTANT NUMBER := 3;
15:32:33  89  
15:32:33  90  ----
15:32:33  91  -- OFFER STATUSES
15:32:33  92  
15:32:33  93  OFFER_ACTIVE   CONSTANT NUMBER := 1;
15:32:33  94  OFFER_INACTIVE CONSTANT NUMBER := 2;
15:32:33  95  OFFER_DISABLED CONSTANT NUMBER := 3;
15:32:33  96  
15:32:33  97  ----
15:32:33  98  -- OFFER_CHAIN STATUSES
15:32:33  99  
15:32:33 100  OFFER_CHAIN_ACTIVE   CONSTANT NUMBER := 1;
15:32:33 101  OFFER_CHAIN_INACTIVE CONSTANT NUMBER := 2;
15:32:33 102  OFFER_CHAIN_DISABLED CONSTANT NUMBER := 3;
15:32:33 103  
15:32:33 104  ----
15:32:33 105  -- ZERO_CHARGE_INSTRUMENT STATUSES
15:32:33 106  
15:32:33 107  ZERO_CHARGE_INSTR_ACTIVE CONSTANT NUMBER := 1;
15:32:33 108  ZERO_CHARGE_INSTR_DISABLED CONSTANT NUMBER := 2;
15:32:33 109  
15:32:33 110  ----
15:32:33 111  -- SUBSCRIPTION_CANCELATION_REASONS
15:32:33 112  
15:32:33 113  SUBSCR_CANC_REASON_ACTIVE CONSTANT NUMBER := 1;
15:32:33 114  SUBSCR_CANC_REASON_INACTIVE CONSTANT NUMBER := 1;
15:32:33 115  
15:32:33 116  GROUP_ACC_IP_RNG_ACTIVE CONSTANT NUMBER := 1;
15:32:33 117  GROUP_ACC_IP_RNG_INACTIVE CONSTANT NUMBER := 2;
15:32:33 118  
15:32:33 119  GROUP_ACC_EMAIL_DOMAIN_ACT CONSTANT NUMBER := 1;
15:32:33 120  GROUP_ACC_EMAIL_DOMAIN_INACT CONSTANT NUMBER := 0;
15:32:33 121  
15:32:33 122  END GLOBAL_STATUSES_V17;
15:32:33 123  .
15:32:33 SQL> /

Package created.

Elapsed: 00:00:00.04
15:32:33 SQL> 
15:32:33 SQL> 
15:32:33 SQL> 
15:32:33 SQL> --------------------------------------------------------------------------------
15:32:33 SQL> -- DDL for package NOTIFICATION_STATUSES
15:32:33 SQL> --------------------------------------------------------------------------------
15:32:33 SQL> 
15:32:33 SQL> CREATE OR REPLACE PACKAGE "NOTIFICATION_STATUSES_V17" AS
15:32:33   2  
15:32:33   3  ----
15:32:33   4  -- NOTIFICATION STATUSES
15:32:33   5  
15:32:33   6  NOTIFICATION_SENT    CONSTANT NUMBER := 1;
15:32:33   7  NOTIFICATION_PENDING CONSTANT NUMBER := 2;
15:32:33   8  NOTIFICATION_FAILED  CONSTANT NUMBER := 3;
15:32:33   9  
15:32:33  10  END NOTIFICATION_STATUSES_V17;
15:32:33  11  .
15:32:33 SQL> /

Package created.

Elapsed: 00:00:00.01
15:32:33 SQL> 
15:32:33 SQL> 
15:32:33 SQL> 
15:32:33 SQL> --------------------------------------------------------------------------------
15:32:33 SQL> -- DDL for package PROCS_COMMON
15:32:33 SQL> --------------------------------------------------------------------------------
15:32:33 SQL> 
15:32:33 SQL> CREATE OR REPLACE PACKAGE "PROCS_COMMON_V17" AS
15:32:33   2  
15:32:33   3  FUNCTION ADD_ISO8601DURATION_TO_DATE(
15:32:33   4  	in_duration IN VARCHAR2,
15:32:33   5  	in_start_date IN DATE
15:32:33   6  ) RETURN DATE;
15:32:33   7  
15:32:33   8  PROCEDURE ISO8601DURATION_TO_INTERVALS(
15:32:33   9  /*
15:32:33  10  Throws exceptions:
15:32:33  11  APP_EXCEPTION_CODES_V17.INTERNAL_ERROR
15:32:33  12  APP_EXCEPTION_CODES_V17.UNKNOWN_ERROR
15:32:33  13  */
15:32:33  14  	in_duration IN	VARCHAR2,
15:32:33  15  	out_years   OUT NUMBER,
15:32:33  16  	out_months  OUT NUMBER,
15:32:33  17  	out_days    OUT NUMBER
15:32:33  18  );
15:32:33  19  
15:32:33  20  FUNCTION NORMALIZE_DATE(
15:32:33  21   in_date IN DATE
15:32:33  22  ) RETURN DATE;
15:32:33  23  
15:32:33  24  FUNCTION GENERATE_EXCEPTION_MESSAGE(
15:32:33  25  	in_sproc_name	    IN VARCHAR2,
15:32:33  26  	in_error_message    IN VARCHAR2,
15:32:33  27  	in_error_stacktrace IN VARCHAR2 DEFAULT NULL
15:32:33  28  ) RETURN VARCHAR2;
15:32:33  29  
15:32:33  30  PROCEDURE THROW_EXCEPTION(
15:32:33  31  	in_exception_code   IN NUMBER,
15:32:33  32  	in_sproc_name	    IN VARCHAR2,
15:32:33  33  	in_error_message    IN VARCHAR2,
15:32:33  34  	in_error_stacktrace IN VARCHAR2 DEFAULT NULL
15:32:33  35  );
15:32:33  36  
15:32:33  37  FUNCTION ROUND_10_6_TO_10_2 (
15:32:33  38  	in_number NUMBER
15:32:33  39  ) RETURN NUMBER;
15:32:33  40  
15:32:33  41  END PROCS_COMMON_V17;
15:32:33  42  .
15:32:33 SQL> /

Package created.

Elapsed: 00:00:00.12
15:32:33 SQL> 
15:32:33 SQL> CREATE OR REPLACE PACKAGE BODY "PROCS_COMMON_V17" AS
15:32:33   2  
15:32:33   3  FUNCTION ADD_ISO8601DURATION_TO_DATE(
15:32:33   4  	in_duration IN VARCHAR2,
15:32:33   5  	in_start_date IN DATE
15:32:33   6  ) RETURN DATE AS
15:32:33   7  	var_end_date DATE;
15:32:33   8  	var_years NUMBER;
15:32:33   9  	var_months NUMBER;
15:32:33  10  	var_days NUMBER;
15:32:33  11  	var_ym_interval INTERVAL YEAR TO MONTH;
15:32:33  12  	var_ds_interval INTERVAL DAY(3) TO SECOND;
15:32:33  13  BEGIN
15:32:33  14  	PROCS_COMMON_V17.ISO8601DURATION_TO_INTERVALS(in_duration, var_years, var_months, var_days);
15:32:33  15  	var_ym_interval := var_years || '-' || var_months;
15:32:33  16  	var_ds_interval := var_days || ' 0:0:0';
15:32:33  17  
15:32:33  18  	var_end_date := in_start_date + var_ym_interval + var_ds_interval;
15:32:33  19  	RETURN var_end_date;
15:32:33  20  END ADD_ISO8601DURATION_TO_DATE;
15:32:33  21  
15:32:33  22  PROCEDURE ISO8601DURATION_TO_INTERVALS(
15:32:33  23  /*
15:32:33  24  Throws exceptions:
15:32:33  25  APP_EXCEPTION_CODES_V17.INTERNAL_ERROR
15:32:33  26  APP_EXCEPTION_CODES_V17.UNKNOWN_ERROR
15:32:33  27  */
15:32:33  28  	in_duration IN	VARCHAR2,
15:32:33  29  	out_years   OUT NUMBER,
15:32:33  30  	out_months  OUT NUMBER,
15:32:33  31  	out_days    OUT NUMBER
15:32:33  32  ) AS
15:32:33  33  SPROC_NAME	  CONSTANT VARCHAR2(28) := 'ISO8601DURATION_TO_INTERVALS';
15:32:33  34  -- VARIABLES
15:32:33  35  var_checking_status NUMBER;
15:32:33  36  temp_duration	  VARCHAR2(29);
15:32:33  37  var_is_t_founded	  NUMBER;
15:32:33  38  
15:32:33  39  var_date_duration VARCHAR2(29);
15:32:33  40  var_time_duration VARCHAR2(29);
15:32:33  41  
15:32:33  42  var_years   VARCHAR2(4);
15:32:33  43  var_monthes VARCHAR2(4);
15:32:33  44  var_days	  VARCHAR2(4);
15:32:33  45  var_hours   VARCHAR2(4);
15:32:33  46  var_minutes VARCHAR2(4);
15:32:33  47  var_seconds VARCHAR2(4);
15:32:33  48  
15:32:33  49  -- EXCEPTIONS
15:32:33  50  BAD_ISO_FORMAT EXCEPTION;
15:32:33  51  BEGIN
15:32:33  52  
15:32:33  53  	var_years   := '0';
15:32:33  54  	var_monthes := '0';
15:32:33  55  	var_days    := '0';
15:32:33  56  	var_hours   := '0';
15:32:33  57  	var_minutes := '0';
15:32:33  58  	var_seconds := '0';
15:32:33  59  
15:32:33  60  	SELECT
15:32:33  61  	  COUNT(*) into var_checking_status
15:32:33  62  	FROM
15:32:33  63  	  DUAL
15:32:33  64  	WHERE
15:32:33  65  	  REGEXP_LIKE(in_duration, '^P')
15:32:33  66  	  AND ROWNUM <= 1;
15:32:33  67  
15:32:33  68  	IF var_checking_status = 0 THEN
15:32:33  69  	  RAISE BAD_ISO_FORMAT;
15:32:33  70  	END IF;
15:32:33  71  
15:32:33  72  	SELECT
15:32:33  73  	  SUBSTR(in_duration, 2) into temp_duration
15:32:33  74  	FROM DUAL
15:32:33  75  	WHERE ROWNUM <= 1;
15:32:33  76  
15:32:33  77  	var_is_t_founded := INSTR(temp_duration, 'T');
15:32:33  78  
15:32:33  79  	IF var_is_t_founded > 1 OR var_is_t_founded = 0 THEN
15:32:33  80  	  -- RESOLVING DATE FROM ISO STRING
15:32:33  81  	  IF var_is_t_founded != 0 THEN
15:32:33  82  	    var_date_duration := SUBSTR(temp_duration, 1, var_is_t_founded - 1);
15:32:33  83  	  ELSE
15:32:33  84  	    var_date_duration := temp_duration;
15:32:33  85  	  END IF;
15:32:33  86  
15:32:33  87  	  SELECT
15:32:33  88  	    COUNT(*) into var_checking_status
15:32:33  89  	  FROM
15:32:33  90  	    DUAL
15:32:33  91  	  WHERE
15:32:33  92  	    REGEXP_LIKE(var_date_duration, '^(\d{1,3}Y){0,1}(\d{1,3}M){0,1}(\d{1,3}D){0,1}$')
15:32:33  93  	    AND ROWNUM <= 1;
15:32:33  94  
15:32:33  95  	  IF var_checking_status = 0 THEN
15:32:33  96  	    RAISE BAD_ISO_FORMAT;
15:32:33  97  	  END IF;
15:32:33  98  
15:32:33  99  	  IF INSTR(var_date_duration, 'Y') != 0 THEN
15:32:33 100  	    SELECT
15:32:33 101  	      REGEXP_SUBSTR(var_date_duration, '\d+Y') into var_years
15:32:33 102  	    FROM
15:32:33 103  	      DUAL;
15:32:33 104  	    var_years := SUBSTR(var_years, 1, LENGTH(var_years) - 1);
15:32:33 105  	  END IF;
15:32:33 106  
15:32:33 107  	  IF INSTR(var_date_duration, 'M') != 0 THEN
15:32:33 108  	    SELECT
15:32:33 109  	      REGEXP_SUBSTR(var_date_duration, '\d+M') into var_monthes
15:32:33 110  	    FROM
15:32:33 111  	      DUAL;
15:32:33 112  	    var_monthes := SUBSTR(var_monthes, 1, LENGTH(var_monthes) - 1);
15:32:33 113  	  END IF;
15:32:33 114  
15:32:33 115  	  IF INSTR(var_date_duration, 'D') != 0 THEN
15:32:33 116  	    SELECT
15:32:33 117  	      REGEXP_SUBSTR(var_date_duration, '\d+D') into var_days
15:32:33 118  	    FROM
15:32:33 119  	      DUAL;
15:32:33 120  	    var_days := SUBSTR(var_days, 1, LENGTH(var_days) - 1);
15:32:33 121  	  END IF;
15:32:33 122  	END IF;
15:32:33 123  
15:32:33 124  	IF (var_is_t_founded > 0) THEN
15:32:33 125  	  -- RESOLVING TIME FROM ISO STRING
15:32:33 126  	  var_time_duration := SUBSTR(temp_duration, var_is_t_founded + 1);
15:32:33 127  
15:32:33 128  	  SELECT
15:32:33 129  	    COUNT(*) into var_checking_status
15:32:33 130  	  FROM
15:32:33 131  	    DUAL
15:32:33 132  	  WHERE
15:32:33 133  	    REGEXP_LIKE(var_time_duration, '^(\d{1,3}H){0,1}(\d{1,3}M){0,1}(\d{1,3}S){0,1}$')
15:32:33 134  	    AND ROWNUM <= 1;
15:32:33 135  
15:32:33 136  	  IF var_checking_status = 0 THEN
15:32:33 137  	    RAISE BAD_ISO_FORMAT;
15:32:33 138  	  END IF;
15:32:33 139  
15:32:33 140  	  IF INSTR(var_time_duration, 'H') != 0 THEN
15:32:33 141  	    SELECT
15:32:33 142  	      REGEXP_SUBSTR(var_time_duration, '\d+H') into var_hours
15:32:33 143  	    FROM
15:32:33 144  	      DUAL;
15:32:33 145  	    var_hours := SUBSTR(var_hours, 1, LENGTH(var_hours) - 1);
15:32:33 146  	  END IF;
15:32:33 147  
15:32:33 148  	  IF INSTR(var_time_duration, 'M') != 0 THEN
15:32:33 149  	    SELECT
15:32:33 150  	      REGEXP_SUBSTR(var_time_duration, '\d+M') into var_minutes
15:32:33 151  	    FROM
15:32:33 152  	      DUAL;
15:32:33 153  	    var_minutes := SUBSTR(var_minutes, 1, LENGTH(var_minutes) - 1);
15:32:33 154  	  END IF;
15:32:33 155  
15:32:33 156  	  IF INSTR(var_time_duration, 'S') != 0 THEN
15:32:33 157  	    SELECT
15:32:33 158  	      REGEXP_SUBSTR(var_time_duration, '\d+S') into var_seconds
15:32:33 159  	    FROM
15:32:33 160  	      DUAL;
15:32:33 161  	    var_seconds := SUBSTR(var_seconds, 1, LENGTH(var_seconds) - 1);
15:32:33 162  	  END IF;
15:32:33 163  
15:32:33 164  	  var_time_duration := SUBSTR(temp_duration, var_is_t_founded);
15:32:33 165  	END IF;
15:32:33 166  
15:32:33 167  	out_years  := var_years;
15:32:33 168  	out_months := var_monthes;
15:32:33 169  	out_days   := var_days;
15:32:33 170  
15:32:33 171  EXCEPTION
15:32:33 172  WHEN BAD_ISO_FORMAT THEN
15:32:33 173  	PROCS_COMMON_V17.THROW_EXCEPTION(APP_EXCEPTION_CODES_V17.INTERNAL_ERROR,
15:32:33 174  	  SPROC_NAME, 'Bad date format');
15:32:33 175  WHEN OTHERS THEN
15:32:33 176  	PROCS_COMMON_V17.THROW_EXCEPTION(APP_EXCEPTION_CODES_V17.UNKNOWN_ERROR,
15:32:33 177  	  SPROC_NAME, 'Unknown error', SQLERRM);
15:32:33 178  END ISO8601DURATION_TO_INTERVALS;
15:32:33 179  
15:32:33 180  /******************************************************************************/
15:32:33 181  
15:32:33 182  FUNCTION NORMALIZE_DATE(
15:32:33 183   in_date IN DATE
15:32:33 184  ) RETURN DATE AS
15:32:33 185  -- VARIABLES
15:32:33 186  var_normalized_date DATE;
15:32:33 187  BEGIN
15:32:33 188  	var_normalized_date := TRUNC(in_date);
15:32:33 189  	RETURN var_normalized_date;
15:32:33 190  END NORMALIZE_DATE;
15:32:33 191  
15:32:33 192  /******************************************************************************/
15:32:33 193  
15:32:33 194  FUNCTION GENERATE_EXCEPTION_MESSAGE(
15:32:33 195  	in_sproc_name	    IN VARCHAR2,
15:32:33 196  	in_error_message    IN VARCHAR2,
15:32:33 197  	in_error_stacktrace IN VARCHAR2 DEFAULT NULL
15:32:33 198  ) RETURN VARCHAR2 AS
15:32:33 199  BEGIN
15:32:33 200  	IF in_error_stacktrace IS NOT NULL THEN
15:32:33 201  	  RETURN in_sproc_name || ': ' || in_error_message || ': ' || GLOBAL_CONSTANTS_V17.EXCEPTION_DELIMETER || in_error_stacktrace;
15:32:33 202  	END IF;
15:32:33 203  	RETURN
15:32:33 204  	  in_sproc_name || ': ' || in_error_message;
15:32:33 205  END GENERATE_EXCEPTION_MESSAGE;
15:32:33 206  
15:32:33 207  /******************************************************************************/
15:32:33 208  
15:32:33 209  PROCEDURE THROW_EXCEPTION(
15:32:33 210  	in_exception_code   IN NUMBER,
15:32:33 211  	in_sproc_name	    IN VARCHAR2,
15:32:33 212  	in_error_message    IN VARCHAR2,
15:32:33 213  	in_error_stacktrace IN VARCHAR2 DEFAULT NULL
15:32:33 214  ) AS
15:32:33 215  BEGIN
15:32:33 216  	RAISE_APPLICATION_ERROR(in_exception_code, GENERATE_EXCEPTION_MESSAGE(in_sproc_name, in_error_message, in_error_stacktrace));
15:32:33 217  END;
15:32:33 218  
15:32:33 219  FUNCTION ROUND_10_6_TO_10_2 (
15:32:33 220  	in_number NUMBER
15:32:33 221  ) RETURN NUMBER AS
15:32:33 222  v_result NUMBER(10,2);
15:32:33 223  BEGIN
15:32:33 224  	v_result := in_number;
15:32:33 225  	return v_result;
15:32:33 226  END;
15:32:33 227  
15:32:33 228  END PROCS_COMMON_V17;
15:32:33 229  .
15:32:33 SQL> /

Package body created.

Elapsed: 00:00:00.21
15:32:34 SQL> 
15:32:34 SQL> grant execute on CORE_OWNER.APP_EXCEPTION_CODES_V17 to core_hist_owner;

Grant succeeded.

Elapsed: 00:00:00.04
15:32:34 SQL> grant execute on CORE_OWNER.APP_EXCEPTION_CODES_V17 to ops_owner;

Grant succeeded.

Elapsed: 00:00:00.01
15:32:34 SQL> grant execute on CORE_OWNER.APP_EXCEPTION_CODES_V17 to ops_hist_owner;

Grant succeeded.

Elapsed: 00:00:00.00
15:32:34 SQL> 
15:32:34 SQL> grant execute on CORE_OWNER.GLOBAL_ENUMS_V17 to core_hist_owner;

Grant succeeded.

Elapsed: 00:00:00.01
15:32:34 SQL> grant execute on CORE_OWNER.GLOBAL_ENUMS_V17 to ops_owner;

Grant succeeded.

Elapsed: 00:00:00.00
15:32:34 SQL> grant execute on CORE_OWNER.GLOBAL_ENUMS_V17 to ops_hist_owner;

Grant succeeded.

Elapsed: 00:00:00.01
15:32:34 SQL> 
15:32:34 SQL> grant execute on CORE_OWNER.GLOBAL_STATUSES_V17 to core_hist_owner;

Grant succeeded.

Elapsed: 00:00:00.00
15:32:34 SQL> grant execute on CORE_OWNER.GLOBAL_STATUSES_V17 to ops_owner;

Grant succeeded.

Elapsed: 00:00:00.01
15:32:34 SQL> grant execute on CORE_OWNER.GLOBAL_STATUSES_V17 to ops_hist_owner;

Grant succeeded.

Elapsed: 00:00:00.00
15:32:34 SQL> commit;

Commit complete.

Elapsed: 00:00:00.00
15:32:34 SQL> spool off;


Subject: Nomad upgrade completed successfully: ECPR@rac01.prd.ewr1.nytimes.com
From: Nomad for Oracle <nytd_oracledba@nytimes.com>
To: nytd_ecommerce@nytimes.com,nytd_oracledba@nytimes.com
Cc: nytd_oracledba@nytimes.com
Nomad upgrade operation completed successfully without errors. 
        
        Details
        -------
        DB Hostname: rac01.prd.ewr1.nytimes.com
        SID: ECPR
        Schema: core_owner
        Migration: 20.4-release-1.11.1-common
        SVN Revision: 10382
        Duration: 1 sec.
        Service Request: https://jira.em.nytimes.com/browse/ORA-348