13:10:11 SQL> @/dbbackups/ECST/migrations/core_owner/21.1-update-3-offer-chain-end-date/upgrade.sql
13:10:11 SQL> WHENEVER SQLERROR EXIT SQL.SQLCODE ROLLBACK
13:10:11 SQL> 
13:10:11 SQL> UPDATE core_owner.offer_chain
13:10:11   2  SET adoptability_window_end_date = to_date('2099-12-31', 'yyyy-mm-dd'),
13:10:11   3  update_date = sysdate,
13:10:11   4  updated_by = 'JIRA SAR-250'
13:10:11   5  WHERE id in (3681562467, 173830776,965484810);

3 rows updated.

Elapsed: 00:00:00.33
13:10:11 SQL> 
13:10:11 SQL> commit;

Commit complete.

Elapsed: 00:00:00.00
13:10:11 SQL> commit;

Commit complete.

Elapsed: 00:00:00.00
13:10:11 SQL> spool off;


Subject: Nomad upgrade completed successfully: ECST@rac01.stg.ewr1.nytimes.com
From: Nomad for Oracle <nytd_oracledba@nytimes.com>
To: nytd_ecommerce@nytimes.com,nytd_oracledba@nytimes.com
Cc: nytd_oracledba@nytimes.com
Nomad upgrade operation completed successfully without errors. 
        
        Details
        -------
        DB Hostname: rac01.stg.ewr1.nytimes.com
        SID: ECST
        Schema: core_owner
        Migration: 21.1-update-3-offer-chain-end-date
        SVN Revision: 10612
        Duration: 0 sec.
        Service Request: https://jira.em.nytimes.com/browse/ORA-365