13:24:07 SQL> @/dbbackups/ECPR/migrations/core_owner/47.0-release-1.14.0-amazon-kindle-fire/upgrade.sql
13:24:07 SQL> WHENEVER SQLERROR EXIT ROLLBACK;
13:24:07 SQL> 
13:24:07 SQL> variable is_current_version_fine NUMBER;
13:24:07 SQL> variable change_version NUMBER;
13:24:07 SQL> variable bad_current_version VARCHAR2(1024);
13:24:07 SQL> 
13:24:07 SQL> exec :change_version := 137;

PL/SQL procedure successfully completed.

Elapsed: 00:00:00.00
13:24:07 SQL> exec PROCS_SYSTEM_V16.CHECK_VERSION(:change_version - 1, :is_current_version_fine);

PL/SQL procedure successfully completed.

Elapsed: 00:00:00.29
13:24:08 SQL> exec :bad_current_version := 'Current version is bad, please update your version to '||(:change_version-1);

PL/SQL procedure successfully completed.

Elapsed: 00:00:00.00
13:24:08 SQL> 
13:24:08 SQL> BEGIN
13:24:08   2  	IF (:is_current_version_fine != 0) THEN
13:24:08   3  	  RAISE_APPLICATION_ERROR(-20001, :bad_current_version);
13:24:08   4  	END IF;
13:24:08   5  END;
13:24:08   6  /

PL/SQL procedure successfully completed.

Elapsed: 00:00:00.00
13:24:08 SQL> 
13:24:08 SQL> CREATE TABLE AMAZON_APPSTORE_ITEM_TYPE (
13:24:08   2  	ID	    VARCHAR2(30) NOT NULL,
13:24:08   3  	DESCRIPTION VARCHAR2(1000) NOT NULL,
13:24:08   4  	CREATE_DATE DATE NOT NULL,
13:24:08   5  	CREATED_BY  VARCHAR2(255) NOT NULL,
13:24:08   6  	CONSTRAINT AAS_ITEM_TYPE_ID_PK PRIMARY KEY (ID) USING INDEX TABLESPACE CORE_IDX
13:24:08   7  ) TABLESPACE CORE;

Table created.

Elapsed: 00:00:00.85
13:24:08 SQL> 
13:24:08 SQL> INSERT INTO AMAZON_APPSTORE_ITEM_TYPE VALUES ('ENTITLED',    'Amazon App Store Entititlement',SYSDATE,'JIRA-SAR-274');

1 row created.

Elapsed: 00:00:00.18
13:24:09 SQL> INSERT INTO AMAZON_APPSTORE_ITEM_TYPE VALUES ('CONSUMABLE',  'Amazon App Store Consumable',   SYSDATE,'JIRA-SAR-274');

1 row created.

Elapsed: 00:00:00.00
13:24:09 SQL> INSERT INTO AMAZON_APPSTORE_ITEM_TYPE VALUES ('SUBSCRIPTION','Amazon App Store Subscription', SYSDATE,'JIRA-SAR-274');

1 row created.

Elapsed: 00:00:00.00
13:24:09 SQL> COMMIT;

Commit complete.

Elapsed: 00:00:00.00
13:24:09 SQL> 
13:24:09 SQL> CREATE TABLE AMAZON_APPSTORE (
13:24:09   2  	ID NUMBER NOT NULL,
13:24:09   3  	SUBSCRIPTION_ID NUMBER NOT NULL,
13:24:09   4  	USER_ID VARCHAR2(4000) NOT NULL,
13:24:09   5  	ITEM_TYPE VARCHAR2(30) NOT NULL,
13:24:09   6  	START_DATE DATE NOT NULL,
13:24:09   7  	END_DATE DATE,
13:24:09   8  	SKU VARCHAR2(4000) NOT NULL,
13:24:09   9  	PURCHASE_TOKEN VARCHAR2(4000) NOT NULL,
13:24:09  10  	CREATE_DATE DATE NOT NULL,
13:24:09  11  	CREATED_BY VARCHAR2(255) NOT NULL,
13:24:09  12  	UPDATE_DATE DATE NOT NULL,
13:24:09  13  	UPDATED_BY VARCHAR2(255) NOT NULL,
13:24:09  14  	CONSTRAINT AAS_PK PRIMARY KEY (ID) USING INDEX TABLESPACE CORE_IDX,
13:24:09  15  	CONSTRAINT AAS_SUBSCRIPTION_ID_FK FOREIGN KEY (SUBSCRIPTION_ID) REFERENCES SUBSCRIPTION(ID),
13:24:09  16  	CONSTRAINT AAS_ITEM_TYPE_FK	  FOREIGN KEY (ITEM_TYPE) REFERENCES AMAZON_APPSTORE_ITEM_TYPE(ID)
13:24:09  17  ) TABLESPACE CORE;

Table created.

Elapsed: 00:00:00.07
13:24:09 SQL> 
13:24:09 SQL> CREATE INDEX AAS_USER_ID_IDX ON AMAZON_APPSTORE(USER_ID) TABLESPACE CORE_IDX;

Index created.

Elapsed: 00:00:00.02
13:24:09 SQL> CREATE INDEX AAS_SKU_IDX ON AMAZON_APPSTORE(SKU) TABLESPACE CORE_IDX;

Index created.

Elapsed: 00:00:00.02
13:24:09 SQL> CREATE UNIQUE INDEX AAS_PURCHASE_TOKEN_IDX ON AMAZON_APPSTORE(PURCHASE_TOKEN) TABLESPACE CORE_IDX;

Index created.

Elapsed: 00:00:00.03
13:24:09 SQL> CREATE UNIQUE INDEX AAS_SUBSCRIPTION_ID_IDX ON AMAZON_APPSTORE(SUBSCRIPTION_ID) TABLESPACE CORE_IDX;

Index created.

Elapsed: 00:00:00.01
13:24:09 SQL> CREATE SEQUENCE AAS_ID_SEQ;

Sequence created.

Elapsed: 00:00:00.04
13:24:09 SQL> 
13:24:09 SQL> COMMENT ON COLUMN AMAZON_APPSTORE.ID IS 'Use sequence AAS_ID_SEQ';

Comment created.

Elapsed: 00:00:00.06
13:24:09 SQL> COMMENT ON COLUMN AMAZON_APPSTORE.END_DATE IS 'This column is allow to be null b/c that is how the amazon verification service indicates that the subscription is still active';

Comment created.

Elapsed: 00:00:00.01
13:24:09 SQL> 
13:24:09 SQL> ALTER TABLE OFFER_CHAIN ADD (
13:24:09   2  	AMAZON_APPSTORE_SKU VARCHAR2(4000) NULL,
13:24:09   3  	ITUNES_PRODUCT_ID   VARCHAR2(4000) NULL
13:24:09   4  );

Table altered.

Elapsed: 00:00:01.26
13:24:10 SQL> 
13:24:10 SQL> CREATE UNIQUE INDEX OC_AMAZON_APPSTORE_SKU_IDX ON OFFER_CHAIN(AMAZON_APPSTORE_SKU) TABLESPACE CORE_IDX;

Index created.

Elapsed: 00:00:00.08
13:24:10 SQL> CREATE UNIQUE INDEX OC_ITUNES_PRODUCT_ID_IDX ON OFFER_CHAIN(ITUNES_PRODUCT_ID) TABLESPACE CORE_IDX;

Index created.

Elapsed: 00:00:00.03
13:24:10 SQL> 
13:24:10 SQL> INSERT INTO NOTIFICATION_TYPE (ID, VALUE, TEMPLATE_URL) VALUES (NOTTID_SEQ.NEXTVAL, 'sartre-chase-no-response', 'N/A');

1 row created.

Elapsed: 00:00:00.03
13:24:10 SQL> COMMIT;

Commit complete.

Elapsed: 00:00:00.00
13:24:10 SQL> 
13:24:10 SQL> EXEC PROCS_SYSTEM_V16.INCREMENT_VERSION();

PL/SQL procedure successfully completed.

Elapsed: 00:00:00.01
13:24:10 SQL> 
13:24:10 SQL> commit;

Commit complete.

Elapsed: 00:00:00.00
13:24:10 SQL> spool off;


Subject: Nomad upgrade completed successfully: ECPR@rac01.prd.ewr1.nytimes.com
From: Nomad for Oracle <nytd_oracledba@nytimes.com>
To: nytd_ecommerce@nytimes.com
Cc: nytd_oracledba@nytimes.com

Nomad upgrade operation completed successfully without errors. 
        
        Details
        -------
        DB Hostname: rac01.prd.ewr1.nytimes.com
        DB Role: PRIMARY
        SID: ECPR
        Schema: core_owner
        Migration: 47.0-release-1.14.0-amazon-kindle-fire
        SVN Revision: 12320
        Duration: 3 sec.
        DBA: sbao
        Service Request: https://jira.em.nytimes.com/browse/ORA-755