14:52:48 SQL> @/dbbackups/ECST/migrations/core_owner/55-update-99-cent-12-wk-oc-adoptability-end-date/upgrade.sql
14:52:48 SQL> UPDATE
14:52:48   2  	offer_chain
14:52:48   3  SET
14:52:48   4  	adoptability_window_end_date = to_date('2069-12-31 00:00:00', 'YYYY-MM-DD HH24:MI:SS'),
14:52:48   5  	update_date = SYSDATE,
14:52:48   6  	updated_by = 'PMOM-22'
14:52:48   7  WHERE
14:52:48   8  	id IN (1883293023,
14:52:48   9  	       512404814,
14:52:48  10  	       2251423298);

3 rows updated.

Elapsed: 00:00:00.00
14:52:48 SQL> commit;

Commit complete.

Elapsed: 00:00:00.01
14:52:48 SQL> commit;

Commit complete.

Elapsed: 00:00:00.00
14:52:48 SQL> spool off;


Subject: Nomad upgrade completed successfully: ECST@rac01.stg.ewr1.nytimes.com
From: Nomad for Oracle <nytd_oracledba@nytimes.com>
To: nytd_ecommerce@nytimes.com
Cc: nytd_oracledba@nytimes.com

Nomad upgrade operation completed successfully without errors. 
        
        Details
        -------
        DB Hostname: rac01.stg.ewr1.nytimes.com
        DB Role: PRIMARY
        SID: ECST
        Schema: core_owner
        Migration: 55-update-99-cent-12-wk-oc-adoptability-end-date
        SVN Revision: 12795
        Duration: 0 sec.
        DBA: sbao
        Service Request: https://jira.em.nytimes.com/browse/ORA-838