16:07:47 SQL> @/dbbackups/ECPR/migrations/core_owner/55-update-99-cent-12-wk-oc-adoptability-end-date/upgrade.sql
16:07:47 SQL> UPDATE
16:07:47   2  	offer_chain
16:07:47   3  SET
16:07:47   4  	adoptability_window_end_date = to_date('2069-12-31 00:00:00', 'YYYY-MM-DD HH24:MI:SS'),
16:07:47   5  	update_date = SYSDATE,
16:07:47   6  	updated_by = 'PMOM-22'
16:07:47   7  WHERE
16:07:47   8  	id IN (1883293023,
16:07:47   9  	       512404814,
16:07:47  10  	       2251423298);

3 rows updated.

Elapsed: 00:00:00.16
16:07:47 SQL> commit;

Commit complete.

Elapsed: 00:00:00.01
16:07:47 SQL> commit;

Commit complete.

Elapsed: 00:00:00.00
16:07:47 SQL> spool off;


Subject: Nomad upgrade completed successfully: ECPR@rac01.prd.ewr1.nytimes.com
From: Nomad for Oracle <nytd_oracledba@nytimes.com>
To: nytd_ecommerce@nytimes.com
Cc: nytd_oracledba@nytimes.com

Nomad upgrade operation completed successfully without errors. 
        
        Details
        -------
        DB Hostname: rac01.prd.ewr1.nytimes.com
        DB Role: PRIMARY
        SID: ECPR
        Schema: core_owner
        Migration: 55-update-99-cent-12-wk-oc-adoptability-end-date
        SVN Revision: 12795
        Duration: 0 sec.
        DBA: sbao
        Service Request: https://jira.em.nytimes.com/browse/ORA-849