13:02:30 SQL> @/dbbackups/ECDV8/migrations/nytdba/1-rc_license_mvlog/upgrade.sql
13:02:30 SQL> drop materialized view log on core_owner.license;

Materialized view log dropped.

Elapsed: 00:00:03.46
13:02:33 SQL> create materialized view log on core_owner.license;

Materialized view log created.

Elapsed: 00:00:00.30
13:02:33 SQL> commit;

Commit complete.

Elapsed: 00:00:00.00
13:02:33 SQL> spool off;


Subject: Nomad upgrade completed successfully: ECDV8@rac01.qprvt.nytimes.com
From: Nomad for Oracle <nytd_oracledba@nytimes.com>
To: nytd_oracledba@nytimes.com
Cc: nytd_oracledba@nytimes.com

Nomad upgrade operation completed successfully without errors. 
        
        Details
        -------
        DB Hostname: rac01.qprvt.nytimes.com
        DB Role: PRIMARY
        SID: ECDV8
        Schema: nytdba
        Migration: 1-rc_license_mvlog
        SVN Revision: 10892
        Duration: 4 sec.
        DBA: sbao
        Service Request: https://jira.em.nytimes.com/browse/ORA-459