13:26:32 SQL> @/dbbackups/ECST3/migrations/nytdba/1-rc_license_mvlog/upgrade.sql
13:26:32 SQL> drop materialized view log on core_owner.license;

Materialized view log dropped.

Elapsed: 00:00:00.70
13:26:33 SQL> create materialized view log on core_owner.license;

Materialized view log created.

Elapsed: 00:00:00.49
13:26:33 SQL> commit;

Commit complete.

Elapsed: 00:00:00.00
13:26:33 SQL> spool off;


Subject: Nomad upgrade completed successfully: ECST3@rac01.stg.ewr1.nytimes.com
From: Nomad for Oracle <nytd_oracledba@nytimes.com>
To: nytd_ecommerce@nytimes.com
Cc: nytd_oracledba@nytimes.com

Nomad upgrade operation completed successfully without errors. 
        
        Details
        -------
        DB Hostname: rac01.stg.ewr1.nytimes.com
        DB Role: PRIMARY
        SID: ECST3
        Schema: nytdba
        Migration: 1-rc_license_mvlog
        SVN Revision: 10892
        Duration: 1 sec.
        DBA: sbao
        