20:27:33 SQL> @/dbbackups/ECDV6/migrations/nytdba/11-cr_role_core_owner_readonly/upgrade.sql
20:27:33 SQL> -- code to create a role with read only privileges on <object_owner>'s objects and then grant that role to <grantee>
20:27:33 SQL> 
20:27:33 SQL> set serveroutput on termout on verify off
20:27:33 SQL> -- since nomad turns off define before calling sql scripts, you need to explicitly turn define back on, as done in the command below
20:27:33 SQL> set define on
20:27:33 SQL> define rol=CORE_OWNER_READONLY
20:27:33 SQL> WHENEVER OSERROR EXIT
20:27:33 SQL> WHENEVER SQLERROR CONTINUE
20:27:33 SQL> 
20:27:33 SQL> /* drop  role */
20:27:33 SQL> drop role &rol;

Role dropped.

Elapsed: 00:00:00.04
20:27:33 SQL> 
20:27:33 SQL> WHENEVER SQLERROR EXIT ROLLBACK
20:27:33 SQL> 
20:27:33 SQL> declare
20:27:33   2  
20:27:33   3  	    role varchar2(30) := '&rol';
20:27:33   4  	    object_owner varchar2(30) := 'CORE_OWNER';
20:27:33   5  
20:27:33   6  begin
20:27:33   7  	  /* create role */
20:27:33   8  	  dbms_output.put_line ('create role '||role);
20:27:33   9  	  execute immediate 'create role '||role;
20:27:33  10  
20:27:33  11  	  /* grant select privileges on object_owner's tables to role */
20:27:33  12  	  for x in (select table_name from dba_tables  where owner = object_owner and table_name not like 'RUPD$_%' and table_name not like 'MLOG$_%')
20:27:33  13  	  loop
20:27:33  14  
20:27:33  15  	      /* enclose the table_name in double quotes, as some tables such as schema_version in ecdv6 are stored in the db in lower case, instead of using the standard uppercase convention! */
20:27:33  16  	       dbms_output.put_line ('grant select on ' ||object_owner||'.'||'"'||x.table_name||'"'||' to '||role);
20:27:33  17  	       execute immediate 'grant select on ' ||object_owner||'.'||'"'||x.table_name||'"'||' to '||role;
20:27:33  18  	  end loop;
20:27:33  19  
20:27:33  20  	  /* grant select privileges on object_owner's views to role */
20:27:33  21  	  for x in (select view_name from dba_views  where owner = object_owner )
20:27:33  22  	  loop
20:27:33  23  	       dbms_output.put_line ('grant select on ' ||object_owner||'.'||'"'|| x.view_name ||'"'|| ' to '||role);
20:27:33  24  	       execute immediate 'grant select on ' ||object_owner||'.'||'"'||x.view_name||'"'||' to '||role;
20:27:33  25  	  end loop;
20:27:33  26  
20:27:33  27  end;
20:27:33  28  /
create role CORE_OWNER_READONLY                                                 
grant select on CORE_OWNER."TMP_PRODUCT" to CORE_OWNER_READONLY                 
grant select on CORE_OWNER."TMP_PRODUCT_OFFERING" to CORE_OWNER_READONLY        
grant select on CORE_OWNER."TMP_PRODUCT_ELIGIBILITY" to CORE_OWNER_READONLY     
grant select on CORE_OWNER."ACCOUNT" to CORE_OWNER_READONLY                     
grant select on CORE_OWNER."ACCOUNT_LOCK" to CORE_OWNER_READONLY                
grant select on CORE_OWNER."ACCOUNT_NOTE" to CORE_OWNER_READONLY                
grant select on CORE_OWNER."ACCOUNT_STATUS" to CORE_OWNER_READONLY              
grant select on CORE_OWNER."CHARGE" to CORE_OWNER_READONLY                      
grant select on CORE_OWNER."CHARGE_STATUS" to CORE_OWNER_READONLY               
grant select on CORE_OWNER."CREDIT_CARD" to CORE_OWNER_READONLY                 
grant select on CORE_OWNER."CREDIT_CARD_STATUS" to CORE_OWNER_READONLY          
grant select on CORE_OWNER."CREDIT_CARD_TYPE" to CORE_OWNER_READONLY            
grant select on CORE_OWNER."DISCOUNT" to CORE_OWNER_READONLY                    
grant select on CORE_OWNER."DISCOUNT_PRODUCT_OFFERING" to CORE_OWNER_READONLY   
grant select on CORE_OWNER."DISCOUNT_TYPE" to CORE_OWNER_READONLY               
grant select on CORE_OWNER."GIFT_CERTIFICATE" to CORE_OWNER_READONLY            
grant select on CORE_OWNER."GIFT_CERTIFICATE_STATUS" to CORE_OWNER_READONLY     
grant select on CORE_OWNER."INSTRUMENT_TYPE" to CORE_OWNER_READONLY             
grant select on CORE_OWNER."INVOICE" to CORE_OWNER_READONLY                     
grant select on CORE_OWNER."INVOICE_STATUS" to CORE_OWNER_READONLY              
grant select on CORE_OWNER."JURISDICTION_LEVEL" to CORE_OWNER_READONLY          
grant select on CORE_OWNER."LEGACY_CREDIT_MEMO" to CORE_OWNER_READONLY          
grant select on CORE_OWNER."LEGACY_CREDIT_MEMO_NOTE" to CORE_OWNER_READONLY     
grant select on CORE_OWNER."LEGACY_CREDIT_MEMO_STATUS" to CORE_OWNER_READONLY   
grant select on CORE_OWNER."LEGACY_REFUND" to CORE_OWNER_READONLY               
grant select on CORE_OWNER."LEGACY_REFUND_NOTE" to CORE_OWNER_READONLY          
grant select on CORE_OWNER."LEGACY_REFUND_STATUS" to CORE_OWNER_READONLY        
grant select on CORE_OWNER."LEGACY_REFUND_TRN" to CORE_OWNER_READONLY           
grant select on CORE_OWNER."LEGACY_REFUND_TRN_ATTEMPT" to CORE_OWNER_READONLY   
grant select on CORE_OWNER."LEGACY_REFUND_TRN_STATUS" to CORE_OWNER_READONLY    
grant select on CORE_OWNER."LICENSE" to CORE_OWNER_READONLY                     
grant select on CORE_OWNER."LICENSE_STATUS" to CORE_OWNER_READONLY              
grant select on CORE_OWNER."LINE_ITEM" to CORE_OWNER_READONLY                   
grant select on CORE_OWNER."MIGRATION_STATUS" to CORE_OWNER_READONLY            
grant select on CORE_OWNER."OFFER" to CORE_OWNER_READONLY                       
grant select on CORE_OWNER."OFFER_CHAIN" to CORE_OWNER_READONLY                 
grant select on CORE_OWNER."OFFER_CHAIN_ELIGIBILITY" to CORE_OWNER_READONLY     
grant select on CORE_OWNER."OFFER_CHAIN_META_DATA" to CORE_OWNER_READONLY       
grant select on CORE_OWNER."OFFER_CHAIN_STATUS" to CORE_OWNER_READONLY          
grant select on CORE_OWNER."OFFER_OFFER_CHAIN" to CORE_OWNER_READONLY           
grant select on CORE_OWNER."OFFER_PRODUCT_OFFERING" to CORE_OWNER_READONLY      
grant select on CORE_OWNER."OFFER_STATUS" to CORE_OWNER_READONLY                
grant select on CORE_OWNER."PAYPAL_STATUS" to CORE_OWNER_READONLY               
grant select on CORE_OWNER."PRODUCT" to CORE_OWNER_READONLY                     
grant select on CORE_OWNER."PRODUCT_OFFERING" to CORE_OWNER_READONLY            
grant select on CORE_OWNER."PRODUCT_OFFERING_META_DATA" to CORE_OWNER_READONLY  
grant select on CORE_OWNER."PRODUCT_STATUS" to CORE_OWNER_READONLY              
grant select on CORE_OWNER."SUBSCRIPTION" to CORE_OWNER_READONLY                
grant select on CORE_OWNER."SUBSCRIPTION_CANCEL_REASON" to CORE_OWNER_READONLY  
grant select on CORE_OWNER."SUBSCRIPTION_CANC_TYPE_STATUS" to                   
CORE_OWNER_READONLY                                                             
grant select on CORE_OWNER."SUBSCRIPTION_NOTE" to CORE_OWNER_READONLY           
grant select on CORE_OWNER."SUBSCRIPTION_STATUS" to CORE_OWNER_READONLY         
grant select on CORE_OWNER."SYSTEM_CATEGORY" to CORE_OWNER_READONLY             
grant select on CORE_OWNER."SYS_VERSION" to CORE_OWNER_READONLY                 
grant select on CORE_OWNER."TAX_CATEGORY" to CORE_OWNER_READONLY                
grant select on CORE_OWNER."TAX_POLICY_TYPE" to CORE_OWNER_READONLY             
grant select on CORE_OWNER."TAX_TYPE" to CORE_OWNER_READONLY                    
grant select on CORE_OWNER."TRANSACTION" to CORE_OWNER_READONLY                 
grant select on CORE_OWNER."TRANSACTION_ATTEMPT" to CORE_OWNER_READONLY         
grant select on CORE_OWNER."TRANSACTION_ATTEMPT_STATUS" to CORE_OWNER_READONLY  
grant select on CORE_OWNER."TRANSACTION_STATUS" to CORE_OWNER_READONLY          
grant select on CORE_OWNER."ACCOUNT_WARNING_FLAG" to CORE_OWNER_READONLY        
grant select on CORE_OWNER."BILLING_ACTIVITY_LOG" to CORE_OWNER_READONLY        
grant select on CORE_OWNER."CHARGEBACK" to CORE_OWNER_READONLY                  
grant select on CORE_OWNER."DISCOUNT_LINE_ITEM" to CORE_OWNER_READONLY          
grant select on CORE_OWNER."TAX_COUNTRY_EXCLUSION_LIST" to CORE_OWNER_READONLY  
grant select on CORE_OWNER."FLAGGED_ACCOUNTS" to CORE_OWNER_READONLY            
grant select on CORE_OWNER."INVOICE_NOTE" to CORE_OWNER_READONLY                
grant select on CORE_OWNER."PAYPAL" to CORE_OWNER_READONLY                      
grant select on CORE_OWNER."SUBSCRIPTION_META_DATA" to CORE_OWNER_READONLY      
grant select on CORE_OWNER."SYSTEM_ACTIVITY_REASONS" to CORE_OWNER_READONLY     
grant select on CORE_OWNER."TAX" to CORE_OWNER_READONLY                         
grant select on CORE_OWNER."TEMP_OFFER" to CORE_OWNER_READONLY                  
grant select on CORE_OWNER."TEMP_REPAIR_CASE_36A" to CORE_OWNER_READONLY        
grant select on CORE_OWNER."TEMP_B22_SUBQUERY" to CORE_OWNER_READONLY           
grant select on CORE_OWNER."TEMP_REPAIR_CASE_9" to CORE_OWNER_READONLY          
grant select on CORE_OWNER."TEMP_JT_LICENSES" to CORE_OWNER_READONLY            
grant select on CORE_OWNER."INVOICE_ADJUSTMENT_REASON" to CORE_OWNER_READONLY   
grant select on CORE_OWNER."INVOICE_ADJUSTMENT" to CORE_OWNER_READONLY          
grant select on CORE_OWNER."LINE_ITEM_ADJUSTMENT" to CORE_OWNER_READONLY        
grant select on CORE_OWNER."TAX_ADJUSTMENT" to CORE_OWNER_READONLY              
grant select on CORE_OWNER."DISCOUNT_LINEITEM_ADJUSTMENT" to CORE_OWNER_READONLY
grant select on CORE_OWNER."TEMP_CASE_45280" to CORE_OWNER_READONLY             
grant select on CORE_OWNER."TMP_CASE_47636" to CORE_OWNER_READONLY              
grant select on CORE_OWNER."OFFER_CHAIN_NOTIFICATION_TYPE" to                   
CORE_OWNER_READONLY                                                             
grant select on CORE_OWNER."POLLING_SYNC" to CORE_OWNER_READONLY                
grant select on CORE_OWNER."POLLING_SYNC_LASTRUN" to CORE_OWNER_READONLY        
grant select on CORE_OWNER."RCN_EXT_SOURCE_LOG" to CORE_OWNER_READONLY          
grant select on CORE_OWNER."RCN_CPT_SERVICE_CHARGE_DETAIL" to                   
CORE_OWNER_READONLY                                                             
grant select on CORE_OWNER."RCN_CPT_EXCEPTION_DETAIL" to CORE_OWNER_READONLY    
grant select on CORE_OWNER."RCN_CPT_DEPOSIT_DETAIL" to CORE_OWNER_READONLY      
grant select on CORE_OWNER."RCN_CPT_CHARGEBACK_ACT_DETAIL" to                   
CORE_OWNER_READONLY                                                             
grant select on CORE_OWNER."RCN_PP_SETTLEMENT" to CORE_OWNER_READONLY           
grant select on CORE_OWNER."RCN_PP_DISPUTE" to CORE_OWNER_READONLY              
grant select on CORE_OWNER."RCN_PP_TRANS_DETAIL" to CORE_OWNER_READONLY         
grant select on CORE_OWNER."ACTION" to CORE_OWNER_READONLY                      
grant select on CORE_OWNER."TEMP_CASE_42168" to CORE_OWNER_READONLY             
grant select on CORE_OWNER."TEMP_CASE_48832" to CORE_OWNER_READONLY             
grant select on CORE_OWNER."LICENSE_TEMP_20110311" to CORE_OWNER_READONLY       
grant select on CORE_OWNER."ITUNES_RECEIPT" to CORE_OWNER_READONLY              
grant select on CORE_OWNER."BILLING_SOURCE" to CORE_OWNER_READONLY              
grant select on CORE_OWNER."AMAZON_SUB" to CORE_OWNER_READONLY                  
grant select on CORE_OWNER."VENDOR_SOURCE" to CORE_OWNER_READONLY               
grant select on CORE_OWNER."ADDRESS" to CORE_OWNER_READONLY                     
grant select on CORE_OWNER."GROUP_ACCOUNT" to CORE_OWNER_READONLY               
grant select on CORE_OWNER."GROUP_ACCOUNT_TYPE" to CORE_OWNER_READONLY          
grant select on CORE_OWNER."CAPABILITY" to CORE_OWNER_READONLY                  
grant select on CORE_OWNER."GROUP_ACC_IP_RNG_STATUS" to CORE_OWNER_READONLY     
grant select on CORE_OWNER."GROUP_ACCOUNT_IP_RANGE" to CORE_OWNER_READONLY      
grant select on CORE_OWNER."SUBSCRIPTION_SHARE" to CORE_OWNER_READONLY          
grant select on CORE_OWNER."GROUP_ACCOUNT_EMAIL_DOMAIN" to CORE_OWNER_READONLY  
grant select on CORE_OWNER."CC_REQUEST_FILE_STATUS" to CORE_OWNER_READONLY      
grant select on CORE_OWNER."CC_REQUEST_FILE" to CORE_OWNER_READONLY             
grant select on CORE_OWNER."CC_UPDATE_STATUS" to CORE_OWNER_READONLY            
grant select on CORE_OWNER."CC_UPDATE_REASON" to CORE_OWNER_READONLY            
grant select on CORE_OWNER."CC_UPDATE_ACTION" to CORE_OWNER_READONLY            
grant select on CORE_OWNER."CC_UPDATE" to CORE_OWNER_READONLY                   
grant select on CORE_OWNER."NOMAD_MIGRATION" to CORE_OWNER_READONLY             
grant select on CORE_OWNER."NOMAD_ACTION" to CORE_OWNER_READONLY                
grant select on CORE_OWNER."GC_CAMPAIGN_AND_REF" to CORE_OWNER_READONLY         
grant select on CORE_OWNER."schema_version" to CORE_OWNER_READONLY              
grant select on CORE_OWNER."AMAZON_APPSTORE_RECEIPT_TYPE" to CORE_OWNER_READONLY
grant select on CORE_OWNER."AMAZON_APPSTORE_RECEIPT" to CORE_OWNER_READONLY     
grant select on CORE_OWNER."PLSQL_PROFILER_RUNS" to CORE_OWNER_READONLY         
grant select on CORE_OWNER."PLSQL_PROFILER_UNITS" to CORE_OWNER_READONLY        
grant select on CORE_OWNER."PLSQL_PROFILER_DATA" to CORE_OWNER_READONLY         
grant select on CORE_OWNER."ILJ_TAB" to CORE_OWNER_READONLY                     
grant select on CORE_OWNER."P_PRODUCTOFFERINGMETADATA_TMP" to                   
CORE_OWNER_READONLY                                                             
grant select on CORE_OWNER."VENDOR_ACCOUNT_TABLE" to CORE_OWNER_READONLY        
grant select on CORE_OWNER."AMAZON_APPSTORE_ITEM_TYPE" to CORE_OWNER_READONLY   
grant select on CORE_OWNER."AMAZON_APPSTORE" to CORE_OWNER_READONLY             
grant select on CORE_OWNER."TRANSACTION_TYPE" to CORE_OWNER_READONLY            
grant select on CORE_OWNER."J_PPL_CHANNEL" to CORE_OWNER_READONLY               
grant select on CORE_OWNER."J_PRODUCT" to CORE_OWNER_READONLY                   
grant select on CORE_OWNER."J_PRODUCT_CAPABILITY" to CORE_OWNER_READONLY        
grant select on CORE_OWNER."J_PRODUCT_PACKAGE" to CORE_OWNER_READONLY           
grant select on CORE_OWNER."J_PRODUCT_PACKAGE_CHAIN" to CORE_OWNER_READONLY     
grant select on CORE_OWNER."J_PPC_PURCHASE_CHANNEL" to CORE_OWNER_READONLY      
grant select on CORE_OWNER."J_PRODUCT_PACKAGE_LINK" to CORE_OWNER_READONLY      
grant select on CORE_OWNER."J_PPC_REDEMPTION" to CORE_OWNER_READONLY            
grant select on CORE_OWNER."J_PPC_BILLING_MULTIPLIER" to CORE_OWNER_READONLY    
grant select on CORE_OWNER."J_PPL_REFUND_POLICY" to CORE_OWNER_READONLY         
grant select on CORE_OWNER."NON_STANDARD_SUBSCRIBERS" to CORE_OWNER_READONLY    
grant select on CORE_OWNER."NOTIFICATION_STATUS" to CORE_OWNER_READONLY         
grant select on CORE_OWNER."NOTIFICATION_TYPE" to CORE_OWNER_READONLY           
grant select on CORE_OWNER."NOTIFICATION" to CORE_OWNER_READONLY                
grant select on CORE_OWNER."NOTIFICATION_FAILURE" to CORE_OWNER_READONLY        
grant select on CORE_OWNER."PROCESS_RETRY_THROTTLE" to CORE_OWNER_READONLY      
grant select on CORE_OWNER."RCN_AMEX_CHARGEBACK" to CORE_OWNER_READONLY         
grant select on CORE_OWNER."FOO" to CORE_OWNER_READONLY                         
grant select on CORE_OWNER."P_PRODUCT" to CORE_OWNER_READONLY                   
grant select on CORE_OWNER."BUNDLE" to CORE_OWNER_READONLY                      
grant select on CORE_OWNER."PRODUCT_BUNDLE" to CORE_OWNER_READONLY              
grant select on CORE_OWNER."BUNDLE_OFFER" to CORE_OWNER_READONLY                
grant select on CORE_OWNER."DBDEPLOY_CHANGELOG" to CORE_OWNER_READONLY          
grant select on CORE_OWNER."NOTIFICATION_HERMES_DATA" to CORE_OWNER_READONLY    
grant select on CORE_OWNER."SUBSCRIPTION_SHARE_OLD" to CORE_OWNER_READONLY      
grant select on CORE_OWNER."CIL_PDR_SUBSCRIPTION" to CORE_OWNER_READONLY        
grant select on CORE_OWNER."NSS_LOAD_ARCHIVE" to CORE_OWNER_READONLY            
grant select on CORE_OWNER."NSS_MIGRATION_NSS_LINK_TMP" to CORE_OWNER_READONLY  
grant select on CORE_OWNER."PRODUCT_ELIGIBILITY" to CORE_OWNER_READONLY         
grant select on CORE_OWNER."NSS_SUBSCRIPTION" to CORE_OWNER_READONLY            

PL/SQL procedure successfully completed.

Elapsed: 00:00:01.70
20:27:34 SQL> 
20:27:34 SQL> commit;

Commit complete.

Elapsed: 00:00:00.00
20:27:34 SQL> spool off;


Subject: Nomad upgrade completed successfully: ECDV6@rac01.qprvt.nytimes.com
From: Nomad for Oracle <db.alert@nytimes.com>
To: nytd_ecommerce@nytimes.com

Nomad upgrade operation completed successfully without errors. 
        
        Details
        -------
        DB Hostname: rac01.qprvt.nytimes.com
        DB Role: primary
        Database: ECDV6
        Schema: nytdba
        Migration: 11-cr_role_core_owner_readonly
        SVN Revision: 13837
        Duration: 2 sec.
        DBA: apathrose
        