19:53:38 SQL> @/dbbackups/ECDV6/migrations/nytdba/11-cr_role_core_owner_readonly/upgrade.sql
19:53:38 SQL> -- code to create a role with read only privileges on <object_owner>'s objects and then grant that role to <grantee>
19:53:38 SQL> 
19:53:38 SQL> set serveroutput on termout on verify off
19:53:38 SQL> -- since nomad turns off define before calling sql scripts, you need to explicitly turn define back on, as done in the command below
19:53:38 SQL> set define on
19:53:38 SQL> define rol=CORE_OWNER_READONLY
19:53:38 SQL> WHENEVER OSERROR EXIT
19:53:38 SQL> WHENEVER SQLERROR CONTINUE
19:53:38 SQL> 
19:53:38 SQL> /* drop  role */
19:53:38 SQL> drop role &rol;
drop role CORE_OWNER_READONLY
          *
ERROR at line 1:
ORA-01919: role 'CORE_OWNER_READONLY' does not exist 


Elapsed: 00:00:02.13
19:53:40 SQL> 
19:53:40 SQL> WHENEVER SQLERROR EXIT ROLLBACK
19:53:40 SQL> 
19:53:40 SQL> declare
19:53:40   2  
19:53:40   3  	    role varchar2(30) := '&rol';
19:53:40   4  	    object_owner varchar2(30) := 'CORE_OWNER';
19:53:40   5  
19:53:40   6  begin
19:53:40   7  	  /* create role */
19:53:40   8  	  execute immediate 'create role '||role;
19:53:40   9  
19:53:40  10  	  /* grant select privileges on object_owner's tables to role */
19:53:40  11  	  for x in (select table_name from dba_tables  where owner = object_owner)
19:53:40  12  	  loop
19:53:40  13  	       execute immediate 'grant select on ' ||object_owner||'.'|| x.table_name || ' to '||role;
19:53:40  14  	       dbms_output.put_line ('grant select on ' ||object_owner||'.'|| x.table_name || ' to '||role);
19:53:40  15  	  end loop;
19:53:40  16  
19:53:40  17  	  /* grant select privileges on object_owner's views to role */
19:53:40  18  	  for x in (select view_name from dba_views  where owner = object_owner )
19:53:40  19  	  loop
19:53:40  20  	       execute immediate 'grant select on ' ||object_owner||'.'|| x.view_name || ' to '||role;
19:53:40  21  	       dbms_output.put_line ('grant select on ' ||object_owner||'.'|| x.view_name || ' to '||role);
19:53:40  22  	  end loop;
19:53:40  23  
19:53:40  24  end;
19:53:40  25  /
grant select on CORE_OWNER.TMP_PRODUCT to CORE_OWNER_READONLY                   
grant select on CORE_OWNER.TMP_PRODUCT_OFFERING to CORE_OWNER_READONLY          
grant select on CORE_OWNER.TMP_PRODUCT_ELIGIBILITY to CORE_OWNER_READONLY       
grant select on CORE_OWNER.ACCOUNT to CORE_OWNER_READONLY                       
grant select on CORE_OWNER.ACCOUNT_LOCK to CORE_OWNER_READONLY                  
grant select on CORE_OWNER.ACCOUNT_NOTE to CORE_OWNER_READONLY                  
grant select on CORE_OWNER.ACCOUNT_STATUS to CORE_OWNER_READONLY                
grant select on CORE_OWNER.CHARGE to CORE_OWNER_READONLY                        
grant select on CORE_OWNER.CHARGE_STATUS to CORE_OWNER_READONLY                 
grant select on CORE_OWNER.CREDIT_CARD to CORE_OWNER_READONLY                   
grant select on CORE_OWNER.CREDIT_CARD_STATUS to CORE_OWNER_READONLY            
grant select on CORE_OWNER.CREDIT_CARD_TYPE to CORE_OWNER_READONLY              
grant select on CORE_OWNER.DISCOUNT to CORE_OWNER_READONLY                      
grant select on CORE_OWNER.DISCOUNT_PRODUCT_OFFERING to CORE_OWNER_READONLY     
grant select on CORE_OWNER.DISCOUNT_TYPE to CORE_OWNER_READONLY                 
grant select on CORE_OWNER.GIFT_CERTIFICATE to CORE_OWNER_READONLY              
grant select on CORE_OWNER.GIFT_CERTIFICATE_STATUS to CORE_OWNER_READONLY       
grant select on CORE_OWNER.INSTRUMENT_TYPE to CORE_OWNER_READONLY               
grant select on CORE_OWNER.INVOICE to CORE_OWNER_READONLY                       
grant select on CORE_OWNER.INVOICE_STATUS to CORE_OWNER_READONLY                
grant select on CORE_OWNER.JURISDICTION_LEVEL to CORE_OWNER_READONLY            
grant select on CORE_OWNER.LEGACY_CREDIT_MEMO to CORE_OWNER_READONLY            
grant select on CORE_OWNER.LEGACY_CREDIT_MEMO_NOTE to CORE_OWNER_READONLY       
grant select on CORE_OWNER.LEGACY_CREDIT_MEMO_STATUS to CORE_OWNER_READONLY     
grant select on CORE_OWNER.LEGACY_REFUND to CORE_OWNER_READONLY                 
grant select on CORE_OWNER.LEGACY_REFUND_NOTE to CORE_OWNER_READONLY            
grant select on CORE_OWNER.LEGACY_REFUND_STATUS to CORE_OWNER_READONLY          
grant select on CORE_OWNER.LEGACY_REFUND_TRN to CORE_OWNER_READONLY             
grant select on CORE_OWNER.LEGACY_REFUND_TRN_ATTEMPT to CORE_OWNER_READONLY     
grant select on CORE_OWNER.LEGACY_REFUND_TRN_STATUS to CORE_OWNER_READONLY      
grant select on CORE_OWNER.LICENSE to CORE_OWNER_READONLY                       
grant select on CORE_OWNER.LICENSE_STATUS to CORE_OWNER_READONLY                
grant select on CORE_OWNER.LINE_ITEM to CORE_OWNER_READONLY                     
grant select on CORE_OWNER.MIGRATION_STATUS to CORE_OWNER_READONLY              
grant select on CORE_OWNER.OFFER to CORE_OWNER_READONLY                         
grant select on CORE_OWNER.OFFER_CHAIN to CORE_OWNER_READONLY                   
grant select on CORE_OWNER.OFFER_CHAIN_ELIGIBILITY to CORE_OWNER_READONLY       
grant select on CORE_OWNER.OFFER_CHAIN_META_DATA to CORE_OWNER_READONLY         
grant select on CORE_OWNER.OFFER_CHAIN_STATUS to CORE_OWNER_READONLY            
grant select on CORE_OWNER.OFFER_OFFER_CHAIN to CORE_OWNER_READONLY             
grant select on CORE_OWNER.OFFER_PRODUCT_OFFERING to CORE_OWNER_READONLY        
grant select on CORE_OWNER.OFFER_STATUS to CORE_OWNER_READONLY                  
grant select on CORE_OWNER.PAYPAL_STATUS to CORE_OWNER_READONLY                 
grant select on CORE_OWNER.PRODUCT to CORE_OWNER_READONLY                       
grant select on CORE_OWNER.PRODUCT_OFFERING to CORE_OWNER_READONLY              
grant select on CORE_OWNER.PRODUCT_OFFERING_META_DATA to CORE_OWNER_READONLY    
grant select on CORE_OWNER.PRODUCT_STATUS to CORE_OWNER_READONLY                
grant select on CORE_OWNER.SUBSCRIPTION to CORE_OWNER_READONLY                  
grant select on CORE_OWNER.SUBSCRIPTION_CANCEL_REASON to CORE_OWNER_READONLY    
grant select on CORE_OWNER.SUBSCRIPTION_CANC_TYPE_STATUS to CORE_OWNER_READONLY 
grant select on CORE_OWNER.SUBSCRIPTION_NOTE to CORE_OWNER_READONLY             
grant select on CORE_OWNER.SUBSCRIPTION_STATUS to CORE_OWNER_READONLY           
grant select on CORE_OWNER.SYSTEM_CATEGORY to CORE_OWNER_READONLY               
grant select on CORE_OWNER.SYS_VERSION to CORE_OWNER_READONLY                   
grant select on CORE_OWNER.TAX_CATEGORY to CORE_OWNER_READONLY                  
grant select on CORE_OWNER.TAX_POLICY_TYPE to CORE_OWNER_READONLY               
grant select on CORE_OWNER.TAX_TYPE to CORE_OWNER_READONLY                      
grant select on CORE_OWNER.TRANSACTION to CORE_OWNER_READONLY                   
grant select on CORE_OWNER.TRANSACTION_ATTEMPT to CORE_OWNER_READONLY           
grant select on CORE_OWNER.TRANSACTION_ATTEMPT_STATUS to CORE_OWNER_READONLY    
grant select on CORE_OWNER.TRANSACTION_STATUS to CORE_OWNER_READONLY            
grant select on CORE_OWNER.ACCOUNT_WARNING_FLAG to CORE_OWNER_READONLY          
grant select on CORE_OWNER.BILLING_ACTIVITY_LOG to CORE_OWNER_READONLY          
grant select on CORE_OWNER.CHARGEBACK to CORE_OWNER_READONLY                    
grant select on CORE_OWNER.DISCOUNT_LINE_ITEM to CORE_OWNER_READONLY            
grant select on CORE_OWNER.TAX_COUNTRY_EXCLUSION_LIST to CORE_OWNER_READONLY    
grant select on CORE_OWNER.FLAGGED_ACCOUNTS to CORE_OWNER_READONLY              
grant select on CORE_OWNER.INVOICE_NOTE to CORE_OWNER_READONLY                  
grant select on CORE_OWNER.PAYPAL to CORE_OWNER_READONLY                        
grant select on CORE_OWNER.SUBSCRIPTION_META_DATA to CORE_OWNER_READONLY        
grant select on CORE_OWNER.SYSTEM_ACTIVITY_REASONS to CORE_OWNER_READONLY       
grant select on CORE_OWNER.TAX to CORE_OWNER_READONLY                           
grant select on CORE_OWNER.TEMP_OFFER to CORE_OWNER_READONLY                    
grant select on CORE_OWNER.TEMP_REPAIR_CASE_36A to CORE_OWNER_READONLY          
grant select on CORE_OWNER.TEMP_B22_SUBQUERY to CORE_OWNER_READONLY             
grant select on CORE_OWNER.TEMP_REPAIR_CASE_9 to CORE_OWNER_READONLY            
grant select on CORE_OWNER.TEMP_JT_LICENSES to CORE_OWNER_READONLY              
grant select on CORE_OWNER.INVOICE_ADJUSTMENT_REASON to CORE_OWNER_READONLY     
grant select on CORE_OWNER.INVOICE_ADJUSTMENT to CORE_OWNER_READONLY            
grant select on CORE_OWNER.LINE_ITEM_ADJUSTMENT to CORE_OWNER_READONLY          
grant select on CORE_OWNER.TAX_ADJUSTMENT to CORE_OWNER_READONLY                
grant select on CORE_OWNER.DISCOUNT_LINEITEM_ADJUSTMENT to CORE_OWNER_READONLY  
grant select on CORE_OWNER.TEMP_CASE_45280 to CORE_OWNER_READONLY               
grant select on CORE_OWNER.TMP_CASE_47636 to CORE_OWNER_READONLY                
grant select on CORE_OWNER.OFFER_CHAIN_NOTIFICATION_TYPE to CORE_OWNER_READONLY 
grant select on CORE_OWNER.POLLING_SYNC to CORE_OWNER_READONLY                  
grant select on CORE_OWNER.POLLING_SYNC_LASTRUN to CORE_OWNER_READONLY          
grant select on CORE_OWNER.RCN_EXT_SOURCE_LOG to CORE_OWNER_READONLY            
grant select on CORE_OWNER.RCN_CPT_SERVICE_CHARGE_DETAIL to CORE_OWNER_READONLY 
grant select on CORE_OWNER.RCN_CPT_EXCEPTION_DETAIL to CORE_OWNER_READONLY      
grant select on CORE_OWNER.RCN_CPT_DEPOSIT_DETAIL to CORE_OWNER_READONLY        
grant select on CORE_OWNER.RCN_CPT_CHARGEBACK_ACT_DETAIL to CORE_OWNER_READONLY 
grant select on CORE_OWNER.RCN_PP_SETTLEMENT to CORE_OWNER_READONLY             
grant select on CORE_OWNER.RCN_PP_DISPUTE to CORE_OWNER_READONLY                
grant select on CORE_OWNER.RCN_PP_TRANS_DETAIL to CORE_OWNER_READONLY           
grant select on CORE_OWNER.ACTION to CORE_OWNER_READONLY                        
grant select on CORE_OWNER.TEMP_CASE_42168 to CORE_OWNER_READONLY               
grant select on CORE_OWNER.TEMP_CASE_48832 to CORE_OWNER_READONLY               
grant select on CORE_OWNER.LICENSE_TEMP_20110311 to CORE_OWNER_READONLY         
grant select on CORE_OWNER.ITUNES_RECEIPT to CORE_OWNER_READONLY                
grant select on CORE_OWNER.BILLING_SOURCE to CORE_OWNER_READONLY                
grant select on CORE_OWNER.AMAZON_SUB to CORE_OWNER_READONLY                    
grant select on CORE_OWNER.VENDOR_SOURCE to CORE_OWNER_READONLY                 
grant select on CORE_OWNER.MLOG$_INVOICE to CORE_OWNER_READONLY                 
grant select on CORE_OWNER.MLOG$_LINE_ITEM to CORE_OWNER_READONLY               
grant select on CORE_OWNER.MLOG$_SUBSCRIPTION_META_DA to CORE_OWNER_READONLY    
grant select on CORE_OWNER.MLOG$_RCN_CPT_DEPOSIT_DETA to CORE_OWNER_READONLY    
grant select on CORE_OWNER.MLOG$_ACCOUNT to CORE_OWNER_READONLY                 
grant select on CORE_OWNER.MLOG$_CREDIT_CARD to CORE_OWNER_READONLY             
grant select on CORE_OWNER.MLOG$_TAX to CORE_OWNER_READONLY                     
grant select on CORE_OWNER.MLOG$_CHARGE to CORE_OWNER_READONLY                  
grant select on CORE_OWNER.MLOG$_TRANSACTION to CORE_OWNER_READONLY             
grant select on CORE_OWNER.MLOG$_TRANSACTION_ATTEMPT to CORE_OWNER_READONLY     
grant select on CORE_OWNER.MLOG$_SUBSCRIPTION to CORE_OWNER_READONLY            
grant select on CORE_OWNER.MLOG$_GIFT_CERTIFICATE to CORE_OWNER_READONLY        
grant select on CORE_OWNER.ADDRESS to CORE_OWNER_READONLY                       
grant select on CORE_OWNER.GROUP_ACCOUNT to CORE_OWNER_READONLY                 
grant select on CORE_OWNER.MLOG$_RCN_CPT_EXCEPTION_DE to CORE_OWNER_READONLY    
grant select on CORE_OWNER.GROUP_ACCOUNT_TYPE to CORE_OWNER_READONLY            
grant select on CORE_OWNER.CAPABILITY to CORE_OWNER_READONLY                    
grant select on CORE_OWNER.GROUP_ACC_IP_RNG_STATUS to CORE_OWNER_READONLY       
grant select on CORE_OWNER.GROUP_ACCOUNT_IP_RANGE to CORE_OWNER_READONLY        
grant select on CORE_OWNER.SUBSCRIPTION_SHARE to CORE_OWNER_READONLY            
grant select on CORE_OWNER.GROUP_ACCOUNT_EMAIL_DOMAIN to CORE_OWNER_READONLY    
grant select on CORE_OWNER.CC_REQUEST_FILE_STATUS to CORE_OWNER_READONLY        
grant select on CORE_OWNER.CC_REQUEST_FILE to CORE_OWNER_READONLY               
grant select on CORE_OWNER.CC_UPDATE_STATUS to CORE_OWNER_READONLY              
grant select on CORE_OWNER.CC_UPDATE_REASON to CORE_OWNER_READONLY              
grant select on CORE_OWNER.CC_UPDATE_ACTION to CORE_OWNER_READONLY              
grant select on CORE_OWNER.CC_UPDATE to CORE_OWNER_READONLY                     
grant select on CORE_OWNER.MLOG$_ITUNES_RECEIPT to CORE_OWNER_READONLY          
grant select on CORE_OWNER.MLOG$_SUBSCRIPTION_NOTE to CORE_OWNER_READONLY       
grant select on CORE_OWNER.NOMAD_MIGRATION to CORE_OWNER_READONLY               
grant select on CORE_OWNER.NOMAD_ACTION to CORE_OWNER_READONLY                  
grant select on CORE_OWNER.GC_CAMPAIGN_AND_REF to CORE_OWNER_READONLY           
grant select on CORE_OWNER.MLOG$_LICENSE to CORE_OWNER_READONLY                 
declare
*
ERROR at line 1:
ORA-00942: table or view does not exist 
ORA-06512: at line 13 




Subject: Nomad upgrade completed with errors: ECDV6@rac01.qprvt.nytimes.com
From: Nomad for Oracle <db.alert@nytimes.com>
To: nytd_ecommerce@nytimes.com

Nomad upgrade operation has errors. 
        
        Details
        -------
        DB Hostname: rac01.qprvt.nytimes.com
        DB Role: primary
        Database: ECDV6
        Schema: nytdba
        Migration: 11-cr_role_core_owner_readonly
        SVN Revision: 13822
        Duration: 6 sec.
        DBA: apathrose
                
        
        Error Detail
        ------------
        
        ERROR at line 1: ORA-01919: role 'CORE_OWNER_READONLY' does not exist -- ERROR at line 1: ORA-00942: table or view does not exist