14:20:54 SQL> @/dbbackups/ECPR/migrations/core_owner/19.0-release-1.11.0-127_change/upgrade.sql
14:20:54 SQL> WHENEVER SQLERROR EXIT ROLLBACK;
14:20:54 SQL> 
14:20:54 SQL> variable is_current_version_fine NUMBER;
14:20:54 SQL> variable change_version NUMBER;
14:20:54 SQL> variable bad_current_version VARCHAR2(1024);
14:20:54 SQL> 
14:20:54 SQL> exec :change_version := 127;

PL/SQL procedure successfully completed.

Elapsed: 00:00:00.00
14:20:54 SQL> exec PROCS_SYSTEM_V14.CHECK_VERSION(:change_version - 1, :is_current_version_fine);

PL/SQL procedure successfully completed.

Elapsed: 00:00:00.16
14:20:54 SQL> exec :bad_current_version := 'Current version is bad, please update your version to '||(:change_version-1);

PL/SQL procedure successfully completed.

Elapsed: 00:00:00.02
14:20:54 SQL> 
14:20:54 SQL> BEGIN
14:20:54   2  	IF (:is_current_version_fine != 0) THEN
14:20:54   3  	  RAISE_APPLICATION_ERROR(-20001, :bad_current_version);
14:20:54   4  	END IF;
14:20:54   5  END;
14:20:54   6  /

PL/SQL procedure successfully completed.

Elapsed: 00:00:00.00
14:20:54 SQL> 
14:20:54 SQL> ALTER TABLE INVOICE_ADJUSTMENT ADD (UPDATE_DATE DATE, UPDATED_BY VARCHAR2(255));

Table altered.

Elapsed: 00:00:01.66
14:20:56 SQL> update INVOICE_ADJUSTMENT set UPDATE_DATE=CREATE_DATE, UPDATED_BY=CREATED_BY;

69026 rows updated.

Elapsed: 00:00:11.96
14:21:08 SQL> 
14:21:08 SQL> exec PROCS_SYSTEM_V14.INCREMENT_VERSION();

PL/SQL procedure successfully completed.

Elapsed: 00:00:00.02
14:21:08 SQL> commit;

Commit complete.

Elapsed: 00:00:00.01
14:21:08 SQL> spool off;


Subject: Nomad upgrade completed successfully: ECPR@rac01.prd.ewr1.nytimes.com
From: Nomad for Oracle <nytd_oracledba@nytimes.com>
To: nytd_ecommerce@nytimes.com,nytd_oracledba@nytimes.com
Cc: nytd_oracledba@nytimes.com
Nomad upgrade operation completed successfully without errors. 
        
        Details
        -------
        DB Hostname: rac01.prd.ewr1.nytimes.com
        SID: ECPR
        Schema: core_owner
        Migration: 19.0-release-1.11.0-127_change
        SVN Revision: 10148
        Duration: 14 sec.
        Service Request: https://jira.em.nytimes.com/browse/ORA-315