16:02:00 SQL> @/dbbackups/ECPR/migrations/core_owner/18-trigger_offer_chain_update/upgrade.sql
16:02:00 SQL> update offer_chain set update_date = update_date;

903 rows updated.

Elapsed: 00:00:00.59
16:02:00 SQL> commit;

Commit complete.

Elapsed: 00:00:00.00
16:02:00 SQL> commit;

Commit complete.

Elapsed: 00:00:00.00
16:02:00 SQL> spool off;


Subject: Nomad upgrade completed successfully: ECPR@rac01.prd.ewr1.nytimes.com
From: Nomad for Oracle <nytd_oracledba@nytimes.com>
To: nytd_ecommerce@nytimes.com,nytd_oracledba@nytimes.com
Cc: nytd_oracledba@nytimes.com
Nomad upgrade operation completed successfully without errors. 
        
        Details
        -------
        DB Hostname: rac01.prd.ewr1.nytimes.com
        SID: ECPR
        Schema: core_owner
        Migration: 18-trigger_offer_chain_update
        SVN Revision: 10102
        Duration: 1 sec.
        Service Request: https://jira.em.nytimes.com/browse/ORA-272