14:10:10 SQL> @/dbbackups/ECST/migrations/core_owner/30.0-release-1.13.0-change-file-135/upgrade.sql
14:10:10 SQL> WHENEVER SQLERROR EXIT ROLLBACK;
14:10:10 SQL> 
14:10:10 SQL> variable is_current_version_fine NUMBER;
14:10:10 SQL> variable change_version NUMBER;
14:10:10 SQL> variable bad_current_version VARCHAR2(1024);
14:10:10 SQL> 
14:10:10 SQL> exec :change_version := 135;

PL/SQL procedure successfully completed.

Elapsed: 00:00:00.00
14:10:10 SQL> exec PROCS_SYSTEM_V17.CHECK_VERSION(:change_version - 1, :is_current_version_fine);

PL/SQL procedure successfully completed.

Elapsed: 00:00:00.10
14:10:10 SQL> exec :bad_current_version := 'Current version is bad, please update your version to '||(:change_version-1);

PL/SQL procedure successfully completed.

Elapsed: 00:00:00.02
14:10:11 SQL> 
14:10:11 SQL> BEGIN
14:10:11   2  	IF (:is_current_version_fine != 0) THEN
14:10:11   3  	  RAISE_APPLICATION_ERROR(-20001, :bad_current_version);
14:10:11   4  	END IF;
14:10:11   5  END;
14:10:11   6  /

PL/SQL procedure successfully completed.

Elapsed: 00:00:00.00
14:10:11 SQL> 
14:10:11 SQL> CREATE INDEX PP_ACCOUNT_ID_IDX ON PAYPAL(ACCOUNT_ID) ONLINE TABLESPACE CORE_IDX;

Index created.

Elapsed: 00:00:06.35
14:10:17 SQL> 
14:10:17 SQL> CREATE TABLE TRANSACTION_TYPE (
14:10:17   2  	CODE VARCHAR2(50) NOT NULL,
14:10:17   3  	CREATE_DATE DATE NOT NULL,
14:10:17   4  	CREATED_BY  VARCHAR2(255) NOT NULL,
14:10:17   5  	CONSTRAINT TRANSACTIONTYPE_PK PRIMARY KEY (CODE) USING INDEX TABLESPACE CORE_IDX
14:10:17   6  ) TABLESPACE CORE;

Table created.

Elapsed: 00:00:00.11
14:10:17 SQL> 
14:10:17 SQL> ALTER TABLE TRANSACTION ADD (
14:10:17   2  	  TRANSACTION_TYPE_CODE VARCHAR2(50),
14:10:17   3  	  CONSTRAINT TRANSACTIONTYPE_FK FOREIGN KEY (TRANSACTION_TYPE_CODE) REFERENCES TRANSACTION_TYPE(CODE)
14:10:17   4  );

Table altered.

Elapsed: 00:00:02.03
14:10:19 SQL> 
14:10:19 SQL> INSERT INTO TRANSACTION_TYPE (CODE, CREATE_DATE, CREATED_BY) VALUES ('START_SUBSCRIPTION', SYSDATE, 'SAR-188');

1 row created.

Elapsed: 00:00:00.12
14:10:19 SQL> INSERT INTO TRANSACTION_TYPE (CODE, CREATE_DATE, CREATED_BY) VALUES ('GIFT_CERTIFICATE_PURCHASE', SYSDATE, 'SAR-188');

1 row created.

Elapsed: 00:00:00.00
14:10:19 SQL> INSERT INTO TRANSACTION_TYPE (CODE, CREATE_DATE, CREATED_BY) VALUES ('REFUND', SYSDATE, 'SAR-188');

1 row created.

Elapsed: 00:00:00.00
14:10:19 SQL> INSERT INTO TRANSACTION_TYPE (CODE, CREATE_DATE, CREATED_BY) VALUES ('RECURRING_BILLING', SYSDATE, 'SAR-188');

1 row created.

Elapsed: 00:00:00.00
14:10:19 SQL> INSERT INTO TRANSACTION_TYPE (CODE, CREATE_DATE, CREATED_BY) VALUES ('RECURRING_BILLING_USER_UPDATE', SYSDATE, 'SAR-188');

1 row created.

Elapsed: 00:00:00.00
14:10:19 SQL> INSERT INTO TRANSACTION_TYPE (CODE, CREATE_DATE, CREATED_BY) VALUES ('GRACE_PERIOD_USER_UPDATE', SYSDATE, 'SAR-188');

1 row created.

Elapsed: 00:00:00.00
14:10:19 SQL> INSERT INTO TRANSACTION_TYPE (CODE, CREATE_DATE, CREATED_BY) VALUES ('GRACE_PERIOD_FINAL', SYSDATE, 'SAR-188');

1 row created.

Elapsed: 00:00:00.01
14:10:19 SQL> 
14:10:19 SQL> INSERT INTO NOTIFICATION_TYPE (ID, VALUE, TEMPLATE_URL) VALUES (NOTTID_SEQ.NEXTVAL, 'sartre-grace-ending-soon', 'N/A');

1 row created.

Elapsed: 00:00:00.02
14:10:19 SQL> 
14:10:19 SQL> 
14:10:19 SQL> -- SAR-22
14:10:19 SQL> 
14:10:19 SQL> INSERT INTO CORE_OWNER.SUBSCRIPTION_CANC_TYPE_STATUS (ID, VALUE, DESCRIPTION)
14:10:19   2  	  VALUES (3, 'INTERNAL_ONLY', 'Cancellation reason only usable by internal system processes');

1 row created.

Elapsed: 00:00:00.04
14:10:19 SQL> 
14:10:19 SQL> UPDATE CORE_OWNER.SUBSCRIPTION_CANC_TYPE_STATUS SET
14:10:19   2  	  DESCRIPTION = 'Active cancellation reason, usable by user-facing tools'
14:10:19   3  WHERE VALUE = 'ACTIVE';

1 row updated.

Elapsed: 00:00:00.01
14:10:19 SQL> 
14:10:19 SQL> UPDATE CORE_OWNER.SUBSCRIPTION_CANC_TYPE_STATUS SET
14:10:19   2  	  DESCRIPTION = 'Cancellation reason which is inactive and cannot be used'
14:10:19   3  WHERE VALUE = 'INACTIVE';

1 row updated.

Elapsed: 00:00:00.00
14:10:19 SQL> 
14:10:19 SQL> DECLARE
14:10:19   2  	max_id NUMBER;
14:10:19   3  BEGIN
14:10:19   4  	-- If there's a sub cancel reason sequence, I can't find it, but this should suffice
14:10:19   5  	SELECT MAX(ID) + 1 INTO max_id
14:10:19   6  	FROM subscription_cancel_reason;
14:10:19   7  
14:10:19   8  	-- cf https://jira.em.nytimes.com/browse/SAR-314, acceptance criteria tab
14:10:19   9  	INSERT INTO subscription_cancel_reason (ID, VALUE, cancelation_status_id, description)
14:10:19  10  	VALUES (max_id + 1, 'Failed Start Subscription', 3, -- status internal-only
14:10:19  11  		'set by core when realtime subscription attempt fails and by billing job when non-realtime start subscription transaction attempt fails');
14:10:19  12  
14:10:19  13  	INSERT INTO subscription_cancel_reason (ID, VALUE, cancelation_status_id, description)
14:10:19  14  	VALUES (max_id + 2, 'Failed Grace Period Final Recur', 3,
14:10:19  15  		'Set by billing job when final transaction attempt within grace period fails');
14:10:19  16  
14:10:19  17  	INSERT INTO subscription_cancel_reason (ID, VALUE, cancelation_status_id, description)
14:10:19  18  	VALUES (max_id + 3, 'Past Grace Period End', 3,
14:10:19  19  		'Set by billing job when invoices are found with grace end dates in the past');
14:10:19  20  
14:10:19  21  END;
14:10:19  22  
14:10:19  23  COMMIT;
14:10:19  24  
14:10:19  25  
14:10:19  26  exec PROCS_SYSTEM_V17.INCREMENT_VERSION();
14:10:19  27  commit;
14:10:19  28  spool off;
14:10:19  29  


Subject: Nomad upgrade completed successfully: ECST@rac01.stg.ewr1.nytimes.com
From: Nomad for Oracle <nytd_oracledba@nytimes.com>
To: nytd_ecommerce@nytimes.com
Cc: nytd_oracledba@nytimes.com

Nomad upgrade operation completed successfully without errors. 
        
        Details
        -------
        DB Hostname: rac01.stg.ewr1.nytimes.com
        DB Role: PRIMARY
        SID: ECST
        Schema: core_owner
        Migration: 30.0-release-1.13.0-change-file-135
        SVN Revision: 11554
        Duration: 9 sec.
        DBA: sbao
        Service Request: https://jira.em.nytimes.com/browse/ORA-536