15:03:05 SQL> @/dbbackups/ECST/migrations/core_owner/75.0-release-1.17.0-142-change/upgrade.sql
15:03:05 SQL> WHENEVER SQLERROR EXIT ROLLBACK;
15:03:05 SQL> 
15:03:05 SQL> variable is_current_version_fine NUMBER;
15:03:05 SQL> variable change_version NUMBER;
15:03:05 SQL> variable bad_current_version VARCHAR2(1024);
15:03:05 SQL> 
15:03:05 SQL> exec :change_version := 142;

PL/SQL procedure successfully completed.

Elapsed: 00:00:00.00
15:03:05 SQL> exec PROCS_SYSTEM_V20.CHECK_VERSION(:change_version - 1, :is_current_version_fine);

PL/SQL procedure successfully completed.

Elapsed: 00:00:00.00
15:03:05 SQL> exec :bad_current_version := 'Current version is bad, please update your version to '||(:change_version-1);

PL/SQL procedure successfully completed.

Elapsed: 00:00:00.01
15:03:05 SQL> 
15:03:05 SQL> BEGIN
15:03:05   2  	IF (:is_current_version_fine != 0) THEN
15:03:05   3  	  RAISE_APPLICATION_ERROR(-20001, :bad_current_version);
15:03:05   4  	END IF;
15:03:05   5  END;
15:03:05   6  /

PL/SQL procedure successfully completed.

Elapsed: 00:00:00.00
15:03:05 SQL> 
15:03:05 SQL> CREATE TABLE dbdeploy_changelog (
15:03:05   2  	change_number NUMBER(22,0) NOT NULL,
15:03:05   3  	complete_dt TIMESTAMP NOT NULL,
15:03:05   4  	applied_by VARCHAR2(100) NOT NULL,
15:03:05   5  	description VARCHAR2(500) NOT NULL
15:03:05   6  );

Table created.

Elapsed: 00:00:00.65
15:03:06 SQL> 
15:03:06 SQL> ALTER TABLE dbdeploy_changelog ADD CONSTRAINT dbdeploy_changelog_pk PRIMARY KEY (change_number);

Table altered.

Elapsed: 00:00:00.17
15:03:06 SQL> 
15:03:06 SQL> EXEC PROCS_SYSTEM_V20.INCREMENT_VERSION();

PL/SQL procedure successfully completed.

Elapsed: 00:00:00.01
15:03:06 SQL> commit;

Commit complete.

Elapsed: 00:00:00.00
15:03:06 SQL> spool off;


Subject: Nomad upgrade completed successfully: ECST@rac01.stg.ewr1.nytimes.com
From: Nomad for Oracle <nytd_oracledba@nytimes.com>
To: nytd_ecommerce@nytimes.com
Cc: nytd_oracledba@nytimes.com

Nomad upgrade operation completed successfully without errors. 
        
        Details
        -------
        DB Hostname: rac01.stg.ewr1.nytimes.com
        DB Role: PRIMARY
        SID: ECST
        Schema: core_owner
        Migration: 75.0-release-1.17.0-142-change
        SVN Revision: 13454
        Duration: 1 sec.
        DBA: apathrose
        