09:50:44 SQL> @/dbbackups/ECST2/migrations/nytdba/5-deprecate_ops_owner_ops_hist_owner/upgrade.sql
09:50:44 SQL> drop user ops_owner cascade;

User dropped.

Elapsed: 00:00:29.14
09:51:14 SQL> drop user ops_hist_owner cascade;

User dropped.

Elapsed: 00:00:06.60
09:51:20 SQL> commit;

Commit complete.

Elapsed: 00:00:00.00
09:51:20 SQL> spool off;


Subject: Nomad upgrade completed successfully: ECST2@rac01.stg.ewr1.nytimes.com
From: Nomad for Oracle <nytd_oracledba@nytimes.com>
To: nytd_ecommerce@nytimes.com
Cc: nytd_oracledba@nytimes.com

Nomad upgrade operation completed successfully without errors. 
        
        Details
        -------
        DB Hostname: rac01.stg.ewr1.nytimes.com
        DB Role: PRIMARY
        SID: ECST2
        Schema: nytdba
        Migration: 5-deprecate_ops_owner_ops_hist_owner
        SVN Revision: 12273
        Duration: 36 sec.
        DBA: sbao
        Service Request: https://jira.em.nytimes.com/browse/ORA-594