13:31:39 SQL> @/dbbackups/ECPR/migrations/core_owner/22.1-create-notifications-SAR-247/upgrade.sql
13:31:39 SQL> 
13:31:39 SQL> BEGIN
13:31:39   2  	INSERT INTO CORE_OWNER.NOTIFICATION_TYPE (ID, VALUE, TEMPLATE_URL) VALUES (CORE_OWNER.NOTTID_SEQ.NEXTVAL, 'card_expiration', 'N/A');
13:31:39   3  EXCEPTION WHEN DUP_VAL_ON_INDEX THEN NULL;
13:31:39   4  WHEN OTHERS THEN RAISE;
13:31:39   5  END;
13:31:39   6  /

PL/SQL procedure successfully completed.

Elapsed: 00:00:00.10
13:31:39 SQL> 
13:31:39 SQL> BEGIN
13:31:39   2  	INSERT INTO CORE_OWNER.NOTIFICATION_TYPE (ID, VALUE, TEMPLATE_URL) VALUES (CORE_OWNER.NOTTID_SEQ.NEXTVAL, 'redeemer-access-livingsocial', 'N/A');
13:31:39   3  EXCEPTION WHEN DUP_VAL_ON_INDEX THEN NULL;
13:31:39   4  WHEN OTHERS THEN RAISE;
13:31:39   5  END;
13:31:39   6  /

PL/SQL procedure successfully completed.

Elapsed: 00:00:00.00
13:31:39 SQL> 
13:31:39 SQL> BEGIN
13:31:39   2  	INSERT INTO CORE_OWNER.NOTIFICATION_TYPE (ID, VALUE, TEMPLATE_URL) VALUES (CORE_OWNER.NOTTID_SEQ.NEXTVAL, 'sartre-cancel', 'N/A');
13:31:39   3  EXCEPTION WHEN DUP_VAL_ON_INDEX THEN NULL;
13:31:39   4  WHEN OTHERS THEN RAISE;
13:31:39   5  END;
13:31:39   6  /

PL/SQL procedure successfully completed.

Elapsed: 00:00:00.00
13:31:39 SQL> 
13:31:39 SQL> BEGIN
13:31:39   2  	INSERT INTO CORE_OWNER.NOTIFICATION_TYPE (ID, VALUE, TEMPLATE_URL) VALUES (CORE_OWNER.NOTTID_SEQ.NEXTVAL, 'sartre-decline', 'N/A');
13:31:39   3  EXCEPTION WHEN DUP_VAL_ON_INDEX THEN NULL;
13:31:39   4  WHEN OTHERS THEN RAISE;
13:31:39   5  END;
13:31:39   6  /

PL/SQL procedure successfully completed.

Elapsed: 00:00:00.00
13:31:39 SQL> 
13:31:39 SQL> BEGIN
13:31:39   2  	INSERT INTO CORE_OWNER.NOTIFICATION_TYPE (ID, VALUE, TEMPLATE_URL) VALUES (CORE_OWNER.NOTTID_SEQ.NEXTVAL, 'sartre-purchase', 'N/A');
13:31:39   3  EXCEPTION WHEN DUP_VAL_ON_INDEX THEN NULL;
13:31:39   4  WHEN OTHERS THEN RAISE;
13:31:39   5  END;
13:31:39   6  /

PL/SQL procedure successfully completed.

Elapsed: 00:00:00.00
13:31:39 SQL> 
13:31:39 SQL> BEGIN
13:31:39   2  	INSERT INTO CORE_OWNER.NOTIFICATION_TYPE (ID, VALUE, TEMPLATE_URL) VALUES (CORE_OWNER.NOTTID_SEQ.NEXTVAL, 'sartre-sub-expired-livingsocial', 'N/A');
13:31:39   3  EXCEPTION WHEN DUP_VAL_ON_INDEX THEN NULL;
13:31:39   4  WHEN OTHERS THEN RAISE;
13:31:39   5  END;
13:31:39   6  /

PL/SQL procedure successfully completed.

Elapsed: 00:00:00.00
13:31:39 SQL> 
13:31:39 SQL> BEGIN
13:31:39   2  	INSERT INTO CORE_OWNER.NOTIFICATION_TYPE (ID, VALUE, TEMPLATE_URL) VALUES (CORE_OWNER.NOTTID_SEQ.NEXTVAL, 'sartre-upsell-sub-activation-livingsocial', 'N/A');
13:31:39   3  EXCEPTION WHEN DUP_VAL_ON_INDEX THEN NULL;
13:31:39   4  WHEN OTHERS THEN RAISE;
13:31:39   5  END;
13:31:39   6  /

PL/SQL procedure successfully completed.

Elapsed: 00:00:00.00
13:31:39 SQL> 
13:31:39 SQL> COMMIT;

Commit complete.

Elapsed: 00:00:00.00
13:31:39 SQL> 
13:31:39 SQL> commit;

Commit complete.

Elapsed: 00:00:00.00
13:31:39 SQL> spool off;


Subject: Nomad upgrade completed successfully: ECPR@rac01.prd.ewr1.nytimes.com
From: Nomad for Oracle <nytd_oracledba@nytimes.com>
To: nytd_ecommerce@nytimes.com
Cc: nytd_oracledba@nytimes.com

Nomad upgrade operation completed successfully without errors. 
        
        Details
        -------
        DB Hostname: rac01.prd.ewr1.nytimes.com
        DB Role: PRIMARY
        SID: ECPR
        Schema: core_owner
        Migration: 22.1-create-notifications-SAR-247
        SVN Revision: 10648
        Duration: 0 sec.
        DBA: sbao
        Service Request: https://jira.em.nytimes.com/browse/ORA-384