14:25:42 SQL> @/dbbackups/ECST2/migrations/core_hist_owner/2.1-release-1.11.0-all/upgrade.sql
14:25:42 SQL> --------------------------------------------------------------------------------
14:25:42 SQL> -- DDL for package PROCS_HISTORY
14:25:42 SQL> --------------------------------------------------------------------------------
14:25:42 SQL> 
14:25:42 SQL> CREATE OR REPLACE PACKAGE "PROCS_HISTORY_V16" AS
14:25:42   2  
14:25:42   3  PROCEDURE CREATE_ADDRESS_HISTORY (
14:25:42   4  /*
14:25:42   5  Throws exceptions:
14:25:42   6  APP_EXCEPTION_CODES_V16.UNKNOWN_ERROR
14:25:42   7  */
14:25:42   8  	in_address_id		      IN ADDRESS_HISTORY.ADDRESS_ID%TYPE,
14:25:42   9  	in_system_activity_reason_id  IN ADDRESS_HISTORY.SYSTEM_ACTIVITY_REASON_ID%TYPE,
14:25:42  10  	in_address1		      IN ADDRESS_HISTORY.ADDRESS1%TYPE,
14:25:42  11  	in_address2		      IN ADDRESS_HISTORY.ADDRESS2%TYPE,
14:25:42  12  	in_city 		      IN ADDRESS_HISTORY.CITY%TYPE,
14:25:42  13  	in_state		      IN ADDRESS_HISTORY.STATE%TYPE,
14:25:42  14  	in_postal_code		      IN ADDRESS_HISTORY.POSTAL_CODE%TYPE,
14:25:42  15  	in_country		      IN ADDRESS_HISTORY.COUNTRY%TYPE,
14:25:42  16  	in_created_by		      IN ADDRESS_HISTORY.CREATED_BY%TYPE,
14:25:42  17  	in_create_date		      IN ADDRESS_HISTORY.CREATE_DATE%TYPE,
14:25:42  18  	in_updated_by		      IN ADDRESS_HISTORY.UPDATED_BY%TYPE,
14:25:42  19  	in_update_date		      IN ADDRESS_HISTORY.UPDATE_DATE%TYPE
14:25:42  20  );
14:25:42  21  
14:25:42  22  PROCEDURE CREATE_ACCOUNT_HISTORY (
14:25:42  23  /*
14:25:42  24  Throws exceptions:
14:25:42  25  APP_EXCEPTION_CODES_V16.UNKNOWN_ERROR
14:25:42  26  */
14:25:42  27  	in_account_id		      IN NUMBER,
14:25:42  28  	in_suspend_date 	      IN DATE,
14:25:42  29  	in_group_id		      IN NUMBER,
14:25:42  30  	in_created_by		      IN VARCHAR2,
14:25:42  31  	in_create_date		      IN DATE,
14:25:42  32  	in_system_activity_reason_id  IN NUMBER,
14:25:42  33  	in_account_status_id	      IN NUMBER,
14:25:42  34  	in_instrument_type_id	      IN NUMBER,
14:25:42  35  	in_instrument_id	      IN NUMBER
14:25:42  36  );
14:25:42  37  
14:25:42  38  PROCEDURE CREATE_SUBSCRIPTION_HISTORY (
14:25:42  39  /*
14:25:42  40  Throws exceptions:
14:25:42  41  APP_EXCEPTION_CODES_V16.UNKNOWN_ERROR
14:25:42  42  */
14:25:42  43  	in_subscription_id	     IN  NUMBER,
14:25:42  44  	in_account_id		     IN NUMBER,
14:25:42  45  	in_purchase_date	     IN DATE,
14:25:42  46  	in_offer_chain_id	     IN NUMBER,
14:25:42  47  	in_suspend_date 	     IN DATE,
14:25:42  48  	in_termination_date	     IN DATE,
14:25:42  49  	in_days_remaining_adjustment IN NUMBER,
14:25:42  50  	in_cancellation_type_id      IN NUMBER,
14:25:42  51  	in_created_by		     IN  VARCHAR2,
14:25:42  52  	in_create_date		     IN DATE,
14:25:42  53  	in_system_activity_reason_id IN  NUMBER
14:25:42  54  );
14:25:42  55  
14:25:42  56  PROCEDURE CREATE_CREDIT_CARD_HISTORY (
14:25:42  57  /*
14:25:42  58  Throws exceptions:
14:25:42  59  APP_EXCEPTION_CODES_V16.UNKNOWN_ERROR
14:25:42  60  */
14:25:42  61  	in_credit_card_id	      IN  NUMBER,
14:25:42  62  	in_account_id		      IN NUMBER,
14:25:42  63  	in_instrument_name	      IN VARCHAR2,
14:25:42  64  	in_private_card_holder_name   IN VARCHAR2,
14:25:42  65  	in_private_street_address     IN VARCHAR2,
14:25:42  66  	in_private_street_address2    IN VARCHAR2,
14:25:42  67  	in_state		      IN VARCHAR2,
14:25:42  68  	in_city 		      IN VARCHAR2,
14:25:42  69  	in_postal_code		      IN VARCHAR2,
14:25:42  70  	in_country		      IN CHAR,
14:25:42  71  	in_last_four_cc 	      IN VARCHAR2,
14:25:42  72  	in_expiration_date	      IN DATE,
14:25:42  73  	in_credit_card_type_id	      IN NUMBER,
14:25:42  74  	in_secret_token 	      IN VARCHAR2,
14:25:42  75  	in_chase_profile_id	      IN VARCHAR2,
14:25:42  76  	in_credit_card_status_id      IN NUMBER,
14:25:42  77  	in_created_by		      IN  VARCHAR2,
14:25:42  78  	in_create_date		      IN DATE,
14:25:42  79  	in_system_activity_reason_id  IN  NUMBER
14:25:42  80  );
14:25:42  81  
14:25:42  82  PROCEDURE CREATE_PAYPAL_HISTORY (
14:25:42  83  /*
14:25:42  84  Throws exceptions:
14:25:42  85  APP_EXCEPTION_CODES_V16.UNKNOWN_ERROR
14:25:42  86  */
14:25:42  87  	in_paypal_id			IN NUMBER,
14:25:42  88  	in_account_id			IN NUMBER,
14:25:42  89  	in_instrument_name		IN VARCHAR2,
14:25:42  90  	in_private_email_address	IN VARCHAR2,
14:25:42  91  	in_created_by			IN VARCHAR2,
14:25:42  92  	in_create_date			IN DATE,
14:25:42  93  	in_paypal_status_id		IN NUMBER,
14:25:42  94  	in_paypal_prvt_street_address	IN VARCHAR2,
14:25:42  95  	in_paypal_prvt_street_address2	IN VARCHAR2,
14:25:42  96  	in_state			IN VARCHAR2,
14:25:42  97  	in_city 			IN VARCHAR2,
14:25:42  98  	in_postal_code			IN VARCHAR2,
14:25:42  99  	in_country			IN CHAR,
14:25:42 100  	in_expiration_date		IN DATE,
14:25:42 101  	in_system_activity_reason_id	IN NUMBER,
14:25:42 102  	in_secret_token 		IN VARCHAR2
14:25:42 103  );
14:25:42 104  
14:25:42 105  PROCEDURE CREATE_TRANSACTION_HISTORY (
14:25:42 106  /*
14:25:42 107  Throws exceptions:
14:25:42 108  APP_EXCEPTION_CODES_V16.UNKNOWN_ERROR
14:25:42 109  */
14:25:42 110  	in_transaction_id	     IN NUMBER,
14:25:42 111  	in_transaction_status_id     IN NUMBER,
14:25:42 112  	in_transaction_amount	     IN NUMBER,
14:25:42 113  	in_created_by		     IN VARCHAR2,
14:25:42 114  	in_create_date		     IN DATE,
14:25:42 115  	in_system_activity_reason_id IN NUMBER
14:25:42 116  );
14:25:42 117  
14:25:42 118  PROCEDURE CREATE_GIFT_CERT_HISTORY (
14:25:42 119  /*
14:25:42 120  Throws exceptions:
14:25:42 121  APP_EXCEPTION_CODES_V16.UNKNOWN_ERROR
14:25:42 122  */
14:25:42 123  	in_gift_certificate_id	      IN NUMBER,
14:25:42 124  	in_purchaser_group_id	      IN NUMBER,
14:25:42 125  	in_purchase_invoice_id	      IN NUMBER,
14:25:42 126  	in_offer_chain_id	      IN NUMBER,
14:25:42 127  	in_expiration_date	      IN DATE,
14:25:42 128  	in_purchase_date	      IN DATE,
14:25:42 129  	in_gift_certificate_status_id IN NUMBER,
14:25:42 130  	in_code 		      IN VARCHAR2,
14:25:42 131  	in_created_by		      IN VARCHAR2,
14:25:42 132  	in_create_date		      IN DATE,
14:25:42 133  	in_system_activity_reason_id  IN NUMBER,
14:25:42 134  	in_recipient_name	      IN VARCHAR2,
14:25:42 135  	in_gift_message 	      IN VARCHAR2,
14:25:42 136  	in_recipient_email	      IN VARCHAR2,
14:25:42 137  	in_finalized_invoice_id       IN NUMBER,
14:25:42 138  	in_sender_email 	      IN VARCHAR2,
14:25:42 139  	in_sender_name		      IN VARCHAR2,
14:25:42 140  	in_redemption_date	      IN DATE,
14:25:42 141  	in_redeemer_group_id	      IN NUMBER,
14:25:42 142  	in_cancelation_date	      IN DATE,
14:25:42 143  	in_recipient_address_id       IN NUMBER,
14:25:42 144  	in_redeemer_address_id	      IN NUMBER,
14:25:42 145  	in_recipient_notify_date      IN DATE
14:25:42 146  );
14:25:42 147  
14:25:42 148  PROCEDURE CREATE_INVOICE_HISTORY (
14:25:42 149  /*
14:25:42 150  Throws exceptions:
14:25:42 151  APP_EXCEPTION_CODES_V16.UNKNOWN_ERROR
14:25:42 152  */
14:25:42 153  	in_invoice_id		     IN NUMBER,
14:25:42 154  	in_invoice_status_id	     IN NUMBER,
14:25:42 155  	in_created_by		     IN VARCHAR2,
14:25:42 156  	in_create_date		     IN DATE,
14:25:42 157  	in_system_activity_reason_id IN NUMBER
14:25:42 158  );
14:25:42 159  
14:25:42 160  PROCEDURE CREATE_LICENSE_HISTORY (
14:25:42 161  /*
14:25:42 162  Throws exceptions:
14:25:42 163  APP_EXCEPTION_CODES_V16.UNKNOWN_ERROR
14:25:42 164  */
14:25:42 165  	in_license_id		     IN NUMBER,
14:25:42 166  	in_license_status_id	     IN NUMBER,
14:25:42 167  	in_needs_entitlements	     IN NUMBER,
14:25:42 168  	in_start_date		     IN DATE,
14:25:42 169  	in_offer_id		     IN NUMBER,
14:25:42 170  	in_subscription_id	     IN NUMBER,
14:25:42 171  	in_invoice_id		     IN NUMBER,
14:25:42 172  	in_end_date		     IN DATE,
14:25:42 173  	in_created_by		     IN VARCHAR2,
14:25:42 174  	in_create_date		     IN DATE,
14:25:42 175  	in_is_extension 	     IN NUMBER,
14:25:42 176  	in_current_offer_index	     IN NUMBER,
14:25:42 177  	in_current_offer_recurr_num  IN NUMBER,
14:25:42 178  	in_system_activity_reason_id IN NUMBER,
14:25:42 179  	in_entitlement_end_date      IN DATE
14:25:42 180  );
14:25:42 181  
14:25:42 182  PROCEDURE CREATE_CHARGE_HISTORY (
14:25:42 183  /*
14:25:42 184  Throws exceptions:
14:25:42 185  APP_EXCEPTION_CODES_V16.UNKNOWN_ERROR
14:25:42 186  */
14:25:42 187  	in_charge_id		     IN NUMBER,
14:25:42 188  	in_invoice_id		     IN NUMBER,
14:25:42 189  	in_transaction_id	     IN NUMBER,
14:25:42 190  	in_instrument_type_id	     IN NUMBER,
14:25:42 191  	in_instrument_id	     IN NUMBER,
14:25:42 192  	in_charge_amount	     IN NUMBER,
14:25:42 193  	in_created_by		     IN VARCHAR2,
14:25:42 194  	in_create_date		     IN DATE,
14:25:42 195  	in_charge_status_id	     IN NUMBER,
14:25:42 196  	in_system_activity_reason_id IN NUMBER
14:25:42 197  );
14:25:42 198  
14:25:42 199  PROCEDURE CREATE_ITUNES_RECEIPT_HISTORY (
14:25:42 200  /*
14:25:42 201  Throws exceptions:
14:25:42 202  APP_EXCEPTION_CODES_V16.UNKNOWN_ERROR
14:25:42 203  */
14:25:42 204  /*
14:25:42 205  CREATE TABLE ITUNES_RECEIPT (
14:25:42 206  	id NUMBER NOT NULL ENABLE,
14:25:42 207  	subscription_id NUMBER NOT NULL ENABLE,
14:25:42 208  	receipt VARCHAR(1024) NOT NULL ENABLE,
14:25:42 209  	status NUMBER,
14:25:42 210  	quantity NUMBER,
14:25:42 211  	product_id VARCHAR(1024),
14:25:42 212  	transaction_id VARCHAR(1024),
14:25:42 213  	purchase_date TIMESTAMP,
14:25:42 214  	original_transaction_id VARCHAR(1024),
14:25:42 215  	original_purchase_date TIMESTAMP,
14:25:42 216  	app_item_id VARCHAR(1024),
14:25:42 217  	version_external_id NUMBER,
14:25:42 218  	bid VARCHAR(1024),
14:25:42 219  	bvrs VARCHAR(255),
14:25:42 220  	expires_date TIMESTAMP,
14:25:42 221  	create_date DATE NOT NULL,
14:25:42 222  	created_by VARCHAR(255) NOT NULL,
14:25:42 223  	update_date DATE NOT NULL,
14:25:42 224  	updated_by VARCHAR(255) NOT NULL,
14:25:42 225  	last_check_date DATE NOT NULL,
14:25:42 226  	CONSTRAINT "ITUNESRECEIPT_PK" PRIMARY KEY ("ID") USING INDEX TABLESPACE "CORE_IDX" ENABLE,
14:25:42 227  	CONSTRAINT "ITUNESRECEIPT_SUBID_FK" FOREIGN KEY ("SUBSCRIPTION_ID") REFERENCES SUBSCRIPTION(ID) USING INDEX TABLESPACE "CORE_IDX" ENABLE,
14:25:42 228  	CONSTRAINT "ITUNESRECEIPT_RECEIPT_UK" UNIQUE(receipt) USING INDEX TABLESPACE "CORE_IDX" ENABLE,
14:25:42 229  	CONSTRAINT "ITUNESRECEIPT_SUBID_UK" UNIQUE(subscription_id) USING INDEX TABLESPACE "CORE_IDX" ENABLE
14:25:42 230  )
14:25:42 231  TABLESPACE CORE;
14:25:42 232  */
14:25:42 233  	in_id		    IN CORE_HIST_OWNER.ITUNES_RECEIPT_HISTORY.ID%TYPE,
14:25:42 234  	in_subscription_id  IN CORE_HIST_OWNER.ITUNES_RECEIPT_HISTORY.SUBSCRIPTION_ID%TYPE,
14:25:42 235  	in_receipt	    IN CORE_HIST_OWNER.ITUNES_RECEIPT_HISTORY.RECEIPT%TYPE,
14:25:42 236  	in_status	    IN CORE_HIST_OWNER.ITUNES_RECEIPT_HISTORY.STATUS%TYPE,
14:25:42 237  	in_quantity	    IN CORE_HIST_OWNER.ITUNES_RECEIPT_HISTORY.QUANTITY%TYPE,
14:25:42 238  	in_product_id	    IN CORE_HIST_OWNER.ITUNES_RECEIPT_HISTORY.PRODUCT_ID%TYPE,
14:25:42 239  	in_transaction_id   IN CORE_HIST_OWNER.ITUNES_RECEIPT_HISTORY.TRANSACTION_ID%TYPE,
14:25:42 240  	in_purchase_date    IN CORE_HIST_OWNER.ITUNES_RECEIPT_HISTORY.PURCHASE_DATE%TYPE,
14:25:42 241  	in_original_transaction_id IN CORE_HIST_OWNER.ITUNES_RECEIPT_HISTORY.ORIGINAL_TRANSACTION_ID%TYPE,
14:25:42 242  	in_original_purchase_date IN CORE_HIST_OWNER.ITUNES_RECEIPT_HISTORY.ORIGINAL_PURCHASE_DATE%TYPE,
14:25:42 243  	in_app_item_id	    IN CORE_HIST_OWNER.ITUNES_RECEIPT_HISTORY.APP_ITEM_ID%TYPE,
14:25:42 244  	in_version_external_id IN CORE_HIST_OWNER.ITUNES_RECEIPT_HISTORY.VERSION_EXTERNAL_ID%TYPE,
14:25:42 245  	in_bid		    IN CORE_HIST_OWNER.ITUNES_RECEIPT_HISTORY.BID%TYPE,
14:25:42 246  	in_bvrs 	    IN CORE_HIST_OWNER.ITUNES_RECEIPT_HISTORY.BVRS%TYPE,
14:25:42 247  	in_expires_date     IN CORE_HIST_OWNER.ITUNES_RECEIPT_HISTORY.EXPIRES_DATE%TYPE,
14:25:42 248  	in_create_date	    IN CORE_HIST_OWNER.ITUNES_RECEIPT_HISTORY.CREATE_DATE%TYPE,
14:25:42 249  	in_created_by	    IN CORE_HIST_OWNER.ITUNES_RECEIPT_HISTORY.CREATED_BY%TYPE,
14:25:42 250  	in_update_date	    IN CORE_HIST_OWNER.ITUNES_RECEIPT_HISTORY.UPDATE_DATE%TYPE,
14:25:42 251  	in_updated_by	    IN CORE_HIST_OWNER.ITUNES_RECEIPT_HISTORY.UPDATED_BY%TYPE,
14:25:42 252  	in_last_check_date  IN CORE_HIST_OWNER.ITUNES_RECEIPT_HISTORY.LAST_CHECK_DATE%TYPE,
14:25:42 253  	in_cancel_date	    IN CORE_HIST_OWNER.ITUNES_RECEIPT_HISTORY.CANCEL_DATE%TYPE
14:25:42 254  );
14:25:42 255  
14:25:42 256  PROCEDURE CREATE_INVOICE_ADJ_HISTORY (
14:25:42 257  /*
14:25:42 258  Throws exceptions:
14:25:42 259  APP_EXCEPTION_CODES_V14.UNKNOWN_ERROR
14:25:42 260  */
14:25:42 261  	in_invoice_adjustment_id     IN CORE_HIST_OWNER.INVOICE_ADJUSTMENT_HISTORY.INVOICE_ADJUSTMENT_ID%TYPE,
14:25:42 262  	in_invoice_id		     IN CORE_HIST_OWNER.INVOICE_ADJUSTMENT_HISTORY.INVOICE_ID%TYPE,
14:25:42 263  	in_is_credit		     IN CORE_HIST_OWNER.INVOICE_ADJUSTMENT_HISTORY.IS_CREDIT%TYPE,
14:25:42 264  	in_charge_id		     IN CORE_HIST_OWNER.INVOICE_ADJUSTMENT_HISTORY.CHARGE_ID%TYPE,
14:25:42 265  	in_adjustment_date	     IN CORE_HIST_OWNER.INVOICE_ADJUSTMENT_HISTORY.ADJUSTMENT_DATE%TYPE,
14:25:42 266  	in_create_date		     IN CORE_HIST_OWNER.INVOICE_ADJUSTMENT_HISTORY.CREATE_DATE%TYPE,
14:25:42 267  	in_created_by		     IN CORE_HIST_OWNER.INVOICE_ADJUSTMENT_HISTORY.CREATED_BY%TYPE,
14:25:42 268  	in_invoice_adj_reason_id	       IN CORE_HIST_OWNER.INVOICE_ADJUSTMENT_HISTORY.INVOICE_ADJUSTMENT_REASON_ID%TYPE,
14:25:42 269  	in_update_date		      IN CORE_HIST_OWNER.INVOICE_ADJUSTMENT_HISTORY.UPDATE_DATE%TYPE,
14:25:42 270  	in_updated_by		     IN CORE_HIST_OWNER.INVOICE_ADJUSTMENT_HISTORY.UPDATED_BY%TYPE
14:25:42 271  );
14:25:42 272  
14:25:42 273  
14:25:42 274  END PROCS_HISTORY_V16;
14:25:42 275  .
14:25:42 SQL> /

Package created.

Elapsed: 00:00:00.01
14:25:42 SQL> 
14:25:42 SQL> CREATE OR REPLACE PACKAGE BODY "PROCS_HISTORY_V16" AS
14:25:42   2  
14:25:42   3  PROCEDURE CREATE_ADDRESS_HISTORY (
14:25:42   4  /*
14:25:42   5  Throws exceptions:
14:25:42   6  APP_EXCEPTION_CODES_V16.UNKNOWN_ERROR
14:25:42   7  */
14:25:42   8  	in_address_id		      IN ADDRESS_HISTORY.ADDRESS_ID%TYPE,
14:25:42   9  	in_system_activity_reason_id  IN ADDRESS_HISTORY.SYSTEM_ACTIVITY_REASON_ID%TYPE,
14:25:42  10  	in_address1		      IN ADDRESS_HISTORY.ADDRESS1%TYPE,
14:25:42  11  	in_address2		      IN ADDRESS_HISTORY.ADDRESS2%TYPE,
14:25:42  12  	in_city 		      IN ADDRESS_HISTORY.CITY%TYPE,
14:25:42  13  	in_state		      IN ADDRESS_HISTORY.STATE%TYPE,
14:25:42  14  	in_postal_code		      IN ADDRESS_HISTORY.POSTAL_CODE%TYPE,
14:25:42  15  	in_country		      IN ADDRESS_HISTORY.COUNTRY%TYPE,
14:25:42  16  	in_created_by		      IN ADDRESS_HISTORY.CREATED_BY%TYPE,
14:25:42  17  	in_create_date		      IN ADDRESS_HISTORY.CREATE_DATE%TYPE,
14:25:42  18  	in_updated_by		      IN ADDRESS_HISTORY.UPDATED_BY%TYPE,
14:25:42  19  	in_update_date		      IN ADDRESS_HISTORY.UPDATE_DATE%TYPE
14:25:42  20  ) AS
14:25:42  21  SPROC_NAME CONSTANT VARCHAR2(22) := 'CREATE_ADDRESS_HISTORY';
14:25:42  22  BEGIN
14:25:42  23  
14:25:42  24  	INSERT INTO
14:25:42  25  	  ADDRESS_HISTORY (
14:25:42  26  	  ADDRESS_ID,
14:25:42  27  	  SYSTEM_ACTIVITY_REASON_ID,
14:25:42  28  	  ADDRESS1,
14:25:42  29  	  ADDRESS2,
14:25:42  30  	  CITY,
14:25:42  31  	  STATE,
14:25:42  32  	  POSTAL_CODE,
14:25:42  33  	  COUNTRY,
14:25:42  34  	  CREATED_BY,
14:25:42  35  	  CREATE_DATE,
14:25:42  36  	  UPDATED_BY,
14:25:42  37  	  UPDATE_DATE
14:25:42  38  	) VALUES (
14:25:42  39  	  in_address_id,
14:25:42  40  	  in_system_activity_reason_id,
14:25:42  41  	  in_address1,
14:25:42  42  	  in_address2,
14:25:42  43  	  in_city,
14:25:42  44  	  in_state,
14:25:42  45  	  in_postal_code,
14:25:42  46  	  in_country,
14:25:42  47  	  in_created_by,
14:25:42  48  	  in_create_date,
14:25:42  49  	  in_updated_by,
14:25:42  50  	  in_update_date
14:25:42  51  	);
14:25:42  52  
14:25:42  53  EXCEPTION
14:25:42  54  WHEN OTHERS THEN
14:25:42  55  	RAISE_APPLICATION_ERROR(CORE_OWNER.APP_EXCEPTION_CODES_V16.UNKNOWN_ERROR,
14:25:42  56  	  SPROC_NAME||': Unknown error: '||SQLERRM);
14:25:42  57  END CREATE_ADDRESS_HISTORY;
14:25:42  58  
14:25:42  59  /******************************************************************************/
14:25:42  60  
14:25:42  61  PROCEDURE CREATE_ACCOUNT_HISTORY (
14:25:42  62  /*
14:25:42  63  Throws exceptions:
14:25:42  64  APP_EXCEPTION_CODES_V16.UNKNOWN_ERROR
14:25:42  65  */
14:25:42  66  	in_account_id		      IN NUMBER,
14:25:42  67  	in_suspend_date 	      IN DATE,
14:25:42  68  	in_group_id		      IN NUMBER,
14:25:42  69  	in_created_by		      IN VARCHAR2,
14:25:42  70  	in_create_date		      IN DATE,
14:25:42  71  	in_system_activity_reason_id  IN NUMBER,
14:25:42  72  	in_account_status_id	      IN NUMBER,
14:25:42  73  	in_instrument_type_id	      IN NUMBER,
14:25:42  74  	in_instrument_id	      IN NUMBER
14:25:42  75  ) AS
14:25:42  76  SPROC_NAME CONSTANT VARCHAR2(22) := 'CREATE_ACCOUNT_HISTORY';
14:25:42  77  BEGIN
14:25:42  78  
14:25:42  79  	INSERT INTO
14:25:42  80  	  ACCOUNT_HISTORY (
14:25:42  81  	  ACCOUNT_ID,
14:25:42  82  	  SUSPEND_DATE,
14:25:42  83  	  GROUP_ID,
14:25:42  84  	  CREATE_DATE,
14:25:42  85  	  CREATED_BY,
14:25:42  86  	  SYSTEM_ACTIVITY_REASON_ID,
14:25:42  87  	  ACCOUNT_STATUS_ID,
14:25:42  88  	  INSTRUMENT_TYPE_ID,
14:25:42  89  	  INSTRUMENT_ID
14:25:42  90  	) VALUES (
14:25:42  91  	  in_account_id,
14:25:42  92  	  in_suspend_date,
14:25:42  93  	  in_group_id,
14:25:42  94  	  in_create_date,
14:25:42  95  	  in_created_by,
14:25:42  96  	  in_system_activity_reason_id,
14:25:42  97  	  in_account_status_id,
14:25:42  98  	  in_instrument_type_id,
14:25:42  99  	  in_instrument_id
14:25:42 100  	);
14:25:42 101  
14:25:42 102  EXCEPTION
14:25:42 103  WHEN OTHERS THEN
14:25:42 104  	RAISE_APPLICATION_ERROR(CORE_OWNER.APP_EXCEPTION_CODES_V16.UNKNOWN_ERROR,
14:25:42 105  	  SPROC_NAME||': Unknown error: '||SQLERRM);
14:25:42 106  END CREATE_ACCOUNT_HISTORY;
14:25:42 107  
14:25:42 108  /******************************************************************************/
14:25:42 109  
14:25:42 110  PROCEDURE CREATE_SUBSCRIPTION_HISTORY (
14:25:42 111  /*
14:25:42 112  Throws exceptions:
14:25:42 113  APP_EXCEPTION_CODES_V16.UNKNOWN_ERROR
14:25:42 114  */
14:25:42 115  	in_subscription_id	     IN  NUMBER,
14:25:42 116  	in_account_id		     IN NUMBER,
14:25:42 117  	in_purchase_date	     IN DATE,
14:25:42 118  	in_offer_chain_id	     IN NUMBER,
14:25:42 119  	in_suspend_date 	     IN DATE,
14:25:42 120  	in_termination_date	     IN DATE,
14:25:42 121  	in_days_remaining_adjustment IN NUMBER,
14:25:42 122  	in_cancellation_type_id      IN NUMBER,
14:25:42 123  	in_created_by		     IN  VARCHAR2,
14:25:42 124  	in_create_date		     IN DATE,
14:25:42 125  	in_system_activity_reason_id IN  NUMBER
14:25:42 126  ) AS
14:25:42 127  SPROC_NAME CONSTANT VARCHAR2(27) := 'CREATE_SUBSCRIPTION_HISTORY';
14:25:42 128  BEGIN
14:25:42 129  
14:25:42 130  	INSERT INTO SUBSCRIPTION_HISTORY (
14:25:42 131  	  SUBSCRIPTION_ID,
14:25:42 132  	  ACCOUNT_ID,
14:25:42 133  	  PURCHASE_DATE,
14:25:42 134  	  OFFER_CHAIN_ID,
14:25:42 135  	  SUSPEND_DATE,
14:25:42 136  	  TERMINATION_DATE,
14:25:42 137  	  DAYS_REMAINING_ADJUSTMENT,
14:25:42 138  	  CANCELLATION_TYPE_ID,
14:25:42 139  	  CREATE_DATE,
14:25:42 140  	  CREATED_BY,
14:25:42 141  	  SYSTEM_ACTIVITY_REASON_ID
14:25:42 142  	) VALUES (
14:25:42 143  	  in_subscription_id,
14:25:42 144  	  in_account_id,
14:25:42 145  	  in_purchase_date,
14:25:42 146  	  in_offer_chain_id,
14:25:42 147  	  in_suspend_date,
14:25:42 148  	  in_termination_date,
14:25:42 149  	  in_days_remaining_adjustment,
14:25:42 150  	  in_cancellation_type_id,
14:25:42 151  	  in_create_date,
14:25:42 152  	  in_created_by,
14:25:42 153  	  in_system_activity_reason_id
14:25:42 154  	);
14:25:42 155  
14:25:42 156  EXCEPTION
14:25:42 157  WHEN OTHERS THEN
14:25:42 158  	RAISE_APPLICATION_ERROR(CORE_OWNER.APP_EXCEPTION_CODES_V16.UNKNOWN_ERROR,
14:25:42 159  	  SPROC_NAME||': Unknown error: '||SQLERRM);
14:25:42 160  END CREATE_SUBSCRIPTION_HISTORY;
14:25:42 161  
14:25:42 162  /******************************************************************************/
14:25:42 163  
14:25:42 164  PROCEDURE CREATE_CREDIT_CARD_HISTORY (
14:25:42 165  /*
14:25:42 166  Throws exceptions:
14:25:42 167  APP_EXCEPTION_CODES_V16.UNKNOWN_ERROR
14:25:42 168  */
14:25:42 169  	in_credit_card_id	      IN  NUMBER,
14:25:42 170  	in_account_id		      IN NUMBER,
14:25:42 171  	in_instrument_name	      IN VARCHAR2,
14:25:42 172  	in_private_card_holder_name   IN VARCHAR2,
14:25:42 173  	in_private_street_address     IN VARCHAR2,
14:25:42 174  	in_private_street_address2    IN VARCHAR2,
14:25:42 175  	in_state		      IN VARCHAR2,
14:25:42 176  	in_city 		      IN VARCHAR2,
14:25:42 177  	in_postal_code		      IN VARCHAR2,
14:25:42 178  	in_country		      IN CHAR,
14:25:42 179  	in_last_four_cc 	      IN VARCHAR2,
14:25:42 180  	in_expiration_date	      IN DATE,
14:25:42 181  	in_credit_card_type_id	      IN NUMBER,
14:25:42 182  	in_secret_token 	      IN VARCHAR2,
14:25:42 183  	in_chase_profile_id	      IN VARCHAR2,
14:25:42 184  	in_credit_card_status_id      IN NUMBER,
14:25:42 185  	in_created_by		      IN  VARCHAR2,
14:25:42 186  	in_create_date		      IN DATE,
14:25:42 187  	in_system_activity_reason_id  IN  NUMBER
14:25:42 188  ) AS
14:25:42 189  SPROC_NAME CONSTANT VARCHAR2(26) := 'CREATE_CREDIT_CARD_HISTORY';
14:25:42 190  BEGIN
14:25:42 191  
14:25:42 192  	INSERT INTO CREDIT_CARD_HISTORY (
14:25:42 193  	  CREDIT_CARD_ID,
14:25:42 194  	  ACCOUNT_ID,
14:25:42 195  	  INSTRUMENT_NAME,
14:25:42 196  	  PRIVATE_CARD_HOLDER_NAME,
14:25:42 197  	  PRIVATE_STREET_ADDRESS,
14:25:42 198  	  PRIVATE_STREET_ADDRESS2,
14:25:42 199  	  STATE,
14:25:42 200  	  CITY,
14:25:42 201  	  POSTAL_CODE,
14:25:42 202  	  COUNTRY,
14:25:42 203  	  LAST_FOUR_CC,
14:25:42 204  	  EXPIRATION_DATE,
14:25:42 205  	  CREDIT_CARD_TYPE_ID,
14:25:42 206  	  SECRET_TOKEN,
14:25:42 207  	  CHASE_PROFILE_ID,
14:25:42 208  	  CREATE_DATE,
14:25:42 209  	  CREATED_BY,
14:25:42 210  	  SYSTEM_ACTIVITY_REASON_ID,
14:25:42 211  	  CREDIT_CARD_STATUS_ID
14:25:42 212  	) VALUES (
14:25:42 213  	  in_credit_card_id,
14:25:42 214  	  in_account_id,
14:25:42 215  	  in_instrument_name,
14:25:42 216  	  in_private_card_holder_name,
14:25:42 217  	  in_private_street_address,
14:25:42 218  	  in_private_street_address2,
14:25:42 219  	  in_state,
14:25:42 220  	  in_city,
14:25:42 221  	  in_postal_code,
14:25:42 222  	  in_country,
14:25:42 223  	  in_last_four_cc,
14:25:42 224  	  in_expiration_date,
14:25:42 225  	  in_credit_card_type_id,
14:25:42 226  	  in_secret_token,
14:25:42 227  	  in_chase_profile_id,
14:25:42 228  	  in_create_date,
14:25:42 229  	  in_created_by,
14:25:42 230  	  in_system_activity_reason_id,
14:25:42 231  	  in_credit_card_status_id
14:25:42 232  	);
14:25:42 233  
14:25:42 234  EXCEPTION
14:25:42 235  WHEN OTHERS THEN
14:25:42 236  	RAISE_APPLICATION_ERROR(CORE_OWNER.APP_EXCEPTION_CODES_V16.UNKNOWN_ERROR,
14:25:42 237  	  SPROC_NAME||': Unknown error: '||SQLERRM);
14:25:42 238  END CREATE_CREDIT_CARD_HISTORY;
14:25:42 239  
14:25:42 240  /******************************************************************************/
14:25:42 241  
14:25:42 242  PROCEDURE CREATE_PAYPAL_HISTORY (
14:25:42 243  /*
14:25:42 244  Throws exceptions:
14:25:42 245  APP_EXCEPTION_CODES_V16.UNKNOWN_ERROR
14:25:42 246  */
14:25:42 247  	in_paypal_id			IN NUMBER,
14:25:42 248  	in_account_id			IN NUMBER,
14:25:42 249  	in_instrument_name		IN VARCHAR2,
14:25:42 250  	in_private_email_address	IN VARCHAR2,
14:25:42 251  	in_created_by			IN VARCHAR2,
14:25:42 252  	in_create_date			IN DATE,
14:25:42 253  	in_paypal_status_id		IN NUMBER,
14:25:42 254  	in_paypal_prvt_street_address	IN VARCHAR2,
14:25:42 255  	in_paypal_prvt_street_address2	IN VARCHAR2,
14:25:42 256  	in_state			IN VARCHAR2,
14:25:42 257  	in_city 			IN VARCHAR2,
14:25:42 258  	in_postal_code			IN VARCHAR2,
14:25:42 259  	in_country			IN CHAR,
14:25:42 260  	in_expiration_date		IN DATE,
14:25:42 261  	in_system_activity_reason_id	IN NUMBER,
14:25:42 262  	in_secret_token 		IN VARCHAR2
14:25:42 263  ) AS
14:25:42 264  SPROC_NAME CONSTANT VARCHAR2(21) := 'CREATE_PAYPAL_HISTORY';
14:25:42 265  BEGIN
14:25:42 266  
14:25:42 267  	INSERT INTO PAYPAL_HISTORY(
14:25:42 268  	    PAYPAL_ID,
14:25:42 269  	    ACCOUNT_ID,
14:25:42 270  	    INSTRUMENT_NAME,
14:25:42 271  	    PRIVATE_EMAIL_ADDRESS,
14:25:42 272  	    CREATE_DATE,
14:25:42 273  	    CREATED_BY,
14:25:42 274  	    PAYPAL_STATUS_ID,
14:25:42 275  	    PRIVATE_STREET_ADDRESS,
14:25:42 276  	    PRIVATE_STREET_ADDRESS2,
14:25:42 277  	    STATE,
14:25:42 278  	    CITY,
14:25:42 279  	    POSTAL_CODE,
14:25:42 280  	    COUNTRY,
14:25:42 281  	    EXPIRATION_DATE,
14:25:42 282  	    SYSTEM_ACTIVITY_REASON_ID,
14:25:42 283  	    SECRET_TOKEN
14:25:42 284  	  ) VALUES (
14:25:42 285  	    in_paypal_id,
14:25:42 286  	    in_account_id,
14:25:42 287  	    in_instrument_name,
14:25:42 288  	    in_private_email_address,
14:25:42 289  	    in_create_date,
14:25:42 290  	    in_created_by,
14:25:42 291  	    in_paypal_status_id,
14:25:42 292  	    in_paypal_prvt_street_address,
14:25:42 293  	    in_paypal_prvt_street_address2,
14:25:42 294  	    in_state,
14:25:42 295  	    in_city,
14:25:42 296  	    in_postal_code,
14:25:42 297  	    in_country,
14:25:42 298  	    in_expiration_date,
14:25:42 299  	    in_system_activity_reason_id,
14:25:42 300  	    in_secret_token
14:25:42 301  	  );
14:25:42 302  
14:25:42 303  EXCEPTION
14:25:42 304  WHEN OTHERS THEN
14:25:42 305  	RAISE_APPLICATION_ERROR(CORE_OWNER.APP_EXCEPTION_CODES_V16.UNKNOWN_ERROR,
14:25:42 306  	  SPROC_NAME||': Unknown error: '||SQLERRM);
14:25:42 307  END;
14:25:42 308  
14:25:42 309  /******************************************************************************/
14:25:42 310  
14:25:42 311  PROCEDURE CREATE_TRANSACTION_HISTORY (
14:25:42 312  /*
14:25:42 313  Throws exceptions:
14:25:42 314  APP_EXCEPTION_CODES_V16.UNKNOWN_ERROR
14:25:42 315  */
14:25:42 316  	in_transaction_id	     IN NUMBER,
14:25:42 317  	in_transaction_status_id     IN NUMBER,
14:25:42 318  	in_transaction_amount	     IN NUMBER,
14:25:42 319  	in_created_by		     IN VARCHAR2,
14:25:42 320  	in_create_date		     IN DATE,
14:25:42 321  	in_system_activity_reason_id IN NUMBER
14:25:42 322  ) AS
14:25:42 323  SPROC_NAME CONSTANT VARCHAR2(26) := 'CREATE_TRANSACTION_HISTORY';
14:25:42 324  BEGIN
14:25:42 325  
14:25:42 326  	INSERT INTO TRANSACTION_HISTORY (
14:25:42 327  	  TRANSACTION_ID,
14:25:42 328  	  TRANSACTION_STATUS_ID,
14:25:42 329  	  TRANSACTION_AMOUNT,
14:25:42 330  	  CREATE_DATE,
14:25:42 331  	  CREATED_BY,
14:25:42 332  	  SYSTEM_ACTIVITY_REASON_ID
14:25:42 333  	) VALUES (
14:25:42 334  	  in_transaction_id,
14:25:42 335  	  in_transaction_status_id,
14:25:42 336  	  in_transaction_amount,
14:25:42 337  	  in_create_date,
14:25:42 338  	  in_created_by,
14:25:42 339  	  in_system_activity_reason_id
14:25:42 340  	);
14:25:42 341  
14:25:42 342  EXCEPTION
14:25:42 343  WHEN OTHERS THEN
14:25:42 344  	RAISE_APPLICATION_ERROR(CORE_OWNER.APP_EXCEPTION_CODES_V16.UNKNOWN_ERROR,
14:25:42 345  	  SPROC_NAME||': Unknown error: '||SQLERRM);
14:25:42 346  END CREATE_TRANSACTION_HISTORY;
14:25:42 347  
14:25:42 348  /******************************************************************************/
14:25:42 349  
14:25:42 350  PROCEDURE CREATE_GIFT_CERT_HISTORY (
14:25:42 351  	in_gift_certificate_id	      IN NUMBER,
14:25:42 352  	in_purchaser_group_id	      IN NUMBER,
14:25:42 353  	in_purchase_invoice_id	      IN NUMBER,
14:25:42 354  	in_offer_chain_id	      IN NUMBER,
14:25:42 355  	in_expiration_date	      IN DATE,
14:25:42 356  	in_purchase_date	      IN DATE,
14:25:42 357  	in_gift_certificate_status_id IN NUMBER,
14:25:42 358  	in_code 		      IN VARCHAR2,
14:25:42 359  	in_created_by		      IN VARCHAR2,
14:25:42 360  	in_create_date		      IN DATE,
14:25:42 361  	in_system_activity_reason_id  IN NUMBER,
14:25:42 362  	in_recipient_name	      IN VARCHAR2,
14:25:42 363  	in_gift_message 	      IN VARCHAR2,
14:25:42 364  	in_recipient_email	      IN VARCHAR2,
14:25:42 365  	in_finalized_invoice_id       IN NUMBER,
14:25:42 366  	in_sender_email 	      IN VARCHAR2,
14:25:42 367  	in_sender_name		      IN VARCHAR2,
14:25:42 368  	in_redemption_date	      IN DATE,
14:25:42 369  	in_redeemer_group_id	      IN NUMBER,
14:25:42 370  	in_cancelation_date	      IN DATE,
14:25:42 371  	in_recipient_address_id       IN NUMBER,
14:25:42 372  	in_redeemer_address_id	      IN NUMBER,
14:25:42 373  	in_recipient_notify_date      IN DATE
14:25:42 374  ) AS
14:25:42 375  SPROC_NAME CONSTANT VARCHAR2(24) := 'CREATE_GIFT_CERT_HISTORY';
14:25:42 376  BEGIN
14:25:42 377  
14:25:42 378  	INSERT INTO GIFT_CERTIFICATE_HISTORY (
14:25:42 379  	  GIFT_CERTIFICATE_ID,
14:25:42 380  	  PURCHASER_GROUP_ID,
14:25:42 381  	  PURCHASE_INVOICE_ID,
14:25:42 382  	  OFFER_CHAIN_ID,
14:25:42 383  	  EXPIRATION_DATE,
14:25:42 384  	  PURCHASE_DATE,
14:25:42 385  	  GIFT_CERTIFICATE_STATUS_ID,
14:25:42 386  	  CODE,
14:25:42 387  	  CREATE_DATE,
14:25:42 388  	  CREATED_BY,
14:25:42 389  	  SYSTEM_ACTIVITY_REASON_ID,
14:25:42 390  	  RECIPIENT_NAME,
14:25:42 391  	  GIFT_MESSAGE,
14:25:42 392  	  RECIPIENT_EMAIL,
14:25:42 393  	  FINALIZED_INVOICE_ID,
14:25:42 394  	  SENDER_EMAIL,
14:25:42 395  	  SENDER_NAME,
14:25:42 396  	  REDEMPTION_DATE,
14:25:42 397  	  REDEEMER_GROUP_ID,
14:25:42 398  	  CANCELATION_DATE,
14:25:42 399  	  RECIPIENT_ADDRESS_ID,
14:25:42 400  	  REDEEMER_ADDRESS_ID,
14:25:42 401  	  RECIPIENT_NOTIFY_DATE
14:25:42 402  	) VALUES (
14:25:42 403  	  in_gift_certificate_id,
14:25:42 404  	  in_purchaser_group_id,
14:25:42 405  	  in_purchase_invoice_id,
14:25:42 406  	  in_offer_chain_id,
14:25:42 407  	  in_expiration_date,
14:25:42 408  	  in_purchase_date,
14:25:42 409  	  in_gift_certificate_status_id,
14:25:42 410  	  in_code,
14:25:42 411  	  in_create_date,
14:25:42 412  	  in_created_by,
14:25:42 413  	  in_system_activity_reason_id,
14:25:42 414  	  in_recipient_name,
14:25:42 415  	  in_gift_message,
14:25:42 416  	  in_recipient_email,
14:25:42 417  	  in_finalized_invoice_id,
14:25:42 418  	  in_sender_email,
14:25:42 419  	  in_sender_name,
14:25:42 420  	  in_redemption_date,
14:25:42 421  	  in_redeemer_group_id,
14:25:42 422  	  in_cancelation_date,
14:25:42 423  	  in_recipient_address_id,
14:25:42 424  	  in_redeemer_address_id,
14:25:42 425  	  in_recipient_notify_date
14:25:42 426  	);
14:25:42 427  
14:25:42 428  EXCEPTION
14:25:42 429  WHEN OTHERS THEN
14:25:42 430  	RAISE_APPLICATION_ERROR(CORE_OWNER.APP_EXCEPTION_CODES_V16.UNKNOWN_ERROR,
14:25:42 431  	  SPROC_NAME||': Unknown error: '||SQLERRM);
14:25:42 432  END CREATE_GIFT_CERT_HISTORY;
14:25:42 433  
14:25:42 434  /******************************************************************************/
14:25:42 435  
14:25:42 436  PROCEDURE CREATE_INVOICE_HISTORY (
14:25:42 437  	in_invoice_id		     IN NUMBER,
14:25:42 438  	in_invoice_status_id	     IN NUMBER,
14:25:42 439  	in_created_by		     IN VARCHAR2,
14:25:42 440  	in_create_date		     IN DATE,
14:25:42 441  	in_system_activity_reason_id IN NUMBER
14:25:42 442  ) AS
14:25:42 443  SPROC_NAME CONSTANT VARCHAR2(22) := 'CREATE_INVOICE_HISTORY';
14:25:42 444  BEGIN
14:25:42 445  
14:25:42 446  	INSERT INTO INVOICE_HISTORY (
14:25:42 447  	  INVOICE_ID,
14:25:42 448  	  INVOICE_STATUS_ID,
14:25:42 449  	  CREATE_DATE,
14:25:42 450  	  CREATED_BY,
14:25:42 451  	  SYSTEM_ACTIVITY_REASON_ID
14:25:42 452  	) VALUES (
14:25:42 453  	  in_invoice_id,
14:25:42 454  	  in_invoice_status_id,
14:25:42 455  	  in_create_date,
14:25:42 456  	  in_created_by,
14:25:42 457  	  in_system_activity_reason_id
14:25:42 458  	);
14:25:42 459  
14:25:42 460  EXCEPTION
14:25:42 461  WHEN OTHERS THEN
14:25:42 462  	RAISE_APPLICATION_ERROR(CORE_OWNER.APP_EXCEPTION_CODES_V16.UNKNOWN_ERROR,
14:25:42 463  	  SPROC_NAME||': Unknown error: '||SQLERRM);
14:25:42 464  END CREATE_INVOICE_HISTORY;
14:25:42 465  
14:25:42 466  /******************************************************************************/
14:25:42 467  
14:25:42 468  PROCEDURE CREATE_LICENSE_HISTORY (
14:25:42 469  /*
14:25:42 470  Throws exceptions:
14:25:42 471  APP_EXCEPTION_CODES_V16.UNKNOWN_ERROR
14:25:42 472  */
14:25:42 473  	in_license_id		     IN NUMBER,
14:25:42 474  	in_license_status_id	     IN NUMBER,
14:25:42 475  	in_needs_entitlements	     IN NUMBER,
14:25:42 476  	in_start_date		     IN DATE,
14:25:42 477  	in_offer_id		     IN NUMBER,
14:25:42 478  	in_subscription_id	     IN NUMBER,
14:25:42 479  	in_invoice_id		     IN NUMBER,
14:25:42 480  	in_end_date		     IN DATE,
14:25:42 481  	in_created_by		     IN VARCHAR2,
14:25:42 482  	in_create_date		     IN DATE,
14:25:42 483  	in_is_extension 	     IN NUMBER,
14:25:42 484  	in_current_offer_index	     IN NUMBER,
14:25:42 485  	in_current_offer_recurr_num  IN NUMBER,
14:25:42 486  	in_system_activity_reason_id IN NUMBER,
14:25:42 487  	in_entitlement_end_date      IN DATE
14:25:42 488  ) AS
14:25:42 489  SPROC_NAME CONSTANT VARCHAR2(22) := 'CREATE_LICENSE_HISTORY';
14:25:42 490  BEGIN
14:25:42 491  
14:25:42 492  	INSERT INTO LICENSE_HISTORY (
14:25:42 493  	  LICENSE_ID,
14:25:42 494  	  LICENSE_STATUS_ID,
14:25:42 495  	  START_DATE,
14:25:42 496  	  OFFER_ID,
14:25:42 497  	  SUBSCRIPTION_ID,
14:25:42 498  	  INVOICE_ID,
14:25:42 499  	  END_DATE,
14:25:42 500  	  CREATE_DATE,
14:25:42 501  	  CREATED_BY,
14:25:42 502  	  IS_EXTENSION,
14:25:42 503  	  CURRENT_OFFER_INDEX,
14:25:42 504  	  CURRENT_OFFER_RECURR_NUM,
14:25:42 505  	  SYSTEM_ACTIVITY_REASON_ID,
14:25:42 506  	  NEEDS_ENTITLEMENTS,
14:25:42 507  	  ENTITLEMENT_END_DATE
14:25:42 508  	) VALUES (
14:25:42 509  	  in_license_id,
14:25:42 510  	  in_license_status_id,
14:25:42 511  	  in_start_date,
14:25:42 512  	  in_offer_id,
14:25:42 513  	  in_subscription_id,
14:25:42 514  	  in_invoice_id,
14:25:42 515  	  in_end_date,
14:25:42 516  	  in_create_date,
14:25:42 517  	  in_created_by,
14:25:42 518  	  in_is_extension,
14:25:42 519  	  in_current_offer_index,
14:25:42 520  	  in_current_offer_recurr_num,
14:25:42 521  	  in_system_activity_reason_id,
14:25:42 522  	  in_needs_entitlements,
14:25:42 523  	  in_entitlement_end_date
14:25:42 524  	);
14:25:42 525  
14:25:42 526  EXCEPTION
14:25:42 527  WHEN OTHERS THEN
14:25:42 528  	RAISE_APPLICATION_ERROR(CORE_OWNER.APP_EXCEPTION_CODES_V16.UNKNOWN_ERROR,
14:25:42 529  	  SPROC_NAME||': Unknown error: '||SQLERRM);
14:25:42 530  END CREATE_LICENSE_HISTORY;
14:25:42 531  
14:25:42 532  /******************************************************************************/
14:25:42 533  
14:25:42 534  PROCEDURE CREATE_CHARGE_HISTORY (
14:25:42 535  /*
14:25:42 536  Throws exceptions:
14:25:42 537  APP_EXCEPTION_CODES_V16.UNKNOWN_ERROR
14:25:42 538  */
14:25:42 539  	in_charge_id		     IN NUMBER,
14:25:42 540  	in_invoice_id		     IN NUMBER,
14:25:42 541  	in_transaction_id	     IN NUMBER,
14:25:42 542  	in_instrument_type_id	     IN NUMBER,
14:25:42 543  	in_instrument_id	     IN NUMBER,
14:25:42 544  	in_charge_amount	     IN NUMBER,
14:25:42 545  	in_created_by		     IN VARCHAR2,
14:25:42 546  	in_create_date		     IN DATE,
14:25:42 547  	in_charge_status_id	     IN NUMBER,
14:25:42 548  	in_system_activity_reason_id IN NUMBER
14:25:42 549  ) AS
14:25:42 550  SPROC_NAME CONSTANT VARCHAR2(21) := 'CREATE_CHARGE_HISTORY';
14:25:42 551  BEGIN
14:25:42 552  
14:25:42 553  	INSERT INTO CHARGE_HISTORY (
14:25:42 554  	  CHARGE_ID,
14:25:42 555  	  INVOICE_ID,
14:25:42 556  	  TRANSACTION_ID,
14:25:42 557  	  INSTRUMENT_TYPE_ID,
14:25:42 558  	  INSTRUMENT_ID,
14:25:42 559  	  CHARGE_AMOUNT,
14:25:42 560  	  CREATE_DATE,
14:25:42 561  	  CREATED_BY,
14:25:42 562  	  CHARGE_STATUS_ID,
14:25:42 563  	  SYSTEM_ACTIVITY_REASON_ID
14:25:42 564  	) VALUES (
14:25:42 565  	  in_charge_id,
14:25:42 566  	  in_invoice_id,
14:25:42 567  	  in_transaction_id,
14:25:42 568  	  in_instrument_type_id,
14:25:42 569  	  in_instrument_id,
14:25:42 570  	  in_charge_amount,
14:25:42 571  	  in_create_date,
14:25:42 572  	  in_created_by,
14:25:42 573  	  in_charge_status_id,
14:25:42 574  	  in_system_activity_reason_id
14:25:42 575  	);
14:25:42 576  
14:25:42 577  EXCEPTION
14:25:42 578  WHEN OTHERS THEN
14:25:42 579  	RAISE_APPLICATION_ERROR(CORE_OWNER.APP_EXCEPTION_CODES_V16.UNKNOWN_ERROR,
14:25:42 580  	  SPROC_NAME||': Unknown error: '||SQLERRM);
14:25:42 581  END;
14:25:42 582  
14:25:42 583  
14:25:42 584  PROCEDURE CREATE_ITUNES_RECEIPT_HISTORY (
14:25:42 585  /*
14:25:42 586  Throws exceptions:
14:25:42 587  APP_EXCEPTION_CODES_V16.UNKNOWN_ERROR
14:25:42 588  */
14:25:42 589  /*
14:25:42 590  CREATE TABLE ITUNES_RECEIPT (
14:25:42 591  	id NUMBER NOT NULL ENABLE,
14:25:42 592  	subscription_id NUMBER NOT NULL ENABLE,
14:25:42 593  	receipt VARCHAR(1024) NOT NULL ENABLE,
14:25:42 594  	status NUMBER,
14:25:42 595  	quantity NUMBER,
14:25:42 596  	product_id VARCHAR(1024),
14:25:42 597  	transaction_id VARCHAR(1024),
14:25:42 598  	purchase_date TIMESTAMP,
14:25:42 599  	original_transaction_id VARCHAR(1024),
14:25:42 600  	app_item_id VARCHAR(1024),
14:25:42 601  	version_external_id NUMBER,
14:25:42 602  	bid VARCHAR(1024),
14:25:42 603  	bvrs VARCHAR(255),
14:25:42 604  	expires_date TIMESTAMP,
14:25:42 605  	create_date DATE NOT NULL,
14:25:42 606  	created_by VARCHAR(255) NOT NULL,
14:25:42 607  	update_date DATE NOT NULL,
14:25:42 608  	updated_by VARCHAR(255) NOT NULL,
14:25:42 609  	last_check_date DATE NOT NULL,
14:25:42 610  	CONSTRAINT "ITUNESRECEIPT_PK" PRIMARY KEY ("ID") USING INDEX TABLESPACE "CORE_IDX" ENABLE,
14:25:42 611  	CONSTRAINT "ITUNESRECEIPT_SUBID_FK" FOREIGN KEY ("SUBSCRIPTION_ID") REFERENCES SUBSCRIPTION(ID) USING INDEX TABLESPACE "CORE_IDX" ENABLE,
14:25:42 612  	CONSTRAINT "ITUNESRECEIPT_RECEIPT_UK" UNIQUE(receipt) USING INDEX TABLESPACE "CORE_IDX" ENABLE,
14:25:42 613  	CONSTRAINT "ITUNESRECEIPT_SUBID_UK" UNIQUE(subscription_id) USING INDEX TABLESPACE "CORE_IDX" ENABLE
14:25:42 614  )
14:25:42 615  TABLESPACE CORE;
14:25:42 616  */
14:25:42 617  	in_id		    IN CORE_HIST_OWNER.ITUNES_RECEIPT_HISTORY.ID%TYPE,
14:25:42 618  	in_subscription_id  IN CORE_HIST_OWNER.ITUNES_RECEIPT_HISTORY.SUBSCRIPTION_ID%TYPE,
14:25:42 619  	in_receipt	    IN CORE_HIST_OWNER.ITUNES_RECEIPT_HISTORY.RECEIPT%TYPE,
14:25:42 620  	in_status	    IN CORE_HIST_OWNER.ITUNES_RECEIPT_HISTORY.STATUS%TYPE,
14:25:42 621  	in_quantity	    IN CORE_HIST_OWNER.ITUNES_RECEIPT_HISTORY.QUANTITY%TYPE,
14:25:42 622  	in_product_id	    IN CORE_HIST_OWNER.ITUNES_RECEIPT_HISTORY.PRODUCT_ID%TYPE,
14:25:42 623  	in_transaction_id   IN CORE_HIST_OWNER.ITUNES_RECEIPT_HISTORY.TRANSACTION_ID%TYPE,
14:25:42 624  	in_purchase_date    IN CORE_HIST_OWNER.ITUNES_RECEIPT_HISTORY.PURCHASE_DATE%TYPE,
14:25:42 625  	in_original_transaction_id IN CORE_HIST_OWNER.ITUNES_RECEIPT_HISTORY.ORIGINAL_TRANSACTION_ID%TYPE,
14:25:42 626  	in_original_purchase_date IN CORE_HIST_OWNER.ITUNES_RECEIPT_HISTORY.ORIGINAL_PURCHASE_DATE%TYPE,
14:25:42 627  	in_app_item_id	    IN CORE_HIST_OWNER.ITUNES_RECEIPT_HISTORY.APP_ITEM_ID%TYPE,
14:25:42 628  	in_version_external_id IN CORE_HIST_OWNER.ITUNES_RECEIPT_HISTORY.VERSION_EXTERNAL_ID%TYPE,
14:25:42 629  	in_bid		    IN CORE_HIST_OWNER.ITUNES_RECEIPT_HISTORY.BID%TYPE,
14:25:42 630  	in_bvrs 	    IN CORE_HIST_OWNER.ITUNES_RECEIPT_HISTORY.BVRS%TYPE,
14:25:42 631  	in_expires_date     IN CORE_HIST_OWNER.ITUNES_RECEIPT_HISTORY.EXPIRES_DATE%TYPE,
14:25:42 632  	in_create_date	    IN CORE_HIST_OWNER.ITUNES_RECEIPT_HISTORY.CREATE_DATE%TYPE,
14:25:42 633  	in_created_by	    IN CORE_HIST_OWNER.ITUNES_RECEIPT_HISTORY.CREATED_BY%TYPE,
14:25:42 634  	in_update_date	    IN CORE_HIST_OWNER.ITUNES_RECEIPT_HISTORY.UPDATE_DATE%TYPE,
14:25:42 635  	in_updated_by	    IN CORE_HIST_OWNER.ITUNES_RECEIPT_HISTORY.UPDATED_BY%TYPE,
14:25:42 636  	in_last_check_date  IN CORE_HIST_OWNER.ITUNES_RECEIPT_HISTORY.LAST_CHECK_DATE%TYPE,
14:25:42 637  	in_cancel_date	    IN CORE_HIST_OWNER.ITUNES_RECEIPT_HISTORY.CANCEL_DATE%TYPE
14:25:42 638  ) AS
14:25:42 639  BEGIN
14:25:42 640  	INSERT INTO CORE_HIST_OWNER.ITUNES_RECEIPT_HISTORY
14:25:42 641  	(
14:25:42 642  	      id,
14:25:42 643  	      subscription_id,
14:25:42 644  	      receipt,
14:25:42 645  	      status,
14:25:42 646  	      quantity,
14:25:42 647  	      product_id,
14:25:42 648  	      transaction_id,
14:25:42 649  	      purchase_date,
14:25:42 650  	      original_transaction_id,
14:25:42 651  	      original_purchase_date,
14:25:42 652  	      app_item_id,
14:25:42 653  	      version_external_id,
14:25:42 654  	      bid,
14:25:42 655  	      bvrs,
14:25:42 656  	      expires_date,
14:25:42 657  	      create_date,
14:25:42 658  	      created_by,
14:25:42 659  	      update_date,
14:25:42 660  	      updated_by,
14:25:42 661  	      last_check_date,
14:25:42 662  	      cancel_date,
14:25:42 663  	      history_date
14:25:42 664  	)
14:25:42 665  	VALUES
14:25:42 666  	(
14:25:42 667  	      in_id,
14:25:42 668  	      in_subscription_id,
14:25:42 669  	      in_receipt,
14:25:42 670  	      in_status,
14:25:42 671  	      in_quantity,
14:25:42 672  	      in_product_id,
14:25:42 673  	      in_transaction_id,
14:25:42 674  	      in_purchase_date,
14:25:42 675  	      in_original_transaction_id,
14:25:42 676  	      in_original_purchase_date,
14:25:42 677  	      in_app_item_id,
14:25:42 678  	      in_version_external_id,
14:25:42 679  	      in_bid,
14:25:42 680  	      in_bvrs,
14:25:42 681  	      in_expires_date,
14:25:42 682  	      in_create_date,
14:25:42 683  	      in_created_by,
14:25:42 684  	      in_update_date,
14:25:42 685  	      in_updated_by,
14:25:42 686  	      in_last_check_date,
14:25:42 687  	      in_cancel_date,
14:25:42 688  	      sysdate
14:25:42 689  	);
14:25:42 690  END CREATE_ITUNES_RECEIPT_HISTORY;
14:25:42 691  
14:25:42 692  PROCEDURE CREATE_INVOICE_ADJ_HISTORY (
14:25:42 693  /*
14:25:42 694  Throws exceptions:
14:25:42 695  APP_EXCEPTION_CODES_V14.UNKNOWN_ERROR
14:25:42 696  */
14:25:42 697  	in_invoice_adjustment_id     IN CORE_HIST_OWNER.INVOICE_ADJUSTMENT_HISTORY.INVOICE_ADJUSTMENT_ID%TYPE,
14:25:42 698  	in_invoice_id		     IN CORE_HIST_OWNER.INVOICE_ADJUSTMENT_HISTORY.INVOICE_ID%TYPE,
14:25:42 699  	in_is_credit		     IN CORE_HIST_OWNER.INVOICE_ADJUSTMENT_HISTORY.IS_CREDIT%TYPE,
14:25:42 700  	in_charge_id		     IN CORE_HIST_OWNER.INVOICE_ADJUSTMENT_HISTORY.CHARGE_ID%TYPE,
14:25:42 701  	in_adjustment_date	     IN CORE_HIST_OWNER.INVOICE_ADJUSTMENT_HISTORY.ADJUSTMENT_DATE%TYPE,
14:25:42 702  	in_create_date		     IN CORE_HIST_OWNER.INVOICE_ADJUSTMENT_HISTORY.CREATE_DATE%TYPE,
14:25:42 703  	in_created_by		     IN CORE_HIST_OWNER.INVOICE_ADJUSTMENT_HISTORY.CREATED_BY%TYPE,
14:25:42 704  	in_invoice_adj_reason_id	       IN CORE_HIST_OWNER.INVOICE_ADJUSTMENT_HISTORY.INVOICE_ADJUSTMENT_REASON_ID%TYPE,
14:25:42 705  	in_update_date		      IN CORE_HIST_OWNER.INVOICE_ADJUSTMENT_HISTORY.UPDATE_DATE%TYPE,
14:25:42 706  	in_updated_by		     IN CORE_HIST_OWNER.INVOICE_ADJUSTMENT_HISTORY.UPDATED_BY%TYPE
14:25:42 707  )
14:25:42 708  AS
14:25:42 709  SPROC_NAME CONSTANT VARCHAR2(32) := 'CREATE_INVOICE_ADJ_HISTORY';
14:25:42 710  BEGIN
14:25:42 711  	INSERT INTO CORE_HIST_OWNER.INVOICE_ADJUSTMENT_HISTORY
14:25:42 712  	(
14:25:42 713  	   INVOICE_ADJUSTMENT_ID,
14:25:42 714  	   INVOICE_ID,
14:25:42 715  	   IS_CREDIT,
14:25:42 716  	   CHARGE_ID,
14:25:42 717  	   ADJUSTMENT_DATE,
14:25:42 718  	   CREATE_DATE,
14:25:42 719  	   CREATED_BY,
14:25:42 720  	   INVOICE_ADJUSTMENT_REASON_ID,
14:25:42 721  	   UPDATE_DATE,
14:25:42 722  	   UPDATED_BY
14:25:42 723  	)
14:25:42 724  	VALUES
14:25:42 725  	(
14:25:42 726  	    in_invoice_adjustment_id,
14:25:42 727  	    in_invoice_id,
14:25:42 728  	    in_is_credit,
14:25:42 729  	    in_charge_id,
14:25:42 730  	    in_adjustment_date,
14:25:42 731  	    in_create_date,
14:25:42 732  	    in_created_by,
14:25:42 733  	    in_invoice_adj_reason_id,
14:25:42 734  	    in_update_date,
14:25:42 735  	    in_updated_by
14:25:42 736  	);
14:25:42 737  
14:25:42 738  EXCEPTION
14:25:42 739  	WHEN OTHERS THEN
14:25:42 740  	  RAISE_APPLICATION_ERROR(CORE_OWNER.APP_EXCEPTION_CODES_V14.UNKNOWN_ERROR,
14:25:42 741  	    SPROC_NAME||': Unknown error: '||SQLERRM);
14:25:42 742  END CREATE_INVOICE_ADJ_HISTORY;
14:25:42 743  
14:25:42 744  END PROCS_HISTORY_V16;
14:25:42 745  .
14:25:42 SQL> /

Package body created.

Elapsed: 00:00:00.02
14:25:42 SQL> 
14:25:42 SQL> --------------------------------------------------------------------------------
14:25:42 SQL> -- DDL for package PUBLIC_PROCS_CORE
14:25:42 SQL> --------------------------------------------------------------------------------
14:25:42 SQL> 
14:25:42 SQL> CREATE OR REPLACE PACKAGE "PUBLIC_PROCS_CORE_V16" AS
14:25:42   2  
14:25:42   3  PROCEDURE CREATE_ADDRESS_HISTORY (
14:25:42   4  /*
14:25:42   5  Throws exceptions:
14:25:42   6  APP_EXCEPTION_CODES_V16.UNKNOWN_ERROR
14:25:42   7  */
14:25:42   8  	in_address_id		      IN ADDRESS_HISTORY.ADDRESS_ID%TYPE,
14:25:42   9  	in_system_activity_reason_id  IN ADDRESS_HISTORY.SYSTEM_ACTIVITY_REASON_ID%TYPE,
14:25:42  10  	in_address1		      IN ADDRESS_HISTORY.ADDRESS1%TYPE,
14:25:42  11  	in_address2		      IN ADDRESS_HISTORY.ADDRESS2%TYPE,
14:25:42  12  	in_city 		      IN ADDRESS_HISTORY.CITY%TYPE,
14:25:42  13  	in_state		      IN ADDRESS_HISTORY.STATE%TYPE,
14:25:42  14  	in_postal_code		      IN ADDRESS_HISTORY.POSTAL_CODE%TYPE,
14:25:42  15  	in_country		      IN ADDRESS_HISTORY.COUNTRY%TYPE,
14:25:42  16  	in_created_by		      IN ADDRESS_HISTORY.CREATED_BY%TYPE,
14:25:42  17  	in_create_date		      IN ADDRESS_HISTORY.CREATE_DATE%TYPE,
14:25:42  18  	in_updated_by		      IN ADDRESS_HISTORY.UPDATED_BY%TYPE,
14:25:42  19  	in_update_date		      IN ADDRESS_HISTORY.UPDATE_DATE%TYPE
14:25:42  20  );
14:25:42  21  
14:25:42  22  PROCEDURE CREATE_ACCOUNT_HISTORY (
14:25:42  23  /*
14:25:42  24  Throws exceptions:
14:25:42  25  APP_EXCEPTION_CODES_V16.UNKNOWN_ERROR
14:25:42  26  */
14:25:42  27  	in_account_id		      IN NUMBER,
14:25:42  28  	in_suspend_date 	      IN DATE,
14:25:42  29  	in_group_id		      IN NUMBER,
14:25:42  30  	in_created_by		      IN VARCHAR2,
14:25:42  31  	in_create_date		      IN DATE,
14:25:42  32  	in_system_activity_reason_id  IN NUMBER,
14:25:42  33  	in_account_status_id	      IN NUMBER,
14:25:42  34  	in_instrument_type_id	      IN NUMBER,
14:25:42  35  	in_instrument_id	      IN NUMBER
14:25:42  36  );
14:25:42  37  
14:25:42  38  PROCEDURE CREATE_SUBSCRIPTION_HISTORY (
14:25:42  39  /*
14:25:42  40  Throws exceptions:
14:25:42  41  APP_EXCEPTION_CODES_V16.UNKNOWN_ERROR
14:25:42  42  */
14:25:42  43  	in_subscription_id	     IN  NUMBER,
14:25:42  44  	in_account_id		     IN NUMBER,
14:25:42  45  	in_purchase_date	     IN DATE,
14:25:42  46  	in_offer_chain_id	     IN NUMBER,
14:25:42  47  	in_suspend_date 	     IN DATE,
14:25:42  48  	in_termination_date	     IN DATE,
14:25:42  49  	in_days_remaining_adjustment IN NUMBER,
14:25:42  50  	in_cancellation_type_id      IN NUMBER,
14:25:42  51  	in_created_by		     IN  VARCHAR2,
14:25:42  52  	in_create_date		     IN DATE,
14:25:42  53  	in_system_activity_reason_id IN  NUMBER
14:25:42  54  );
14:25:42  55  
14:25:42  56  PROCEDURE CREATE_CREDIT_CARD_HISTORY (
14:25:42  57  /*
14:25:42  58  Throws exceptions:
14:25:42  59  APP_EXCEPTION_CODES_V16.UNKNOWN_ERROR
14:25:42  60  */
14:25:42  61  	in_credit_card_id	      IN  NUMBER,
14:25:42  62  	in_account_id		      IN NUMBER,
14:25:42  63  	in_instrument_name	      IN VARCHAR2,
14:25:42  64  	in_private_card_holder_name   IN VARCHAR2,
14:25:42  65  	in_private_street_address     IN VARCHAR2,
14:25:42  66  	in_private_street_address2    IN VARCHAR2,
14:25:42  67  	in_state		      IN VARCHAR2,
14:25:42  68  	in_city 		      IN VARCHAR2,
14:25:42  69  	in_postal_code		      IN VARCHAR2,
14:25:42  70  	in_country		      IN CHAR,
14:25:42  71  	in_last_four_cc 	      IN VARCHAR2,
14:25:42  72  	in_expiration_date	      IN DATE,
14:25:42  73  	in_credit_card_type_id	      IN NUMBER,
14:25:42  74  	in_secret_token 	      IN VARCHAR2,
14:25:42  75  	in_chase_profile_id	      IN VARCHAR2,
14:25:42  76  	in_credit_card_status_id      IN NUMBER,
14:25:42  77  	in_created_by		      IN  VARCHAR2,
14:25:42  78  	in_create_date		      IN DATE,
14:25:42  79  	in_system_activity_reason_id  IN  NUMBER
14:25:42  80  );
14:25:42  81  
14:25:42  82  PROCEDURE CREATE_PAYPAL_HISTORY (
14:25:42  83  /*
14:25:42  84  Throws exceptions:
14:25:42  85  APP_EXCEPTION_CODES_V16.UNKNOWN_ERROR
14:25:42  86  */
14:25:42  87  	in_paypal_id			IN NUMBER,
14:25:42  88  	in_account_id			IN NUMBER,
14:25:42  89  	in_instrument_name		IN VARCHAR2,
14:25:42  90  	in_private_email_address	IN VARCHAR2,
14:25:42  91  	in_created_by			IN VARCHAR2,
14:25:42  92  	in_create_date			IN DATE,
14:25:42  93  	in_paypal_status_id		IN NUMBER,
14:25:42  94  	in_paypal_prvt_street_address	IN VARCHAR2,
14:25:42  95  	in_paypal_prvt_street_address2	IN VARCHAR2,
14:25:42  96  	in_state			IN VARCHAR2,
14:25:42  97  	in_city 			IN VARCHAR2,
14:25:42  98  	in_postal_code			IN VARCHAR2,
14:25:42  99  	in_country			IN CHAR,
14:25:42 100  	in_expiration_date		IN DATE,
14:25:42 101  	in_system_activity_reason_id	IN NUMBER,
14:25:42 102  	in_secret_token 		IN VARCHAR2
14:25:42 103  );
14:25:42 104  
14:25:42 105  PROCEDURE CREATE_TRANSACTION_HISTORY (
14:25:42 106  /*
14:25:42 107  Throws exceptions:
14:25:42 108  APP_EXCEPTION_CODES_V16.UNKNOWN_ERROR
14:25:42 109  */
14:25:42 110  	in_transaction_id	     IN NUMBER,
14:25:42 111  	in_transaction_status_id     IN NUMBER,
14:25:42 112  	in_transaction_amount	     IN NUMBER,
14:25:42 113  	in_created_by		     IN VARCHAR2,
14:25:42 114  	in_create_date		     IN DATE,
14:25:42 115  	in_system_activity_reason_id IN NUMBER
14:25:42 116  );
14:25:42 117  
14:25:42 118  PROCEDURE CREATE_GIFT_CERT_HISTORY (
14:25:42 119  	in_gift_certificate_id	      IN NUMBER,
14:25:42 120  	in_purchaser_group_id	      IN NUMBER,
14:25:42 121  	in_purchase_invoice_id	      IN NUMBER,
14:25:42 122  	in_offer_chain_id	      IN NUMBER,
14:25:42 123  	in_expiration_date	      IN DATE,
14:25:42 124  	in_purchase_date	      IN DATE,
14:25:42 125  	in_gift_certificate_status_id IN NUMBER,
14:25:42 126  	in_code 		      IN VARCHAR2,
14:25:42 127  	in_created_by		      IN VARCHAR2,
14:25:42 128  	in_create_date		      IN DATE,
14:25:42 129  	in_system_activity_reason_id  IN NUMBER,
14:25:42 130  	in_recipient_name	      IN VARCHAR2,
14:25:42 131  	in_gift_message 	      IN VARCHAR2,
14:25:42 132  	in_recipient_email	      IN VARCHAR2,
14:25:42 133  	in_finalized_invoice_id       IN NUMBER,
14:25:42 134  	in_sender_email 	      IN VARCHAR2,
14:25:42 135  	in_sender_name		      IN VARCHAR2,
14:25:42 136  	in_redemption_date	      IN DATE,
14:25:42 137  	in_redeemer_group_id	      IN NUMBER,
14:25:42 138  	in_cancelation_date	      IN DATE,
14:25:42 139  	in_recipient_address_id       IN NUMBER,
14:25:42 140  	in_redeemer_address_id	      IN NUMBER,
14:25:42 141  	in_recipient_notify_date      IN DATE
14:25:42 142  );
14:25:42 143  
14:25:42 144  PROCEDURE CREATE_INVOICE_HISTORY (
14:25:42 145  /*
14:25:42 146  Throws exceptions:
14:25:42 147  APP_EXCEPTION_CODES_V16.UNKNOWN_ERROR
14:25:42 148  */
14:25:42 149  	in_invoice_id		     IN NUMBER,
14:25:42 150  	in_invoice_status_id	     IN NUMBER,
14:25:42 151  	in_created_by		     IN VARCHAR2,
14:25:42 152  	in_create_date		     IN DATE,
14:25:42 153  	in_system_activity_reason_id IN NUMBER
14:25:42 154  );
14:25:42 155  
14:25:42 156  PROCEDURE CREATE_LICENSE_HISTORY (
14:25:42 157  /*
14:25:42 158  Throws exceptions:
14:25:42 159  APP_EXCEPTION_CODES_V16.UNKNOWN_ERROR
14:25:42 160  */
14:25:42 161  	in_license_id		    IN NUMBER,
14:25:42 162  	in_license_status_id	    IN NUMBER,
14:25:42 163  	in_needs_entitlements	    IN NUMBER,
14:25:42 164  	in_start_date		    IN DATE,
14:25:42 165  	in_offer_id		    IN NUMBER,
14:25:42 166  	in_subscription_id	    IN NUMBER,
14:25:42 167  	in_invoice_id		    IN NUMBER,
14:25:42 168  	in_end_date		    IN DATE,
14:25:42 169  	in_created_by		    IN VARCHAR2,
14:25:42 170  	in_create_date		    IN DATE,
14:25:42 171  	in_is_extension 	    IN NUMBER,
14:25:42 172  	in_current_offer_index	    IN NUMBER,
14:25:42 173  	in_current_offer_recurr_num IN NUMBER,
14:25:42 174  	in_system_activity_reason_id IN NUMBER,
14:25:42 175  	in_entitlement_end_date      IN DATE
14:25:42 176  );
14:25:42 177  
14:25:42 178  PROCEDURE CREATE_CHARGE_HISTORY (
14:25:42 179  /*
14:25:42 180  Throws exceptions:
14:25:42 181  APP_EXCEPTION_CODES_V16.UNKNOWN_ERROR
14:25:42 182  */
14:25:42 183  	in_charge_id		     IN NUMBER,
14:25:42 184  	in_invoice_id		     IN NUMBER,
14:25:42 185  	in_transaction_id	     IN NUMBER,
14:25:42 186  	in_instrument_type_id	     IN NUMBER,
14:25:42 187  	in_instrument_id	     IN NUMBER,
14:25:42 188  	in_charge_amount	     IN NUMBER,
14:25:42 189  	in_created_by		     IN VARCHAR2,
14:25:42 190  	in_create_date		     IN DATE,
14:25:42 191  	in_charge_status_id	     IN NUMBER,
14:25:42 192  	in_system_activity_reason_id IN NUMBER
14:25:42 193  );
14:25:42 194  
14:25:42 195  PROCEDURE CREATE_ITUNES_RECEIPT_HISTORY (
14:25:42 196  /*
14:25:42 197  Throws exceptions:
14:25:42 198  APP_EXCEPTION_CODES_V16.UNKNOWN_ERROR
14:25:42 199  */
14:25:42 200  /*
14:25:42 201  CREATE TABLE ITUNES_RECEIPT (
14:25:42 202  	id NUMBER NOT NULL ENABLE,
14:25:42 203  	subscription_id NUMBER NOT NULL ENABLE,
14:25:42 204  	receipt VARCHAR(1024) NOT NULL ENABLE,
14:25:42 205  	status NUMBER,
14:25:42 206  	quantity NUMBER,
14:25:42 207  	product_id VARCHAR(1024),
14:25:42 208  	transaction_id VARCHAR(1024),
14:25:42 209  	purchase_date TIMESTAMP,
14:25:42 210  	original_transaction_id VARCHAR(1024),
14:25:42 211  	original_purchase_date TIMESTAMP,
14:25:42 212  	app_item_id VARCHAR(1024),
14:25:42 213  	version_external_id NUMBER,
14:25:42 214  	bid VARCHAR(1024),
14:25:42 215  	bvrs VARCHAR(255),
14:25:42 216  	expires_date TIMESTAMP,
14:25:42 217  	create_date DATE NOT NULL,
14:25:42 218  	created_by VARCHAR(255) NOT NULL,
14:25:42 219  	update_date DATE NOT NULL,
14:25:42 220  	updated_by VARCHAR(255) NOT NULL,
14:25:42 221  	last_check_date DATE NOT NULL,
14:25:42 222  	CONSTRAINT "ITUNESRECEIPT_PK" PRIMARY KEY ("ID") USING INDEX TABLESPACE "CORE_IDX" ENABLE,
14:25:42 223  	CONSTRAINT "ITUNESRECEIPT_SUBID_FK" FOREIGN KEY ("SUBSCRIPTION_ID") REFERENCES SUBSCRIPTION(ID) USING INDEX TABLESPACE "CORE_IDX" ENABLE,
14:25:42 224  	CONSTRAINT "ITUNESRECEIPT_RECEIPT_UK" UNIQUE(receipt) USING INDEX TABLESPACE "CORE_IDX" ENABLE,
14:25:42 225  	CONSTRAINT "ITUNESRECEIPT_SUBID_UK" UNIQUE(subscription_id) USING INDEX TABLESPACE "CORE_IDX" ENABLE
14:25:42 226  )
14:25:42 227  TABLESPACE CORE;
14:25:42 228  */
14:25:42 229  	in_id		    IN CORE_HIST_OWNER.ITUNES_RECEIPT_HISTORY.ID%TYPE,
14:25:42 230  	in_subscription_id  IN CORE_HIST_OWNER.ITUNES_RECEIPT_HISTORY.SUBSCRIPTION_ID%TYPE,
14:25:42 231  	in_receipt	    IN CORE_HIST_OWNER.ITUNES_RECEIPT_HISTORY.RECEIPT%TYPE,
14:25:42 232  	in_status	    IN CORE_HIST_OWNER.ITUNES_RECEIPT_HISTORY.STATUS%TYPE,
14:25:42 233  	in_quantity	    IN CORE_HIST_OWNER.ITUNES_RECEIPT_HISTORY.QUANTITY%TYPE,
14:25:42 234  	in_product_id	    IN CORE_HIST_OWNER.ITUNES_RECEIPT_HISTORY.PRODUCT_ID%TYPE,
14:25:42 235  	in_transaction_id   IN CORE_HIST_OWNER.ITUNES_RECEIPT_HISTORY.TRANSACTION_ID%TYPE,
14:25:42 236  	in_purchase_date    IN CORE_HIST_OWNER.ITUNES_RECEIPT_HISTORY.PURCHASE_DATE%TYPE,
14:25:42 237  	in_original_transaction_id IN CORE_HIST_OWNER.ITUNES_RECEIPT_HISTORY.ORIGINAL_TRANSACTION_ID%TYPE,
14:25:42 238  	in_original_purchase_date IN CORE_HIST_OWNER.ITUNES_RECEIPT_HISTORY.ORIGINAL_PURCHASE_DATE%TYPE,
14:25:42 239  	in_app_item_id	    IN CORE_HIST_OWNER.ITUNES_RECEIPT_HISTORY.APP_ITEM_ID%TYPE,
14:25:42 240  	in_version_external_id IN CORE_HIST_OWNER.ITUNES_RECEIPT_HISTORY.VERSION_EXTERNAL_ID%TYPE,
14:25:42 241  	in_bid		    IN CORE_HIST_OWNER.ITUNES_RECEIPT_HISTORY.BID%TYPE,
14:25:42 242  	in_bvrs 	    IN CORE_HIST_OWNER.ITUNES_RECEIPT_HISTORY.BVRS%TYPE,
14:25:42 243  	in_expires_date     IN CORE_HIST_OWNER.ITUNES_RECEIPT_HISTORY.EXPIRES_DATE%TYPE,
14:25:42 244  	in_create_date	    IN CORE_HIST_OWNER.ITUNES_RECEIPT_HISTORY.CREATE_DATE%TYPE,
14:25:42 245  	in_created_by	    IN CORE_HIST_OWNER.ITUNES_RECEIPT_HISTORY.CREATED_BY%TYPE,
14:25:42 246  	in_update_date	    IN CORE_HIST_OWNER.ITUNES_RECEIPT_HISTORY.UPDATE_DATE%TYPE,
14:25:42 247  	in_updated_by	    IN CORE_HIST_OWNER.ITUNES_RECEIPT_HISTORY.UPDATED_BY%TYPE,
14:25:42 248  	in_last_check_date  IN CORE_HIST_OWNER.ITUNES_RECEIPT_HISTORY.LAST_CHECK_DATE%TYPE,
14:25:42 249  	in_cancel_date	    IN CORE_HIST_OWNER.ITUNES_RECEIPT_HISTORY.CANCEL_DATE%TYPE
14:25:42 250  );
14:25:42 251  
14:25:42 252  PROCEDURE CREATE_INVOICE_ADJ_HISTORY (
14:25:42 253  /*
14:25:42 254  Throws exceptions:
14:25:42 255  APP_EXCEPTION_CODES_V14.UNKNOWN_ERROR
14:25:42 256  */
14:25:42 257  	in_invoice_adjustment_id     IN CORE_HIST_OWNER.INVOICE_ADJUSTMENT_HISTORY.INVOICE_ADJUSTMENT_ID%TYPE,
14:25:42 258  	in_invoice_id		     IN CORE_HIST_OWNER.INVOICE_ADJUSTMENT_HISTORY.INVOICE_ID%TYPE,
14:25:42 259  	in_is_credit		     IN CORE_HIST_OWNER.INVOICE_ADJUSTMENT_HISTORY.IS_CREDIT%TYPE,
14:25:42 260  	in_charge_id		     IN CORE_HIST_OWNER.INVOICE_ADJUSTMENT_HISTORY.CHARGE_ID%TYPE,
14:25:42 261  	in_adjustment_date	     IN CORE_HIST_OWNER.INVOICE_ADJUSTMENT_HISTORY.ADJUSTMENT_DATE%TYPE,
14:25:42 262  	in_create_date		     IN CORE_HIST_OWNER.INVOICE_ADJUSTMENT_HISTORY.CREATE_DATE%TYPE,
14:25:42 263  	in_created_by		     IN CORE_HIST_OWNER.INVOICE_ADJUSTMENT_HISTORY.CREATED_BY%TYPE,
14:25:42 264  	in_invoice_adj_reason_id	       IN CORE_HIST_OWNER.INVOICE_ADJUSTMENT_HISTORY.INVOICE_ADJUSTMENT_REASON_ID%TYPE,
14:25:42 265  	in_update_date		      IN CORE_HIST_OWNER.INVOICE_ADJUSTMENT_HISTORY.UPDATE_DATE%TYPE,
14:25:42 266  	in_updated_by		     IN CORE_HIST_OWNER.INVOICE_ADJUSTMENT_HISTORY.UPDATED_BY%TYPE
14:25:42 267  );
14:25:42 268  
14:25:42 269  END PUBLIC_PROCS_CORE_V16;
14:25:42 270  .
14:25:42 SQL> /

Package created.

Elapsed: 00:00:00.01
14:25:42 SQL> 
14:25:42 SQL> CREATE OR REPLACE PACKAGE BODY "PUBLIC_PROCS_CORE_V16" AS
14:25:42   2  
14:25:42   3  PROCEDURE CREATE_ADDRESS_HISTORY (
14:25:42   4  /*
14:25:42   5  Throws exceptions:
14:25:42   6  APP_EXCEPTION_CODES_V16.NOT_FOUND
14:25:42   7  APP_EXCEPTION_CODES_V16.UNKNOWN_ERROR
14:25:42   8  */
14:25:42   9  	in_address_id		      IN ADDRESS_HISTORY.ADDRESS_ID%TYPE,
14:25:42  10  	in_system_activity_reason_id  IN ADDRESS_HISTORY.SYSTEM_ACTIVITY_REASON_ID%TYPE,
14:25:42  11  	in_address1		      IN ADDRESS_HISTORY.ADDRESS1%TYPE,
14:25:42  12  	in_address2		      IN ADDRESS_HISTORY.ADDRESS2%TYPE,
14:25:42  13  	in_city 		      IN ADDRESS_HISTORY.CITY%TYPE,
14:25:42  14  	in_state		      IN ADDRESS_HISTORY.STATE%TYPE,
14:25:42  15  	in_postal_code		      IN ADDRESS_HISTORY.POSTAL_CODE%TYPE,
14:25:42  16  	in_country		      IN ADDRESS_HISTORY.COUNTRY%TYPE,
14:25:42  17  	in_created_by		      IN ADDRESS_HISTORY.CREATED_BY%TYPE,
14:25:42  18  	in_create_date		      IN ADDRESS_HISTORY.CREATE_DATE%TYPE,
14:25:42  19  	in_updated_by		      IN ADDRESS_HISTORY.UPDATED_BY%TYPE,
14:25:42  20  	in_update_date		      IN ADDRESS_HISTORY.UPDATE_DATE%TYPE
14:25:42  21  ) AS
14:25:42  22  BEGIN
14:25:42  23  	PROCS_HISTORY_V16.CREATE_ADDRESS_HISTORY(
14:25:42  24  	in_address_id,
14:25:42  25  	in_system_activity_reason_id,
14:25:42  26  	in_address1,
14:25:42  27  	in_address2,
14:25:42  28  	in_city,
14:25:42  29  	in_state,
14:25:42  30  	in_postal_code,
14:25:42  31  	in_country,
14:25:42  32  	in_created_by,
14:25:42  33  	in_create_date,
14:25:42  34  	in_updated_by,
14:25:42  35  	in_update_date
14:25:42  36  	);
14:25:42  37  END CREATE_ADDRESS_HISTORY;
14:25:42  38  
14:25:42  39  PROCEDURE CREATE_ACCOUNT_HISTORY (
14:25:42  40  /*
14:25:42  41  Throws exceptions:
14:25:42  42  APP_EXCEPTION_CODES_V16.NOT_FOUND
14:25:42  43  APP_EXCEPTION_CODES_V16.UNKNOWN_ERROR
14:25:42  44  */
14:25:42  45  	in_account_id		      IN NUMBER,
14:25:42  46  	in_suspend_date 	      IN DATE,
14:25:42  47  	in_group_id		      IN NUMBER,
14:25:42  48  	in_created_by		      IN VARCHAR2,
14:25:42  49  	in_create_date		      IN DATE,
14:25:42  50  	in_system_activity_reason_id  IN NUMBER,
14:25:42  51  	in_account_status_id	      IN NUMBER,
14:25:42  52  	in_instrument_type_id	      IN NUMBER,
14:25:42  53  	in_instrument_id	      IN NUMBER
14:25:42  54  ) AS
14:25:42  55  BEGIN
14:25:42  56  	PROCS_HISTORY_V16.CREATE_ACCOUNT_HISTORY(
14:25:42  57  	  in_account_id,
14:25:42  58  	  in_suspend_date,
14:25:42  59  	  in_group_id,
14:25:42  60  	  in_created_by,
14:25:42  61  	  in_create_date,
14:25:42  62  	  in_system_activity_reason_id,
14:25:42  63  	  in_account_status_id,
14:25:42  64  	  in_instrument_type_id,
14:25:42  65  	  in_instrument_id
14:25:42  66  	);
14:25:42  67  END CREATE_ACCOUNT_HISTORY;
14:25:42  68  
14:25:42  69  PROCEDURE CREATE_SUBSCRIPTION_HISTORY (
14:25:42  70  /*
14:25:42  71  Throws exceptions:
14:25:42  72  APP_EXCEPTION_CODES_V16.UNKNOWN_ERROR
14:25:42  73  */
14:25:42  74  	in_subscription_id	     IN  NUMBER,
14:25:42  75  	in_account_id		     IN NUMBER,
14:25:42  76  	in_purchase_date	     IN DATE,
14:25:42  77  	in_offer_chain_id	     IN NUMBER,
14:25:42  78  	in_suspend_date 	     IN DATE,
14:25:42  79  	in_termination_date	     IN DATE,
14:25:42  80  	in_days_remaining_adjustment IN NUMBER,
14:25:42  81  	in_cancellation_type_id      IN NUMBER,
14:25:42  82  	in_created_by		     IN  VARCHAR2,
14:25:42  83  	in_create_date		     IN DATE,
14:25:42  84  	in_system_activity_reason_id IN  NUMBER
14:25:42  85  ) AS
14:25:42  86  BEGIN
14:25:42  87  	PROCS_HISTORY_V16.CREATE_SUBSCRIPTION_HISTORY(
14:25:42  88  	  in_subscription_id,
14:25:42  89  	  in_account_id,
14:25:42  90  	  in_purchase_date,
14:25:42  91  	  in_offer_chain_id,
14:25:42  92  	  in_suspend_date,
14:25:42  93  	  in_termination_date,
14:25:42  94  	  in_days_remaining_adjustment,
14:25:42  95  	  in_cancellation_type_id,
14:25:42  96  	  in_created_by,
14:25:42  97  	  in_create_date,
14:25:42  98  	  in_system_activity_reason_id
14:25:42  99  	);
14:25:42 100  END CREATE_SUBSCRIPTION_HISTORY;
14:25:42 101  
14:25:42 102  PROCEDURE CREATE_CREDIT_CARD_HISTORY (
14:25:42 103  /*
14:25:42 104  Throws exceptions:
14:25:42 105  APP_EXCEPTION_CODES_V16.UNKNOWN_ERROR
14:25:42 106  */
14:25:42 107  	in_credit_card_id	      IN  NUMBER,
14:25:42 108  	in_account_id		      IN NUMBER,
14:25:42 109  	in_instrument_name	      IN VARCHAR2,
14:25:42 110  	in_private_card_holder_name   IN VARCHAR2,
14:25:42 111  	in_private_street_address     IN VARCHAR2,
14:25:42 112  	in_private_street_address2    IN VARCHAR2,
14:25:42 113  	in_state		      IN VARCHAR2,
14:25:42 114  	in_city 		      IN VARCHAR2,
14:25:42 115  	in_postal_code		      IN VARCHAR2,
14:25:42 116  	in_country		      IN CHAR,
14:25:42 117  	in_last_four_cc 	      IN VARCHAR2,
14:25:42 118  	in_expiration_date	      IN DATE,
14:25:42 119  	in_credit_card_type_id	      IN NUMBER,
14:25:42 120  	in_secret_token 	      IN VARCHAR2,
14:25:42 121  	in_chase_profile_id	      IN VARCHAR2,
14:25:42 122  	in_credit_card_status_id      IN NUMBER,
14:25:42 123  	in_created_by		      IN  VARCHAR2,
14:25:42 124  	in_create_date		      IN DATE,
14:25:42 125  	in_system_activity_reason_id  IN  NUMBER
14:25:42 126  ) AS
14:25:42 127  BEGIN
14:25:42 128  	PROCS_HISTORY_V16.CREATE_CREDIT_CARD_HISTORY(
14:25:42 129  	  in_credit_card_id,
14:25:42 130  	  in_account_id,
14:25:42 131  	  in_instrument_name,
14:25:42 132  	  in_private_card_holder_name,
14:25:42 133  	  in_private_street_address,
14:25:42 134  	  in_private_street_address2,
14:25:42 135  	  in_state,
14:25:42 136  	  in_city,
14:25:42 137  	  in_postal_code,
14:25:42 138  	  in_country,
14:25:42 139  	  in_last_four_cc,
14:25:42 140  	  in_expiration_date,
14:25:42 141  	  in_credit_card_type_id,
14:25:42 142  	  in_secret_token,
14:25:42 143  	  in_chase_profile_id,
14:25:42 144  	  in_credit_card_status_id,
14:25:42 145  	  in_created_by,
14:25:42 146  	  in_create_date,
14:25:42 147  	  in_system_activity_reason_id
14:25:42 148  );
14:25:42 149  END CREATE_CREDIT_CARD_HISTORY;
14:25:42 150  
14:25:42 151  /***************************************************************/
14:25:42 152  
14:25:42 153  PROCEDURE CREATE_PAYPAL_HISTORY (
14:25:42 154  /*
14:25:42 155  Throws exceptions:
14:25:42 156  APP_EXCEPTION_CODES_V16.UNKNOWN_ERROR
14:25:42 157  */
14:25:42 158  	in_paypal_id			IN NUMBER,
14:25:42 159  	in_account_id			IN NUMBER,
14:25:42 160  	in_instrument_name		IN VARCHAR2,
14:25:42 161  	in_private_email_address	IN VARCHAR2,
14:25:42 162  	in_created_by			IN VARCHAR2,
14:25:42 163  	in_create_date			IN DATE,
14:25:42 164  	in_paypal_status_id		IN NUMBER,
14:25:42 165  	in_paypal_prvt_street_address	IN VARCHAR2,
14:25:42 166  	in_paypal_prvt_street_address2	IN VARCHAR2,
14:25:42 167  	in_state			IN VARCHAR2,
14:25:42 168  	in_city 			IN VARCHAR2,
14:25:42 169  	in_postal_code			IN VARCHAR2,
14:25:42 170  	in_country			IN CHAR,
14:25:42 171  	in_expiration_date		IN DATE,
14:25:42 172  	in_system_activity_reason_id	IN NUMBER,
14:25:42 173  	in_secret_token 		IN VARCHAR2
14:25:42 174  ) AS
14:25:42 175  BEGIN
14:25:42 176  	PROCS_HISTORY_V16.CREATE_PAYPAL_HISTORY(
14:25:42 177  	  in_paypal_id,
14:25:42 178  	  in_account_id,
14:25:42 179  	  in_instrument_name,
14:25:42 180  	  in_private_email_address,
14:25:42 181  	  in_created_by,
14:25:42 182  	  in_create_date,
14:25:42 183  	  in_paypal_status_id,
14:25:42 184  	  in_paypal_prvt_street_address,
14:25:42 185  	  in_paypal_prvt_street_address2,
14:25:42 186  	  in_state,
14:25:42 187  	  in_city,
14:25:42 188  	  in_postal_code,
14:25:42 189  	  in_country,
14:25:42 190  	  in_expiration_date,
14:25:42 191  	  in_system_activity_reason_id,
14:25:42 192  	  in_secret_token
14:25:42 193  	);
14:25:42 194  END;
14:25:42 195  
14:25:42 196  /***************************************************************/
14:25:42 197  
14:25:42 198  PROCEDURE CREATE_TRANSACTION_HISTORY (
14:25:42 199  /*
14:25:42 200  Throws exceptions:
14:25:42 201  APP_EXCEPTION_CODES_V16.UNKNOWN_ERROR
14:25:42 202  */
14:25:42 203  	in_transaction_id	     IN NUMBER,
14:25:42 204  	in_transaction_status_id     IN NUMBER,
14:25:42 205  	in_transaction_amount	     IN NUMBER,
14:25:42 206  	in_created_by		     IN VARCHAR2,
14:25:42 207  	in_create_date		     IN DATE,
14:25:42 208  	in_system_activity_reason_id IN NUMBER
14:25:42 209  ) AS
14:25:42 210  BEGIN
14:25:42 211  	PROCS_HISTORY_V16.CREATE_TRANSACTION_HISTORY(
14:25:42 212  	  in_transaction_id,
14:25:42 213  	  in_transaction_status_id,
14:25:42 214  	  in_transaction_amount,
14:25:42 215  	  in_created_by,
14:25:42 216  	  in_create_date,
14:25:42 217  	  in_system_activity_reason_id
14:25:42 218  	);
14:25:42 219  END CREATE_TRANSACTION_HISTORY;
14:25:42 220  
14:25:42 221  /***************************************************************/
14:25:42 222  
14:25:42 223  PROCEDURE CREATE_GIFT_CERT_HISTORY (
14:25:42 224  	in_gift_certificate_id	      IN NUMBER,
14:25:42 225  	in_purchaser_group_id	      IN NUMBER,
14:25:42 226  	in_purchase_invoice_id	      IN NUMBER,
14:25:42 227  	in_offer_chain_id	      IN NUMBER,
14:25:42 228  	in_expiration_date	      IN DATE,
14:25:42 229  	in_purchase_date	      IN DATE,
14:25:42 230  	in_gift_certificate_status_id IN NUMBER,
14:25:42 231  	in_code 		      IN VARCHAR2,
14:25:42 232  	in_created_by		      IN VARCHAR2,
14:25:42 233  	in_create_date		      IN DATE,
14:25:42 234  	in_system_activity_reason_id  IN NUMBER,
14:25:42 235  	in_recipient_name	      IN VARCHAR2,
14:25:42 236  	in_gift_message 	      IN VARCHAR2,
14:25:42 237  	in_recipient_email	      IN VARCHAR2,
14:25:42 238  	in_finalized_invoice_id       IN NUMBER,
14:25:42 239  	in_sender_email 	      IN VARCHAR2,
14:25:42 240  	in_sender_name		      IN VARCHAR2,
14:25:42 241  	in_redemption_date	      IN DATE,
14:25:42 242  	in_redeemer_group_id	      IN NUMBER,
14:25:42 243  	in_cancelation_date	      IN DATE,
14:25:42 244  	in_recipient_address_id       IN NUMBER,
14:25:42 245  	in_redeemer_address_id	      IN NUMBER,
14:25:42 246  	in_recipient_notify_date      IN DATE
14:25:42 247  ) AS
14:25:42 248  BEGIN
14:25:42 249  	PROCS_HISTORY_V16.CREATE_GIFT_CERT_HISTORY(
14:25:42 250  	  in_gift_certificate_id,
14:25:42 251  	  in_purchaser_group_id,
14:25:42 252  	  in_purchase_invoice_id,
14:25:42 253  	  in_offer_chain_id,
14:25:42 254  	  in_expiration_date,
14:25:42 255  	  in_purchase_date,
14:25:42 256  	  in_gift_certificate_status_id,
14:25:42 257  	  in_code,
14:25:42 258  	  in_created_by,
14:25:42 259  	  in_create_date,
14:25:42 260  	  in_system_activity_reason_id,
14:25:42 261  	  in_recipient_name,
14:25:42 262  	  in_gift_message,
14:25:42 263  	  in_recipient_email,
14:25:42 264  	  in_finalized_invoice_id,
14:25:42 265  	  in_sender_email,
14:25:42 266  	  in_sender_name,
14:25:42 267  	  in_redemption_date,
14:25:42 268  	  in_redeemer_group_id,
14:25:42 269  	  in_cancelation_date,
14:25:42 270  	  in_recipient_address_id,
14:25:42 271  	  in_redeemer_address_id,
14:25:42 272  	  in_recipient_notify_date
14:25:42 273  	);
14:25:42 274  END CREATE_GIFT_CERT_HISTORY;
14:25:42 275  
14:25:42 276  /***************************************************************/
14:25:42 277  
14:25:42 278  PROCEDURE CREATE_INVOICE_HISTORY (
14:25:42 279  	in_invoice_id		     IN NUMBER,
14:25:42 280  	in_invoice_status_id	     IN NUMBER,
14:25:42 281  	in_created_by		     IN VARCHAR2,
14:25:42 282  	in_create_date		     IN DATE,
14:25:42 283  	in_system_activity_reason_id IN NUMBER
14:25:42 284  ) AS
14:25:42 285  BEGIN
14:25:42 286  	PROCS_HISTORY_V16.CREATE_INVOICE_HISTORY (
14:25:42 287  	  in_invoice_id,
14:25:42 288  	  in_invoice_status_id,
14:25:42 289  	  in_created_by,
14:25:42 290  	  in_create_date,
14:25:42 291  	  in_system_activity_reason_id
14:25:42 292  	);
14:25:42 293  END CREATE_INVOICE_HISTORY;
14:25:42 294  
14:25:42 295  /***************************************************************/
14:25:42 296  
14:25:42 297  PROCEDURE CREATE_LICENSE_HISTORY (
14:25:42 298  /*
14:25:42 299  Throws exceptions:
14:25:42 300  APP_EXCEPTION_CODES_V16.UNKNOWN_ERROR
14:25:42 301  */
14:25:42 302  	in_license_id		    IN NUMBER,
14:25:42 303  	in_license_status_id	    IN NUMBER,
14:25:42 304  	in_needs_entitlements	    IN NUMBER,
14:25:42 305  	in_start_date		    IN DATE,
14:25:42 306  	in_offer_id		    IN NUMBER,
14:25:42 307  	in_subscription_id	    IN NUMBER,
14:25:42 308  	in_invoice_id		    IN NUMBER,
14:25:42 309  	in_end_date		    IN DATE,
14:25:42 310  	in_created_by		    IN VARCHAR2,
14:25:42 311  	in_create_date		    IN DATE,
14:25:42 312  	in_is_extension 	    IN NUMBER,
14:25:42 313  	in_current_offer_index	    IN NUMBER,
14:25:42 314  	in_current_offer_recurr_num IN NUMBER,
14:25:42 315  	in_system_activity_reason_id IN NUMBER,
14:25:42 316  	in_entitlement_end_date      IN DATE
14:25:42 317  ) AS
14:25:42 318  BEGIN
14:25:42 319  	PROCS_HISTORY_V16.CREATE_LICENSE_HISTORY (
14:25:42 320  	  in_license_id,
14:25:42 321  	  in_license_status_id,
14:25:42 322  	  in_needs_entitlements,
14:25:42 323  	  in_start_date,
14:25:42 324  	  in_offer_id,
14:25:42 325  	  in_subscription_id,
14:25:42 326  	  in_invoice_id,
14:25:42 327  	  in_end_date,
14:25:42 328  	  in_created_by,
14:25:42 329  	  in_create_date,
14:25:42 330  	  in_is_extension,
14:25:42 331  	  in_current_offer_index,
14:25:42 332  	  in_current_offer_recurr_num,
14:25:42 333  	  in_system_activity_reason_id,
14:25:42 334  	  in_entitlement_end_date
14:25:42 335  	);
14:25:42 336  END CREATE_LICENSE_HISTORY;
14:25:42 337  
14:25:42 338  /***************************************************************/
14:25:42 339  
14:25:42 340  PROCEDURE CREATE_CHARGE_HISTORY (
14:25:42 341  /*
14:25:42 342  Throws exceptions:
14:25:42 343  APP_EXCEPTION_CODES_V16.UNKNOWN_ERROR
14:25:42 344  */
14:25:42 345  	in_charge_id		     IN NUMBER,
14:25:42 346  	in_invoice_id		     IN NUMBER,
14:25:42 347  	in_transaction_id	     IN NUMBER,
14:25:42 348  	in_instrument_type_id	     IN NUMBER,
14:25:42 349  	in_instrument_id	     IN NUMBER,
14:25:42 350  	in_charge_amount	     IN NUMBER,
14:25:42 351  	in_created_by		     IN VARCHAR2,
14:25:42 352  	in_create_date		     IN DATE,
14:25:42 353  	in_charge_status_id	     IN NUMBER,
14:25:42 354  	in_system_activity_reason_id IN NUMBER
14:25:42 355  ) AS
14:25:42 356  BEGIN
14:25:42 357  	PROCS_HISTORY_V16.CREATE_CHARGE_HISTORY (
14:25:42 358  	  in_charge_id,
14:25:42 359  	  in_invoice_id,
14:25:42 360  	  in_transaction_id,
14:25:42 361  	  in_instrument_type_id,
14:25:42 362  	  in_instrument_id,
14:25:42 363  	  in_charge_amount,
14:25:42 364  	  in_created_by,
14:25:42 365  	  in_create_date,
14:25:42 366  	  in_charge_status_id,
14:25:42 367  	  in_system_activity_reason_id
14:25:42 368  	);
14:25:42 369  END;
14:25:42 370  
14:25:42 371  PROCEDURE CREATE_ITUNES_RECEIPT_HISTORY (
14:25:42 372  /*
14:25:42 373  Throws exceptions:
14:25:42 374  APP_EXCEPTION_CODES_V16.UNKNOWN_ERROR
14:25:42 375  */
14:25:42 376  /*
14:25:42 377  CREATE TABLE ITUNES_RECEIPT (
14:25:42 378  	id NUMBER NOT NULL ENABLE,
14:25:42 379  	subscription_id NUMBER NOT NULL ENABLE,
14:25:42 380  	receipt VARCHAR(1024) NOT NULL ENABLE,
14:25:42 381  	status NUMBER,
14:25:42 382  	quantity NUMBER,
14:25:42 383  	product_id VARCHAR(1024),
14:25:42 384  	transaction_id VARCHAR(1024),
14:25:42 385  	purchase_date TIMESTAMP,
14:25:42 386  	original_transaction_id VARCHAR(1024),
14:25:42 387  	original_purchase_date TIMESTAMP,
14:25:42 388  	app_item_id VARCHAR(1024),
14:25:42 389  	version_external_id NUMBER,
14:25:42 390  	bid VARCHAR(1024),
14:25:42 391  	bvrs VARCHAR(255),
14:25:42 392  	expires_date TIMESTAMP,
14:25:42 393  	create_date DATE NOT NULL,
14:25:42 394  	created_by VARCHAR(255) NOT NULL,
14:25:42 395  	update_date DATE NOT NULL,
14:25:42 396  	updated_by VARCHAR(255) NOT NULL,
14:25:42 397  	last_check_date DATE NOT NULL,
14:25:42 398  	CONSTRAINT "ITUNESRECEIPT_PK" PRIMARY KEY ("ID") USING INDEX TABLESPACE "CORE_IDX" ENABLE,
14:25:42 399  	CONSTRAINT "ITUNESRECEIPT_SUBID_FK" FOREIGN KEY ("SUBSCRIPTION_ID") REFERENCES SUBSCRIPTION(ID) USING INDEX TABLESPACE "CORE_IDX" ENABLE,
14:25:42 400  	CONSTRAINT "ITUNESRECEIPT_RECEIPT_UK" UNIQUE(receipt) USING INDEX TABLESPACE "CORE_IDX" ENABLE,
14:25:42 401  	CONSTRAINT "ITUNESRECEIPT_SUBID_UK" UNIQUE(subscription_id) USING INDEX TABLESPACE "CORE_IDX" ENABLE
14:25:42 402  )
14:25:42 403  TABLESPACE CORE;
14:25:42 404  */
14:25:42 405  	in_id		    IN CORE_HIST_OWNER.ITUNES_RECEIPT_HISTORY.ID%TYPE,
14:25:42 406  	in_subscription_id  IN CORE_HIST_OWNER.ITUNES_RECEIPT_HISTORY.SUBSCRIPTION_ID%TYPE,
14:25:42 407  	in_receipt	    IN CORE_HIST_OWNER.ITUNES_RECEIPT_HISTORY.RECEIPT%TYPE,
14:25:42 408  	in_status	    IN CORE_HIST_OWNER.ITUNES_RECEIPT_HISTORY.STATUS%TYPE,
14:25:42 409  	in_quantity	    IN CORE_HIST_OWNER.ITUNES_RECEIPT_HISTORY.QUANTITY%TYPE,
14:25:42 410  	in_product_id	    IN CORE_HIST_OWNER.ITUNES_RECEIPT_HISTORY.PRODUCT_ID%TYPE,
14:25:42 411  	in_transaction_id   IN CORE_HIST_OWNER.ITUNES_RECEIPT_HISTORY.TRANSACTION_ID%TYPE,
14:25:42 412  	in_purchase_date    IN CORE_HIST_OWNER.ITUNES_RECEIPT_HISTORY.PURCHASE_DATE%TYPE,
14:25:42 413  	in_original_transaction_id IN CORE_HIST_OWNER.ITUNES_RECEIPT_HISTORY.ORIGINAL_TRANSACTION_ID%TYPE,
14:25:42 414  	in_original_purchase_date IN CORE_HIST_OWNER.ITUNES_RECEIPT_HISTORY.ORIGINAL_PURCHASE_DATE%TYPE,
14:25:42 415  	in_app_item_id	    IN CORE_HIST_OWNER.ITUNES_RECEIPT_HISTORY.APP_ITEM_ID%TYPE,
14:25:42 416  	in_version_external_id IN CORE_HIST_OWNER.ITUNES_RECEIPT_HISTORY.VERSION_EXTERNAL_ID%TYPE,
14:25:42 417  	in_bid		    IN CORE_HIST_OWNER.ITUNES_RECEIPT_HISTORY.BID%TYPE,
14:25:42 418  	in_bvrs 	    IN CORE_HIST_OWNER.ITUNES_RECEIPT_HISTORY.BVRS%TYPE,
14:25:42 419  	in_expires_date     IN CORE_HIST_OWNER.ITUNES_RECEIPT_HISTORY.EXPIRES_DATE%TYPE,
14:25:42 420  	in_create_date	    IN CORE_HIST_OWNER.ITUNES_RECEIPT_HISTORY.CREATE_DATE%TYPE,
14:25:42 421  	in_created_by	    IN CORE_HIST_OWNER.ITUNES_RECEIPT_HISTORY.CREATED_BY%TYPE,
14:25:42 422  	in_update_date	    IN CORE_HIST_OWNER.ITUNES_RECEIPT_HISTORY.UPDATE_DATE%TYPE,
14:25:42 423  	in_updated_by	    IN CORE_HIST_OWNER.ITUNES_RECEIPT_HISTORY.UPDATED_BY%TYPE,
14:25:42 424  	in_last_check_date  IN CORE_HIST_OWNER.ITUNES_RECEIPT_HISTORY.LAST_CHECK_DATE%TYPE,
14:25:42 425  	in_cancel_date	    IN CORE_HIST_OWNER.ITUNES_RECEIPT_HISTORY.CANCEL_DATE%TYPE
14:25:42 426  ) AS
14:25:42 427  BEGIN
14:25:42 428  	PROCS_HISTORY_V16.CREATE_ITUNES_RECEIPT_HISTORY (
14:25:42 429  	  in_id => in_id,
14:25:42 430  	  in_subscription_id => in_subscription_id,
14:25:42 431  	  in_receipt => in_receipt,
14:25:42 432  	  in_status => in_status,
14:25:42 433  	  in_quantity => in_quantity,
14:25:42 434  	  in_product_id => in_product_id,
14:25:42 435  	  in_transaction_id => in_transaction_id,
14:25:42 436  	  in_purchase_date => in_purchase_date,
14:25:42 437  	  in_original_transaction_id => in_original_transaction_id,
14:25:42 438  	  in_original_purchase_date => in_original_purchase_date,
14:25:42 439  	  in_app_item_id => in_app_item_id,
14:25:42 440  	  in_version_external_id => in_version_external_id,
14:25:42 441  	  in_bid => in_bid,
14:25:42 442  	  in_bvrs => in_bvrs,
14:25:42 443  	  in_expires_date => in_expires_date,
14:25:42 444  	  in_create_date => in_create_date,
14:25:42 445  	  in_created_by => in_created_by,
14:25:42 446  	  in_update_date => in_update_date,
14:25:42 447  	  in_updated_by => in_updated_by,
14:25:42 448  	  in_last_check_date => in_last_check_date,
14:25:42 449  	  in_cancel_date => in_cancel_date
14:25:42 450  	);
14:25:42 451  END;
14:25:42 452  
14:25:42 453  PROCEDURE CREATE_INVOICE_ADJ_HISTORY (
14:25:42 454  /*
14:25:42 455  Throws exceptions:
14:25:42 456  APP_EXCEPTION_CODES_V16.UNKNOWN_ERROR
14:25:42 457  */
14:25:42 458  	in_invoice_adjustment_id     IN CORE_HIST_OWNER.INVOICE_ADJUSTMENT_HISTORY.INVOICE_ADJUSTMENT_ID%TYPE,
14:25:42 459  	in_invoice_id		     IN CORE_HIST_OWNER.INVOICE_ADJUSTMENT_HISTORY.INVOICE_ID%TYPE,
14:25:42 460  	in_is_credit		     IN CORE_HIST_OWNER.INVOICE_ADJUSTMENT_HISTORY.IS_CREDIT%TYPE,
14:25:42 461  	in_charge_id		     IN CORE_HIST_OWNER.INVOICE_ADJUSTMENT_HISTORY.CHARGE_ID%TYPE,
14:25:42 462  	in_adjustment_date	     IN CORE_HIST_OWNER.INVOICE_ADJUSTMENT_HISTORY.ADJUSTMENT_DATE%TYPE,
14:25:42 463  	in_create_date		     IN CORE_HIST_OWNER.INVOICE_ADJUSTMENT_HISTORY.CREATE_DATE%TYPE,
14:25:42 464  	in_created_by		     IN CORE_HIST_OWNER.INVOICE_ADJUSTMENT_HISTORY.CREATED_BY%TYPE,
14:25:42 465  	in_invoice_adj_reason_id	       IN CORE_HIST_OWNER.INVOICE_ADJUSTMENT_HISTORY.INVOICE_ADJUSTMENT_REASON_ID%TYPE,
14:25:42 466  	in_update_date		      IN CORE_HIST_OWNER.INVOICE_ADJUSTMENT_HISTORY.UPDATE_DATE%TYPE,
14:25:42 467  	in_updated_by		     IN CORE_HIST_OWNER.INVOICE_ADJUSTMENT_HISTORY.UPDATED_BY%TYPE
14:25:42 468  )  AS
14:25:42 469  	BEGIN
14:25:42 470  	  PROCS_HISTORY_V16.CREATE_INVOICE_ADJ_HISTORY(
14:25:42 471  	    in_invoice_adjustment_id => in_invoice_adjustment_id,
14:25:42 472  	    in_invoice_id => in_invoice_id,
14:25:42 473  	    in_is_credit => in_is_credit,
14:25:42 474  	    in_charge_id => in_charge_id,
14:25:42 475  	    in_adjustment_date => in_adjustment_date,
14:25:42 476  	    in_create_date => in_create_date,
14:25:42 477  	    in_created_by => in_created_by,
14:25:42 478  	    in_invoice_adj_reason_id => in_invoice_adj_reason_id,
14:25:42 479  	    in_update_date => in_update_date,
14:25:42 480  	    in_updated_by => in_updated_by
14:25:42 481  	  );
14:25:42 482  END;
14:25:42 483  
14:25:42 484  END PUBLIC_PROCS_CORE_V16;
14:25:42 485  .
14:25:42 SQL> /

Package body created.

Elapsed: 00:00:00.24
14:25:42 SQL> 
14:25:42 SQL> --------------------------------------------------------------------------------
14:25:42 SQL> -- DDL for package PROCS_PARTITIONS
14:25:42 SQL> --------------------------------------------------------------------------------
14:25:42 SQL> 
14:25:42 SQL> CREATE OR REPLACE PACKAGE "PROCS_PARTITIONS_V16" AS
14:25:42   2  
14:25:42   3  PROCEDURE GET_PARTITION_YEAR_MONTH (
14:25:42   4  	in_year   IN NUMBER,
14:25:42   5  	in_month  IN NUMBER,
14:25:42   6  	out_year  OUT NUMBER,
14:25:42   7  	out_month OUT NUMBER
14:25:42   8  );
14:25:42   9  
14:25:42  10  PROCEDURE ADD_TABLE_PARTITION (
14:25:42  11  	in_tablename	   IN VARCHAR2,
14:25:42  12  	in_partitionprefix IN VARCHAR2,
14:25:42  13  	in_year 	   IN NUMBER,
14:25:42  14  	in_month	   IN NUMBER
14:25:42  15  );
14:25:42  16  
14:25:42  17  PROCEDURE ADD_ACCOUNT_PARTITION(
14:25:42  18  	in_year  IN NUMBER,
14:25:42  19  	in_month IN NUMBER
14:25:42  20  );
14:25:42  21  
14:25:42  22  PROCEDURE ADD_BILLING_LOG_PARTITION(
14:25:42  23  	in_year  IN NUMBER,
14:25:42  24  	in_month IN NUMBER
14:25:42  25  );
14:25:42  26  
14:25:42  27  PROCEDURE ADD_CREDIT_CARD_PARTITION(
14:25:42  28  	in_year  IN NUMBER,
14:25:42  29  	in_month IN NUMBER
14:25:42  30  );
14:25:42  31  
14:25:42  32  PROCEDURE ADD_GCERTIFICATE_PARTITION(
14:25:42  33  	in_year  IN NUMBER,
14:25:42  34  	in_month IN NUMBER
14:25:42  35  );
14:25:42  36  
14:25:42  37  PROCEDURE ADD_OFFER_CHAIN_PARTITION(
14:25:42  38  	in_year  IN NUMBER,
14:25:42  39  	in_month IN NUMBER
14:25:42  40  );
14:25:42  41  
14:25:42  42  PROCEDURE ADD_OFF_OFFER_CHAIN_PARTITION(
14:25:42  43  	in_year  IN NUMBER,
14:25:42  44  	in_month IN NUMBER
14:25:42  45  );
14:25:42  46  
14:25:42  47  PROCEDURE ADD_PAYPAL_PARTITION(
14:25:42  48  	in_year  IN NUMBER,
14:25:42  49  	in_month IN NUMBER
14:25:42  50  );
14:25:42  51  
14:25:42  52  PROCEDURE ADD_SUBSCRIPTION_PARTITION(
14:25:42  53  	in_year  IN NUMBER,
14:25:42  54  	in_month IN NUMBER
14:25:42  55  );
14:25:42  56  
14:25:42  57  PROCEDURE ADD_TRANSACTION_PARTITION(
14:25:42  58  	in_year  IN NUMBER,
14:25:42  59  	in_month IN NUMBER
14:25:42  60  );
14:25:42  61  
14:25:42  62  PROCEDURE ADD_INVOICE_PARTITION(
14:25:42  63  	in_year  IN NUMBER,
14:25:42  64  	in_month IN NUMBER
14:25:42  65  );
14:25:42  66  
14:25:42  67  PROCEDURE ADD_LICENSE_PARTITION(
14:25:42  68  	in_year  IN NUMBER,
14:25:42  69  	in_month IN NUMBER
14:25:42  70  );
14:25:42  71  
14:25:42  72  PROCEDURE ADD_CHARGE_PARTITION(
14:25:42  73  	in_year  IN NUMBER,
14:25:42  74  	in_month IN NUMBER
14:25:42  75  );
14:25:42  76  
14:25:42  77  END PROCS_PARTITIONS_V16;
14:25:42  78  .
14:25:42 SQL> /

Package created.

Elapsed: 00:00:00.00
14:25:42 SQL> 
14:25:42 SQL> CREATE OR REPLACE PACKAGE BODY "PROCS_PARTITIONS_V16" AS
14:25:42   2  
14:25:42   3  PROCEDURE GET_PARTITION_YEAR_MONTH (
14:25:42   4  	in_year   IN NUMBER,
14:25:42   5  	in_month  IN NUMBER,
14:25:42   6  	out_year  OUT NUMBER,
14:25:42   7  	out_month OUT NUMBER
14:25:42   8  ) AS
14:25:42   9  BEGIN
14:25:42  10  	IF in_month < 12 THEN
14:25:42  11  	  out_month := in_month + 1;
14:25:42  12  	  out_year  := in_year;
14:25:42  13  	ELSIF in_month = 12 THEN
14:25:42  14  	  out_month := 1;
14:25:42  15  	  out_year  := in_year + 1;
14:25:42  16  	ELSE
14:25:42  17  	  out_month := in_month;
14:25:42  18  	  out_year  := in_year;
14:25:42  19  	END IF;
14:25:42  20  END;
14:25:42  21  
14:25:42  22  /**************************************************************/
14:25:42  23  
14:25:42  24  PROCEDURE ADD_TABLE_PARTITION (
14:25:42  25  	in_tablename	   IN VARCHAR2,
14:25:42  26  	in_partitionprefix IN VARCHAR2,
14:25:42  27  	in_year 	   IN NUMBER,
14:25:42  28  	in_month	   IN NUMBER
14:25:42  29  ) AS
14:25:42  30  -- VARIABLES
14:25:42  31  partision_year  NUMBER;
14:25:42  32  partision_month NUMBER;
14:25:42  33  -- CONSTANTS
14:25:42  34  const_max_prefix CONSTANT VARCHAR(3) := 'max';
14:25:42  35  BEGIN
14:25:42  36  	GET_PARTITION_YEAR_MONTH(in_year, in_month, partision_year, partision_month);
14:25:42  37  	EXECUTE IMMEDIATE 'ALTER TABLE '||in_tablename||' SPLIT PARTITION '||in_partitionprefix||'_'||const_max_prefix||' AT (date '''||partision_year||'-'||partision_month||'-01'') INTO (PARTITION '||in_partitionprefix||'_y'||in_year||'m'||in_month||', PARTITION '||in_partitionprefix||'_'||const_max_prefix||')';
14:25:42  38  END;
14:25:42  39  
14:25:42  40  /**************************************************************/
14:25:42  41  
14:25:42  42  PROCEDURE ADD_ACCOUNT_PARTITION(
14:25:42  43  	in_year  IN NUMBER,
14:25:42  44  	in_month IN NUMBER
14:25:42  45  ) AS
14:25:42  46  -- CONSTANTS
14:25:42  47  CONST_TABLE_NAME	     CONSTANT VARCHAR2(15) := 'ACCOUNT_HISTORY';
14:25:42  48  CONST_PARTITION_PREFIX CONSTANT VARCHAR2(7)  := 'account';
14:25:42  49  BEGIN
14:25:42  50  	ADD_TABLE_PARTITION(CONST_TABLE_NAME, CONST_PARTITION_PREFIX, in_year, in_month);
14:25:42  51  END ADD_ACCOUNT_PARTITION;
14:25:42  52  
14:25:42  53  /**************************************************************/
14:25:42  54  
14:25:42  55  PROCEDURE ADD_BILLING_LOG_PARTITION(
14:25:42  56  	in_year  IN NUMBER,
14:25:42  57  	in_month IN NUMBER
14:25:42  58  ) AS
14:25:42  59  -- CONSTANTS
14:25:42  60  CONST_TABLE_NAME	     CONSTANT VARCHAR2(28) := 'BILLING_ACTIVITY_LOG_HISTORY';
14:25:42  61  CONST_PARTITION_PREFIX CONSTANT VARCHAR2(15) := 'billing_act_log';
14:25:42  62  BEGIN
14:25:42  63  	ADD_TABLE_PARTITION(CONST_TABLE_NAME, CONST_PARTITION_PREFIX, in_year, in_month);
14:25:42  64  END ADD_BILLING_LOG_PARTITION;
14:25:42  65  
14:25:42  66  /**************************************************************/
14:25:42  67  
14:25:42  68  PROCEDURE ADD_CREDIT_CARD_PARTITION(
14:25:42  69  	in_year  IN NUMBER,
14:25:42  70  	in_month IN NUMBER
14:25:42  71  ) AS
14:25:42  72  -- CONSTANTS
14:25:42  73  CONST_TABLE_NAME	     CONSTANT VARCHAR2(19) := 'CREDIT_CARD_HISTORY';
14:25:42  74  CONST_PARTITION_PREFIX CONSTANT VARCHAR2(11) := 'credit_card';
14:25:42  75  BEGIN
14:25:42  76  	ADD_TABLE_PARTITION(CONST_TABLE_NAME, CONST_PARTITION_PREFIX, in_year, in_month);
14:25:42  77  END ADD_CREDIT_CARD_PARTITION;
14:25:42  78  
14:25:42  79  /**************************************************************/
14:25:42  80  
14:25:42  81  PROCEDURE ADD_GCERTIFICATE_PARTITION(
14:25:42  82  	in_year  IN NUMBER,
14:25:42  83  	in_month IN NUMBER
14:25:42  84  ) AS
14:25:42  85  -- CONSTANTS
14:25:42  86  CONST_TABLE_NAME	     CONSTANT VARCHAR2(24) := 'GIFT_CERTIFICATE_HISTORY';
14:25:42  87  CONST_PARTITION_PREFIX CONSTANT VARCHAR2(16) := 'gift_certificate';
14:25:42  88  BEGIN
14:25:42  89  	ADD_TABLE_PARTITION(CONST_TABLE_NAME, CONST_PARTITION_PREFIX, in_year, in_month);
14:25:42  90  END ADD_GCERTIFICATE_PARTITION;
14:25:42  91  
14:25:42  92  /**************************************************************/
14:25:42  93  
14:25:42  94  PROCEDURE ADD_OFFER_CHAIN_PARTITION(
14:25:42  95  	in_year  IN NUMBER,
14:25:42  96  	in_month IN NUMBER
14:25:42  97  ) AS
14:25:42  98  -- CONSTANTS
14:25:42  99  CONST_TABLE_NAME	     CONSTANT VARCHAR2(19) := 'OFFER_CHAIN_HISTORY';
14:25:42 100  CONST_PARTITION_PREFIX CONSTANT VARCHAR2(11) := 'offer_chain';
14:25:42 101  BEGIN
14:25:42 102  	ADD_TABLE_PARTITION(CONST_TABLE_NAME, CONST_PARTITION_PREFIX, in_year, in_month);
14:25:42 103  END ADD_OFFER_CHAIN_PARTITION;
14:25:42 104  
14:25:42 105  /**************************************************************/
14:25:42 106  
14:25:42 107  PROCEDURE ADD_OFF_OFFER_CHAIN_PARTITION(
14:25:42 108  	in_year  IN NUMBER,
14:25:42 109  	in_month IN NUMBER
14:25:42 110  ) AS
14:25:42 111  -- CONSTANTS
14:25:42 112  CONST_TABLE_NAME	     CONSTANT VARCHAR2(25) := 'OFFER_OFFER_CHAIN_HISTORY';
14:25:42 113  CONST_PARTITION_PREFIX CONSTANT VARCHAR2(17) := 'offer_offer_chain';
14:25:42 114  BEGIN
14:25:42 115  	ADD_TABLE_PARTITION(CONST_TABLE_NAME, CONST_PARTITION_PREFIX, in_year, in_month);
14:25:42 116  END ADD_OFF_OFFER_CHAIN_PARTITION;
14:25:42 117  
14:25:42 118  /**************************************************************/
14:25:42 119  
14:25:42 120  PROCEDURE ADD_PAYPAL_PARTITION(
14:25:42 121  	in_year  IN NUMBER,
14:25:42 122  	in_month IN NUMBER
14:25:42 123  ) AS
14:25:42 124  -- CONSTANTS
14:25:42 125  CONST_TABLE_NAME	     CONSTANT VARCHAR2(14) := 'PAYPAL_HISTORY';
14:25:42 126  CONST_PARTITION_PREFIX CONSTANT VARCHAR2(6)  := 'paypal';
14:25:42 127  BEGIN
14:25:42 128  	ADD_TABLE_PARTITION(CONST_TABLE_NAME, CONST_PARTITION_PREFIX, in_year, in_month);
14:25:42 129  END ADD_PAYPAL_PARTITION;
14:25:42 130  
14:25:42 131  /**************************************************************/
14:25:42 132  
14:25:42 133  PROCEDURE ADD_SUBSCRIPTION_PARTITION(
14:25:42 134  	in_year  IN NUMBER,
14:25:42 135  	in_month IN NUMBER
14:25:42 136  ) AS
14:25:42 137  -- CONSTANTS
14:25:42 138  CONST_TABLE_NAME	     CONSTANT VARCHAR2(20) := 'SUBSCRIPTION_HISTORY';
14:25:42 139  CONST_PARTITION_PREFIX CONSTANT VARCHAR2(12) := 'subscription';
14:25:42 140  BEGIN
14:25:42 141  	ADD_TABLE_PARTITION(CONST_TABLE_NAME, CONST_PARTITION_PREFIX, in_year, in_month);
14:25:42 142  END ADD_SUBSCRIPTION_PARTITION;
14:25:42 143  
14:25:42 144  /**************************************************************/
14:25:42 145  
14:25:42 146  PROCEDURE ADD_TRANSACTION_PARTITION(
14:25:42 147  	in_year  IN NUMBER,
14:25:42 148  	in_month IN NUMBER
14:25:42 149  ) AS
14:25:42 150  -- CONSTANTS
14:25:42 151  CONST_TABLE_NAME	     CONSTANT VARCHAR2(19) := 'TRANSACTION_HISTORY';
14:25:42 152  CONST_PARTITION_PREFIX CONSTANT VARCHAR2(11) := 'transaction';
14:25:42 153  BEGIN
14:25:42 154  	ADD_TABLE_PARTITION(CONST_TABLE_NAME, CONST_PARTITION_PREFIX, in_year, in_month);
14:25:42 155  END ADD_TRANSACTION_PARTITION;
14:25:42 156  
14:25:42 157  /**************************************************************/
14:25:42 158  
14:25:42 159  PROCEDURE ADD_INVOICE_PARTITION(
14:25:42 160  	in_year  IN NUMBER,
14:25:42 161  	in_month IN NUMBER
14:25:42 162  ) AS
14:25:42 163  -- CONSTANTS
14:25:42 164  CONST_TABLE_NAME	     CONSTANT VARCHAR2(15) := 'INVOICE_HISTORY';
14:25:42 165  CONST_PARTITION_PREFIX CONSTANT VARCHAR2(7) := 'invoice';
14:25:42 166  BEGIN
14:25:42 167  	ADD_TABLE_PARTITION(CONST_TABLE_NAME, CONST_PARTITION_PREFIX, in_year, in_month);
14:25:42 168  END ADD_INVOICE_PARTITION;
14:25:42 169  
14:25:42 170  /**************************************************************/
14:25:42 171  
14:25:42 172  PROCEDURE ADD_LICENSE_PARTITION(
14:25:42 173  	in_year  IN NUMBER,
14:25:42 174  	in_month IN NUMBER
14:25:42 175  ) AS
14:25:42 176  -- CONSTANTS
14:25:42 177  CONST_TABLE_NAME	     CONSTANT VARCHAR2(15) := 'LICENSE_HISTORY';
14:25:42 178  CONST_PARTITION_PREFIX CONSTANT VARCHAR2(7) := 'license';
14:25:42 179  BEGIN
14:25:42 180  	ADD_TABLE_PARTITION(CONST_TABLE_NAME, CONST_PARTITION_PREFIX, in_year, in_month);
14:25:42 181  END ADD_LICENSE_PARTITION;
14:25:42 182  
14:25:42 183  /**************************************************************/
14:25:42 184  
14:25:42 185  PROCEDURE ADD_CHARGE_PARTITION(
14:25:42 186  	in_year  IN NUMBER,
14:25:42 187  	in_month IN NUMBER
14:25:42 188  ) AS
14:25:42 189  -- CONSTANTS
14:25:42 190  CONST_TABLE_NAME	     CONSTANT VARCHAR2(15) := 'CHARGE_HISTORY';
14:25:42 191  CONST_PARTITION_PREFIX CONSTANT VARCHAR2(7) := 'charge';
14:25:42 192  BEGIN
14:25:42 193  	ADD_TABLE_PARTITION(CONST_TABLE_NAME, CONST_PARTITION_PREFIX, in_year, in_month);
14:25:42 194  END ADD_CHARGE_PARTITION;
14:25:42 195  
14:25:42 196  END PROCS_PARTITIONS_V16;
14:25:42 197  .
14:25:42 SQL> /

Package body created.

Elapsed: 00:00:00.00
14:25:42 SQL> 
14:25:42 SQL> --------------------------------------------------------------------------------
14:25:42 SQL> -- DDL for package PROCS_SYSTEM
14:25:42 SQL> --------------------------------------------------------------------------------
14:25:42 SQL> 
14:25:42 SQL> CREATE OR REPLACE PACKAGE "PROCS_SYSTEM_V16" AS
14:25:42   2  
14:25:42   3  PROCEDURE INCREMENT_VERSION;
14:25:42   4  
14:25:42   5  PROCEDURE CHECK_VERSION(
14:25:42   6  	  in_vers    IN NUMBER,
14:25:42   7  	  out_result OUT NUMBER
14:25:42   8  );
14:25:42   9  
14:25:42  10  END PROCS_SYSTEM_V16;
14:25:42  11  .
14:25:42 SQL> /

Package created.

Elapsed: 00:00:00.01
14:25:42 SQL> 
14:25:42 SQL> CREATE OR REPLACE PACKAGE BODY "PROCS_SYSTEM_V16" AS
14:25:42   2  
14:25:42   3  PROCEDURE INCREMENT_VERSION
14:25:42   4  /*
14:25:42   5  Throws exceptions:
14:25:42   6  CORE_OWNER.APP_EXCEPTION_CODES_V16.UNKNOWN_ERROR
14:25:42   7  */
14:25:42   8  AS
14:25:42   9  BEGIN
14:25:42  10  
14:25:42  11  	UPDATE SYS_VERSION SET version=version+1;
14:25:42  12  
14:25:42  13  EXCEPTION
14:25:42  14  WHEN OTHERS THEN
14:25:42  15  	RAISE_APPLICATION_ERROR(CORE_OWNER.APP_EXCEPTION_CODES_V16.UNKNOWN_ERROR,
14:25:42  16  	  'Unknown error');
14:25:42  17  END INCREMENT_VERSION;
14:25:42  18  
14:25:42  19  /*************************************************************/
14:25:42  20  
14:25:42  21  PROCEDURE CHECK_VERSION(
14:25:42  22  	  in_vers    IN NUMBER,
14:25:42  23  	  out_result OUT NUMBER
14:25:42  24  ) AS
14:25:42  25  	current_version NUMBER;
14:25:42  26  BEGIN
14:25:42  27  	SELECT version INTO current_version FROM SYS_VERSION;
14:25:42  28  	IF(current_version != in_vers) THEN
14:25:42  29  	  out_result := 1;
14:25:42  30  	ELSE
14:25:42  31  	  out_result := 0;
14:25:42  32  	END IF;
14:25:42  33  	EXCEPTION
14:25:42  34  	      WHEN OTHERS THEN
14:25:42  35  	      NULL;
14:25:42  36  END CHECK_VERSION;
14:25:42  37  
14:25:42  38  END PROCS_SYSTEM_V16;
14:25:42  39  .
14:25:42 SQL> /

Package body created.

Elapsed: 00:00:00.00
14:25:42 SQL> 
14:25:42 SQL> grant execute on PUBLIC_PROCS_CORE_V16 to core_owner;

Grant succeeded.

Elapsed: 00:00:00.01
14:25:42 SQL> grant execute on PUBLIC_PROCS_CORE_V16 to core_app;

Grant succeeded.

Elapsed: 00:00:00.00
14:25:42 SQL> commit;

Commit complete.

Elapsed: 00:00:00.00
14:25:42 SQL> spool off;


Subject: Nomad upgrade completed successfully: ECST2@rac01.stg.ewr1.nytimes.com
From: Nomad for Oracle <nytd_oracledba@nytimes.com>
To: nytd_ecommerce@nytimes.com,nytd_oracledba@nytimes.com
Cc: nytd_oracledba@nytimes.com
Nomad upgrade operation completed successfully without errors. 
        
        Details
        -------
        DB Hostname: rac01.stg.ewr1.nytimes.com
        SID: ECST2
        Schema: core_hist_owner
        Migration: 2.1-release-1.11.0-all
        SVN Revision: 10148
        Duration: 0 sec.
        Service Request: https://jira.em.nytimes.com/browse/ORA-284