23:42:20 SQL> @/dbbackups/ECDV8/migrations/nytdba/13-grant_roles_to_lire_app/upgrade.sql
23:42:20 SQL> grant CORE_OWNER_READONLY to lire_app;

Grant succeeded.

Elapsed: 00:00:00.10
23:42:20 SQL> grant CORE_OWNER_EXECUTE to lire_app;

Grant succeeded.

Elapsed: 00:00:00.05
23:42:20 SQL> commit;

Commit complete.

Elapsed: 00:00:00.00
23:42:20 SQL> spool off;


Subject: Nomad upgrade completed successfully: ECDV8@rac01.qprvt.nytimes.com
From: Nomad for Oracle <db.alert@nytimes.com>
To: steven.nedlin@nytimes.com

Nomad upgrade operation completed successfully without errors. 
        
        Details
        -------
        DB Hostname: rac01.qprvt.nytimes.com
        DB Role: primary
        Database: ECDV8
        Schema: nytdba
        Migration: 13-grant_roles_to_lire_app
        SVN Revision: 13811
        Duration: 0 sec.
        DBA: apathrose
        