10:57:30 SQL> @/dbbackups/ECST3/migrations/nytdba/13-grant_roles_to_lire_app/upgrade.sql
10:57:30 SQL> grant CORE_OWNER_READONLY to lire_app;

Grant succeeded.

Elapsed: 00:00:00.02
10:57:30 SQL> grant CORE_OWNER_EXECUTE to lire_app;

Grant succeeded.

Elapsed: 00:00:00.01
10:57:30 SQL> commit;

Commit complete.

Elapsed: 00:00:00.00
10:57:30 SQL> spool off;


Subject: Nomad upgrade completed successfully: ECST3@rac01.stg.ewr1.nytimes.com
From: Nomad for Oracle <db.alert@nytimes.com>
To: nytd_ecommerce@nytimes.com

Nomad upgrade operation completed successfully without errors. 
        
        Details
        -------
        DB Hostname: rac01.stg.ewr1.nytimes.com
        DB Role: primary
        Database: ECST3
        Schema: nytdba
        Migration: 13-grant_roles_to_lire_app
        SVN Revision: 13811
        Duration: 0 sec.
        DBA: apathrose
        