14:25:12 SQL> @/dbbackups/ECPR/migrations/core_owner/22.1-create-notifications-SAR-247/upgrade.sql
14:25:12 SQL> 
14:25:12 SQL> BEGIN
14:25:12   2  	INSERT INTO CORE_OWNER.NOTIFICATION_TYPE (ID, VALUE, TEMPLATE_URL) VALUES (CORE_OWNER.NOTTID_SEQ.NEXTVAL, 'card_expiration', 'N/A');
14:25:12   3  EXCEPTION WHEN DUP_VAL_ON_INDEX THEN NULL;
14:25:12   4  WHEN OTHERS THEN RAISE;
14:25:12   5  END;
14:25:12   6  /

PL/SQL procedure successfully completed.

Elapsed: 00:00:00.18
14:25:13 SQL> 
14:25:13 SQL> BEGIN
14:25:13   2  	INSERT INTO CORE_OWNER.NOTIFICATION_TYPE (ID, VALUE, TEMPLATE_URL) VALUES (CORE_OWNER.NOTTID_SEQ.NEXTVAL, 'redeemer-access-livingsocial', 'N/A');
14:25:13   3  EXCEPTION WHEN DUP_VAL_ON_INDEX THEN NULL;
14:25:13   4  WHEN OTHERS THEN RAISE;
14:25:13   5  END;
14:25:13   6  /

PL/SQL procedure successfully completed.

Elapsed: 00:00:00.00
14:25:13 SQL> 
14:25:13 SQL> BEGIN
14:25:13   2  	INSERT INTO CORE_OWNER.NOTIFICATION_TYPE (ID, VALUE, TEMPLATE_URL) VALUES (CORE_OWNER.NOTTID_SEQ.NEXTVAL, 'sartre-cancel', 'N/A');
14:25:13   3  EXCEPTION WHEN DUP_VAL_ON_INDEX THEN NULL;
14:25:13   4  WHEN OTHERS THEN RAISE;
14:25:13   5  END;
14:25:13   6  /

PL/SQL procedure successfully completed.

Elapsed: 00:00:00.01
14:25:13 SQL> 
14:25:13 SQL> BEGIN
14:25:13   2  	INSERT INTO CORE_OWNER.NOTIFICATION_TYPE (ID, VALUE, TEMPLATE_URL) VALUES (CORE_OWNER.NOTTID_SEQ.NEXTVAL, 'sartre-decline', 'N/A');
14:25:13   3  EXCEPTION WHEN DUP_VAL_ON_INDEX THEN NULL;
14:25:13   4  WHEN OTHERS THEN RAISE;
14:25:13   5  END;
14:25:13   6  /

PL/SQL procedure successfully completed.

Elapsed: 00:00:00.00
14:25:13 SQL> 
14:25:13 SQL> BEGIN
14:25:13   2  	INSERT INTO CORE_OWNER.NOTIFICATION_TYPE (ID, VALUE, TEMPLATE_URL) VALUES (CORE_OWNER.NOTTID_SEQ.NEXTVAL, 'sartre-purchase', 'N/A');
14:25:13   3  EXCEPTION WHEN DUP_VAL_ON_INDEX THEN NULL;
14:25:13   4  WHEN OTHERS THEN RAISE;
14:25:13   5  END;
14:25:13   6  /

PL/SQL procedure successfully completed.

Elapsed: 00:00:00.00
14:25:13 SQL> 
14:25:13 SQL> BEGIN
14:25:13   2  	INSERT INTO CORE_OWNER.NOTIFICATION_TYPE (ID, VALUE, TEMPLATE_URL) VALUES (CORE_OWNER.NOTTID_SEQ.NEXTVAL, 'sartre-sub-expired-livingsocial', 'N/A');
14:25:13   3  EXCEPTION WHEN DUP_VAL_ON_INDEX THEN NULL;
14:25:13   4  WHEN OTHERS THEN RAISE;
14:25:13   5  END;
14:25:13   6  /

PL/SQL procedure successfully completed.

Elapsed: 00:00:00.00
14:25:13 SQL> 
14:25:13 SQL> BEGIN
14:25:13   2  	INSERT INTO CORE_OWNER.NOTIFICATION_TYPE (ID, VALUE, TEMPLATE_URL) VALUES (CORE_OWNER.NOTTID_SEQ.NEXTVAL, 'sartre-upsell-sub-activation-livingsocial', 'N/A');
14:25:13   3  EXCEPTION WHEN DUP_VAL_ON_INDEX THEN NULL;
14:25:13   4  WHEN OTHERS THEN RAISE;
14:25:13   5  END;
14:25:13   6  /

PL/SQL procedure successfully completed.

Elapsed: 00:00:00.01
14:25:13 SQL> 
14:25:13 SQL> COMMIT;

Commit complete.

Elapsed: 00:00:00.00
14:25:13 SQL> 
14:25:13 SQL> commit;

Commit complete.

Elapsed: 00:00:00.00
14:25:13 SQL> spool off;


Subject: Nomad upgrade completed successfully: ECPR@rac01.prd.ewr1.nytimes.com
From: Nomad for Oracle <nytd_oracledba@nytimes.com>
To: nytd_ecommerce@nytimes.com
Cc: nytd_oracledba@nytimes.com

Nomad upgrade operation completed successfully without errors. 
        
        Details
        -------
        DB Hostname: rac01.prd.ewr1.nytimes.com
        DB Role: PRIMARY
        SID: ECPR
        Schema: core_owner
        Migration: 22.1-create-notifications-SAR-247
        SVN Revision: 10648
        Duration: 0 sec.
        DBA: sbao
        Service Request: https://jira.em.nytimes.com/browse/ORA-384