14:19:43 SQL> @/dbbackups/ECST/migrations/core_owner/80-Samsung-bundle-a-b-d-12-week-offer-chains/upgrade.sql
14:19:43 SQL> WHENEVER SQLERROR EXIT SQL.SQLCODE ROLLBACK
14:19:43 SQL> SET SCAN OFF
14:19:43 SQL> SET DEFINE OFF
14:19:43 SQL> DECLARE
14:19:43   2  TMP_VAR NUMBER;
14:19:43   3  CUR_PRD_ID NUMBER;
14:19:43   4  CUR_CAPABILITY_ID NUMBER;
14:19:43   5  BEGIN
14:19:43   6  BEGIN
14:19:43   7  	SELECT 1 INTO TMP_VAR FROM OFFER_CHAIN WHERE ID = 4271558976 AND ROWNUM <= 1;
14:19:43   8  	UPDATE OFFER_CHAIN SET NAME='NYTimes: Web + Smartphone App', DESCRIPTION='Unlimited access to NYTimes.com and the NYTimes smartphone app.*', PRODUCT_URI='', VENDOR_SOURCE_ID='1', BILLING_SOURCE_ID=(SELECT ID FROM BILLING_SOURCE BS WHERE BS.NAME='Sartre'), IS_SEAT_LICENSE=0, GROUP_ACCOUNT_TYPE_ID='NO',IS_ADDRESS_REQUIRED=0, OFFER_CHAIN_STATUS_ID = 1, UPDATE_DATE = SYSDATE, UPDATED_BY = 'OFFERMAKER', IS_GIFT_CERTIFICATE='0', REVOKE_ENTITLEMENTS = '0', ADOPTABILITY_WINDOW_START_DATE = to_date('24-Jul-2013 00:00:00','DD-MON-YY HH24:MI:SS'), ADOPTABILITY_WINDOW_END_DATE = to_date('31-Dec-2014 00:00:00','DD-MON-YY HH24:MI:SS'), AMAZON_APPSTORE_SKU=NULL WHERE ID = 4271558976;
14:19:43   9  EXCEPTION
14:19:43  10  	WHEN NO_DATA_FOUND THEN
14:19:43  11  	  INSERT INTO OFFER_CHAIN (ID, NAME, DESCRIPTION, ADOPTABILITY_WINDOW_START_DATE, ADOPTABILITY_WINDOW_END_DATE, IS_GIFT_CERTIFICATE, PRODUCT_URI, OFFER_CHAIN_STATUS_ID, REVOKE_ENTITLEMENTS, VENDOR_SOURCE_ID, BILLING_SOURCE_ID, IS_SEAT_LICENSE, GROUP_ACCOUNT_TYPE_ID, IS_ADDRESS_REQUIRED, AMAZON_APPSTORE_SKU, CREATED_BY, CREATE_DATE, updated_by, update_date) VALUES (4271558976, 'NYTimes: Web + Smartphone App', 'Unlimited access to NYTimes.com and the NYTimes smartphone app.*', to_date('24-Jul-2013 00:00:00','DD-MON-YY HH24:MI:SS'), to_date('31-Dec-2014 00:00:00','DD-MON-YY HH24:MI:SS'), '0', NULL, '1', '0', '1', (SELECT ID FROM BILLING_SOURCE BS WHERE BS.NAME='Sartre'), decode('NO','IL',1,0), 'NO', '0', '', 'OFFERMAKER', SYSDATE, 'OFFERMAKER', SYSDATE);
14:19:43  12  END;
14:19:43  13  DELETE FROM OFFER_CHAIN_ELIGIBILITY WHERE offer_chain_id = 4271558976;
14:19:43  14  INSERT INTO OFFER_CHAIN_ELIGIBILITY (ID, OFFER_CHAIN_ID, NAME, VALUE, CREATED_BY, CREATE_DATE) VALUES (ELG_ID_SEQ.NEXTVAL, 4271558976, 'IS_COMP', '0', 'OFFERMAKER', SYSDATE);
14:19:43  15  INSERT INTO OFFER_CHAIN_ELIGIBILITY (ID, OFFER_CHAIN_ID, NAME, VALUE, CREATED_BY, CREATE_DATE) VALUES (ELG_ID_SEQ.NEXTVAL, 4271558976, 'MAX_CONCURRENT_SUBS', '1', 'OFFERMAKER', SYSDATE);
14:19:43  16  INSERT INTO OFFER_CHAIN_ELIGIBILITY (ID, OFFER_CHAIN_ID, NAME, VALUE, CREATED_BY, CREATE_DATE) VALUES (ELG_ID_SEQ.NEXTVAL, 4271558976, 'INTERNAL_ONLY', '0', 'OFFERMAKER', SYSDATE);
14:19:43  17  DELETE FROM OFFER_CHAIN_META_DATA WHERE offer_chain_id = 4271558976;
14:19:43  18  INSERT INTO OFFER_CHAIN_META_DATA (ID, OFFER_CHAIN_ID, NAME, VALUE, CREATED_BY, CREATE_DATE) VALUES (OCMD_ID_SEQ.NEXTVAL, 4271558976, 'BUNDLE_EXPLANATION', 'Web +Smartphone 12 wk free, Thereafter $15.00/4 wks', 'OFFERMAKER', SYSDATE);
14:19:43  19  INSERT INTO OFFER_CHAIN_META_DATA (ID, OFFER_CHAIN_ID, NAME, VALUE, CREATED_BY, CREATE_DATE) VALUES (OCMD_ID_SEQ.NEXTVAL, 4271558976, 'PRICE_DESCRIPTION', '12 wks free and then Regular Price $15.00 every 4 weeks', 'OFFERMAKER', SYSDATE);
14:19:43  20  INSERT INTO OFFER_CHAIN_META_DATA (ID, OFFER_CHAIN_ID, NAME, VALUE, CREATED_BY, CREATE_DATE) VALUES (OCMD_ID_SEQ.NEXTVAL, 4271558976, 'PRICE_SHORT_DESCRIPTION', ' BNDL A 12 wk free and then $15.00 / 4 weeks', 'OFFERMAKER', SYSDATE);
14:19:43  21  INSERT INTO OFFER_CHAIN_META_DATA (ID, OFFER_CHAIN_ID, NAME, VALUE, CREATED_BY, CREATE_DATE) VALUES (OCMD_ID_SEQ.NEXTVAL, 4271558976, 'OFFER_TYPE', 'Digital Subscription for 12 weeks free and then full price', 'OFFERMAKER', SYSDATE);
14:19:43  22  INSERT INTO OFFER_CHAIN_META_DATA (ID, OFFER_CHAIN_ID, NAME, VALUE, CREATED_BY, CREATE_DATE) VALUES (OCMD_ID_SEQ.NEXTVAL, 4271558976, 'OFFER_PRICE_DESCRIPTOR', 'RISK FREE TRIAL', 'OFFERMAKER', SYSDATE);
14:19:43  23  INSERT INTO OFFER_CHAIN_META_DATA (ID, OFFER_CHAIN_ID, NAME, VALUE, CREATED_BY, CREATE_DATE) VALUES (OCMD_ID_SEQ.NEXTVAL, 4271558976, 'OFFER_PRICE', 'Get your first 12 weeks free', 'OFFERMAKER', SYSDATE);
14:19:43  24  INSERT INTO OFFER_CHAIN_META_DATA (ID, OFFER_CHAIN_ID, NAME, VALUE, CREATED_BY, CREATE_DATE) VALUES (OCMD_ID_SEQ.NEXTVAL, 4271558976, 'OFFER_PRICE_DETAIL', '($3.75 / week thereafter)', 'OFFERMAKER', SYSDATE);
14:19:43  25  INSERT INTO OFFER_CHAIN_META_DATA (ID, OFFER_CHAIN_ID, NAME, VALUE, CREATED_BY, CREATE_DATE) VALUES (OCMD_ID_SEQ.NEXTVAL, 4271558976, 'PROMO_PRICE_FOOTER_LABEL', 'First 12 weeks', 'OFFERMAKER', SYSDATE);
14:19:43  26  INSERT INTO OFFER_CHAIN_META_DATA (ID, OFFER_CHAIN_ID, NAME, VALUE, CREATED_BY, CREATE_DATE) VALUES (OCMD_ID_SEQ.NEXTVAL, 4271558976, 'ACTUAL_PRICE_FOOTER_LABEL', 'Thereafter', 'OFFERMAKER', SYSDATE);
14:19:43  27  INSERT INTO OFFER_CHAIN_META_DATA (ID, OFFER_CHAIN_ID, NAME, VALUE, CREATED_BY, CREATE_DATE) VALUES (OCMD_ID_SEQ.NEXTVAL, 4271558976, 'BILLING_CYCLE', 'every 4 weeks', 'OFFERMAKER', SYSDATE);
14:19:43  28  INSERT INTO OFFER_CHAIN_META_DATA (ID, OFFER_CHAIN_ID, NAME, VALUE, CREATED_BY, CREATE_DATE) VALUES (OCMD_ID_SEQ.NEXTVAL, 4271558976, 'SUBSCRIBER_TYPE', 'Regular', 'OFFERMAKER', SYSDATE);
14:19:43  29  INSERT INTO OFFER_CHAIN_META_DATA (ID, OFFER_CHAIN_ID, NAME, VALUE, CREATED_BY, CREATE_DATE) VALUES (OCMD_ID_SEQ.NEXTVAL, 4271558976, 'REFUND_POLICY', 'Monthly Billing: No refund.  Users will maintain access for the remainder of the billing period.	Users will not be billed in the next billing cycle.', 'OFFERMAKER', SYSDATE);
14:19:43  30  INSERT INTO OFFER_CHAIN_META_DATA (ID, OFFER_CHAIN_ID, NAME, VALUE, CREATED_BY, CREATE_DATE) VALUES (OCMD_ID_SEQ.NEXTVAL, 4271558976, 'CANCELABLE', '1', 'OFFERMAKER', SYSDATE);
14:19:43  31  INSERT INTO OFFER_CHAIN_META_DATA (ID, OFFER_CHAIN_ID, NAME, VALUE, CREATED_BY, CREATE_DATE) VALUES (OCMD_ID_SEQ.NEXTVAL, 4271558976, 'PRORATED_REFUND_DAYS_LIMIT', '28', 'OFFERMAKER', SYSDATE);
14:19:43  32  INSERT INTO OFFER_CHAIN_META_DATA (ID, OFFER_CHAIN_ID, NAME, VALUE, CREATED_BY, CREATE_DATE) VALUES (OCMD_ID_SEQ.NEXTVAL, 4271558976, 'OPEN_TO_ANONYMOUS', '1', 'OFFERMAKER', SYSDATE);
14:19:43  33  INSERT INTO OFFER_CHAIN_META_DATA (ID, OFFER_CHAIN_ID, NAME, VALUE, CREATED_BY, CREATE_DATE) VALUES (OCMD_ID_SEQ.NEXTVAL, 4271558976, 'BUNDLE', 'Bundle A (Web+SP)', 'OFFERMAKER', SYSDATE);
14:19:43  34  INSERT INTO OFFER_CHAIN_META_DATA (ID, OFFER_CHAIN_ID, NAME, VALUE, CREATED_BY, CREATE_DATE) VALUES (OCMD_ID_SEQ.NEXTVAL, 4271558976, 'ADX_BUNDLE', 'MM_PROMO', 'OFFERMAKER', SYSDATE);
14:19:43  35  INSERT INTO OFFER_CHAIN_META_DATA (ID, OFFER_CHAIN_ID, NAME, VALUE, CREATED_BY, CREATE_DATE) VALUES (OCMD_ID_SEQ.NEXTVAL, 4271558976, 'SIEBEL_CAMPAIGN_CODE', '3K9WH', 'OFFERMAKER', SYSDATE);
14:19:43  36  INSERT INTO OFFER_CHAIN_META_DATA (ID, OFFER_CHAIN_ID, NAME, VALUE, CREATED_BY, CREATE_DATE) VALUES (OCMD_ID_SEQ.NEXTVAL, 4271558976, 'ANNUAL_PRICE', '195.00', 'OFFERMAKER', SYSDATE);
14:19:43  37  INSERT INTO OFFER_CHAIN_META_DATA (ID, OFFER_CHAIN_ID, NAME, VALUE, CREATED_BY, CREATE_DATE) VALUES (OCMD_ID_SEQ.NEXTVAL, 4271558976, 'UID', '74657585a49947a9a60d948df0cd764c292d0e56cd531851ce42e61659faf931', 'OFFERMAKER', SYSDATE);
14:19:43  38  DELETE FROM OFFER_CHAIN_NOTIFICATION_TYPE WHERE offer_chain_id = 4271558976;
14:19:43  39  BEGIN
14:19:43  40  	SELECT 1 INTO TMP_VAR FROM ACTION WHERE NAME = 'SUBSCRIBE_TO_OFFER_CHAIN';
14:19:43  41  EXCEPTION
14:19:43  42  	WHEN NO_DATA_FOUND THEN
14:19:43  43  	  INSERT INTO ACTION (ID, NAME, CREATE_DATE, CREATED_BY) VALUES (ACTION_ID_SEQ.NEXTVAL, 'SUBSCRIBE_TO_OFFER_CHAIN', SYSDATE, 'OFFERMAKER');
14:19:43  44  END;
14:19:43  45  BEGIN
14:19:43  46  	SELECT 1 INTO TMP_VAR FROM CORE_OWNER.NOTIFICATION_TYPE WHERE VALUE = 'sartre-digital-purchase';
14:19:43  47  EXCEPTION
14:19:43  48  	WHEN NO_DATA_FOUND THEN NULL;
14:19:43  49  	  INSERT INTO CORE_OWNER.NOTIFICATION_TYPE (ID, VALUE, TEMPLATE_URL) VALUES (CORE_OWNER.NOTTID_SEQ.NEXTVAL, 'sartre-digital-purchase', 'N/A');
14:19:43  50  END;
14:19:43  51  BEGIN
14:19:43  52  	SELECT 1 INTO TMP_VAR FROM ACTION WHERE NAME = 'UPGRADE_SUBSCRIPTION';
14:19:43  53  EXCEPTION
14:19:43  54  	WHEN NO_DATA_FOUND THEN
14:19:43  55  	  INSERT INTO ACTION (ID, NAME, CREATE_DATE, CREATED_BY) VALUES (ACTION_ID_SEQ.NEXTVAL, 'UPGRADE_SUBSCRIPTION', SYSDATE, 'OFFERMAKER');
14:19:43  56  END;
14:19:43  57  BEGIN
14:19:43  58  	SELECT 1 INTO TMP_VAR FROM CORE_OWNER.NOTIFICATION_TYPE WHERE VALUE = 'sartre-digital-purchase';
14:19:43  59  EXCEPTION
14:19:43  60  	WHEN NO_DATA_FOUND THEN NULL;
14:19:43  61  	  INSERT INTO CORE_OWNER.NOTIFICATION_TYPE (ID, VALUE, TEMPLATE_URL) VALUES (CORE_OWNER.NOTTID_SEQ.NEXTVAL, 'sartre-digital-purchase', 'N/A');
14:19:43  62  END;
14:19:43  63  BEGIN
14:19:43  64  	SELECT 1 INTO TMP_VAR FROM ACTION WHERE NAME = 'CANCEL_SUBSCRIPTION';
14:19:43  65  EXCEPTION
14:19:43  66  	WHEN NO_DATA_FOUND THEN
14:19:43  67  	  INSERT INTO ACTION (ID, NAME, CREATE_DATE, CREATED_BY) VALUES (ACTION_ID_SEQ.NEXTVAL, 'CANCEL_SUBSCRIPTION', SYSDATE, 'OFFERMAKER');
14:19:43  68  END;
14:19:43  69  BEGIN
14:19:43  70  	SELECT 1 INTO TMP_VAR FROM CORE_OWNER.NOTIFICATION_TYPE WHERE VALUE = 'sartre-cancel';
14:19:43  71  EXCEPTION
14:19:43  72  	WHEN NO_DATA_FOUND THEN NULL;
14:19:43  73  	  INSERT INTO CORE_OWNER.NOTIFICATION_TYPE (ID, VALUE, TEMPLATE_URL) VALUES (CORE_OWNER.NOTTID_SEQ.NEXTVAL, 'sartre-cancel', 'N/A');
14:19:43  74  END;
14:19:43  75  BEGIN
14:19:43  76  	SELECT 1 INTO TMP_VAR FROM ACTION WHERE NAME = 'SYSTEM_CANCEL';
14:19:43  77  EXCEPTION
14:19:43  78  	WHEN NO_DATA_FOUND THEN
14:19:43  79  	  INSERT INTO ACTION (ID, NAME, CREATE_DATE, CREATED_BY) VALUES (ACTION_ID_SEQ.NEXTVAL, 'SYSTEM_CANCEL', SYSDATE, 'OFFERMAKER');
14:19:43  80  END;
14:19:43  81  BEGIN
14:19:43  82  	SELECT 1 INTO TMP_VAR FROM CORE_OWNER.NOTIFICATION_TYPE WHERE VALUE = 'sartre-decline';
14:19:43  83  EXCEPTION
14:19:43  84  	WHEN NO_DATA_FOUND THEN NULL;
14:19:43  85  	  INSERT INTO CORE_OWNER.NOTIFICATION_TYPE (ID, VALUE, TEMPLATE_URL) VALUES (CORE_OWNER.NOTTID_SEQ.NEXTVAL, 'sartre-decline', 'N/A');
14:19:43  86  END;
14:19:43  87  BEGIN
14:19:43  88  	SELECT 1 INTO TMP_VAR FROM ACTION WHERE NAME = 'CREDIT_CARD_EXP';
14:19:43  89  EXCEPTION
14:19:43  90  	WHEN NO_DATA_FOUND THEN
14:19:43  91  	  INSERT INTO ACTION (ID, NAME, CREATE_DATE, CREATED_BY) VALUES (ACTION_ID_SEQ.NEXTVAL, 'CREDIT_CARD_EXP', SYSDATE, 'OFFERMAKER');
14:19:43  92  END;
14:19:43  93  BEGIN
14:19:43  94  	SELECT 1 INTO TMP_VAR FROM CORE_OWNER.NOTIFICATION_TYPE WHERE VALUE = 'card_expiration';
14:19:43  95  EXCEPTION
14:19:43  96  	WHEN NO_DATA_FOUND THEN NULL;
14:19:43  97  	  INSERT INTO CORE_OWNER.NOTIFICATION_TYPE (ID, VALUE, TEMPLATE_URL) VALUES (CORE_OWNER.NOTTID_SEQ.NEXTVAL, 'card_expiration', 'N/A');
14:19:43  98  END;
14:19:43  99  INSERT INTO OFFER_CHAIN_NOTIFICATION_TYPE (ID, OFFER_CHAIN_ID, NOTIFICATION_TYPE_ID, ACTION_ID, CREATED_BY, CREATE_DATE) VALUES (OCET_ID_SEQ.NEXTVAL, 4271558976, (SELECT ID FROM CORE_OWNER.NOTIFICATION_TYPE WHERE VALUE = 'sartre-digital-purchase'), (SELECT ID FROM ACTION WHERE NAME = 'SUBSCRIBE_TO_OFFER_CHAIN'), 'OFFERMAKER', SYSDATE);
14:19:43 100  INSERT INTO OFFER_CHAIN_NOTIFICATION_TYPE (ID, OFFER_CHAIN_ID, NOTIFICATION_TYPE_ID, ACTION_ID, CREATED_BY, CREATE_DATE) VALUES (OCET_ID_SEQ.NEXTVAL, 4271558976, (SELECT ID FROM CORE_OWNER.NOTIFICATION_TYPE WHERE VALUE = 'sartre-digital-purchase'), (SELECT ID FROM ACTION WHERE NAME = 'UPGRADE_SUBSCRIPTION'), 'OFFERMAKER', SYSDATE);
14:19:43 101  INSERT INTO OFFER_CHAIN_NOTIFICATION_TYPE (ID, OFFER_CHAIN_ID, NOTIFICATION_TYPE_ID, ACTION_ID, CREATED_BY, CREATE_DATE) VALUES (OCET_ID_SEQ.NEXTVAL, 4271558976, (SELECT ID FROM CORE_OWNER.NOTIFICATION_TYPE WHERE VALUE = 'sartre-cancel'), (SELECT ID FROM ACTION WHERE NAME = 'CANCEL_SUBSCRIPTION'), 'OFFERMAKER', SYSDATE);
14:19:43 102  INSERT INTO OFFER_CHAIN_NOTIFICATION_TYPE (ID, OFFER_CHAIN_ID, NOTIFICATION_TYPE_ID, ACTION_ID, CREATED_BY, CREATE_DATE) VALUES (OCET_ID_SEQ.NEXTVAL, 4271558976, (SELECT ID FROM CORE_OWNER.NOTIFICATION_TYPE WHERE VALUE = 'sartre-decline'), (SELECT ID FROM ACTION WHERE NAME = 'SYSTEM_CANCEL'), 'OFFERMAKER', SYSDATE);
14:19:43 103  INSERT INTO OFFER_CHAIN_NOTIFICATION_TYPE (ID, OFFER_CHAIN_ID, NOTIFICATION_TYPE_ID, ACTION_ID, CREATED_BY, CREATE_DATE) VALUES (OCET_ID_SEQ.NEXTVAL, 4271558976, (SELECT ID FROM CORE_OWNER.NOTIFICATION_TYPE WHERE VALUE = 'card_expiration'), (SELECT ID FROM ACTION WHERE NAME = 'CREDIT_CARD_EXP'), 'OFFERMAKER', SYSDATE);
14:19:43 104  BEGIN
14:19:43 105  	SELECT 1 INTO TMP_VAR FROM OFFER_OFFER_CHAIN WHERE OFFER_CHAIN_ID = 4271558976 AND INDEX_VALUE = 0 AND ROWNUM <= 1;
14:19:43 106  EXCEPTION
14:19:43 107  	WHEN NO_DATA_FOUND THEN
14:19:43 108  INSERT INTO OFFER (ID, OFFER_STATUS_ID, ENTITLEMENT_DURATION, CREATED_BY, CREATE_DATE, updated_by, update_date) VALUES (OFR_ID_SEQ.NEXTVAL, 1, 'P0Y0M84DT0H0M', 'OFFERMAKER', SYSDATE, 'OFFERMAKER', SYSDATE);
14:19:43 109  BEGIN
14:19:43 110  	SELECT ID INTO CUR_PRD_ID FROM PRODUCT WHERE NAME = 'Web' AND ROWNUM <= 1;
14:19:43 111  EXCEPTION
14:19:43 112  	WHEN NO_DATA_FOUND THEN
14:19:43 113  	  INSERT INTO PRODUCT (ID, NAME, CREATED_BY, CREATE_DATE) VALUES (PRD_ID_SEQ.NEXTVAL, 'Web', 'OFFERMAKER', SYSDATE);
14:19:43 114  	  SELECT ID INTO CUR_PRD_ID FROM PRODUCT WHERE NAME = 'Web' AND ROWNUM <= 1;
14:19:43 115  	WHEN OTHERS THEN
14:19:43 116  	  RAISE;
14:19:43 117  END;
14:19:43 118  INSERT INTO PRODUCT_OFFERING (ID, PRODUCT_ID, TAX_POLICY_TYPE_ID, QUANTITY, UNIT_PRICE, CREATED_BY, CREATE_DATE) VALUES (PO_ID_SEQ.NEXTVAL, CUR_PRD_ID, '1', '84', '0.357143', 'OFFERMAKER', SYSDATE);
14:19:43 119  INSERT INTO OFFER_PRODUCT_OFFERING (OFFER_ID, PRODUCT_OFFERING_ID, CREATED_BY, CREATE_DATE) VALUES (OFR_ID_SEQ.CURRVAL, PO_ID_SEQ.CURRVAL, 'OFFERMAKER', SYSDATE);
14:19:43 120  INSERT INTO DISCOUNT (ID, NAME, DESCRIPTION, FIXED_AMOUNT, PERCENT_AMOUNT, DISCOUNT_TYPE_ID, CREATED_BY, CREATE_DATE) VALUES (DSC_ID_SEQ.NEXTVAL, 'Discount', 'Off: 0.0. P.Disc: 0.0000. P.Full: 30.0000', '30.00', '0', 1, 'OFFERMAKER', SYSDATE);
14:19:43 121  INSERT INTO DISCOUNT_PRODUCT_OFFERING (DISCOUNT_ID, PRODUCT_OFFERING_ID, CREATED_BY, CREATE_DATE) VALUES (DSC_ID_SEQ.CURRVAL, PO_ID_SEQ.CURRVAL, 'OFFERMAKER', SYSDATE);
14:19:43 122  BEGIN
14:19:43 123  	SELECT ID INTO CUR_PRD_ID FROM PRODUCT WHERE NAME = 'Mobile' AND ROWNUM <= 1;
14:19:43 124  EXCEPTION
14:19:43 125  	WHEN NO_DATA_FOUND THEN
14:19:43 126  	  INSERT INTO PRODUCT (ID, NAME, CREATED_BY, CREATE_DATE) VALUES (PRD_ID_SEQ.NEXTVAL, 'Mobile', 'OFFERMAKER', SYSDATE);
14:19:43 127  	  SELECT ID INTO CUR_PRD_ID FROM PRODUCT WHERE NAME = 'Mobile' AND ROWNUM <= 1;
14:19:43 128  	WHEN OTHERS THEN
14:19:43 129  	  RAISE;
14:19:43 130  END;
14:19:43 131  INSERT INTO PRODUCT_OFFERING (ID, PRODUCT_ID, TAX_POLICY_TYPE_ID, QUANTITY, UNIT_PRICE, CREATED_BY, CREATE_DATE) VALUES (PO_ID_SEQ.NEXTVAL, CUR_PRD_ID, '1', '84', '0', 'OFFERMAKER', SYSDATE);
14:19:43 132  INSERT INTO OFFER_PRODUCT_OFFERING (OFFER_ID, PRODUCT_OFFERING_ID, CREATED_BY, CREATE_DATE) VALUES (OFR_ID_SEQ.CURRVAL, PO_ID_SEQ.CURRVAL, 'OFFERMAKER', SYSDATE);
14:19:43 133  BEGIN
14:19:43 134  	SELECT ID INTO CUR_PRD_ID FROM PRODUCT WHERE NAME = 'Archive Article' AND ROWNUM <= 1;
14:19:43 135  EXCEPTION
14:19:43 136  	WHEN NO_DATA_FOUND THEN
14:19:43 137  	  INSERT INTO PRODUCT (ID, NAME, CREATED_BY, CREATE_DATE) VALUES (PRD_ID_SEQ.NEXTVAL, 'Archive Article', 'OFFERMAKER', SYSDATE);
14:19:43 138  	  SELECT ID INTO CUR_PRD_ID FROM PRODUCT WHERE NAME = 'Archive Article' AND ROWNUM <= 1;
14:19:43 139  	WHEN OTHERS THEN
14:19:43 140  	  RAISE;
14:19:43 141  END;
14:19:43 142  INSERT INTO PRODUCT_OFFERING (ID, PRODUCT_ID, TAX_POLICY_TYPE_ID, QUANTITY, UNIT_PRICE, CREATED_BY, CREATE_DATE) VALUES (PO_ID_SEQ.NEXTVAL, CUR_PRD_ID, '1', '300', '0', 'OFFERMAKER', SYSDATE);
14:19:43 143  INSERT INTO OFFER_PRODUCT_OFFERING (OFFER_ID, PRODUCT_OFFERING_ID, CREATED_BY, CREATE_DATE) VALUES (OFR_ID_SEQ.CURRVAL, PO_ID_SEQ.CURRVAL, 'OFFERMAKER', SYSDATE);
14:19:43 144  BEGIN
14:19:43 145  	SELECT ID INTO CUR_PRD_ID FROM PRODUCT WHERE NAME = 'TimesMachine' AND ROWNUM <= 1;
14:19:43 146  EXCEPTION
14:19:43 147  	WHEN NO_DATA_FOUND THEN
14:19:43 148  	  INSERT INTO PRODUCT (ID, NAME, CREATED_BY, CREATE_DATE) VALUES (PRD_ID_SEQ.NEXTVAL, 'TimesMachine', 'OFFERMAKER', SYSDATE);
14:19:43 149  	  SELECT ID INTO CUR_PRD_ID FROM PRODUCT WHERE NAME = 'TimesMachine' AND ROWNUM <= 1;
14:19:43 150  	WHEN OTHERS THEN
14:19:43 151  	  RAISE;
14:19:43 152  END;
14:19:43 153  INSERT INTO PRODUCT_OFFERING (ID, PRODUCT_ID, TAX_POLICY_TYPE_ID, QUANTITY, UNIT_PRICE, CREATED_BY, CREATE_DATE) VALUES (PO_ID_SEQ.NEXTVAL, CUR_PRD_ID, '1', '84', '0', 'OFFERMAKER', SYSDATE);
14:19:43 154  INSERT INTO OFFER_PRODUCT_OFFERING (OFFER_ID, PRODUCT_OFFERING_ID, CREATED_BY, CREATE_DATE) VALUES (OFR_ID_SEQ.CURRVAL, PO_ID_SEQ.CURRVAL, 'OFFERMAKER', SYSDATE);
14:19:43 155  BEGIN
14:19:43 156  	SELECT ID INTO CUR_PRD_ID FROM PRODUCT WHERE NAME = 'Smartphone' AND ROWNUM <= 1;
14:19:43 157  EXCEPTION
14:19:43 158  	WHEN NO_DATA_FOUND THEN
14:19:43 159  	  INSERT INTO PRODUCT (ID, NAME, CREATED_BY, CREATE_DATE) VALUES (PRD_ID_SEQ.NEXTVAL, 'Smartphone', 'OFFERMAKER', SYSDATE);
14:19:43 160  	  SELECT ID INTO CUR_PRD_ID FROM PRODUCT WHERE NAME = 'Smartphone' AND ROWNUM <= 1;
14:19:43 161  	WHEN OTHERS THEN
14:19:43 162  	  RAISE;
14:19:43 163  END;
14:19:43 164  INSERT INTO PRODUCT_OFFERING (ID, PRODUCT_ID, TAX_POLICY_TYPE_ID, QUANTITY, UNIT_PRICE, CREATED_BY, CREATE_DATE) VALUES (PO_ID_SEQ.NEXTVAL, CUR_PRD_ID, '1', '84', '0.178571', 'OFFERMAKER', SYSDATE);
14:19:43 165  INSERT INTO OFFER_PRODUCT_OFFERING (OFFER_ID, PRODUCT_OFFERING_ID, CREATED_BY, CREATE_DATE) VALUES (OFR_ID_SEQ.CURRVAL, PO_ID_SEQ.CURRVAL, 'OFFERMAKER', SYSDATE);
14:19:43 166  INSERT INTO DISCOUNT (ID, NAME, DESCRIPTION, FIXED_AMOUNT, PERCENT_AMOUNT, DISCOUNT_TYPE_ID, CREATED_BY, CREATE_DATE) VALUES (DSC_ID_SEQ.NEXTVAL, 'Discount', 'Off: 0.0. P.Disc: 0.0000. P.Full: 15.0000', '15.00', '0', 1, 'OFFERMAKER', SYSDATE);
14:19:43 167  INSERT INTO DISCOUNT_PRODUCT_OFFERING (DISCOUNT_ID, PRODUCT_OFFERING_ID, CREATED_BY, CREATE_DATE) VALUES (DSC_ID_SEQ.CURRVAL, PO_ID_SEQ.CURRVAL, 'OFFERMAKER', SYSDATE);
14:19:43 168  INSERT INTO OFFER_OFFER_CHAIN (OFFER_ID, OFFER_CHAIN_ID, INDEX_VALUE, NUM_RECURRENCES, CREATED_BY, CREATE_DATE, updated_by, update_date) VALUES (OFR_ID_SEQ.CURRVAL, 4271558976, '0', '1', 'OFFERMAKER', SYSDATE, 'OFFERMAKER', SYSDATE);
14:19:43 169  END;
14:19:43 170  BEGIN
14:19:43 171  	SELECT 1 INTO TMP_VAR FROM OFFER_OFFER_CHAIN WHERE OFFER_CHAIN_ID = 4271558976 AND INDEX_VALUE = 1 AND ROWNUM <= 1;
14:19:43 172  EXCEPTION
14:19:43 173  	WHEN NO_DATA_FOUND THEN
14:19:43 174  INSERT INTO OFFER (ID, OFFER_STATUS_ID, ENTITLEMENT_DURATION, CREATED_BY, CREATE_DATE, updated_by, update_date) VALUES (OFR_ID_SEQ.NEXTVAL, 1, 'P0Y0M28DT0H0M', 'OFFERMAKER', SYSDATE, 'OFFERMAKER', SYSDATE);
14:19:43 175  BEGIN
14:19:43 176  	SELECT ID INTO CUR_PRD_ID FROM PRODUCT WHERE NAME = 'Web' AND ROWNUM <= 1;
14:19:43 177  EXCEPTION
14:19:43 178  	WHEN NO_DATA_FOUND THEN
14:19:43 179  	  INSERT INTO PRODUCT (ID, NAME, CREATED_BY, CREATE_DATE) VALUES (PRD_ID_SEQ.NEXTVAL, 'Web', 'OFFERMAKER', SYSDATE);
14:19:43 180  	  SELECT ID INTO CUR_PRD_ID FROM PRODUCT WHERE NAME = 'Web' AND ROWNUM <= 1;
14:19:43 181  	WHEN OTHERS THEN
14:19:43 182  	  RAISE;
14:19:43 183  END;
14:19:43 184  INSERT INTO PRODUCT_OFFERING (ID, PRODUCT_ID, TAX_POLICY_TYPE_ID, QUANTITY, UNIT_PRICE, CREATED_BY, CREATE_DATE) VALUES (PO_ID_SEQ.NEXTVAL, CUR_PRD_ID, '1', '28', '0.357143', 'OFFERMAKER', SYSDATE);
14:19:43 185  INSERT INTO OFFER_PRODUCT_OFFERING (OFFER_ID, PRODUCT_OFFERING_ID, CREATED_BY, CREATE_DATE) VALUES (OFR_ID_SEQ.CURRVAL, PO_ID_SEQ.CURRVAL, 'OFFERMAKER', SYSDATE);
14:19:43 186  BEGIN
14:19:43 187  	SELECT ID INTO CUR_PRD_ID FROM PRODUCT WHERE NAME = 'Mobile' AND ROWNUM <= 1;
14:19:43 188  EXCEPTION
14:19:43 189  	WHEN NO_DATA_FOUND THEN
14:19:43 190  	  INSERT INTO PRODUCT (ID, NAME, CREATED_BY, CREATE_DATE) VALUES (PRD_ID_SEQ.NEXTVAL, 'Mobile', 'OFFERMAKER', SYSDATE);
14:19:43 191  	  SELECT ID INTO CUR_PRD_ID FROM PRODUCT WHERE NAME = 'Mobile' AND ROWNUM <= 1;
14:19:43 192  	WHEN OTHERS THEN
14:19:43 193  	  RAISE;
14:19:43 194  END;
14:19:43 195  INSERT INTO PRODUCT_OFFERING (ID, PRODUCT_ID, TAX_POLICY_TYPE_ID, QUANTITY, UNIT_PRICE, CREATED_BY, CREATE_DATE) VALUES (PO_ID_SEQ.NEXTVAL, CUR_PRD_ID, '1', '28', '0', 'OFFERMAKER', SYSDATE);
14:19:43 196  INSERT INTO OFFER_PRODUCT_OFFERING (OFFER_ID, PRODUCT_OFFERING_ID, CREATED_BY, CREATE_DATE) VALUES (OFR_ID_SEQ.CURRVAL, PO_ID_SEQ.CURRVAL, 'OFFERMAKER', SYSDATE);
14:19:43 197  BEGIN
14:19:43 198  	SELECT ID INTO CUR_PRD_ID FROM PRODUCT WHERE NAME = 'Archive Article' AND ROWNUM <= 1;
14:19:43 199  EXCEPTION
14:19:43 200  	WHEN NO_DATA_FOUND THEN
14:19:43 201  	  INSERT INTO PRODUCT (ID, NAME, CREATED_BY, CREATE_DATE) VALUES (PRD_ID_SEQ.NEXTVAL, 'Archive Article', 'OFFERMAKER', SYSDATE);
14:19:43 202  	  SELECT ID INTO CUR_PRD_ID FROM PRODUCT WHERE NAME = 'Archive Article' AND ROWNUM <= 1;
14:19:43 203  	WHEN OTHERS THEN
14:19:43 204  	  RAISE;
14:19:43 205  END;
14:19:43 206  INSERT INTO PRODUCT_OFFERING (ID, PRODUCT_ID, TAX_POLICY_TYPE_ID, QUANTITY, UNIT_PRICE, CREATED_BY, CREATE_DATE) VALUES (PO_ID_SEQ.NEXTVAL, CUR_PRD_ID, '1', '100', '0', 'OFFERMAKER', SYSDATE);
14:19:43 207  INSERT INTO OFFER_PRODUCT_OFFERING (OFFER_ID, PRODUCT_OFFERING_ID, CREATED_BY, CREATE_DATE) VALUES (OFR_ID_SEQ.CURRVAL, PO_ID_SEQ.CURRVAL, 'OFFERMAKER', SYSDATE);
14:19:43 208  BEGIN
14:19:43 209  	SELECT ID INTO CUR_PRD_ID FROM PRODUCT WHERE NAME = 'TimesMachine' AND ROWNUM <= 1;
14:19:43 210  EXCEPTION
14:19:43 211  	WHEN NO_DATA_FOUND THEN
14:19:43 212  	  INSERT INTO PRODUCT (ID, NAME, CREATED_BY, CREATE_DATE) VALUES (PRD_ID_SEQ.NEXTVAL, 'TimesMachine', 'OFFERMAKER', SYSDATE);
14:19:43 213  	  SELECT ID INTO CUR_PRD_ID FROM PRODUCT WHERE NAME = 'TimesMachine' AND ROWNUM <= 1;
14:19:43 214  	WHEN OTHERS THEN
14:19:43 215  	  RAISE;
14:19:43 216  END;
14:19:43 217  INSERT INTO PRODUCT_OFFERING (ID, PRODUCT_ID, TAX_POLICY_TYPE_ID, QUANTITY, UNIT_PRICE, CREATED_BY, CREATE_DATE) VALUES (PO_ID_SEQ.NEXTVAL, CUR_PRD_ID, '1', '28', '0', 'OFFERMAKER', SYSDATE);
14:19:43 218  INSERT INTO OFFER_PRODUCT_OFFERING (OFFER_ID, PRODUCT_OFFERING_ID, CREATED_BY, CREATE_DATE) VALUES (OFR_ID_SEQ.CURRVAL, PO_ID_SEQ.CURRVAL, 'OFFERMAKER', SYSDATE);
14:19:43 219  BEGIN
14:19:43 220  	SELECT ID INTO CUR_PRD_ID FROM PRODUCT WHERE NAME = 'Smartphone' AND ROWNUM <= 1;
14:19:43 221  EXCEPTION
14:19:43 222  	WHEN NO_DATA_FOUND THEN
14:19:43 223  	  INSERT INTO PRODUCT (ID, NAME, CREATED_BY, CREATE_DATE) VALUES (PRD_ID_SEQ.NEXTVAL, 'Smartphone', 'OFFERMAKER', SYSDATE);
14:19:43 224  	  SELECT ID INTO CUR_PRD_ID FROM PRODUCT WHERE NAME = 'Smartphone' AND ROWNUM <= 1;
14:19:43 225  	WHEN OTHERS THEN
14:19:43 226  	  RAISE;
14:19:43 227  END;
14:19:43 228  INSERT INTO PRODUCT_OFFERING (ID, PRODUCT_ID, TAX_POLICY_TYPE_ID, QUANTITY, UNIT_PRICE, CREATED_BY, CREATE_DATE) VALUES (PO_ID_SEQ.NEXTVAL, CUR_PRD_ID, '1', '28', '0.178571', 'OFFERMAKER', SYSDATE);
14:19:43 229  INSERT INTO OFFER_PRODUCT_OFFERING (OFFER_ID, PRODUCT_OFFERING_ID, CREATED_BY, CREATE_DATE) VALUES (OFR_ID_SEQ.CURRVAL, PO_ID_SEQ.CURRVAL, 'OFFERMAKER', SYSDATE);
14:19:43 230  INSERT INTO OFFER_OFFER_CHAIN (OFFER_ID, OFFER_CHAIN_ID, INDEX_VALUE, NUM_RECURRENCES, CREATED_BY, CREATE_DATE, updated_by, update_date) VALUES (OFR_ID_SEQ.CURRVAL, 4271558976, '1', '-1', 'OFFERMAKER', SYSDATE, 'OFFERMAKER', SYSDATE);
14:19:43 231  END;
14:19:43 232  END;
14:19:43 233  /

PL/SQL procedure successfully completed.

Elapsed: 00:00:00.31
14:19:43 SQL> COMMIT;

Commit complete.

Elapsed: 00:00:00.00
14:19:43 SQL> DECLARE
14:19:43   2  TMP_VAR NUMBER;
14:19:43   3  CUR_PRD_ID NUMBER;
14:19:43   4  CUR_CAPABILITY_ID NUMBER;
14:19:43   5  BEGIN
14:19:43   6  BEGIN
14:19:43   7  	SELECT 1 INTO TMP_VAR FROM OFFER_CHAIN WHERE ID = 1015115892 AND ROWNUM <= 1;
14:19:43   8  	UPDATE OFFER_CHAIN SET NAME='NYTimes: Web + Tablet App', DESCRIPTION='Unlimited access to NYTimes.com and the NYTimes tablet app.*', PRODUCT_URI='', VENDOR_SOURCE_ID='1', BILLING_SOURCE_ID=(SELECT ID FROM BILLING_SOURCE BS WHERE BS.NAME='Sartre'), IS_SEAT_LICENSE=0, GROUP_ACCOUNT_TYPE_ID='NO',IS_ADDRESS_REQUIRED=0, OFFER_CHAIN_STATUS_ID = 1, UPDATE_DATE = SYSDATE, UPDATED_BY = 'OFFERMAKER', IS_GIFT_CERTIFICATE='0', REVOKE_ENTITLEMENTS = '0', ADOPTABILITY_WINDOW_START_DATE = to_date('24-Jul-2013 00:00:00','DD-MON-YY HH24:MI:SS'), ADOPTABILITY_WINDOW_END_DATE = to_date('31-Dec-2014 00:00:00','DD-MON-YY HH24:MI:SS'), AMAZON_APPSTORE_SKU=NULL WHERE ID = 1015115892;
14:19:43   9  EXCEPTION
14:19:43  10  	WHEN NO_DATA_FOUND THEN
14:19:43  11  	  INSERT INTO OFFER_CHAIN (ID, NAME, DESCRIPTION, ADOPTABILITY_WINDOW_START_DATE, ADOPTABILITY_WINDOW_END_DATE, IS_GIFT_CERTIFICATE, PRODUCT_URI, OFFER_CHAIN_STATUS_ID, REVOKE_ENTITLEMENTS, VENDOR_SOURCE_ID, BILLING_SOURCE_ID, IS_SEAT_LICENSE, GROUP_ACCOUNT_TYPE_ID, IS_ADDRESS_REQUIRED, AMAZON_APPSTORE_SKU, CREATED_BY, CREATE_DATE, updated_by, update_date) VALUES (1015115892, 'NYTimes: Web + Tablet App', 'Unlimited access to NYTimes.com and the NYTimes tablet app.*', to_date('24-Jul-2013 00:00:00','DD-MON-YY HH24:MI:SS'), to_date('31-Dec-2014 00:00:00','DD-MON-YY HH24:MI:SS'), '0', NULL, '1', '0', '1', (SELECT ID FROM BILLING_SOURCE BS WHERE BS.NAME='Sartre'), decode('NO','IL',1,0), 'NO', '0', '', 'OFFERMAKER', SYSDATE, 'OFFERMAKER', SYSDATE);
14:19:43  12  END;
14:19:43  13  DELETE FROM OFFER_CHAIN_ELIGIBILITY WHERE offer_chain_id = 1015115892;
14:19:43  14  INSERT INTO OFFER_CHAIN_ELIGIBILITY (ID, OFFER_CHAIN_ID, NAME, VALUE, CREATED_BY, CREATE_DATE) VALUES (ELG_ID_SEQ.NEXTVAL, 1015115892, 'IS_COMP', '0', 'OFFERMAKER', SYSDATE);
14:19:43  15  INSERT INTO OFFER_CHAIN_ELIGIBILITY (ID, OFFER_CHAIN_ID, NAME, VALUE, CREATED_BY, CREATE_DATE) VALUES (ELG_ID_SEQ.NEXTVAL, 1015115892, 'MAX_CONCURRENT_SUBS', '1', 'OFFERMAKER', SYSDATE);
14:19:43  16  INSERT INTO OFFER_CHAIN_ELIGIBILITY (ID, OFFER_CHAIN_ID, NAME, VALUE, CREATED_BY, CREATE_DATE) VALUES (ELG_ID_SEQ.NEXTVAL, 1015115892, 'INTERNAL_ONLY', '0', 'OFFERMAKER', SYSDATE);
14:19:43  17  DELETE FROM OFFER_CHAIN_META_DATA WHERE offer_chain_id = 1015115892;
14:19:43  18  INSERT INTO OFFER_CHAIN_META_DATA (ID, OFFER_CHAIN_ID, NAME, VALUE, CREATED_BY, CREATE_DATE) VALUES (OCMD_ID_SEQ.NEXTVAL, 1015115892, 'BUNDLE_EXPLANATION', 'Web + Tablet 12 wk free, Thereafter $20.00/4 wks', 'OFFERMAKER', SYSDATE);
14:19:43  19  INSERT INTO OFFER_CHAIN_META_DATA (ID, OFFER_CHAIN_ID, NAME, VALUE, CREATED_BY, CREATE_DATE) VALUES (OCMD_ID_SEQ.NEXTVAL, 1015115892, 'PRICE_DESCRIPTION', '12 wks free and then Regular Price $20.00 every 4 weeks', 'OFFERMAKER', SYSDATE);
14:19:43  20  INSERT INTO OFFER_CHAIN_META_DATA (ID, OFFER_CHAIN_ID, NAME, VALUE, CREATED_BY, CREATE_DATE) VALUES (OCMD_ID_SEQ.NEXTVAL, 1015115892, 'PRICE_SHORT_DESCRIPTION', ' BNDL B 12 wk free and then $20.00 / 4 weeks', 'OFFERMAKER', SYSDATE);
14:19:43  21  INSERT INTO OFFER_CHAIN_META_DATA (ID, OFFER_CHAIN_ID, NAME, VALUE, CREATED_BY, CREATE_DATE) VALUES (OCMD_ID_SEQ.NEXTVAL, 1015115892, 'OFFER_TYPE', 'Digital Subscription for 12 weeks free and then full price', 'OFFERMAKER', SYSDATE);
14:19:43  22  INSERT INTO OFFER_CHAIN_META_DATA (ID, OFFER_CHAIN_ID, NAME, VALUE, CREATED_BY, CREATE_DATE) VALUES (OCMD_ID_SEQ.NEXTVAL, 1015115892, 'OFFER_PRICE_DESCRIPTOR', 'RISK FREE TRIAL', 'OFFERMAKER', SYSDATE);
14:19:43  23  INSERT INTO OFFER_CHAIN_META_DATA (ID, OFFER_CHAIN_ID, NAME, VALUE, CREATED_BY, CREATE_DATE) VALUES (OCMD_ID_SEQ.NEXTVAL, 1015115892, 'OFFER_PRICE', 'Get your first 12 weeks free', 'OFFERMAKER', SYSDATE);
14:19:43  24  INSERT INTO OFFER_CHAIN_META_DATA (ID, OFFER_CHAIN_ID, NAME, VALUE, CREATED_BY, CREATE_DATE) VALUES (OCMD_ID_SEQ.NEXTVAL, 1015115892, 'OFFER_PRICE_DETAIL', '($5.00 / week thereafter)', 'OFFERMAKER', SYSDATE);
14:19:43  25  INSERT INTO OFFER_CHAIN_META_DATA (ID, OFFER_CHAIN_ID, NAME, VALUE, CREATED_BY, CREATE_DATE) VALUES (OCMD_ID_SEQ.NEXTVAL, 1015115892, 'PROMO_PRICE_FOOTER_LABEL', 'First 12 weeks', 'OFFERMAKER', SYSDATE);
14:19:43  26  INSERT INTO OFFER_CHAIN_META_DATA (ID, OFFER_CHAIN_ID, NAME, VALUE, CREATED_BY, CREATE_DATE) VALUES (OCMD_ID_SEQ.NEXTVAL, 1015115892, 'ACTUAL_PRICE_FOOTER_LABEL', 'Thereafter', 'OFFERMAKER', SYSDATE);
14:19:43  27  INSERT INTO OFFER_CHAIN_META_DATA (ID, OFFER_CHAIN_ID, NAME, VALUE, CREATED_BY, CREATE_DATE) VALUES (OCMD_ID_SEQ.NEXTVAL, 1015115892, 'BILLING_CYCLE', 'every 4 weeks', 'OFFERMAKER', SYSDATE);
14:19:43  28  INSERT INTO OFFER_CHAIN_META_DATA (ID, OFFER_CHAIN_ID, NAME, VALUE, CREATED_BY, CREATE_DATE) VALUES (OCMD_ID_SEQ.NEXTVAL, 1015115892, 'SUBSCRIBER_TYPE', 'Regular', 'OFFERMAKER', SYSDATE);
14:19:43  29  INSERT INTO OFFER_CHAIN_META_DATA (ID, OFFER_CHAIN_ID, NAME, VALUE, CREATED_BY, CREATE_DATE) VALUES (OCMD_ID_SEQ.NEXTVAL, 1015115892, 'REFUND_POLICY', 'Monthly Billing: No refund.  Users will maintain access for the remainder of the billing period.	Users will not be billed in the next billing cycle.', 'OFFERMAKER', SYSDATE);
14:19:43  30  INSERT INTO OFFER_CHAIN_META_DATA (ID, OFFER_CHAIN_ID, NAME, VALUE, CREATED_BY, CREATE_DATE) VALUES (OCMD_ID_SEQ.NEXTVAL, 1015115892, 'CANCELABLE', '1', 'OFFERMAKER', SYSDATE);
14:19:43  31  INSERT INTO OFFER_CHAIN_META_DATA (ID, OFFER_CHAIN_ID, NAME, VALUE, CREATED_BY, CREATE_DATE) VALUES (OCMD_ID_SEQ.NEXTVAL, 1015115892, 'PRORATED_REFUND_DAYS_LIMIT', '28', 'OFFERMAKER', SYSDATE);
14:19:43  32  INSERT INTO OFFER_CHAIN_META_DATA (ID, OFFER_CHAIN_ID, NAME, VALUE, CREATED_BY, CREATE_DATE) VALUES (OCMD_ID_SEQ.NEXTVAL, 1015115892, 'OPEN_TO_ANONYMOUS', '1', 'OFFERMAKER', SYSDATE);
14:19:43  33  INSERT INTO OFFER_CHAIN_META_DATA (ID, OFFER_CHAIN_ID, NAME, VALUE, CREATED_BY, CREATE_DATE) VALUES (OCMD_ID_SEQ.NEXTVAL, 1015115892, 'BUNDLE', 'Bundle B (Web+Tab)', 'OFFERMAKER', SYSDATE);
14:19:43  34  INSERT INTO OFFER_CHAIN_META_DATA (ID, OFFER_CHAIN_ID, NAME, VALUE, CREATED_BY, CREATE_DATE) VALUES (OCMD_ID_SEQ.NEXTVAL, 1015115892, 'ADX_BUNDLE', 'MM_PROMO', 'OFFERMAKER', SYSDATE);
14:19:43  35  INSERT INTO OFFER_CHAIN_META_DATA (ID, OFFER_CHAIN_ID, NAME, VALUE, CREATED_BY, CREATE_DATE) VALUES (OCMD_ID_SEQ.NEXTVAL, 1015115892, 'SIEBEL_CAMPAIGN_CODE', '3K9WH', 'OFFERMAKER', SYSDATE);
14:19:43  36  INSERT INTO OFFER_CHAIN_META_DATA (ID, OFFER_CHAIN_ID, NAME, VALUE, CREATED_BY, CREATE_DATE) VALUES (OCMD_ID_SEQ.NEXTVAL, 1015115892, 'ANNUAL_PRICE', '260.00', 'OFFERMAKER', SYSDATE);
14:19:43  37  INSERT INTO OFFER_CHAIN_META_DATA (ID, OFFER_CHAIN_ID, NAME, VALUE, CREATED_BY, CREATE_DATE) VALUES (OCMD_ID_SEQ.NEXTVAL, 1015115892, 'UID', 'e6af31696aadb9f7c4832efbc0b42fc215492ac2b3f353fb036c0e7177436434', 'OFFERMAKER', SYSDATE);
14:19:43  38  DELETE FROM OFFER_CHAIN_NOTIFICATION_TYPE WHERE offer_chain_id = 1015115892;
14:19:43  39  BEGIN
14:19:43  40  	SELECT 1 INTO TMP_VAR FROM ACTION WHERE NAME = 'SUBSCRIBE_TO_OFFER_CHAIN';
14:19:43  41  EXCEPTION
14:19:43  42  	WHEN NO_DATA_FOUND THEN
14:19:43  43  	  INSERT INTO ACTION (ID, NAME, CREATE_DATE, CREATED_BY) VALUES (ACTION_ID_SEQ.NEXTVAL, 'SUBSCRIBE_TO_OFFER_CHAIN', SYSDATE, 'OFFERMAKER');
14:19:43  44  END;
14:19:43  45  BEGIN
14:19:43  46  	SELECT 1 INTO TMP_VAR FROM CORE_OWNER.NOTIFICATION_TYPE WHERE VALUE = 'sartre-digital-purchase';
14:19:43  47  EXCEPTION
14:19:43  48  	WHEN NO_DATA_FOUND THEN NULL;
14:19:43  49  	  INSERT INTO CORE_OWNER.NOTIFICATION_TYPE (ID, VALUE, TEMPLATE_URL) VALUES (CORE_OWNER.NOTTID_SEQ.NEXTVAL, 'sartre-digital-purchase', 'N/A');
14:19:43  50  END;
14:19:43  51  BEGIN
14:19:43  52  	SELECT 1 INTO TMP_VAR FROM ACTION WHERE NAME = 'UPGRADE_SUBSCRIPTION';
14:19:43  53  EXCEPTION
14:19:43  54  	WHEN NO_DATA_FOUND THEN
14:19:43  55  	  INSERT INTO ACTION (ID, NAME, CREATE_DATE, CREATED_BY) VALUES (ACTION_ID_SEQ.NEXTVAL, 'UPGRADE_SUBSCRIPTION', SYSDATE, 'OFFERMAKER');
14:19:43  56  END;
14:19:43  57  BEGIN
14:19:43  58  	SELECT 1 INTO TMP_VAR FROM CORE_OWNER.NOTIFICATION_TYPE WHERE VALUE = 'sartre-digital-purchase';
14:19:43  59  EXCEPTION
14:19:43  60  	WHEN NO_DATA_FOUND THEN NULL;
14:19:43  61  	  INSERT INTO CORE_OWNER.NOTIFICATION_TYPE (ID, VALUE, TEMPLATE_URL) VALUES (CORE_OWNER.NOTTID_SEQ.NEXTVAL, 'sartre-digital-purchase', 'N/A');
14:19:43  62  END;
14:19:43  63  BEGIN
14:19:43  64  	SELECT 1 INTO TMP_VAR FROM ACTION WHERE NAME = 'CANCEL_SUBSCRIPTION';
14:19:43  65  EXCEPTION
14:19:43  66  	WHEN NO_DATA_FOUND THEN
14:19:43  67  	  INSERT INTO ACTION (ID, NAME, CREATE_DATE, CREATED_BY) VALUES (ACTION_ID_SEQ.NEXTVAL, 'CANCEL_SUBSCRIPTION', SYSDATE, 'OFFERMAKER');
14:19:43  68  END;
14:19:43  69  BEGIN
14:19:43  70  	SELECT 1 INTO TMP_VAR FROM CORE_OWNER.NOTIFICATION_TYPE WHERE VALUE = 'sartre-cancel';
14:19:43  71  EXCEPTION
14:19:43  72  	WHEN NO_DATA_FOUND THEN NULL;
14:19:43  73  	  INSERT INTO CORE_OWNER.NOTIFICATION_TYPE (ID, VALUE, TEMPLATE_URL) VALUES (CORE_OWNER.NOTTID_SEQ.NEXTVAL, 'sartre-cancel', 'N/A');
14:19:43  74  END;
14:19:43  75  BEGIN
14:19:43  76  	SELECT 1 INTO TMP_VAR FROM ACTION WHERE NAME = 'SYSTEM_CANCEL';
14:19:43  77  EXCEPTION
14:19:43  78  	WHEN NO_DATA_FOUND THEN
14:19:43  79  	  INSERT INTO ACTION (ID, NAME, CREATE_DATE, CREATED_BY) VALUES (ACTION_ID_SEQ.NEXTVAL, 'SYSTEM_CANCEL', SYSDATE, 'OFFERMAKER');
14:19:43  80  END;
14:19:43  81  BEGIN
14:19:43  82  	SELECT 1 INTO TMP_VAR FROM CORE_OWNER.NOTIFICATION_TYPE WHERE VALUE = 'sartre-decline';
14:19:43  83  EXCEPTION
14:19:43  84  	WHEN NO_DATA_FOUND THEN NULL;
14:19:43  85  	  INSERT INTO CORE_OWNER.NOTIFICATION_TYPE (ID, VALUE, TEMPLATE_URL) VALUES (CORE_OWNER.NOTTID_SEQ.NEXTVAL, 'sartre-decline', 'N/A');
14:19:43  86  END;
14:19:43  87  BEGIN
14:19:43  88  	SELECT 1 INTO TMP_VAR FROM ACTION WHERE NAME = 'CREDIT_CARD_EXP';
14:19:43  89  EXCEPTION
14:19:43  90  	WHEN NO_DATA_FOUND THEN
14:19:43  91  	  INSERT INTO ACTION (ID, NAME, CREATE_DATE, CREATED_BY) VALUES (ACTION_ID_SEQ.NEXTVAL, 'CREDIT_CARD_EXP', SYSDATE, 'OFFERMAKER');
14:19:43  92  END;
14:19:43  93  BEGIN
14:19:43  94  	SELECT 1 INTO TMP_VAR FROM CORE_OWNER.NOTIFICATION_TYPE WHERE VALUE = 'card_expiration';
14:19:43  95  EXCEPTION
14:19:43  96  	WHEN NO_DATA_FOUND THEN NULL;
14:19:43  97  	  INSERT INTO CORE_OWNER.NOTIFICATION_TYPE (ID, VALUE, TEMPLATE_URL) VALUES (CORE_OWNER.NOTTID_SEQ.NEXTVAL, 'card_expiration', 'N/A');
14:19:43  98  END;
14:19:43  99  INSERT INTO OFFER_CHAIN_NOTIFICATION_TYPE (ID, OFFER_CHAIN_ID, NOTIFICATION_TYPE_ID, ACTION_ID, CREATED_BY, CREATE_DATE) VALUES (OCET_ID_SEQ.NEXTVAL, 1015115892, (SELECT ID FROM CORE_OWNER.NOTIFICATION_TYPE WHERE VALUE = 'sartre-digital-purchase'), (SELECT ID FROM ACTION WHERE NAME = 'SUBSCRIBE_TO_OFFER_CHAIN'), 'OFFERMAKER', SYSDATE);
14:19:43 100  INSERT INTO OFFER_CHAIN_NOTIFICATION_TYPE (ID, OFFER_CHAIN_ID, NOTIFICATION_TYPE_ID, ACTION_ID, CREATED_BY, CREATE_DATE) VALUES (OCET_ID_SEQ.NEXTVAL, 1015115892, (SELECT ID FROM CORE_OWNER.NOTIFICATION_TYPE WHERE VALUE = 'sartre-digital-purchase'), (SELECT ID FROM ACTION WHERE NAME = 'UPGRADE_SUBSCRIPTION'), 'OFFERMAKER', SYSDATE);
14:19:43 101  INSERT INTO OFFER_CHAIN_NOTIFICATION_TYPE (ID, OFFER_CHAIN_ID, NOTIFICATION_TYPE_ID, ACTION_ID, CREATED_BY, CREATE_DATE) VALUES (OCET_ID_SEQ.NEXTVAL, 1015115892, (SELECT ID FROM CORE_OWNER.NOTIFICATION_TYPE WHERE VALUE = 'sartre-cancel'), (SELECT ID FROM ACTION WHERE NAME = 'CANCEL_SUBSCRIPTION'), 'OFFERMAKER', SYSDATE);
14:19:43 102  INSERT INTO OFFER_CHAIN_NOTIFICATION_TYPE (ID, OFFER_CHAIN_ID, NOTIFICATION_TYPE_ID, ACTION_ID, CREATED_BY, CREATE_DATE) VALUES (OCET_ID_SEQ.NEXTVAL, 1015115892, (SELECT ID FROM CORE_OWNER.NOTIFICATION_TYPE WHERE VALUE = 'sartre-decline'), (SELECT ID FROM ACTION WHERE NAME = 'SYSTEM_CANCEL'), 'OFFERMAKER', SYSDATE);
14:19:43 103  INSERT INTO OFFER_CHAIN_NOTIFICATION_TYPE (ID, OFFER_CHAIN_ID, NOTIFICATION_TYPE_ID, ACTION_ID, CREATED_BY, CREATE_DATE) VALUES (OCET_ID_SEQ.NEXTVAL, 1015115892, (SELECT ID FROM CORE_OWNER.NOTIFICATION_TYPE WHERE VALUE = 'card_expiration'), (SELECT ID FROM ACTION WHERE NAME = 'CREDIT_CARD_EXP'), 'OFFERMAKER', SYSDATE);
14:19:43 104  BEGIN
14:19:43 105  	SELECT 1 INTO TMP_VAR FROM OFFER_OFFER_CHAIN WHERE OFFER_CHAIN_ID = 1015115892 AND INDEX_VALUE = 0 AND ROWNUM <= 1;
14:19:43 106  EXCEPTION
14:19:43 107  	WHEN NO_DATA_FOUND THEN
14:19:43 108  INSERT INTO OFFER (ID, OFFER_STATUS_ID, ENTITLEMENT_DURATION, CREATED_BY, CREATE_DATE, updated_by, update_date) VALUES (OFR_ID_SEQ.NEXTVAL, 1, 'P0Y0M84DT0H0M', 'OFFERMAKER', SYSDATE, 'OFFERMAKER', SYSDATE);
14:19:43 109  BEGIN
14:19:43 110  	SELECT ID INTO CUR_PRD_ID FROM PRODUCT WHERE NAME = 'Web' AND ROWNUM <= 1;
14:19:43 111  EXCEPTION
14:19:43 112  	WHEN NO_DATA_FOUND THEN
14:19:43 113  	  INSERT INTO PRODUCT (ID, NAME, CREATED_BY, CREATE_DATE) VALUES (PRD_ID_SEQ.NEXTVAL, 'Web', 'OFFERMAKER', SYSDATE);
14:19:43 114  	  SELECT ID INTO CUR_PRD_ID FROM PRODUCT WHERE NAME = 'Web' AND ROWNUM <= 1;
14:19:43 115  	WHEN OTHERS THEN
14:19:43 116  	  RAISE;
14:19:43 117  END;
14:19:43 118  INSERT INTO PRODUCT_OFFERING (ID, PRODUCT_ID, TAX_POLICY_TYPE_ID, QUANTITY, UNIT_PRICE, CREATED_BY, CREATE_DATE) VALUES (PO_ID_SEQ.NEXTVAL, CUR_PRD_ID, '1', '84', '0.357143', 'OFFERMAKER', SYSDATE);
14:19:43 119  INSERT INTO OFFER_PRODUCT_OFFERING (OFFER_ID, PRODUCT_OFFERING_ID, CREATED_BY, CREATE_DATE) VALUES (OFR_ID_SEQ.CURRVAL, PO_ID_SEQ.CURRVAL, 'OFFERMAKER', SYSDATE);
14:19:43 120  INSERT INTO DISCOUNT (ID, NAME, DESCRIPTION, FIXED_AMOUNT, PERCENT_AMOUNT, DISCOUNT_TYPE_ID, CREATED_BY, CREATE_DATE) VALUES (DSC_ID_SEQ.NEXTVAL, 'Discount', 'Off: 0.0. P.Disc: 0.0000. P.Full: 30.0000', '30.00', '0', 1, 'OFFERMAKER', SYSDATE);
14:19:43 121  INSERT INTO DISCOUNT_PRODUCT_OFFERING (DISCOUNT_ID, PRODUCT_OFFERING_ID, CREATED_BY, CREATE_DATE) VALUES (DSC_ID_SEQ.CURRVAL, PO_ID_SEQ.CURRVAL, 'OFFERMAKER', SYSDATE);
14:19:43 122  BEGIN
14:19:43 123  	SELECT ID INTO CUR_PRD_ID FROM PRODUCT WHERE NAME = 'Mobile' AND ROWNUM <= 1;
14:19:43 124  EXCEPTION
14:19:43 125  	WHEN NO_DATA_FOUND THEN
14:19:43 126  	  INSERT INTO PRODUCT (ID, NAME, CREATED_BY, CREATE_DATE) VALUES (PRD_ID_SEQ.NEXTVAL, 'Mobile', 'OFFERMAKER', SYSDATE);
14:19:43 127  	  SELECT ID INTO CUR_PRD_ID FROM PRODUCT WHERE NAME = 'Mobile' AND ROWNUM <= 1;
14:19:43 128  	WHEN OTHERS THEN
14:19:43 129  	  RAISE;
14:19:43 130  END;
14:19:43 131  INSERT INTO PRODUCT_OFFERING (ID, PRODUCT_ID, TAX_POLICY_TYPE_ID, QUANTITY, UNIT_PRICE, CREATED_BY, CREATE_DATE) VALUES (PO_ID_SEQ.NEXTVAL, CUR_PRD_ID, '1', '84', '0', 'OFFERMAKER', SYSDATE);
14:19:43 132  INSERT INTO OFFER_PRODUCT_OFFERING (OFFER_ID, PRODUCT_OFFERING_ID, CREATED_BY, CREATE_DATE) VALUES (OFR_ID_SEQ.CURRVAL, PO_ID_SEQ.CURRVAL, 'OFFERMAKER', SYSDATE);
14:19:43 133  BEGIN
14:19:43 134  	SELECT ID INTO CUR_PRD_ID FROM PRODUCT WHERE NAME = 'Archive Article' AND ROWNUM <= 1;
14:19:43 135  EXCEPTION
14:19:43 136  	WHEN NO_DATA_FOUND THEN
14:19:43 137  	  INSERT INTO PRODUCT (ID, NAME, CREATED_BY, CREATE_DATE) VALUES (PRD_ID_SEQ.NEXTVAL, 'Archive Article', 'OFFERMAKER', SYSDATE);
14:19:43 138  	  SELECT ID INTO CUR_PRD_ID FROM PRODUCT WHERE NAME = 'Archive Article' AND ROWNUM <= 1;
14:19:43 139  	WHEN OTHERS THEN
14:19:43 140  	  RAISE;
14:19:43 141  END;
14:19:43 142  INSERT INTO PRODUCT_OFFERING (ID, PRODUCT_ID, TAX_POLICY_TYPE_ID, QUANTITY, UNIT_PRICE, CREATED_BY, CREATE_DATE) VALUES (PO_ID_SEQ.NEXTVAL, CUR_PRD_ID, '1', '300', '0', 'OFFERMAKER', SYSDATE);
14:19:43 143  INSERT INTO OFFER_PRODUCT_OFFERING (OFFER_ID, PRODUCT_OFFERING_ID, CREATED_BY, CREATE_DATE) VALUES (OFR_ID_SEQ.CURRVAL, PO_ID_SEQ.CURRVAL, 'OFFERMAKER', SYSDATE);
14:19:43 144  BEGIN
14:19:43 145  	SELECT ID INTO CUR_PRD_ID FROM PRODUCT WHERE NAME = 'TimesMachine' AND ROWNUM <= 1;
14:19:43 146  EXCEPTION
14:19:43 147  	WHEN NO_DATA_FOUND THEN
14:19:43 148  	  INSERT INTO PRODUCT (ID, NAME, CREATED_BY, CREATE_DATE) VALUES (PRD_ID_SEQ.NEXTVAL, 'TimesMachine', 'OFFERMAKER', SYSDATE);
14:19:43 149  	  SELECT ID INTO CUR_PRD_ID FROM PRODUCT WHERE NAME = 'TimesMachine' AND ROWNUM <= 1;
14:19:43 150  	WHEN OTHERS THEN
14:19:43 151  	  RAISE;
14:19:43 152  END;
14:19:43 153  INSERT INTO PRODUCT_OFFERING (ID, PRODUCT_ID, TAX_POLICY_TYPE_ID, QUANTITY, UNIT_PRICE, CREATED_BY, CREATE_DATE) VALUES (PO_ID_SEQ.NEXTVAL, CUR_PRD_ID, '1', '84', '0', 'OFFERMAKER', SYSDATE);
14:19:43 154  INSERT INTO OFFER_PRODUCT_OFFERING (OFFER_ID, PRODUCT_OFFERING_ID, CREATED_BY, CREATE_DATE) VALUES (OFR_ID_SEQ.CURRVAL, PO_ID_SEQ.CURRVAL, 'OFFERMAKER', SYSDATE);
14:19:43 155  BEGIN
14:19:43 156  	SELECT ID INTO CUR_PRD_ID FROM PRODUCT WHERE NAME = 'Tablet' AND ROWNUM <= 1;
14:19:43 157  EXCEPTION
14:19:43 158  	WHEN NO_DATA_FOUND THEN
14:19:43 159  	  INSERT INTO PRODUCT (ID, NAME, CREATED_BY, CREATE_DATE) VALUES (PRD_ID_SEQ.NEXTVAL, 'Tablet', 'OFFERMAKER', SYSDATE);
14:19:43 160  	  SELECT ID INTO CUR_PRD_ID FROM PRODUCT WHERE NAME = 'Tablet' AND ROWNUM <= 1;
14:19:43 161  	WHEN OTHERS THEN
14:19:43 162  	  RAISE;
14:19:43 163  END;
14:19:43 164  INSERT INTO PRODUCT_OFFERING (ID, PRODUCT_ID, TAX_POLICY_TYPE_ID, QUANTITY, UNIT_PRICE, CREATED_BY, CREATE_DATE) VALUES (PO_ID_SEQ.NEXTVAL, CUR_PRD_ID, '1', '84', '0.357143', 'OFFERMAKER', SYSDATE);
14:19:43 165  INSERT INTO OFFER_PRODUCT_OFFERING (OFFER_ID, PRODUCT_OFFERING_ID, CREATED_BY, CREATE_DATE) VALUES (OFR_ID_SEQ.CURRVAL, PO_ID_SEQ.CURRVAL, 'OFFERMAKER', SYSDATE);
14:19:43 166  INSERT INTO DISCOUNT (ID, NAME, DESCRIPTION, FIXED_AMOUNT, PERCENT_AMOUNT, DISCOUNT_TYPE_ID, CREATED_BY, CREATE_DATE) VALUES (DSC_ID_SEQ.NEXTVAL, 'Discount', 'Off: 0.0. P.Disc: 0.0000. P.Full: 30.0000', '30.00', '0', 1, 'OFFERMAKER', SYSDATE);
14:19:43 167  INSERT INTO DISCOUNT_PRODUCT_OFFERING (DISCOUNT_ID, PRODUCT_OFFERING_ID, CREATED_BY, CREATE_DATE) VALUES (DSC_ID_SEQ.CURRVAL, PO_ID_SEQ.CURRVAL, 'OFFERMAKER', SYSDATE);
14:19:43 168  BEGIN
14:19:43 169  	SELECT ID INTO CUR_PRD_ID FROM PRODUCT WHERE NAME = 'TimesReader' AND ROWNUM <= 1;
14:19:43 170  EXCEPTION
14:19:43 171  	WHEN NO_DATA_FOUND THEN
14:19:43 172  	  INSERT INTO PRODUCT (ID, NAME, CREATED_BY, CREATE_DATE) VALUES (PRD_ID_SEQ.NEXTVAL, 'TimesReader', 'OFFERMAKER', SYSDATE);
14:19:43 173  	  SELECT ID INTO CUR_PRD_ID FROM PRODUCT WHERE NAME = 'TimesReader' AND ROWNUM <= 1;
14:19:43 174  	WHEN OTHERS THEN
14:19:43 175  	  RAISE;
14:19:43 176  END;
14:19:43 177  INSERT INTO PRODUCT_OFFERING (ID, PRODUCT_ID, TAX_POLICY_TYPE_ID, QUANTITY, UNIT_PRICE, CREATED_BY, CREATE_DATE) VALUES (PO_ID_SEQ.NEXTVAL, CUR_PRD_ID, '1', '84', '0', 'OFFERMAKER', SYSDATE);
14:19:43 178  INSERT INTO OFFER_PRODUCT_OFFERING (OFFER_ID, PRODUCT_OFFERING_ID, CREATED_BY, CREATE_DATE) VALUES (OFR_ID_SEQ.CURRVAL, PO_ID_SEQ.CURRVAL, 'OFFERMAKER', SYSDATE);
14:19:43 179  INSERT INTO OFFER_OFFER_CHAIN (OFFER_ID, OFFER_CHAIN_ID, INDEX_VALUE, NUM_RECURRENCES, CREATED_BY, CREATE_DATE, updated_by, update_date) VALUES (OFR_ID_SEQ.CURRVAL, 1015115892, '0', '1', 'OFFERMAKER', SYSDATE, 'OFFERMAKER', SYSDATE);
14:19:43 180  END;
14:19:43 181  BEGIN
14:19:43 182  	SELECT 1 INTO TMP_VAR FROM OFFER_OFFER_CHAIN WHERE OFFER_CHAIN_ID = 1015115892 AND INDEX_VALUE = 1 AND ROWNUM <= 1;
14:19:43 183  EXCEPTION
14:19:43 184  	WHEN NO_DATA_FOUND THEN
14:19:43 185  INSERT INTO OFFER (ID, OFFER_STATUS_ID, ENTITLEMENT_DURATION, CREATED_BY, CREATE_DATE, updated_by, update_date) VALUES (OFR_ID_SEQ.NEXTVAL, 1, 'P0Y0M28DT0H0M', 'OFFERMAKER', SYSDATE, 'OFFERMAKER', SYSDATE);
14:19:43 186  BEGIN
14:19:43 187  	SELECT ID INTO CUR_PRD_ID FROM PRODUCT WHERE NAME = 'Web' AND ROWNUM <= 1;
14:19:43 188  EXCEPTION
14:19:43 189  	WHEN NO_DATA_FOUND THEN
14:19:43 190  	  INSERT INTO PRODUCT (ID, NAME, CREATED_BY, CREATE_DATE) VALUES (PRD_ID_SEQ.NEXTVAL, 'Web', 'OFFERMAKER', SYSDATE);
14:19:43 191  	  SELECT ID INTO CUR_PRD_ID FROM PRODUCT WHERE NAME = 'Web' AND ROWNUM <= 1;
14:19:43 192  	WHEN OTHERS THEN
14:19:43 193  	  RAISE;
14:19:43 194  END;
14:19:43 195  INSERT INTO PRODUCT_OFFERING (ID, PRODUCT_ID, TAX_POLICY_TYPE_ID, QUANTITY, UNIT_PRICE, CREATED_BY, CREATE_DATE) VALUES (PO_ID_SEQ.NEXTVAL, CUR_PRD_ID, '1', '28', '0.357143', 'OFFERMAKER', SYSDATE);
14:19:43 196  INSERT INTO OFFER_PRODUCT_OFFERING (OFFER_ID, PRODUCT_OFFERING_ID, CREATED_BY, CREATE_DATE) VALUES (OFR_ID_SEQ.CURRVAL, PO_ID_SEQ.CURRVAL, 'OFFERMAKER', SYSDATE);
14:19:43 197  BEGIN
14:19:43 198  	SELECT ID INTO CUR_PRD_ID FROM PRODUCT WHERE NAME = 'Mobile' AND ROWNUM <= 1;
14:19:43 199  EXCEPTION
14:19:43 200  	WHEN NO_DATA_FOUND THEN
14:19:43 201  	  INSERT INTO PRODUCT (ID, NAME, CREATED_BY, CREATE_DATE) VALUES (PRD_ID_SEQ.NEXTVAL, 'Mobile', 'OFFERMAKER', SYSDATE);
14:19:43 202  	  SELECT ID INTO CUR_PRD_ID FROM PRODUCT WHERE NAME = 'Mobile' AND ROWNUM <= 1;
14:19:43 203  	WHEN OTHERS THEN
14:19:43 204  	  RAISE;
14:19:43 205  END;
14:19:43 206  INSERT INTO PRODUCT_OFFERING (ID, PRODUCT_ID, TAX_POLICY_TYPE_ID, QUANTITY, UNIT_PRICE, CREATED_BY, CREATE_DATE) VALUES (PO_ID_SEQ.NEXTVAL, CUR_PRD_ID, '1', '28', '0', 'OFFERMAKER', SYSDATE);
14:19:43 207  INSERT INTO OFFER_PRODUCT_OFFERING (OFFER_ID, PRODUCT_OFFERING_ID, CREATED_BY, CREATE_DATE) VALUES (OFR_ID_SEQ.CURRVAL, PO_ID_SEQ.CURRVAL, 'OFFERMAKER', SYSDATE);
14:19:43 208  BEGIN
14:19:43 209  	SELECT ID INTO CUR_PRD_ID FROM PRODUCT WHERE NAME = 'Archive Article' AND ROWNUM <= 1;
14:19:43 210  EXCEPTION
14:19:43 211  	WHEN NO_DATA_FOUND THEN
14:19:43 212  	  INSERT INTO PRODUCT (ID, NAME, CREATED_BY, CREATE_DATE) VALUES (PRD_ID_SEQ.NEXTVAL, 'Archive Article', 'OFFERMAKER', SYSDATE);
14:19:43 213  	  SELECT ID INTO CUR_PRD_ID FROM PRODUCT WHERE NAME = 'Archive Article' AND ROWNUM <= 1;
14:19:43 214  	WHEN OTHERS THEN
14:19:43 215  	  RAISE;
14:19:43 216  END;
14:19:43 217  INSERT INTO PRODUCT_OFFERING (ID, PRODUCT_ID, TAX_POLICY_TYPE_ID, QUANTITY, UNIT_PRICE, CREATED_BY, CREATE_DATE) VALUES (PO_ID_SEQ.NEXTVAL, CUR_PRD_ID, '1', '100', '0', 'OFFERMAKER', SYSDATE);
14:19:43 218  INSERT INTO OFFER_PRODUCT_OFFERING (OFFER_ID, PRODUCT_OFFERING_ID, CREATED_BY, CREATE_DATE) VALUES (OFR_ID_SEQ.CURRVAL, PO_ID_SEQ.CURRVAL, 'OFFERMAKER', SYSDATE);
14:19:43 219  BEGIN
14:19:43 220  	SELECT ID INTO CUR_PRD_ID FROM PRODUCT WHERE NAME = 'TimesMachine' AND ROWNUM <= 1;
14:19:43 221  EXCEPTION
14:19:43 222  	WHEN NO_DATA_FOUND THEN
14:19:43 223  	  INSERT INTO PRODUCT (ID, NAME, CREATED_BY, CREATE_DATE) VALUES (PRD_ID_SEQ.NEXTVAL, 'TimesMachine', 'OFFERMAKER', SYSDATE);
14:19:43 224  	  SELECT ID INTO CUR_PRD_ID FROM PRODUCT WHERE NAME = 'TimesMachine' AND ROWNUM <= 1;
14:19:43 225  	WHEN OTHERS THEN
14:19:43 226  	  RAISE;
14:19:43 227  END;
14:19:43 228  INSERT INTO PRODUCT_OFFERING (ID, PRODUCT_ID, TAX_POLICY_TYPE_ID, QUANTITY, UNIT_PRICE, CREATED_BY, CREATE_DATE) VALUES (PO_ID_SEQ.NEXTVAL, CUR_PRD_ID, '1', '28', '0', 'OFFERMAKER', SYSDATE);
14:19:43 229  INSERT INTO OFFER_PRODUCT_OFFERING (OFFER_ID, PRODUCT_OFFERING_ID, CREATED_BY, CREATE_DATE) VALUES (OFR_ID_SEQ.CURRVAL, PO_ID_SEQ.CURRVAL, 'OFFERMAKER', SYSDATE);
14:19:43 230  BEGIN
14:19:43 231  	SELECT ID INTO CUR_PRD_ID FROM PRODUCT WHERE NAME = 'Tablet' AND ROWNUM <= 1;
14:19:43 232  EXCEPTION
14:19:43 233  	WHEN NO_DATA_FOUND THEN
14:19:43 234  	  INSERT INTO PRODUCT (ID, NAME, CREATED_BY, CREATE_DATE) VALUES (PRD_ID_SEQ.NEXTVAL, 'Tablet', 'OFFERMAKER', SYSDATE);
14:19:43 235  	  SELECT ID INTO CUR_PRD_ID FROM PRODUCT WHERE NAME = 'Tablet' AND ROWNUM <= 1;
14:19:43 236  	WHEN OTHERS THEN
14:19:43 237  	  RAISE;
14:19:43 238  END;
14:19:43 239  INSERT INTO PRODUCT_OFFERING (ID, PRODUCT_ID, TAX_POLICY_TYPE_ID, QUANTITY, UNIT_PRICE, CREATED_BY, CREATE_DATE) VALUES (PO_ID_SEQ.NEXTVAL, CUR_PRD_ID, '1', '28', '0.357143', 'OFFERMAKER', SYSDATE);
14:19:43 240  INSERT INTO OFFER_PRODUCT_OFFERING (OFFER_ID, PRODUCT_OFFERING_ID, CREATED_BY, CREATE_DATE) VALUES (OFR_ID_SEQ.CURRVAL, PO_ID_SEQ.CURRVAL, 'OFFERMAKER', SYSDATE);
14:19:43 241  BEGIN
14:19:43 242  	SELECT ID INTO CUR_PRD_ID FROM PRODUCT WHERE NAME = 'TimesReader' AND ROWNUM <= 1;
14:19:43 243  EXCEPTION
14:19:43 244  	WHEN NO_DATA_FOUND THEN
14:19:43 245  	  INSERT INTO PRODUCT (ID, NAME, CREATED_BY, CREATE_DATE) VALUES (PRD_ID_SEQ.NEXTVAL, 'TimesReader', 'OFFERMAKER', SYSDATE);
14:19:43 246  	  SELECT ID INTO CUR_PRD_ID FROM PRODUCT WHERE NAME = 'TimesReader' AND ROWNUM <= 1;
14:19:43 247  	WHEN OTHERS THEN
14:19:43 248  	  RAISE;
14:19:43 249  END;
14:19:43 250  INSERT INTO PRODUCT_OFFERING (ID, PRODUCT_ID, TAX_POLICY_TYPE_ID, QUANTITY, UNIT_PRICE, CREATED_BY, CREATE_DATE) VALUES (PO_ID_SEQ.NEXTVAL, CUR_PRD_ID, '1', '28', '0', 'OFFERMAKER', SYSDATE);
14:19:43 251  INSERT INTO OFFER_PRODUCT_OFFERING (OFFER_ID, PRODUCT_OFFERING_ID, CREATED_BY, CREATE_DATE) VALUES (OFR_ID_SEQ.CURRVAL, PO_ID_SEQ.CURRVAL, 'OFFERMAKER', SYSDATE);
14:19:43 252  INSERT INTO OFFER_OFFER_CHAIN (OFFER_ID, OFFER_CHAIN_ID, INDEX_VALUE, NUM_RECURRENCES, CREATED_BY, CREATE_DATE, updated_by, update_date) VALUES (OFR_ID_SEQ.CURRVAL, 1015115892, '1', '-1', 'OFFERMAKER', SYSDATE, 'OFFERMAKER', SYSDATE);
14:19:43 253  END;
14:19:43 254  END;
14:19:43 255  /

PL/SQL procedure successfully completed.

Elapsed: 00:00:00.10
14:19:43 SQL> COMMIT;

Commit complete.

Elapsed: 00:00:00.00
14:19:43 SQL> DECLARE
14:19:43   2  TMP_VAR NUMBER;
14:19:43   3  CUR_PRD_ID NUMBER;
14:19:43   4  CUR_CAPABILITY_ID NUMBER;
14:19:43   5  BEGIN
14:19:43   6  BEGIN
14:19:43   7  	SELECT 1 INTO TMP_VAR FROM OFFER_CHAIN WHERE ID = 1723593275 AND ROWNUM <= 1;
14:19:43   8  	UPDATE OFFER_CHAIN SET NAME='NYTimes: All Digital Access', DESCRIPTION='Unlimited access to NYTimes.com, and the NYTimes smartphone and tablet apps.*', PRODUCT_URI='', VENDOR_SOURCE_ID='1', BILLING_SOURCE_ID=(SELECT ID FROM BILLING_SOURCE BS WHERE BS.NAME='Sartre'), IS_SEAT_LICENSE=0, GROUP_ACCOUNT_TYPE_ID='FL',IS_ADDRESS_REQUIRED=0, OFFER_CHAIN_STATUS_ID = 1, UPDATE_DATE = SYSDATE, UPDATED_BY = 'OFFERMAKER', IS_GIFT_CERTIFICATE='0', REVOKE_ENTITLEMENTS = '0', ADOPTABILITY_WINDOW_START_DATE = to_date('24-Jul-2013 00:00:00','DD-MON-YY HH24:MI:SS'), ADOPTABILITY_WINDOW_END_DATE = to_date('31-Dec-2014 00:00:00','DD-MON-YY HH24:MI:SS'), AMAZON_APPSTORE_SKU=NULL WHERE ID = 1723593275;
14:19:43   9  EXCEPTION
14:19:43  10  	WHEN NO_DATA_FOUND THEN
14:19:43  11  	  INSERT INTO OFFER_CHAIN (ID, NAME, DESCRIPTION, ADOPTABILITY_WINDOW_START_DATE, ADOPTABILITY_WINDOW_END_DATE, IS_GIFT_CERTIFICATE, PRODUCT_URI, OFFER_CHAIN_STATUS_ID, REVOKE_ENTITLEMENTS, VENDOR_SOURCE_ID, BILLING_SOURCE_ID, IS_SEAT_LICENSE, GROUP_ACCOUNT_TYPE_ID, IS_ADDRESS_REQUIRED, AMAZON_APPSTORE_SKU, CREATED_BY, CREATE_DATE, updated_by, update_date) VALUES (1723593275, 'NYTimes: All Digital Access', 'Unlimited access to NYTimes.com, and the NYTimes smartphone and tablet apps.*', to_date('24-Jul-2013 00:00:00','DD-MON-YY HH24:MI:SS'), to_date('31-Dec-2014 00:00:00','DD-MON-YY HH24:MI:SS'), '0', NULL, '1', '0', '1', (SELECT ID FROM BILLING_SOURCE BS WHERE BS.NAME='Sartre'), decode('FL','IL',1,0), 'FL', '0', '', 'OFFERMAKER', SYSDATE, 'OFFERMAKER', SYSDATE);
14:19:43  12  END;
14:19:43  13  DELETE FROM OFFER_CHAIN_ELIGIBILITY WHERE offer_chain_id = 1723593275;
14:19:43  14  INSERT INTO OFFER_CHAIN_ELIGIBILITY (ID, OFFER_CHAIN_ID, NAME, VALUE, CREATED_BY, CREATE_DATE) VALUES (ELG_ID_SEQ.NEXTVAL, 1723593275, 'IS_COMP', '0', 'OFFERMAKER', SYSDATE);
14:19:43  15  INSERT INTO OFFER_CHAIN_ELIGIBILITY (ID, OFFER_CHAIN_ID, NAME, VALUE, CREATED_BY, CREATE_DATE) VALUES (ELG_ID_SEQ.NEXTVAL, 1723593275, 'MAX_CONCURRENT_SUBS', '1', 'OFFERMAKER', SYSDATE);
14:19:43  16  INSERT INTO OFFER_CHAIN_ELIGIBILITY (ID, OFFER_CHAIN_ID, NAME, VALUE, CREATED_BY, CREATE_DATE) VALUES (ELG_ID_SEQ.NEXTVAL, 1723593275, 'INTERNAL_ONLY', '0', 'OFFERMAKER', SYSDATE);
14:19:43  17  DELETE FROM OFFER_CHAIN_META_DATA WHERE offer_chain_id = 1723593275;
14:19:43  18  INSERT INTO OFFER_CHAIN_META_DATA (ID, OFFER_CHAIN_ID, NAME, VALUE, CREATED_BY, CREATE_DATE) VALUES (OCMD_ID_SEQ.NEXTVAL, 1723593275, 'BUNDLE_EXPLANATION', 'Web + Smartphone + Tablet 12 wk free, Thereafter $35.00/4 wks', 'OFFERMAKER', SYSDATE);
14:19:43  19  INSERT INTO OFFER_CHAIN_META_DATA (ID, OFFER_CHAIN_ID, NAME, VALUE, CREATED_BY, CREATE_DATE) VALUES (OCMD_ID_SEQ.NEXTVAL, 1723593275, 'PRICE_DESCRIPTION', '12 wks free and then Regular Price $35.00 every 4 weeks', 'OFFERMAKER', SYSDATE);
14:19:43  20  INSERT INTO OFFER_CHAIN_META_DATA (ID, OFFER_CHAIN_ID, NAME, VALUE, CREATED_BY, CREATE_DATE) VALUES (OCMD_ID_SEQ.NEXTVAL, 1723593275, 'PRICE_SHORT_DESCRIPTION', ' BNDL D 12 wk free and then $35.00 / 4 weeks', 'OFFERMAKER', SYSDATE);
14:19:43  21  INSERT INTO OFFER_CHAIN_META_DATA (ID, OFFER_CHAIN_ID, NAME, VALUE, CREATED_BY, CREATE_DATE) VALUES (OCMD_ID_SEQ.NEXTVAL, 1723593275, 'OFFER_TYPE', 'Digital Subscription for 12 weeks free and then full price', 'OFFERMAKER', SYSDATE);
14:19:43  22  INSERT INTO OFFER_CHAIN_META_DATA (ID, OFFER_CHAIN_ID, NAME, VALUE, CREATED_BY, CREATE_DATE) VALUES (OCMD_ID_SEQ.NEXTVAL, 1723593275, 'OFFER_PRICE_DESCRIPTOR', 'RISK FREE TRIAL', 'OFFERMAKER', SYSDATE);
14:19:43  23  INSERT INTO OFFER_CHAIN_META_DATA (ID, OFFER_CHAIN_ID, NAME, VALUE, CREATED_BY, CREATE_DATE) VALUES (OCMD_ID_SEQ.NEXTVAL, 1723593275, 'OFFER_PRICE', 'Get your first 12 weeks free', 'OFFERMAKER', SYSDATE);
14:19:43  24  INSERT INTO OFFER_CHAIN_META_DATA (ID, OFFER_CHAIN_ID, NAME, VALUE, CREATED_BY, CREATE_DATE) VALUES (OCMD_ID_SEQ.NEXTVAL, 1723593275, 'OFFER_PRICE_DETAIL', '($8.75 / week thereafter)', 'OFFERMAKER', SYSDATE);
14:19:43  25  INSERT INTO OFFER_CHAIN_META_DATA (ID, OFFER_CHAIN_ID, NAME, VALUE, CREATED_BY, CREATE_DATE) VALUES (OCMD_ID_SEQ.NEXTVAL, 1723593275, 'PROMO_PRICE_FOOTER_LABEL', 'First 12 weeks', 'OFFERMAKER', SYSDATE);
14:19:43  26  INSERT INTO OFFER_CHAIN_META_DATA (ID, OFFER_CHAIN_ID, NAME, VALUE, CREATED_BY, CREATE_DATE) VALUES (OCMD_ID_SEQ.NEXTVAL, 1723593275, 'ACTUAL_PRICE_FOOTER_LABEL', 'Thereafter', 'OFFERMAKER', SYSDATE);
14:19:43  27  INSERT INTO OFFER_CHAIN_META_DATA (ID, OFFER_CHAIN_ID, NAME, VALUE, CREATED_BY, CREATE_DATE) VALUES (OCMD_ID_SEQ.NEXTVAL, 1723593275, 'BILLING_CYCLE', 'every 4 weeks', 'OFFERMAKER', SYSDATE);
14:19:43  28  INSERT INTO OFFER_CHAIN_META_DATA (ID, OFFER_CHAIN_ID, NAME, VALUE, CREATED_BY, CREATE_DATE) VALUES (OCMD_ID_SEQ.NEXTVAL, 1723593275, 'SUBSCRIBER_TYPE', 'Regular', 'OFFERMAKER', SYSDATE);
14:19:43  29  INSERT INTO OFFER_CHAIN_META_DATA (ID, OFFER_CHAIN_ID, NAME, VALUE, CREATED_BY, CREATE_DATE) VALUES (OCMD_ID_SEQ.NEXTVAL, 1723593275, 'REFUND_POLICY', 'Monthly Billing: No refund.  Users will maintain access for the remainder of the billing period.	Users will not be billed in the next billing cycle.', 'OFFERMAKER', SYSDATE);
14:19:43  30  INSERT INTO OFFER_CHAIN_META_DATA (ID, OFFER_CHAIN_ID, NAME, VALUE, CREATED_BY, CREATE_DATE) VALUES (OCMD_ID_SEQ.NEXTVAL, 1723593275, 'CANCELABLE', '1', 'OFFERMAKER', SYSDATE);
14:19:43  31  INSERT INTO OFFER_CHAIN_META_DATA (ID, OFFER_CHAIN_ID, NAME, VALUE, CREATED_BY, CREATE_DATE) VALUES (OCMD_ID_SEQ.NEXTVAL, 1723593275, 'PRORATED_REFUND_DAYS_LIMIT', '28', 'OFFERMAKER', SYSDATE);
14:19:43  32  INSERT INTO OFFER_CHAIN_META_DATA (ID, OFFER_CHAIN_ID, NAME, VALUE, CREATED_BY, CREATE_DATE) VALUES (OCMD_ID_SEQ.NEXTVAL, 1723593275, 'OPEN_TO_ANONYMOUS', '1', 'OFFERMAKER', SYSDATE);
14:19:43  33  INSERT INTO OFFER_CHAIN_META_DATA (ID, OFFER_CHAIN_ID, NAME, VALUE, CREATED_BY, CREATE_DATE) VALUES (OCMD_ID_SEQ.NEXTVAL, 1723593275, 'BUNDLE', 'Bundle D (Digital All Access)', 'OFFERMAKER', SYSDATE);
14:19:43  34  INSERT INTO OFFER_CHAIN_META_DATA (ID, OFFER_CHAIN_ID, NAME, VALUE, CREATED_BY, CREATE_DATE) VALUES (OCMD_ID_SEQ.NEXTVAL, 1723593275, 'ADX_BUNDLE', 'MM_PROMO', 'OFFERMAKER', SYSDATE);
14:19:43  35  INSERT INTO OFFER_CHAIN_META_DATA (ID, OFFER_CHAIN_ID, NAME, VALUE, CREATED_BY, CREATE_DATE) VALUES (OCMD_ID_SEQ.NEXTVAL, 1723593275, 'SIEBEL_CAMPAIGN_CODE', '3K9WH', 'OFFERMAKER', SYSDATE);
14:19:43  36  INSERT INTO OFFER_CHAIN_META_DATA (ID, OFFER_CHAIN_ID, NAME, VALUE, CREATED_BY, CREATE_DATE) VALUES (OCMD_ID_SEQ.NEXTVAL, 1723593275, 'ANNUAL_PRICE', '455.00', 'OFFERMAKER', SYSDATE);
14:19:43  37  INSERT INTO OFFER_CHAIN_META_DATA (ID, OFFER_CHAIN_ID, NAME, VALUE, CREATED_BY, CREATE_DATE) VALUES (OCMD_ID_SEQ.NEXTVAL, 1723593275, 'UID', 'f88b5b0f016da505622230a6230aa7810bffbf40e3eaaa91c6a3ed6405aaeba6', 'OFFERMAKER', SYSDATE);
14:19:43  38  DELETE FROM OFFER_CHAIN_NOTIFICATION_TYPE WHERE offer_chain_id = 1723593275;
14:19:43  39  BEGIN
14:19:43  40  	SELECT 1 INTO TMP_VAR FROM ACTION WHERE NAME = 'SUBSCRIBE_TO_OFFER_CHAIN';
14:19:43  41  EXCEPTION
14:19:43  42  	WHEN NO_DATA_FOUND THEN
14:19:43  43  	  INSERT INTO ACTION (ID, NAME, CREATE_DATE, CREATED_BY) VALUES (ACTION_ID_SEQ.NEXTVAL, 'SUBSCRIBE_TO_OFFER_CHAIN', SYSDATE, 'OFFERMAKER');
14:19:43  44  END;
14:19:43  45  BEGIN
14:19:43  46  	SELECT 1 INTO TMP_VAR FROM CORE_OWNER.NOTIFICATION_TYPE WHERE VALUE = 'sartre-digital-purchase';
14:19:43  47  EXCEPTION
14:19:43  48  	WHEN NO_DATA_FOUND THEN NULL;
14:19:43  49  	  INSERT INTO CORE_OWNER.NOTIFICATION_TYPE (ID, VALUE, TEMPLATE_URL) VALUES (CORE_OWNER.NOTTID_SEQ.NEXTVAL, 'sartre-digital-purchase', 'N/A');
14:19:43  50  END;
14:19:43  51  BEGIN
14:19:43  52  	SELECT 1 INTO TMP_VAR FROM ACTION WHERE NAME = 'UPGRADE_SUBSCRIPTION';
14:19:43  53  EXCEPTION
14:19:43  54  	WHEN NO_DATA_FOUND THEN
14:19:43  55  	  INSERT INTO ACTION (ID, NAME, CREATE_DATE, CREATED_BY) VALUES (ACTION_ID_SEQ.NEXTVAL, 'UPGRADE_SUBSCRIPTION', SYSDATE, 'OFFERMAKER');
14:19:43  56  END;
14:19:43  57  BEGIN
14:19:43  58  	SELECT 1 INTO TMP_VAR FROM CORE_OWNER.NOTIFICATION_TYPE WHERE VALUE = 'sartre-digital-purchase';
14:19:43  59  EXCEPTION
14:19:43  60  	WHEN NO_DATA_FOUND THEN NULL;
14:19:43  61  	  INSERT INTO CORE_OWNER.NOTIFICATION_TYPE (ID, VALUE, TEMPLATE_URL) VALUES (CORE_OWNER.NOTTID_SEQ.NEXTVAL, 'sartre-digital-purchase', 'N/A');
14:19:43  62  END;
14:19:43  63  BEGIN
14:19:43  64  	SELECT 1 INTO TMP_VAR FROM ACTION WHERE NAME = 'CANCEL_SUBSCRIPTION';
14:19:43  65  EXCEPTION
14:19:43  66  	WHEN NO_DATA_FOUND THEN
14:19:43  67  	  INSERT INTO ACTION (ID, NAME, CREATE_DATE, CREATED_BY) VALUES (ACTION_ID_SEQ.NEXTVAL, 'CANCEL_SUBSCRIPTION', SYSDATE, 'OFFERMAKER');
14:19:43  68  END;
14:19:43  69  BEGIN
14:19:43  70  	SELECT 1 INTO TMP_VAR FROM CORE_OWNER.NOTIFICATION_TYPE WHERE VALUE = 'sartre-cancel';
14:19:43  71  EXCEPTION
14:19:43  72  	WHEN NO_DATA_FOUND THEN NULL;
14:19:43  73  	  INSERT INTO CORE_OWNER.NOTIFICATION_TYPE (ID, VALUE, TEMPLATE_URL) VALUES (CORE_OWNER.NOTTID_SEQ.NEXTVAL, 'sartre-cancel', 'N/A');
14:19:43  74  END;
14:19:43  75  BEGIN
14:19:43  76  	SELECT 1 INTO TMP_VAR FROM ACTION WHERE NAME = 'SYSTEM_CANCEL';
14:19:43  77  EXCEPTION
14:19:43  78  	WHEN NO_DATA_FOUND THEN
14:19:43  79  	  INSERT INTO ACTION (ID, NAME, CREATE_DATE, CREATED_BY) VALUES (ACTION_ID_SEQ.NEXTVAL, 'SYSTEM_CANCEL', SYSDATE, 'OFFERMAKER');
14:19:43  80  END;
14:19:43  81  BEGIN
14:19:43  82  	SELECT 1 INTO TMP_VAR FROM CORE_OWNER.NOTIFICATION_TYPE WHERE VALUE = 'sartre-decline';
14:19:43  83  EXCEPTION
14:19:43  84  	WHEN NO_DATA_FOUND THEN NULL;
14:19:43  85  	  INSERT INTO CORE_OWNER.NOTIFICATION_TYPE (ID, VALUE, TEMPLATE_URL) VALUES (CORE_OWNER.NOTTID_SEQ.NEXTVAL, 'sartre-decline', 'N/A');
14:19:43  86  END;
14:19:43  87  BEGIN
14:19:43  88  	SELECT 1 INTO TMP_VAR FROM ACTION WHERE NAME = 'CREDIT_CARD_EXP';
14:19:43  89  EXCEPTION
14:19:43  90  	WHEN NO_DATA_FOUND THEN
14:19:43  91  	  INSERT INTO ACTION (ID, NAME, CREATE_DATE, CREATED_BY) VALUES (ACTION_ID_SEQ.NEXTVAL, 'CREDIT_CARD_EXP', SYSDATE, 'OFFERMAKER');
14:19:43  92  END;
14:19:43  93  BEGIN
14:19:43  94  	SELECT 1 INTO TMP_VAR FROM CORE_OWNER.NOTIFICATION_TYPE WHERE VALUE = 'card_expiration';
14:19:43  95  EXCEPTION
14:19:43  96  	WHEN NO_DATA_FOUND THEN NULL;
14:19:43  97  	  INSERT INTO CORE_OWNER.NOTIFICATION_TYPE (ID, VALUE, TEMPLATE_URL) VALUES (CORE_OWNER.NOTTID_SEQ.NEXTVAL, 'card_expiration', 'N/A');
14:19:43  98  END;
14:19:43  99  BEGIN
14:19:43 100  	SELECT 1 INTO TMP_VAR FROM ACTION WHERE NAME = 'FAMILY_PLAN_OWNER_ADD';
14:19:43 101  EXCEPTION
14:19:43 102  	WHEN NO_DATA_FOUND THEN
14:19:43 103  	  INSERT INTO ACTION (ID, NAME, CREATE_DATE, CREATED_BY) VALUES (ACTION_ID_SEQ.NEXTVAL, 'FAMILY_PLAN_OWNER_ADD', SYSDATE, 'OFFERMAKER');
14:19:43 104  END;
14:19:43 105  BEGIN
14:19:43 106  	SELECT 1 INTO TMP_VAR FROM CORE_OWNER.NOTIFICATION_TYPE WHERE VALUE = 'family-plan-welcome';
14:19:43 107  EXCEPTION
14:19:43 108  	WHEN NO_DATA_FOUND THEN NULL;
14:19:43 109  	  INSERT INTO CORE_OWNER.NOTIFICATION_TYPE (ID, VALUE, TEMPLATE_URL) VALUES (CORE_OWNER.NOTTID_SEQ.NEXTVAL, 'family-plan-welcome', 'N/A');
14:19:43 110  END;
14:19:43 111  BEGIN
14:19:43 112  	SELECT 1 INTO TMP_VAR FROM ACTION WHERE NAME = 'FAMILY_PLAN_OWNER_EXPIRE';
14:19:43 113  EXCEPTION
14:19:43 114  	WHEN NO_DATA_FOUND THEN
14:19:43 115  	  INSERT INTO ACTION (ID, NAME, CREATE_DATE, CREATED_BY) VALUES (ACTION_ID_SEQ.NEXTVAL, 'FAMILY_PLAN_OWNER_EXPIRE', SYSDATE, 'OFFERMAKER');
14:19:43 116  END;
14:19:43 117  BEGIN
14:19:43 118  	SELECT 1 INTO TMP_VAR FROM CORE_OWNER.NOTIFICATION_TYPE WHERE VALUE = 'family-plan-child-remove';
14:19:43 119  EXCEPTION
14:19:43 120  	WHEN NO_DATA_FOUND THEN NULL;
14:19:43 121  	  INSERT INTO CORE_OWNER.NOTIFICATION_TYPE (ID, VALUE, TEMPLATE_URL) VALUES (CORE_OWNER.NOTTID_SEQ.NEXTVAL, 'family-plan-child-remove', 'N/A');
14:19:43 122  END;
14:19:43 123  BEGIN
14:19:43 124  	SELECT 1 INTO TMP_VAR FROM ACTION WHERE NAME = 'FAMILY_PLAN_OWNER_INVITE';
14:19:43 125  EXCEPTION
14:19:43 126  	WHEN NO_DATA_FOUND THEN
14:19:43 127  	  INSERT INTO ACTION (ID, NAME, CREATE_DATE, CREATED_BY) VALUES (ACTION_ID_SEQ.NEXTVAL, 'FAMILY_PLAN_OWNER_INVITE', SYSDATE, 'OFFERMAKER');
14:19:43 128  END;
14:19:43 129  BEGIN
14:19:43 130  	SELECT 1 INTO TMP_VAR FROM CORE_OWNER.NOTIFICATION_TYPE WHERE VALUE = 'family-plan-child-invite';
14:19:43 131  EXCEPTION
14:19:43 132  	WHEN NO_DATA_FOUND THEN NULL;
14:19:43 133  	  INSERT INTO CORE_OWNER.NOTIFICATION_TYPE (ID, VALUE, TEMPLATE_URL) VALUES (CORE_OWNER.NOTTID_SEQ.NEXTVAL, 'family-plan-child-invite', 'N/A');
14:19:43 134  END;
14:19:43 135  BEGIN
14:19:43 136  	SELECT 1 INTO TMP_VAR FROM ACTION WHERE NAME = 'FAMILY_PLAN_BORROWER_EXPIRE';
14:19:43 137  EXCEPTION
14:19:43 138  	WHEN NO_DATA_FOUND THEN
14:19:43 139  	  INSERT INTO ACTION (ID, NAME, CREATE_DATE, CREATED_BY) VALUES (ACTION_ID_SEQ.NEXTVAL, 'FAMILY_PLAN_BORROWER_EXPIRE', SYSDATE, 'OFFERMAKER');
14:19:43 140  END;
14:19:43 141  BEGIN
14:19:43 142  	SELECT 1 INTO TMP_VAR FROM CORE_OWNER.NOTIFICATION_TYPE WHERE VALUE = 'family-plan-parent-remove';
14:19:43 143  EXCEPTION
14:19:43 144  	WHEN NO_DATA_FOUND THEN NULL;
14:19:43 145  	  INSERT INTO CORE_OWNER.NOTIFICATION_TYPE (ID, VALUE, TEMPLATE_URL) VALUES (CORE_OWNER.NOTTID_SEQ.NEXTVAL, 'family-plan-parent-remove', 'N/A');
14:19:43 146  END;
14:19:43 147  INSERT INTO OFFER_CHAIN_NOTIFICATION_TYPE (ID, OFFER_CHAIN_ID, NOTIFICATION_TYPE_ID, ACTION_ID, CREATED_BY, CREATE_DATE) VALUES (OCET_ID_SEQ.NEXTVAL, 1723593275, (SELECT ID FROM CORE_OWNER.NOTIFICATION_TYPE WHERE VALUE = 'sartre-digital-purchase'), (SELECT ID FROM ACTION WHERE NAME = 'SUBSCRIBE_TO_OFFER_CHAIN'), 'OFFERMAKER', SYSDATE);
14:19:43 148  INSERT INTO OFFER_CHAIN_NOTIFICATION_TYPE (ID, OFFER_CHAIN_ID, NOTIFICATION_TYPE_ID, ACTION_ID, CREATED_BY, CREATE_DATE) VALUES (OCET_ID_SEQ.NEXTVAL, 1723593275, (SELECT ID FROM CORE_OWNER.NOTIFICATION_TYPE WHERE VALUE = 'sartre-digital-purchase'), (SELECT ID FROM ACTION WHERE NAME = 'UPGRADE_SUBSCRIPTION'), 'OFFERMAKER', SYSDATE);
14:19:43 149  INSERT INTO OFFER_CHAIN_NOTIFICATION_TYPE (ID, OFFER_CHAIN_ID, NOTIFICATION_TYPE_ID, ACTION_ID, CREATED_BY, CREATE_DATE) VALUES (OCET_ID_SEQ.NEXTVAL, 1723593275, (SELECT ID FROM CORE_OWNER.NOTIFICATION_TYPE WHERE VALUE = 'sartre-cancel'), (SELECT ID FROM ACTION WHERE NAME = 'CANCEL_SUBSCRIPTION'), 'OFFERMAKER', SYSDATE);
14:19:43 150  INSERT INTO OFFER_CHAIN_NOTIFICATION_TYPE (ID, OFFER_CHAIN_ID, NOTIFICATION_TYPE_ID, ACTION_ID, CREATED_BY, CREATE_DATE) VALUES (OCET_ID_SEQ.NEXTVAL, 1723593275, (SELECT ID FROM CORE_OWNER.NOTIFICATION_TYPE WHERE VALUE = 'sartre-decline'), (SELECT ID FROM ACTION WHERE NAME = 'SYSTEM_CANCEL'), 'OFFERMAKER', SYSDATE);
14:19:43 151  INSERT INTO OFFER_CHAIN_NOTIFICATION_TYPE (ID, OFFER_CHAIN_ID, NOTIFICATION_TYPE_ID, ACTION_ID, CREATED_BY, CREATE_DATE) VALUES (OCET_ID_SEQ.NEXTVAL, 1723593275, (SELECT ID FROM CORE_OWNER.NOTIFICATION_TYPE WHERE VALUE = 'card_expiration'), (SELECT ID FROM ACTION WHERE NAME = 'CREDIT_CARD_EXP'), 'OFFERMAKER', SYSDATE);
14:19:43 152  INSERT INTO OFFER_CHAIN_NOTIFICATION_TYPE (ID, OFFER_CHAIN_ID, NOTIFICATION_TYPE_ID, ACTION_ID, CREATED_BY, CREATE_DATE) VALUES (OCET_ID_SEQ.NEXTVAL, 1723593275, (SELECT ID FROM CORE_OWNER.NOTIFICATION_TYPE WHERE VALUE = 'family-plan-welcome'), (SELECT ID FROM ACTION WHERE NAME = 'FAMILY_PLAN_OWNER_ADD'), 'OFFERMAKER', SYSDATE);
14:19:43 153  INSERT INTO OFFER_CHAIN_NOTIFICATION_TYPE (ID, OFFER_CHAIN_ID, NOTIFICATION_TYPE_ID, ACTION_ID, CREATED_BY, CREATE_DATE) VALUES (OCET_ID_SEQ.NEXTVAL, 1723593275, (SELECT ID FROM CORE_OWNER.NOTIFICATION_TYPE WHERE VALUE = 'family-plan-child-remove'), (SELECT ID FROM ACTION WHERE NAME = 'FAMILY_PLAN_OWNER_EXPIRE'), 'OFFERMAKER', SYSDATE);
14:19:43 154  INSERT INTO OFFER_CHAIN_NOTIFICATION_TYPE (ID, OFFER_CHAIN_ID, NOTIFICATION_TYPE_ID, ACTION_ID, CREATED_BY, CREATE_DATE) VALUES (OCET_ID_SEQ.NEXTVAL, 1723593275, (SELECT ID FROM CORE_OWNER.NOTIFICATION_TYPE WHERE VALUE = 'family-plan-child-invite'), (SELECT ID FROM ACTION WHERE NAME = 'FAMILY_PLAN_OWNER_INVITE'), 'OFFERMAKER', SYSDATE);
14:19:43 155  INSERT INTO OFFER_CHAIN_NOTIFICATION_TYPE (ID, OFFER_CHAIN_ID, NOTIFICATION_TYPE_ID, ACTION_ID, CREATED_BY, CREATE_DATE) VALUES (OCET_ID_SEQ.NEXTVAL, 1723593275, (SELECT ID FROM CORE_OWNER.NOTIFICATION_TYPE WHERE VALUE = 'family-plan-parent-remove'), (SELECT ID FROM ACTION WHERE NAME = 'FAMILY_PLAN_BORROWER_EXPIRE'), 'OFFERMAKER', SYSDATE);
14:19:43 156  BEGIN
14:19:43 157  	SELECT 1 INTO TMP_VAR FROM OFFER_OFFER_CHAIN WHERE OFFER_CHAIN_ID = 1723593275 AND INDEX_VALUE = 0 AND ROWNUM <= 1;
14:19:43 158  EXCEPTION
14:19:43 159  	WHEN NO_DATA_FOUND THEN
14:19:43 160  INSERT INTO OFFER (ID, OFFER_STATUS_ID, ENTITLEMENT_DURATION, CREATED_BY, CREATE_DATE, updated_by, update_date) VALUES (OFR_ID_SEQ.NEXTVAL, 1, 'P0Y0M84DT0H0M', 'OFFERMAKER', SYSDATE, 'OFFERMAKER', SYSDATE);
14:19:43 161  BEGIN
14:19:43 162  	SELECT ID INTO CUR_PRD_ID FROM PRODUCT WHERE NAME = 'Web' AND ROWNUM <= 1;
14:19:43 163  EXCEPTION
14:19:43 164  	WHEN NO_DATA_FOUND THEN
14:19:43 165  	  INSERT INTO PRODUCT (ID, NAME, CREATED_BY, CREATE_DATE) VALUES (PRD_ID_SEQ.NEXTVAL, 'Web', 'OFFERMAKER', SYSDATE);
14:19:43 166  	  SELECT ID INTO CUR_PRD_ID FROM PRODUCT WHERE NAME = 'Web' AND ROWNUM <= 1;
14:19:43 167  	WHEN OTHERS THEN
14:19:43 168  	  RAISE;
14:19:43 169  END;
14:19:43 170  INSERT INTO PRODUCT_OFFERING (ID, PRODUCT_ID, TAX_POLICY_TYPE_ID, QUANTITY, UNIT_PRICE, CREATED_BY, CREATE_DATE) VALUES (PO_ID_SEQ.NEXTVAL, CUR_PRD_ID, '1', '84', '0.357143', 'OFFERMAKER', SYSDATE);
14:19:43 171  INSERT INTO OFFER_PRODUCT_OFFERING (OFFER_ID, PRODUCT_OFFERING_ID, CREATED_BY, CREATE_DATE) VALUES (OFR_ID_SEQ.CURRVAL, PO_ID_SEQ.CURRVAL, 'OFFERMAKER', SYSDATE);
14:19:43 172  INSERT INTO DISCOUNT (ID, NAME, DESCRIPTION, FIXED_AMOUNT, PERCENT_AMOUNT, DISCOUNT_TYPE_ID, CREATED_BY, CREATE_DATE) VALUES (DSC_ID_SEQ.NEXTVAL, 'Discount', 'Off: 0.0. P.Disc: 0.0000. P.Full: 30.0000', '30.00', '0', 1, 'OFFERMAKER', SYSDATE);
14:19:43 173  INSERT INTO DISCOUNT_PRODUCT_OFFERING (DISCOUNT_ID, PRODUCT_OFFERING_ID, CREATED_BY, CREATE_DATE) VALUES (DSC_ID_SEQ.CURRVAL, PO_ID_SEQ.CURRVAL, 'OFFERMAKER', SYSDATE);
14:19:43 174  BEGIN
14:19:43 175  	SELECT ID INTO CUR_PRD_ID FROM PRODUCT WHERE NAME = 'Mobile' AND ROWNUM <= 1;
14:19:43 176  EXCEPTION
14:19:43 177  	WHEN NO_DATA_FOUND THEN
14:19:43 178  	  INSERT INTO PRODUCT (ID, NAME, CREATED_BY, CREATE_DATE) VALUES (PRD_ID_SEQ.NEXTVAL, 'Mobile', 'OFFERMAKER', SYSDATE);
14:19:43 179  	  SELECT ID INTO CUR_PRD_ID FROM PRODUCT WHERE NAME = 'Mobile' AND ROWNUM <= 1;
14:19:43 180  	WHEN OTHERS THEN
14:19:43 181  	  RAISE;
14:19:43 182  END;
14:19:43 183  INSERT INTO PRODUCT_OFFERING (ID, PRODUCT_ID, TAX_POLICY_TYPE_ID, QUANTITY, UNIT_PRICE, CREATED_BY, CREATE_DATE) VALUES (PO_ID_SEQ.NEXTVAL, CUR_PRD_ID, '1', '84', '0', 'OFFERMAKER', SYSDATE);
14:19:43 184  INSERT INTO OFFER_PRODUCT_OFFERING (OFFER_ID, PRODUCT_OFFERING_ID, CREATED_BY, CREATE_DATE) VALUES (OFR_ID_SEQ.CURRVAL, PO_ID_SEQ.CURRVAL, 'OFFERMAKER', SYSDATE);
14:19:43 185  BEGIN
14:19:43 186  	SELECT ID INTO CUR_PRD_ID FROM PRODUCT WHERE NAME = 'Archive Article' AND ROWNUM <= 1;
14:19:43 187  EXCEPTION
14:19:43 188  	WHEN NO_DATA_FOUND THEN
14:19:43 189  	  INSERT INTO PRODUCT (ID, NAME, CREATED_BY, CREATE_DATE) VALUES (PRD_ID_SEQ.NEXTVAL, 'Archive Article', 'OFFERMAKER', SYSDATE);
14:19:43 190  	  SELECT ID INTO CUR_PRD_ID FROM PRODUCT WHERE NAME = 'Archive Article' AND ROWNUM <= 1;
14:19:43 191  	WHEN OTHERS THEN
14:19:43 192  	  RAISE;
14:19:43 193  END;
14:19:43 194  INSERT INTO PRODUCT_OFFERING (ID, PRODUCT_ID, TAX_POLICY_TYPE_ID, QUANTITY, UNIT_PRICE, CREATED_BY, CREATE_DATE) VALUES (PO_ID_SEQ.NEXTVAL, CUR_PRD_ID, '1', '300', '0', 'OFFERMAKER', SYSDATE);
14:19:43 195  INSERT INTO OFFER_PRODUCT_OFFERING (OFFER_ID, PRODUCT_OFFERING_ID, CREATED_BY, CREATE_DATE) VALUES (OFR_ID_SEQ.CURRVAL, PO_ID_SEQ.CURRVAL, 'OFFERMAKER', SYSDATE);
14:19:43 196  BEGIN
14:19:43 197  	SELECT ID INTO CUR_PRD_ID FROM PRODUCT WHERE NAME = 'TimesMachine' AND ROWNUM <= 1;
14:19:43 198  EXCEPTION
14:19:43 199  	WHEN NO_DATA_FOUND THEN
14:19:43 200  	  INSERT INTO PRODUCT (ID, NAME, CREATED_BY, CREATE_DATE) VALUES (PRD_ID_SEQ.NEXTVAL, 'TimesMachine', 'OFFERMAKER', SYSDATE);
14:19:43 201  	  SELECT ID INTO CUR_PRD_ID FROM PRODUCT WHERE NAME = 'TimesMachine' AND ROWNUM <= 1;
14:19:43 202  	WHEN OTHERS THEN
14:19:43 203  	  RAISE;
14:19:43 204  END;
14:19:43 205  INSERT INTO PRODUCT_OFFERING (ID, PRODUCT_ID, TAX_POLICY_TYPE_ID, QUANTITY, UNIT_PRICE, CREATED_BY, CREATE_DATE) VALUES (PO_ID_SEQ.NEXTVAL, CUR_PRD_ID, '1', '84', '0', 'OFFERMAKER', SYSDATE);
14:19:43 206  INSERT INTO OFFER_PRODUCT_OFFERING (OFFER_ID, PRODUCT_OFFERING_ID, CREATED_BY, CREATE_DATE) VALUES (OFR_ID_SEQ.CURRVAL, PO_ID_SEQ.CURRVAL, 'OFFERMAKER', SYSDATE);
14:19:43 207  BEGIN
14:19:43 208  	SELECT ID INTO CUR_PRD_ID FROM PRODUCT WHERE NAME = 'Smartphone' AND ROWNUM <= 1;
14:19:43 209  EXCEPTION
14:19:43 210  	WHEN NO_DATA_FOUND THEN
14:19:43 211  	  INSERT INTO PRODUCT (ID, NAME, CREATED_BY, CREATE_DATE) VALUES (PRD_ID_SEQ.NEXTVAL, 'Smartphone', 'OFFERMAKER', SYSDATE);
14:19:43 212  	  SELECT ID INTO CUR_PRD_ID FROM PRODUCT WHERE NAME = 'Smartphone' AND ROWNUM <= 1;
14:19:43 213  	WHEN OTHERS THEN
14:19:43 214  	  RAISE;
14:19:43 215  END;
14:19:43 216  INSERT INTO PRODUCT_OFFERING (ID, PRODUCT_ID, TAX_POLICY_TYPE_ID, QUANTITY, UNIT_PRICE, CREATED_BY, CREATE_DATE) VALUES (PO_ID_SEQ.NEXTVAL, CUR_PRD_ID, '1', '84', '0.178571', 'OFFERMAKER', SYSDATE);
14:19:43 217  INSERT INTO OFFER_PRODUCT_OFFERING (OFFER_ID, PRODUCT_OFFERING_ID, CREATED_BY, CREATE_DATE) VALUES (OFR_ID_SEQ.CURRVAL, PO_ID_SEQ.CURRVAL, 'OFFERMAKER', SYSDATE);
14:19:43 218  INSERT INTO DISCOUNT (ID, NAME, DESCRIPTION, FIXED_AMOUNT, PERCENT_AMOUNT, DISCOUNT_TYPE_ID, CREATED_BY, CREATE_DATE) VALUES (DSC_ID_SEQ.NEXTVAL, 'Discount', 'Off: 0.0. P.Disc: 0.0000. P.Full: 15.0000', '15.00', '0', 1, 'OFFERMAKER', SYSDATE);
14:19:43 219  INSERT INTO DISCOUNT_PRODUCT_OFFERING (DISCOUNT_ID, PRODUCT_OFFERING_ID, CREATED_BY, CREATE_DATE) VALUES (DSC_ID_SEQ.CURRVAL, PO_ID_SEQ.CURRVAL, 'OFFERMAKER', SYSDATE);
14:19:43 220  BEGIN
14:19:43 221  	SELECT ID INTO CUR_PRD_ID FROM PRODUCT WHERE NAME = 'Tablet' AND ROWNUM <= 1;
14:19:43 222  EXCEPTION
14:19:43 223  	WHEN NO_DATA_FOUND THEN
14:19:43 224  	  INSERT INTO PRODUCT (ID, NAME, CREATED_BY, CREATE_DATE) VALUES (PRD_ID_SEQ.NEXTVAL, 'Tablet', 'OFFERMAKER', SYSDATE);
14:19:43 225  	  SELECT ID INTO CUR_PRD_ID FROM PRODUCT WHERE NAME = 'Tablet' AND ROWNUM <= 1;
14:19:43 226  	WHEN OTHERS THEN
14:19:43 227  	  RAISE;
14:19:43 228  END;
14:19:43 229  INSERT INTO PRODUCT_OFFERING (ID, PRODUCT_ID, TAX_POLICY_TYPE_ID, QUANTITY, UNIT_PRICE, CREATED_BY, CREATE_DATE) VALUES (PO_ID_SEQ.NEXTVAL, CUR_PRD_ID, '1', '84', '0.714286', 'OFFERMAKER', SYSDATE);
14:19:43 230  INSERT INTO OFFER_PRODUCT_OFFERING (OFFER_ID, PRODUCT_OFFERING_ID, CREATED_BY, CREATE_DATE) VALUES (OFR_ID_SEQ.CURRVAL, PO_ID_SEQ.CURRVAL, 'OFFERMAKER', SYSDATE);
14:19:43 231  INSERT INTO DISCOUNT (ID, NAME, DESCRIPTION, FIXED_AMOUNT, PERCENT_AMOUNT, DISCOUNT_TYPE_ID, CREATED_BY, CREATE_DATE) VALUES (DSC_ID_SEQ.NEXTVAL, 'Discount', 'Off: 0.0. P.Disc: 0.0000. P.Full: 60.0000', '60.00', '0', 1, 'OFFERMAKER', SYSDATE);
14:19:43 232  INSERT INTO DISCOUNT_PRODUCT_OFFERING (DISCOUNT_ID, PRODUCT_OFFERING_ID, CREATED_BY, CREATE_DATE) VALUES (DSC_ID_SEQ.CURRVAL, PO_ID_SEQ.CURRVAL, 'OFFERMAKER', SYSDATE);
14:19:43 233  BEGIN
14:19:43 234  	SELECT ID INTO CUR_PRD_ID FROM PRODUCT WHERE NAME = 'TimesReader' AND ROWNUM <= 1;
14:19:43 235  EXCEPTION
14:19:43 236  	WHEN NO_DATA_FOUND THEN
14:19:43 237  	  INSERT INTO PRODUCT (ID, NAME, CREATED_BY, CREATE_DATE) VALUES (PRD_ID_SEQ.NEXTVAL, 'TimesReader', 'OFFERMAKER', SYSDATE);
14:19:43 238  	  SELECT ID INTO CUR_PRD_ID FROM PRODUCT WHERE NAME = 'TimesReader' AND ROWNUM <= 1;
14:19:43 239  	WHEN OTHERS THEN
14:19:43 240  	  RAISE;
14:19:43 241  END;
14:19:43 242  INSERT INTO PRODUCT_OFFERING (ID, PRODUCT_ID, TAX_POLICY_TYPE_ID, QUANTITY, UNIT_PRICE, CREATED_BY, CREATE_DATE) VALUES (PO_ID_SEQ.NEXTVAL, CUR_PRD_ID, '1', '84', '0', 'OFFERMAKER', SYSDATE);
14:19:43 243  INSERT INTO OFFER_PRODUCT_OFFERING (OFFER_ID, PRODUCT_OFFERING_ID, CREATED_BY, CREATE_DATE) VALUES (OFR_ID_SEQ.CURRVAL, PO_ID_SEQ.CURRVAL, 'OFFERMAKER', SYSDATE);
14:19:43 244  INSERT INTO OFFER_OFFER_CHAIN (OFFER_ID, OFFER_CHAIN_ID, INDEX_VALUE, NUM_RECURRENCES, CREATED_BY, CREATE_DATE, updated_by, update_date) VALUES (OFR_ID_SEQ.CURRVAL, 1723593275, '0', '1', 'OFFERMAKER', SYSDATE, 'OFFERMAKER', SYSDATE);
14:19:43 245  END;
14:19:43 246  BEGIN
14:19:43 247  	SELECT 1 INTO TMP_VAR FROM OFFER_OFFER_CHAIN WHERE OFFER_CHAIN_ID = 1723593275 AND INDEX_VALUE = 1 AND ROWNUM <= 1;
14:19:43 248  EXCEPTION
14:19:43 249  	WHEN NO_DATA_FOUND THEN
14:19:43 250  INSERT INTO OFFER (ID, OFFER_STATUS_ID, ENTITLEMENT_DURATION, CREATED_BY, CREATE_DATE, updated_by, update_date) VALUES (OFR_ID_SEQ.NEXTVAL, 1, 'P0Y0M28DT0H0M', 'OFFERMAKER', SYSDATE, 'OFFERMAKER', SYSDATE);
14:19:43 251  BEGIN
14:19:43 252  	SELECT ID INTO CUR_PRD_ID FROM PRODUCT WHERE NAME = 'Web' AND ROWNUM <= 1;
14:19:43 253  EXCEPTION
14:19:43 254  	WHEN NO_DATA_FOUND THEN
14:19:43 255  	  INSERT INTO PRODUCT (ID, NAME, CREATED_BY, CREATE_DATE) VALUES (PRD_ID_SEQ.NEXTVAL, 'Web', 'OFFERMAKER', SYSDATE);
14:19:43 256  	  SELECT ID INTO CUR_PRD_ID FROM PRODUCT WHERE NAME = 'Web' AND ROWNUM <= 1;
14:19:43 257  	WHEN OTHERS THEN
14:19:43 258  	  RAISE;
14:19:43 259  END;
14:19:43 260  INSERT INTO PRODUCT_OFFERING (ID, PRODUCT_ID, TAX_POLICY_TYPE_ID, QUANTITY, UNIT_PRICE, CREATED_BY, CREATE_DATE) VALUES (PO_ID_SEQ.NEXTVAL, CUR_PRD_ID, '1', '28', '0.357143', 'OFFERMAKER', SYSDATE);
14:19:43 261  INSERT INTO OFFER_PRODUCT_OFFERING (OFFER_ID, PRODUCT_OFFERING_ID, CREATED_BY, CREATE_DATE) VALUES (OFR_ID_SEQ.CURRVAL, PO_ID_SEQ.CURRVAL, 'OFFERMAKER', SYSDATE);
14:19:43 262  BEGIN
14:19:43 263  	SELECT ID INTO CUR_PRD_ID FROM PRODUCT WHERE NAME = 'Mobile' AND ROWNUM <= 1;
14:19:43 264  EXCEPTION
14:19:43 265  	WHEN NO_DATA_FOUND THEN
14:19:43 266  	  INSERT INTO PRODUCT (ID, NAME, CREATED_BY, CREATE_DATE) VALUES (PRD_ID_SEQ.NEXTVAL, 'Mobile', 'OFFERMAKER', SYSDATE);
14:19:43 267  	  SELECT ID INTO CUR_PRD_ID FROM PRODUCT WHERE NAME = 'Mobile' AND ROWNUM <= 1;
14:19:43 268  	WHEN OTHERS THEN
14:19:43 269  	  RAISE;
14:19:43 270  END;
14:19:43 271  INSERT INTO PRODUCT_OFFERING (ID, PRODUCT_ID, TAX_POLICY_TYPE_ID, QUANTITY, UNIT_PRICE, CREATED_BY, CREATE_DATE) VALUES (PO_ID_SEQ.NEXTVAL, CUR_PRD_ID, '1', '28', '0', 'OFFERMAKER', SYSDATE);
14:19:43 272  INSERT INTO OFFER_PRODUCT_OFFERING (OFFER_ID, PRODUCT_OFFERING_ID, CREATED_BY, CREATE_DATE) VALUES (OFR_ID_SEQ.CURRVAL, PO_ID_SEQ.CURRVAL, 'OFFERMAKER', SYSDATE);
14:19:43 273  BEGIN
14:19:43 274  	SELECT ID INTO CUR_PRD_ID FROM PRODUCT WHERE NAME = 'Archive Article' AND ROWNUM <= 1;
14:19:43 275  EXCEPTION
14:19:43 276  	WHEN NO_DATA_FOUND THEN
14:19:43 277  	  INSERT INTO PRODUCT (ID, NAME, CREATED_BY, CREATE_DATE) VALUES (PRD_ID_SEQ.NEXTVAL, 'Archive Article', 'OFFERMAKER', SYSDATE);
14:19:43 278  	  SELECT ID INTO CUR_PRD_ID FROM PRODUCT WHERE NAME = 'Archive Article' AND ROWNUM <= 1;
14:19:43 279  	WHEN OTHERS THEN
14:19:43 280  	  RAISE;
14:19:43 281  END;
14:19:43 282  INSERT INTO PRODUCT_OFFERING (ID, PRODUCT_ID, TAX_POLICY_TYPE_ID, QUANTITY, UNIT_PRICE, CREATED_BY, CREATE_DATE) VALUES (PO_ID_SEQ.NEXTVAL, CUR_PRD_ID, '1', '100', '0', 'OFFERMAKER', SYSDATE);
14:19:43 283  INSERT INTO OFFER_PRODUCT_OFFERING (OFFER_ID, PRODUCT_OFFERING_ID, CREATED_BY, CREATE_DATE) VALUES (OFR_ID_SEQ.CURRVAL, PO_ID_SEQ.CURRVAL, 'OFFERMAKER', SYSDATE);
14:19:43 284  BEGIN
14:19:43 285  	SELECT ID INTO CUR_PRD_ID FROM PRODUCT WHERE NAME = 'TimesMachine' AND ROWNUM <= 1;
14:19:43 286  EXCEPTION
14:19:43 287  	WHEN NO_DATA_FOUND THEN
14:19:43 288  	  INSERT INTO PRODUCT (ID, NAME, CREATED_BY, CREATE_DATE) VALUES (PRD_ID_SEQ.NEXTVAL, 'TimesMachine', 'OFFERMAKER', SYSDATE);
14:19:43 289  	  SELECT ID INTO CUR_PRD_ID FROM PRODUCT WHERE NAME = 'TimesMachine' AND ROWNUM <= 1;
14:19:43 290  	WHEN OTHERS THEN
14:19:43 291  	  RAISE;
14:19:43 292  END;
14:19:43 293  INSERT INTO PRODUCT_OFFERING (ID, PRODUCT_ID, TAX_POLICY_TYPE_ID, QUANTITY, UNIT_PRICE, CREATED_BY, CREATE_DATE) VALUES (PO_ID_SEQ.NEXTVAL, CUR_PRD_ID, '1', '28', '0', 'OFFERMAKER', SYSDATE);
14:19:43 294  INSERT INTO OFFER_PRODUCT_OFFERING (OFFER_ID, PRODUCT_OFFERING_ID, CREATED_BY, CREATE_DATE) VALUES (OFR_ID_SEQ.CURRVAL, PO_ID_SEQ.CURRVAL, 'OFFERMAKER', SYSDATE);
14:19:43 295  BEGIN
14:19:43 296  	SELECT ID INTO CUR_PRD_ID FROM PRODUCT WHERE NAME = 'Smartphone' AND ROWNUM <= 1;
14:19:43 297  EXCEPTION
14:19:43 298  	WHEN NO_DATA_FOUND THEN
14:19:43 299  	  INSERT INTO PRODUCT (ID, NAME, CREATED_BY, CREATE_DATE) VALUES (PRD_ID_SEQ.NEXTVAL, 'Smartphone', 'OFFERMAKER', SYSDATE);
14:19:43 300  	  SELECT ID INTO CUR_PRD_ID FROM PRODUCT WHERE NAME = 'Smartphone' AND ROWNUM <= 1;
14:19:43 301  	WHEN OTHERS THEN
14:19:43 302  	  RAISE;
14:19:43 303  END;
14:19:43 304  INSERT INTO PRODUCT_OFFERING (ID, PRODUCT_ID, TAX_POLICY_TYPE_ID, QUANTITY, UNIT_PRICE, CREATED_BY, CREATE_DATE) VALUES (PO_ID_SEQ.NEXTVAL, CUR_PRD_ID, '1', '28', '0.178571', 'OFFERMAKER', SYSDATE);
14:19:43 305  INSERT INTO OFFER_PRODUCT_OFFERING (OFFER_ID, PRODUCT_OFFERING_ID, CREATED_BY, CREATE_DATE) VALUES (OFR_ID_SEQ.CURRVAL, PO_ID_SEQ.CURRVAL, 'OFFERMAKER', SYSDATE);
14:19:43 306  BEGIN
14:19:43 307  	SELECT ID INTO CUR_PRD_ID FROM PRODUCT WHERE NAME = 'Tablet' AND ROWNUM <= 1;
14:19:43 308  EXCEPTION
14:19:43 309  	WHEN NO_DATA_FOUND THEN
14:19:43 310  	  INSERT INTO PRODUCT (ID, NAME, CREATED_BY, CREATE_DATE) VALUES (PRD_ID_SEQ.NEXTVAL, 'Tablet', 'OFFERMAKER', SYSDATE);
14:19:43 311  	  SELECT ID INTO CUR_PRD_ID FROM PRODUCT WHERE NAME = 'Tablet' AND ROWNUM <= 1;
14:19:43 312  	WHEN OTHERS THEN
14:19:43 313  	  RAISE;
14:19:43 314  END;
14:19:43 315  INSERT INTO PRODUCT_OFFERING (ID, PRODUCT_ID, TAX_POLICY_TYPE_ID, QUANTITY, UNIT_PRICE, CREATED_BY, CREATE_DATE) VALUES (PO_ID_SEQ.NEXTVAL, CUR_PRD_ID, '1', '28', '0.714286', 'OFFERMAKER', SYSDATE);
14:19:43 316  INSERT INTO OFFER_PRODUCT_OFFERING (OFFER_ID, PRODUCT_OFFERING_ID, CREATED_BY, CREATE_DATE) VALUES (OFR_ID_SEQ.CURRVAL, PO_ID_SEQ.CURRVAL, 'OFFERMAKER', SYSDATE);
14:19:43 317  BEGIN
14:19:43 318  	SELECT ID INTO CUR_PRD_ID FROM PRODUCT WHERE NAME = 'TimesReader' AND ROWNUM <= 1;
14:19:43 319  EXCEPTION
14:19:43 320  	WHEN NO_DATA_FOUND THEN
14:19:43 321  	  INSERT INTO PRODUCT (ID, NAME, CREATED_BY, CREATE_DATE) VALUES (PRD_ID_SEQ.NEXTVAL, 'TimesReader', 'OFFERMAKER', SYSDATE);
14:19:43 322  	  SELECT ID INTO CUR_PRD_ID FROM PRODUCT WHERE NAME = 'TimesReader' AND ROWNUM <= 1;
14:19:43 323  	WHEN OTHERS THEN
14:19:43 324  	  RAISE;
14:19:43 325  END;
14:19:43 326  INSERT INTO PRODUCT_OFFERING (ID, PRODUCT_ID, TAX_POLICY_TYPE_ID, QUANTITY, UNIT_PRICE, CREATED_BY, CREATE_DATE) VALUES (PO_ID_SEQ.NEXTVAL, CUR_PRD_ID, '1', '28', '0', 'OFFERMAKER', SYSDATE);
14:19:43 327  INSERT INTO OFFER_PRODUCT_OFFERING (OFFER_ID, PRODUCT_OFFERING_ID, CREATED_BY, CREATE_DATE) VALUES (OFR_ID_SEQ.CURRVAL, PO_ID_SEQ.CURRVAL, 'OFFERMAKER', SYSDATE);
14:19:43 328  INSERT INTO OFFER_OFFER_CHAIN (OFFER_ID, OFFER_CHAIN_ID, INDEX_VALUE, NUM_RECURRENCES, CREATED_BY, CREATE_DATE, updated_by, update_date) VALUES (OFR_ID_SEQ.CURRVAL, 1723593275, '1', '-1', 'OFFERMAKER', SYSDATE, 'OFFERMAKER', SYSDATE);
14:19:43 329  END;
14:19:43 330  END;
14:19:43 331  /

PL/SQL procedure successfully completed.

Elapsed: 00:00:00.09
14:19:43 SQL> COMMIT;

Commit complete.

Elapsed: 00:00:00.00
14:19:43 SQL> 
14:19:43 SQL> commit;

Commit complete.

Elapsed: 00:00:00.00
14:19:43 SQL> spool off;
