10:46:08 SQL> @/dbbackups/ECST/migrations/nytdba/9.2-cr_user_lire_app-stg/upgrade.sql
10:46:08 SQL> create user lire_app identified by values 'S:027A01BD86D3C23BF33A7A64A70F732EFCDA56E7853F21B1A748177125CC' default tablespace users temporary tablespace temp profile default account unlock;
create user lire_app identified by values 'S:027A01BD86D3C23BF33A7A64A70F732EFCDA56E7853F21B1A748177125CC' default tablespace users temporary tablespace temp profile default account unlock
            *
ERROR at line 1:
ORA-01920: user name 'LIRE_APP' conflicts with another user or role name 


Elapsed: 00:00:00.01
10:46:08 SQL> 
10:46:08 SQL> alter user lire_app quota 0 on users;

User altered.

Elapsed: 00:00:00.02
10:46:08 SQL> 
10:46:08 SQL> grant create session to lire_app;

Grant succeeded.

Elapsed: 00:00:00.04
10:46:08 SQL> 
10:46:08 SQL> commit;

Commit complete.

Elapsed: 00:00:00.00
10:46:08 SQL> spool off;


Subject: Nomad upgrade completed with errors: ECST@rac01.stg.ewr1.nytimes.com
From: Nomad for Oracle <db.alert@nytimes.com>
To: nytd_ecommerce@nytimes.com

Nomad upgrade operation has errors. 
        
        Details
        -------
        DB Hostname: rac01.stg.ewr1.nytimes.com
        DB Role: primary
        Database: ECST
        Schema: nytdba
        Migration: 9.2-cr_user_lire_app-stg
        SVN Revision: 13746
        Duration: 0 sec.
        DBA: apathrose
                
        
        Error Detail
        ------------
        
        ERROR at line 1: ORA-01920: user name 'LIRE_APP' conflicts with another user or role name