14:08:46 SQL> @/dbbackups/ECST/migrations/core_owner/31-extend-gift-certs-5-years/upgrade.sql
14:08:46 SQL> WHENEVER SQLERROR EXIT SQL.SQLCODE ROLLBACK
14:08:46 SQL> SET SCAN OFF
14:08:46 SQL> SET DEFINE OFF
14:08:46 SQL> 
14:08:46 SQL> BEGIN
14:08:46   2  
14:08:46   3  UPDATE
14:08:46   4  	  gift_certificate gc
14:08:46   5  SET
14:08:46   6  	  gc.expiration_date = add_months(purchase_date, 12 * 5),
14:08:46   7  	  updated_by = 'JIRA-ORA-542',
14:08:46   8  	  update_date = SYSDATE
14:08:46   9  WHERE
14:08:46  10  	  gift_certificate_status_id = 1 AND
14:08:46  11  	  purchase_date > '01-NOV-11' AND
14:08:46  12  	  expiration_date < SYSDATE + 90 AND
14:08:46  13  	  expiration_date > purchase_date AND
14:08:46  14  	  expiration_date < add_months(purchase_date, 12 * 5) AND
14:08:46  15  	  finalized_invoice_id IS NULL AND
14:08:46  16  	  gc.offer_chain_id IN(1001513,
14:08:46  17  			       1001523,
14:08:46  18  			       1001533,
14:08:46  19  			       1001543,
14:08:46  20  			       1001553,
14:08:46  21  			       1001563,
14:08:46  22  			       1005710,
14:08:46  23  			       1005720,
14:08:46  24  			       1005730,
14:08:46  25  			       1005740,
14:08:46  26  			       1005750,
14:08:46  27  			       1005760,
14:08:46  28  			       100001);
14:08:46  29  
14:08:46  30  END;
14:08:46  31  /

PL/SQL procedure successfully completed.

Elapsed: 00:00:00.02
14:08:46 SQL> 
14:08:46 SQL> COMMIT;

Commit complete.

Elapsed: 00:00:00.00
14:08:46 SQL> commit;

Commit complete.

Elapsed: 00:00:00.00
14:08:46 SQL> spool off;


Subject: Nomad upgrade completed with errors: ECST@rac01.stg.ewr1.nytimes.com
From: Nomad for Oracle <nytd_oracledba@nytimes.com>
To: nytd_ecommerce@nytimes.com
Cc: nytd_oracledba@nytimes.com

Nomad upgrade operation has errors. 
        
        Details
        -------
        DB Hostname: rac01.stg.ewr1.nytimes.com
        DB Role: PRIMARY
        SID: ECST
        Schema: core_owner
        Migration: 31-extend-gift-certs-5-years
        SVN Revision: 11606
        Duration: 0 sec.
        DBA: sbao
        Service Request: https://jira.em.nytimes.com/browse/ORA-542        
        
        Error Detail
        ------------
        
        14:08:46 6 gc.expiration_date = add_months(purchase_date, 12 upgrade-20130312140154.staging.log upgrade-20130312140831.staging.log upgrade-20130312140831.staging.log.time 5), 14:08:46 7 updated_by = 'JIRA-ORA-542',