16:29:59 SQL> @/dbbackups/ECST2/migrations/core_owner/20.7-release-1.11.1-131_change/upgrade.sql
16:29:59 SQL> WHENEVER SQLERROR EXIT ROLLBACK;
16:29:59 SQL> 
16:29:59 SQL> variable is_current_version_fine NUMBER;
16:29:59 SQL> variable change_version NUMBER;
16:29:59 SQL> variable bad_current_version VARCHAR2(1024);
16:29:59 SQL> 
16:29:59 SQL> exec :change_version := 131;

PL/SQL procedure successfully completed.

Elapsed: 00:00:00.00
16:29:59 SQL> exec PROCS_SYSTEM_V9.CHECK_VERSION(:change_version - 1, :is_current_version_fine);

PL/SQL procedure successfully completed.

Elapsed: 00:00:00.00
16:29:59 SQL> exec :bad_current_version := 'Current version is bad, please update your version to '||(:change_version-1);

PL/SQL procedure successfully completed.

Elapsed: 00:00:00.00
16:29:59 SQL> 
16:29:59 SQL> BEGIN
16:29:59   2  	IF (:is_current_version_fine != 0) THEN
16:29:59   3  	  RAISE_APPLICATION_ERROR(-20001, :bad_current_version);
16:29:59   4  	END IF;
16:29:59   5  END;
16:29:59   6  /

PL/SQL procedure successfully completed.

Elapsed: 00:00:00.00
16:29:59 SQL> 
16:29:59 SQL> insert into core_owner.NOTIFICATION select * from ops_owner.NOTIFICATION;

5 rows created.

Elapsed: 00:00:00.01
16:29:59 SQL> insert into core_owner.NOTIFICATION_FAILURE select * from ops_owner.NOTIFICATION_FAILURE;

0 rows created.

Elapsed: 00:00:00.41
16:30:00 SQL> insert into core_owner.PROCESS_RETRY_THROTTLE select * from ops_owner.PROCESS_RETRY_THROTTLE;
insert into core_owner.PROCESS_RETRY_THROTTLE select * from ops_owner.PROCESS_RETRY_THROTTLE
*
ERROR at line 1:
ORA-00001: unique constraint (CORE_OWNER.PFT_PK) violated 




Subject: Nomad upgrade completed with errors: ECST2@rac01.stg.ewr1.nytimes.com
From: Nomad for Oracle <nytd_oracledba@nytimes.com>
To: nytd_ecommerce@nytimes.com,nytd_oracledba@nytimes.com
Cc: nytd_oracledba@nytimes.com

Nomad upgrade operation has errors. 
        
        Details
        -------
        DB Hostname: rac01.stg.ewr1.nytimes.com
        SID: ECST2
        Migration: 20.7-release-1.11.1-131_change
        SVN Revision: 10382
        Duration: 4 sec.
        Service Request: https://jira.em.nytimes.com/browse/ORA-339        
        
        Error Detail
        ------------
        
        ERROR at line 1: ORA-00001: unique constraint (CORE_OWNER.PFT_PK) violated