17:21:09 SQL> @/dbbackups/ECPR/migrations/core_owner/72-pmom-40-update-kindle-ereader-metadata/upgrade.sql
17:21:09 SQL> WHENEVER SQLERROR EXIT SQL.SQLCODE ROLLBACK
17:21:09 SQL> SET SCAN OFF
17:21:09 SQL> SET DEFINE OFF
17:21:09 SQL> 
17:21:09 SQL> 
17:21:09 SQL> DECLARE
17:21:09   2  	TMP_VAR NUMBER;
17:21:09   3  	CUR_PRD_ID NUMBER;
17:21:09   4  	CUR_CAPABILITY_ID NUMBER;
17:21:09   5  BEGIN
17:21:09   6  	BEGIN
17:21:09   7  	  SELECT 1 INTO TMP_VAR FROM OFFER_CHAIN WHERE ID = 2691330666 AND ROWNUM <= 1;
17:21:09   8  	  UPDATE OFFER_CHAIN SET NAME='NYTimes: Web + Tablet App for Kindle eReader subscribers', DESCRIPTION='Unlimited access to NYTimes.com and the NYTimes tablet app for Amazon Kindle eReader subscribers.*', PRODUCT_URI='', VENDOR_SOURCE_ID='1', BILLING_SOURCE_ID=(SELECT ID FROM BILLING_SOURCE BS WHERE BS.NAME='Amazon'), IS_SEAT_LICENSE=0, GROUP_ACCOUNT_TYPE_ID='NO',IS_ADDRESS_REQUIRED=0, OFFER_CHAIN_STATUS_ID = 1, UPDATE_DATE = SYSDATE, UPDATED_BY = 'OFFERMAKER', IS_GIFT_CERTIFICATE='0', REVOKE_ENTITLEMENTS = '0', ADOPTABILITY_WINDOW_START_DATE = to_date('04-Apr-2013 00:00:00','DD-MON-YY HH24:MI:SS'), ADOPTABILITY_WINDOW_END_DATE = to_date('01-Jan-2100 00:00:00','DD-MON-YY HH24:MI:SS'), AMAZON_APPSTORE_SKU=NULL WHERE ID = 2691330666;
17:21:09   9  	EXCEPTION
17:21:09  10  	  WHEN NO_DATA_FOUND THEN
17:21:09  11  	    INSERT INTO OFFER_CHAIN (ID, NAME, DESCRIPTION, ADOPTABILITY_WINDOW_START_DATE, ADOPTABILITY_WINDOW_END_DATE, IS_GIFT_CERTIFICATE, PRODUCT_URI, OFFER_CHAIN_STATUS_ID, REVOKE_ENTITLEMENTS, VENDOR_SOURCE_ID, BILLING_SOURCE_ID, IS_SEAT_LICENSE, GROUP_ACCOUNT_TYPE_ID, IS_ADDRESS_REQUIRED, AMAZON_APPSTORE_SKU, CREATED_BY, CREATE_DATE, updated_by, update_date) VALUES (2691330666, 'NYTimes: Web + Tablet App for Kindle eReader subscribers', 'Unlimited access to NYTimes.com and the NYTimes tablet app for Amazon Kindle eReader subscribers.*', to_date('04-Apr-2013 00:00:00','DD-MON-YY HH24:MI:SS'), to_date('01-Jan-2100 00:00:00','DD-MON-YY HH24:MI:SS'), '0', NULL, '1', '0', '1', (SELECT ID FROM BILLING_SOURCE BS WHERE BS.NAME='Amazon'), decode('NO','IL',1,0), 'NO', '0', '', 'OFFERMAKER', SYSDATE, 'OFFERMAKER', SYSDATE);
17:21:09  12  	END;
17:21:09  13  	DELETE FROM OFFER_CHAIN_ELIGIBILITY WHERE offer_chain_id = 2691330666;
17:21:09  14  	INSERT INTO OFFER_CHAIN_ELIGIBILITY (ID, OFFER_CHAIN_ID, NAME, VALUE, CREATED_BY, CREATE_DATE) VALUES (ELG_ID_SEQ.NEXTVAL, 2691330666, 'IS_COMP', '0', 'OFFERMAKER', SYSDATE);
17:21:09  15  	INSERT INTO OFFER_CHAIN_ELIGIBILITY (ID, OFFER_CHAIN_ID, NAME, VALUE, CREATED_BY, CREATE_DATE) VALUES (ELG_ID_SEQ.NEXTVAL, 2691330666, 'MAX_CONCURRENT_SUBS', 'UNLIMITED', 'OFFERMAKER', SYSDATE);
17:21:09  16  	INSERT INTO OFFER_CHAIN_ELIGIBILITY (ID, OFFER_CHAIN_ID, NAME, VALUE, CREATED_BY, CREATE_DATE) VALUES (ELG_ID_SEQ.NEXTVAL, 2691330666, 'INTERNAL_ONLY', '0', 'OFFERMAKER', SYSDATE);
17:21:09  17  	DELETE FROM OFFER_CHAIN_META_DATA WHERE offer_chain_id = 2691330666;
17:21:09  18  	INSERT INTO OFFER_CHAIN_META_DATA (ID, OFFER_CHAIN_ID, NAME, VALUE, CREATED_BY, CREATE_DATE) VALUES (OCMD_ID_SEQ.NEXTVAL, 2691330666, 'BUNDLE_EXPLANATION', 'W+T (for Amazon Kindle eReaders)', 'OFFERMAKER', SYSDATE);
17:21:09  19  	INSERT INTO OFFER_CHAIN_META_DATA (ID, OFFER_CHAIN_ID, NAME, VALUE, CREATED_BY, CREATE_DATE) VALUES (OCMD_ID_SEQ.NEXTVAL, 2691330666, 'PRICE_DESCRIPTION', 'For Amazon Kindle eReader only subscribers to get free Web +Tablet only access', 'OFFERMAKER', SYSDATE);
17:21:09  20  	INSERT INTO OFFER_CHAIN_META_DATA (ID, OFFER_CHAIN_ID, NAME, VALUE, CREATED_BY, CREATE_DATE) VALUES (OCMD_ID_SEQ.NEXTVAL, 2691330666, 'PRICE_SHORT_DESCRIPTION', 'Amazon eReaders Bundle B', 'OFFERMAKER', SYSDATE);
17:21:09  21  	INSERT INTO OFFER_CHAIN_META_DATA (ID, OFFER_CHAIN_ID, NAME, VALUE, CREATED_BY, CREATE_DATE) VALUES (OCMD_ID_SEQ.NEXTVAL, 2691330666, 'OFFER_TYPE', 'Complimentary', 'OFFERMAKER', SYSDATE);
17:21:09  22  	INSERT INTO OFFER_CHAIN_META_DATA (ID, OFFER_CHAIN_ID, NAME, VALUE, CREATED_BY, CREATE_DATE) VALUES (OCMD_ID_SEQ.NEXTVAL, 2691330666, 'PROMO_PRICE_FOOTER_LABEL', 'Billing Cycle', 'OFFERMAKER', SYSDATE);
17:21:09  23  	INSERT INTO OFFER_CHAIN_META_DATA (ID, OFFER_CHAIN_ID, NAME, VALUE, CREATED_BY, CREATE_DATE) VALUES (OCMD_ID_SEQ.NEXTVAL, 2691330666, 'BILLING_CYCLE', 'monthly', 'OFFERMAKER', SYSDATE);
17:21:09  24  	INSERT INTO OFFER_CHAIN_META_DATA (ID, OFFER_CHAIN_ID, NAME, VALUE, CREATED_BY, CREATE_DATE) VALUES (OCMD_ID_SEQ.NEXTVAL, 2691330666, 'SUBSCRIBER_TYPE', 'Kindle', 'OFFERMAKER', SYSDATE);
17:21:09  25  	INSERT INTO OFFER_CHAIN_META_DATA (ID, OFFER_CHAIN_ID, NAME, VALUE, CREATED_BY, CREATE_DATE) VALUES (OCMD_ID_SEQ.NEXTVAL, 2691330666, 'REFUND_POLICY', 'Monthly Billing: No refund.  Users will maintain access for the remainder of the billing period.  Users will not be billed in the next billing cycle.', 'OFFERMAKER', SYSDATE);
17:21:09  26  	INSERT INTO OFFER_CHAIN_META_DATA (ID, OFFER_CHAIN_ID, NAME, VALUE, CREATED_BY, CREATE_DATE) VALUES (OCMD_ID_SEQ.NEXTVAL, 2691330666, 'BUNDLE', 'Bundle B (Web+Tab)', 'OFFERMAKER', SYSDATE);
17:21:09  27  	INSERT INTO OFFER_CHAIN_META_DATA (ID, OFFER_CHAIN_ID, NAME, VALUE, CREATED_BY, CREATE_DATE) VALUES (OCMD_ID_SEQ.NEXTVAL, 2691330666, 'ADX_BUNDLE', 'MM_PROMO', 'OFFERMAKER', SYSDATE);
17:21:09  28  	INSERT INTO OFFER_CHAIN_META_DATA (ID, OFFER_CHAIN_ID, NAME, VALUE, CREATED_BY, CREATE_DATE) VALUES (OCMD_ID_SEQ.NEXTVAL, 2691330666, 'SIEBEL_CAMPAIGN_CODE', '3887K', 'OFFERMAKER', SYSDATE);
17:21:09  29  	INSERT INTO OFFER_CHAIN_META_DATA (ID, OFFER_CHAIN_ID, NAME, VALUE, CREATED_BY, CREATE_DATE) VALUES (OCMD_ID_SEQ.NEXTVAL, 2691330666, 'UID', '1aa5e1320bcdd0a5c39ab58b592b161df1c568fb1e4dbfc76afbc6faa97e71d0', 'OFFERMAKER', SYSDATE);
17:21:09  30  	DELETE FROM OFFER_CHAIN_NOTIFICATION_TYPE WHERE offer_chain_id = 2691330666;
17:21:09  31  	BEGIN
17:21:09  32  	  SELECT 1 INTO TMP_VAR FROM OFFER_OFFER_CHAIN WHERE OFFER_CHAIN_ID = 2691330666 AND INDEX_VALUE = 0 AND ROWNUM <= 1;
17:21:09  33  	EXCEPTION
17:21:09  34  	  WHEN NO_DATA_FOUND THEN
17:21:09  35  	INSERT INTO OFFER (ID, OFFER_STATUS_ID, ENTITLEMENT_DURATION, CREATED_BY, CREATE_DATE, updated_by, update_date) VALUES (OFR_ID_SEQ.NEXTVAL, 1, 'P0Y0M980DT0H0M', 'OFFERMAKER', SYSDATE, 'OFFERMAKER', SYSDATE);
17:21:09  36  	BEGIN
17:21:09  37  	  SELECT ID INTO CUR_PRD_ID FROM PRODUCT WHERE NAME = 'Web' AND PRODUCT_STATUS_ID = 1 AND ROWNUM <= 1;
17:21:09  38  	EXCEPTION
17:21:09  39  	  WHEN NO_DATA_FOUND THEN
17:21:09  40  	    INSERT INTO PRODUCT (ID, NAME, PRODUCTION_COST, PRODUCT_STATUS_ID, PRODUCT_URI, UNIT_PRICE, CREATED_BY, CREATE_DATE) VALUES (PRD_ID_SEQ.NEXTVAL, 'Web', '0', 1, NULL, '0', 'OFFERMAKER', SYSDATE);
17:21:09  41  	    SELECT ID INTO CUR_PRD_ID FROM PRODUCT WHERE NAME = 'Web' AND PRODUCT_STATUS_ID = 1 AND ROWNUM <= 1;
17:21:09  42  	  WHEN OTHERS THEN
17:21:09  43  	    RAISE;
17:21:09  44  	END;
17:21:09  45  	SELECT ID INTO CUR_CAPABILITY_ID FROM CAPABILITY WHERE CODE IN LTRIM(RTRIM((UPPER('MM')))) AND ROWNUM <= 1;
17:21:09  46  	INSERT INTO PRODUCT_OFFERING (ID, PRODUCT_ID, TAX_POLICY_TYPE_ID, QUANTITY, UNIT_PRICE, TAX_CATEGORY_ID, CAPABILITY_ID, CREATED_BY, CREATE_DATE) VALUES (PO_ID_SEQ.NEXTVAL, CUR_PRD_ID, '1', '980', '0', '2', CUR_CAPABILITY_ID, 'OFFERMAKER', SYSDATE);
17:21:09  47  	INSERT INTO PRODUCT_OFFERING_META_DATA (ID, PRODUCT_OFFERING_ID, NAME, VALUE, CREATED_BY, CREATE_DATE) VALUES (PROMD_ID_SEQ.NEXTVAL, PO_ID_SEQ.CURRVAL, 'entitlement_uri', 'http://:hostname:/svc/user/entitlements/mm/:id:.json', 'OFFERMAKER', SYSDATE);
17:21:09  48  	INSERT INTO PRODUCT_OFFERING_META_DATA (ID, PRODUCT_OFFERING_ID, NAME, VALUE, CREATED_BY, CREATE_DATE) VALUES (PROMD_ID_SEQ.NEXTVAL, PO_ID_SEQ.CURRVAL, 'DEFAULT_VAT_RATE', '{"*": }', 'OFFERMAKER', SYSDATE);
17:21:09  49  	INSERT INTO PRODUCT_OFFERING_META_DATA (ID, PRODUCT_OFFERING_ID, NAME, VALUE, CREATED_BY, CREATE_DATE) VALUES (PROMD_ID_SEQ.NEXTVAL, PO_ID_SEQ.CURRVAL, 'capability', 'MM', 'OFFERMAKER', SYSDATE);
17:21:09  50  	INSERT INTO OFFER_PRODUCT_OFFERING (OFFER_ID, PRODUCT_OFFERING_ID, CREATED_BY, CREATE_DATE) VALUES (OFR_ID_SEQ.CURRVAL, PO_ID_SEQ.CURRVAL, 'OFFERMAKER', SYSDATE);
17:21:09  51  	BEGIN
17:21:09  52  	  SELECT ID INTO CUR_PRD_ID FROM PRODUCT WHERE NAME = 'Mobile' AND PRODUCT_STATUS_ID = 1 AND ROWNUM <= 1;
17:21:09  53  	EXCEPTION
17:21:09  54  	  WHEN NO_DATA_FOUND THEN
17:21:09  55  	    INSERT INTO PRODUCT (ID, NAME, PRODUCTION_COST, PRODUCT_STATUS_ID, PRODUCT_URI, UNIT_PRICE, CREATED_BY, CREATE_DATE) VALUES (PRD_ID_SEQ.NEXTVAL, 'Mobile', '0', 1, NULL, '0', 'OFFERMAKER', SYSDATE);
17:21:09  56  	    SELECT ID INTO CUR_PRD_ID FROM PRODUCT WHERE NAME = 'Mobile' AND PRODUCT_STATUS_ID = 1 AND ROWNUM <= 1;
17:21:09  57  	  WHEN OTHERS THEN
17:21:09  58  	    RAISE;
17:21:09  59  	END;
17:21:09  60  	SELECT ID INTO CUR_CAPABILITY_ID FROM CAPABILITY WHERE CODE IN LTRIM(RTRIM((UPPER('MOW')))) AND ROWNUM <= 1;
17:21:09  61  	INSERT INTO PRODUCT_OFFERING (ID, PRODUCT_ID, TAX_POLICY_TYPE_ID, QUANTITY, UNIT_PRICE, TAX_CATEGORY_ID, CAPABILITY_ID, CREATED_BY, CREATE_DATE) VALUES (PO_ID_SEQ.NEXTVAL, CUR_PRD_ID, '1', '980', '0', '2', CUR_CAPABILITY_ID, 'OFFERMAKER', SYSDATE);
17:21:09  62  	INSERT INTO PRODUCT_OFFERING_META_DATA (ID, PRODUCT_OFFERING_ID, NAME, VALUE, CREATED_BY, CREATE_DATE) VALUES (PROMD_ID_SEQ.NEXTVAL, PO_ID_SEQ.CURRVAL, 'entitlement_uri', 'http://:hostname:/svc/user/entitlements/mow/:id:.json', 'OFFERMAKER', SYSDATE);
17:21:09  63  	INSERT INTO PRODUCT_OFFERING_META_DATA (ID, PRODUCT_OFFERING_ID, NAME, VALUE, CREATED_BY, CREATE_DATE) VALUES (PROMD_ID_SEQ.NEXTVAL, PO_ID_SEQ.CURRVAL, 'DEFAULT_VAT_RATE', '{"*": }', 'OFFERMAKER', SYSDATE);
17:21:09  64  	INSERT INTO PRODUCT_OFFERING_META_DATA (ID, PRODUCT_OFFERING_ID, NAME, VALUE, CREATED_BY, CREATE_DATE) VALUES (PROMD_ID_SEQ.NEXTVAL, PO_ID_SEQ.CURRVAL, 'capability', 'MOW', 'OFFERMAKER', SYSDATE);
17:21:09  65  	INSERT INTO OFFER_PRODUCT_OFFERING (OFFER_ID, PRODUCT_OFFERING_ID, CREATED_BY, CREATE_DATE) VALUES (OFR_ID_SEQ.CURRVAL, PO_ID_SEQ.CURRVAL, 'OFFERMAKER', SYSDATE);
17:21:09  66  	BEGIN
17:21:09  67  	  SELECT ID INTO CUR_PRD_ID FROM PRODUCT WHERE NAME = 'Archive Article' AND PRODUCT_STATUS_ID = 1 AND ROWNUM <= 1;
17:21:09  68  	EXCEPTION
17:21:09  69  	  WHEN NO_DATA_FOUND THEN
17:21:09  70  	    INSERT INTO PRODUCT (ID, NAME, PRODUCTION_COST, PRODUCT_STATUS_ID, PRODUCT_URI, UNIT_PRICE, CREATED_BY, CREATE_DATE) VALUES (PRD_ID_SEQ.NEXTVAL, 'Archive Article', '0', 1, NULL, '0', 'OFFERMAKER', SYSDATE);
17:21:09  71  	    SELECT ID INTO CUR_PRD_ID FROM PRODUCT WHERE NAME = 'Archive Article' AND PRODUCT_STATUS_ID = 1 AND ROWNUM <= 1;
17:21:09  72  	  WHEN OTHERS THEN
17:21:09  73  	    RAISE;
17:21:09  74  	END;
17:21:09  75  	SELECT ID INTO CUR_CAPABILITY_ID FROM CAPABILITY WHERE CODE IN LTRIM(RTRIM((UPPER('AAA')))) AND ROWNUM <= 1;
17:21:09  76  	INSERT INTO PRODUCT_OFFERING (ID, PRODUCT_ID, TAX_POLICY_TYPE_ID, QUANTITY, UNIT_PRICE, TAX_CATEGORY_ID, CAPABILITY_ID, CREATED_BY, CREATE_DATE) VALUES (PO_ID_SEQ.NEXTVAL, CUR_PRD_ID, '1', '3500', '0', '2', CUR_CAPABILITY_ID, 'OFFERMAKER', SYSDATE);
17:21:09  77  	INSERT INTO PRODUCT_OFFERING_META_DATA (ID, PRODUCT_OFFERING_ID, NAME, VALUE, CREATED_BY, CREATE_DATE) VALUES (PROMD_ID_SEQ.NEXTVAL, PO_ID_SEQ.CURRVAL, 'entitlement_uri', 'http://:hostname:/svc/user/entitlements/archive/size/3500/:id:.json', 'OFFERMAKER', SYSDATE);
17:21:09  78  	INSERT INTO PRODUCT_OFFERING_META_DATA (ID, PRODUCT_OFFERING_ID, NAME, VALUE, CREATED_BY, CREATE_DATE) VALUES (PROMD_ID_SEQ.NEXTVAL, PO_ID_SEQ.CURRVAL, 'DEFAULT_VAT_RATE', '{"*": }', 'OFFERMAKER', SYSDATE);
17:21:09  79  	INSERT INTO OFFER_PRODUCT_OFFERING (OFFER_ID, PRODUCT_OFFERING_ID, CREATED_BY, CREATE_DATE) VALUES (OFR_ID_SEQ.CURRVAL, PO_ID_SEQ.CURRVAL, 'OFFERMAKER', SYSDATE);
17:21:09  80  	BEGIN
17:21:09  81  	  SELECT ID INTO CUR_PRD_ID FROM PRODUCT WHERE NAME = 'TimesMachine' AND PRODUCT_STATUS_ID = 1 AND ROWNUM <= 1;
17:21:09  82  	EXCEPTION
17:21:09  83  	  WHEN NO_DATA_FOUND THEN
17:21:09  84  	    INSERT INTO PRODUCT (ID, NAME, PRODUCTION_COST, PRODUCT_STATUS_ID, PRODUCT_URI, UNIT_PRICE, CREATED_BY, CREATE_DATE) VALUES (PRD_ID_SEQ.NEXTVAL, 'TimesMachine', '0', 1, NULL, '0', 'OFFERMAKER', SYSDATE);
17:21:09  85  	    SELECT ID INTO CUR_PRD_ID FROM PRODUCT WHERE NAME = 'TimesMachine' AND PRODUCT_STATUS_ID = 1 AND ROWNUM <= 1;
17:21:09  86  	  WHEN OTHERS THEN
17:21:09  87  	    RAISE;
17:21:09  88  	END;
17:21:09  89  	SELECT ID INTO CUR_CAPABILITY_ID FROM CAPABILITY WHERE CODE IN LTRIM(RTRIM((UPPER('NONE')))) AND ROWNUM <= 1;
17:21:09  90  	INSERT INTO PRODUCT_OFFERING (ID, PRODUCT_ID, TAX_POLICY_TYPE_ID, QUANTITY, UNIT_PRICE, TAX_CATEGORY_ID, CAPABILITY_ID, CREATED_BY, CREATE_DATE) VALUES (PO_ID_SEQ.NEXTVAL, CUR_PRD_ID, '1', '980', '0', '2', CUR_CAPABILITY_ID, 'OFFERMAKER', SYSDATE);
17:21:09  91  	INSERT INTO PRODUCT_OFFERING_META_DATA (ID, PRODUCT_OFFERING_ID, NAME, VALUE, CREATED_BY, CREATE_DATE) VALUES (PROMD_ID_SEQ.NEXTVAL, PO_ID_SEQ.CURRVAL, 'DEFAULT_VAT_RATE', '{"*": }', 'OFFERMAKER', SYSDATE);
17:21:09  92  	INSERT INTO OFFER_PRODUCT_OFFERING (OFFER_ID, PRODUCT_OFFERING_ID, CREATED_BY, CREATE_DATE) VALUES (OFR_ID_SEQ.CURRVAL, PO_ID_SEQ.CURRVAL, 'OFFERMAKER', SYSDATE);
17:21:09  93  	BEGIN
17:21:09  94  	  SELECT ID INTO CUR_PRD_ID FROM PRODUCT WHERE NAME = 'Tablet' AND PRODUCT_STATUS_ID = 1 AND ROWNUM <= 1;
17:21:09  95  	EXCEPTION
17:21:09  96  	  WHEN NO_DATA_FOUND THEN
17:21:09  97  	    INSERT INTO PRODUCT (ID, NAME, PRODUCTION_COST, PRODUCT_STATUS_ID, PRODUCT_URI, UNIT_PRICE, CREATED_BY, CREATE_DATE) VALUES (PRD_ID_SEQ.NEXTVAL, 'Tablet', '0', 1, NULL, '0', 'OFFERMAKER', SYSDATE);
17:21:09  98  	    SELECT ID INTO CUR_PRD_ID FROM PRODUCT WHERE NAME = 'Tablet' AND PRODUCT_STATUS_ID = 1 AND ROWNUM <= 1;
17:21:09  99  	  WHEN OTHERS THEN
17:21:09 100  	    RAISE;
17:21:09 101  	END;
17:21:09 102  	SELECT ID INTO CUR_CAPABILITY_ID FROM CAPABILITY WHERE CODE IN LTRIM(RTRIM((UPPER('MTD')))) AND ROWNUM <= 1;
17:21:09 103  	INSERT INTO PRODUCT_OFFERING (ID, PRODUCT_ID, TAX_POLICY_TYPE_ID, QUANTITY, UNIT_PRICE, TAX_CATEGORY_ID, CAPABILITY_ID, CREATED_BY, CREATE_DATE) VALUES (PO_ID_SEQ.NEXTVAL, CUR_PRD_ID, '1', '980', '0', '2', CUR_CAPABILITY_ID, 'OFFERMAKER', SYSDATE);
17:21:09 104  	INSERT INTO PRODUCT_OFFERING_META_DATA (ID, PRODUCT_OFFERING_ID, NAME, VALUE, CREATED_BY, CREATE_DATE) VALUES (PROMD_ID_SEQ.NEXTVAL, PO_ID_SEQ.CURRVAL, 'entitlement_uri', 'http://:hostname:/svc/user/entitlements/mtd/:id:.json', 'OFFERMAKER', SYSDATE);
17:21:09 105  	INSERT INTO PRODUCT_OFFERING_META_DATA (ID, PRODUCT_OFFERING_ID, NAME, VALUE, CREATED_BY, CREATE_DATE) VALUES (PROMD_ID_SEQ.NEXTVAL, PO_ID_SEQ.CURRVAL, 'DEFAULT_VAT_RATE', '{"*": }', 'OFFERMAKER', SYSDATE);
17:21:09 106  	INSERT INTO PRODUCT_OFFERING_META_DATA (ID, PRODUCT_OFFERING_ID, NAME, VALUE, CREATED_BY, CREATE_DATE) VALUES (PROMD_ID_SEQ.NEXTVAL, PO_ID_SEQ.CURRVAL, 'capability', 'MTD', 'OFFERMAKER', SYSDATE);
17:21:09 107  	INSERT INTO OFFER_PRODUCT_OFFERING (OFFER_ID, PRODUCT_OFFERING_ID, CREATED_BY, CREATE_DATE) VALUES (OFR_ID_SEQ.CURRVAL, PO_ID_SEQ.CURRVAL, 'OFFERMAKER', SYSDATE);
17:21:09 108  	BEGIN
17:21:09 109  	  SELECT ID INTO CUR_PRD_ID FROM PRODUCT WHERE NAME = 'TimesReader' AND PRODUCT_STATUS_ID = 1 AND ROWNUM <= 1;
17:21:09 110  	EXCEPTION
17:21:09 111  	  WHEN NO_DATA_FOUND THEN
17:21:09 112  	    INSERT INTO PRODUCT (ID, NAME, PRODUCTION_COST, PRODUCT_STATUS_ID, PRODUCT_URI, UNIT_PRICE, CREATED_BY, CREATE_DATE) VALUES (PRD_ID_SEQ.NEXTVAL, 'TimesReader', '0', 1, NULL, '0', 'OFFERMAKER', SYSDATE);
17:21:09 113  	    SELECT ID INTO CUR_PRD_ID FROM PRODUCT WHERE NAME = 'TimesReader' AND PRODUCT_STATUS_ID = 1 AND ROWNUM <= 1;
17:21:09 114  	  WHEN OTHERS THEN
17:21:09 115  	    RAISE;
17:21:09 116  	END;
17:21:09 117  	SELECT ID INTO CUR_CAPABILITY_ID FROM CAPABILITY WHERE CODE IN LTRIM(RTRIM((UPPER('TNR')))) AND ROWNUM <= 1;
17:21:09 118  	INSERT INTO PRODUCT_OFFERING (ID, PRODUCT_ID, TAX_POLICY_TYPE_ID, QUANTITY, UNIT_PRICE, TAX_CATEGORY_ID, CAPABILITY_ID, CREATED_BY, CREATE_DATE) VALUES (PO_ID_SEQ.NEXTVAL, CUR_PRD_ID, '1', '980', '0', '2', CUR_CAPABILITY_ID, 'OFFERMAKER', SYSDATE);
17:21:09 119  	INSERT INTO PRODUCT_OFFERING_META_DATA (ID, PRODUCT_OFFERING_ID, NAME, VALUE, CREATED_BY, CREATE_DATE) VALUES (PROMD_ID_SEQ.NEXTVAL, PO_ID_SEQ.CURRVAL, 'entitlement_uri', 'http://:hostname:/svc/user/entitlements/timesreader/:id:.json', 'OFFERMAKER', SYSDATE);
17:21:09 120  	INSERT INTO PRODUCT_OFFERING_META_DATA (ID, PRODUCT_OFFERING_ID, NAME, VALUE, CREATED_BY, CREATE_DATE) VALUES (PROMD_ID_SEQ.NEXTVAL, PO_ID_SEQ.CURRVAL, 'capability', 'TNR', 'OFFERMAKER', SYSDATE);
17:21:09 121  	INSERT INTO PRODUCT_OFFERING_META_DATA (ID, PRODUCT_OFFERING_ID, NAME, VALUE, CREATED_BY, CREATE_DATE) VALUES (PROMD_ID_SEQ.NEXTVAL, PO_ID_SEQ.CURRVAL, 'DEFAULT_VAT_RATE', '{"*": }', 'OFFERMAKER', SYSDATE);
17:21:09 122  	INSERT INTO OFFER_PRODUCT_OFFERING (OFFER_ID, PRODUCT_OFFERING_ID, CREATED_BY, CREATE_DATE) VALUES (OFR_ID_SEQ.CURRVAL, PO_ID_SEQ.CURRVAL, 'OFFERMAKER', SYSDATE);
17:21:09 123  	INSERT INTO OFFER_OFFER_CHAIN (OFFER_ID, OFFER_CHAIN_ID, INDEX_VALUE, NUM_RECURRENCES, CREATED_BY, CREATE_DATE, updated_by, update_date) VALUES (OFR_ID_SEQ.CURRVAL, 2691330666, '0', '-1', 'OFFERMAKER', SYSDATE, 'OFFERMAKER', SYSDATE);
17:21:09 124  	END;
17:21:09 125  END;
17:21:09 126  /

PL/SQL procedure successfully completed.

Elapsed: 00:00:01.61
17:21:11 SQL> 
17:21:11 SQL> COMMIT;

Commit complete.

Elapsed: 00:00:00.00
17:21:11 SQL> 
17:21:11 SQL> commit;

Commit complete.

Elapsed: 00:00:00.00
17:21:11 SQL> spool off;


Subject: Nomad upgrade completed successfully: ECPR@rac01.prd.ewr1.nytimes.com
From: Nomad for Oracle <nytd_oracledba@nytimes.com>
To: nytd_ecommerce@nytimes.com
Cc: nytd_oracledba@nytimes.com

Nomad upgrade operation completed successfully without errors. 
        
        Details
        -------
        DB Hostname: rac01.prd.ewr1.nytimes.com
        DB Role: PRIMARY
        SID: ECPR
        Schema: core_owner
        Migration: 72-pmom-40-update-kindle-ereader-metadata
        SVN Revision: 13340
        Duration: 2 sec.
        DBA: apathrose
        