16:48:06 SQL> @/dbbackups/ECST/migrations/core_owner/36.0-disable-gift-cert-trigger/upgrade.sql
16:48:06 SQL> WHENEVER SQLERROR EXIT ROLLBACK;
16:48:06 SQL> 
16:48:06 SQL> alter trigger "CORE_OWNER"."TR_GIFT_CERTIFICATE_AUD" disable;

Trigger altered.

Elapsed: 00:00:00.66
16:48:07 SQL> 
16:48:07 SQL> COMMIT;

Commit complete.

Elapsed: 00:00:00.00
16:48:07 SQL> commit;

Commit complete.

Elapsed: 00:00:00.00
16:48:07 SQL> spool off;


Subject: Nomad upgrade completed successfully: ECST@rac01.stg.ewr1.nytimes.com
From: Nomad for Oracle <nytd_oracledba@nytimes.com>
To: nytd_ecommerce@nytimes.com
Cc: nytd_oracledba@nytimes.com

Nomad upgrade operation completed successfully without errors. 
        
        Details
        -------
        DB Hostname: rac01.stg.ewr1.nytimes.com
        DB Role: PRIMARY
        SID: ECST
        Schema: core_owner
        Migration: 36.0-disable-gift-cert-trigger
        SVN Revision: 11957
        Duration: 1 sec.
        DBA: sbao
        Service Request: https://jira.em.nytimes.com/browse/ORA-606