14:14:30 SQL> @/dbbackups/ECPR/migrations/core_owner/75.0-release-1.17.0-142-change/upgrade.sql
14:14:30 SQL> WHENEVER SQLERROR EXIT ROLLBACK;
14:14:30 SQL> 
14:14:30 SQL> variable is_current_version_fine NUMBER;
14:14:30 SQL> variable change_version NUMBER;
14:14:30 SQL> variable bad_current_version VARCHAR2(1024);
14:14:30 SQL> 
14:14:30 SQL> exec :change_version := 142;

PL/SQL procedure successfully completed.

Elapsed: 00:00:00.00
14:14:30 SQL> exec PROCS_SYSTEM_V20.CHECK_VERSION(:change_version - 1, :is_current_version_fine);

PL/SQL procedure successfully completed.

Elapsed: 00:00:00.22
14:14:31 SQL> exec :bad_current_version := 'Current version is bad, please update your version to '||(:change_version-1);

PL/SQL procedure successfully completed.

Elapsed: 00:00:00.01
14:14:31 SQL> 
14:14:31 SQL> BEGIN
14:14:31   2  	IF (:is_current_version_fine != 0) THEN
14:14:31   3  	  RAISE_APPLICATION_ERROR(-20001, :bad_current_version);
14:14:31   4  	END IF;
14:14:31   5  END;
14:14:31   6  /

PL/SQL procedure successfully completed.

Elapsed: 00:00:00.00
14:14:31 SQL> 
14:14:31 SQL> CREATE TABLE dbdeploy_changelog (
14:14:31   2  	change_number NUMBER(22,0) NOT NULL,
14:14:31   3  	complete_dt TIMESTAMP NOT NULL,
14:14:31   4  	applied_by VARCHAR2(100) NOT NULL,
14:14:31   5  	description VARCHAR2(500) NOT NULL
14:14:31   6  );

Table created.

Elapsed: 00:00:00.90
14:14:32 SQL> 
14:14:32 SQL> ALTER TABLE dbdeploy_changelog ADD CONSTRAINT dbdeploy_changelog_pk PRIMARY KEY (change_number);

Table altered.

Elapsed: 00:00:00.32
14:14:32 SQL> 
14:14:32 SQL> EXEC PROCS_SYSTEM_V20.INCREMENT_VERSION();

PL/SQL procedure successfully completed.

Elapsed: 00:00:00.02
14:14:32 SQL> commit;

Commit complete.

Elapsed: 00:00:00.00
14:14:32 SQL> spool off;


Subject: Nomad upgrade completed successfully: ECPR@rac01.prd.ewr1.nytimes.com
From: Nomad for Oracle <nytd_oracledba@nytimes.com>
To: nytd_ecommerce@nytimes.com
Cc: nytd_oracledba@nytimes.com

Nomad upgrade operation completed successfully without errors. 
        
        Details
        -------
        DB Hostname: rac01.prd.ewr1.nytimes.com
        DB Role: PRIMARY
        SID: ECPR
        Schema: core_owner
        Migration: 75.0-release-1.17.0-142-change
        SVN Revision: 13454
        Duration: 2 sec.
        DBA: apathrose
        