11:17:02 SQL> @/dbbackups/ECST/migrations/core_owner/9-jira_RT-474-update_gc_expiration_date/upgrade.sql
11:17:02 SQL> WHENEVER SQLERROR EXIT SQL.SQLCODE ROLLBACK
11:17:02 SQL> 
11:17:02 SQL> UPDATE GIFT_CERTIFICATE
11:17:02   2  SET EXPIRATION_DATE = to_date('2/28/2013', 'MM/DD/YYYY'),
11:17:02   3  	  UPDATE_DATE = SYSDATE,
11:17:02   4  	  UPDATED_BY = 'JIRA_RT-474'
11:17:02   5  WHERE offer_chain_id = 1777260
11:17:02   6  	    and expiration_date > SYSDATE
11:17:02   7  	    and cancelation_date is NULL
11:17:02   8  	    and redemption_date is NULL;

0 rows updated.

Elapsed: 00:00:00.14
11:17:02 SQL> 
11:17:02 SQL> COMMIT;

Commit complete.

Elapsed: 00:00:00.05
11:17:02 SQL> 
11:17:02 SQL> commit;

Commit complete.

Elapsed: 00:00:00.00
11:17:02 SQL> spool off;


Subject: Nomad upgrade success: ECST@rac01.stg.sea1.nytimes.com
From: Nomad for Oracle <nytd_oracledba@nytimes.com>
To: nytd_oracledba@nytimes.com
Cc: steven.nedlin@nytimes.com
Nomad upgrade operation success. 
        
        Details
        -------
        DB Hostname: rac01.stg.sea1.nytimes.com
        SID: ECST
        Schema: core_owner
        Migration: 9-jira_RT-474-update_gc_expiration_date
        SVN Revision: 9586
        Duration: 0