14:58:43 SQL> @/dbbackups/ECST/migrations/core_hist_owner/58.0-release-1.16.0-change-file-029/upgrade.sql
14:58:43 SQL> WHENEVER SQLERROR EXIT ROLLBACK;
14:58:43 SQL> 
14:58:43 SQL> variable is_current_version_fine NUMBER;
14:58:43 SQL> variable change_version NUMBER;
14:58:43 SQL> variable bad_current_version VARCHAR2(1024);
14:58:43 SQL> 
14:58:43 SQL> exec :change_version := 29;

PL/SQL procedure successfully completed.

Elapsed: 00:00:00.01
14:58:43 SQL> exec PROCS_SYSTEM_V17.CHECK_VERSION(:change_version - 1, :is_current_version_fine);

PL/SQL procedure successfully completed.

Elapsed: 00:00:00.07
14:58:43 SQL> exec :bad_current_version := 'Current version is bad, please update your version to '||(:change_version-1);

PL/SQL procedure successfully completed.

Elapsed: 00:00:00.00
14:58:43 SQL> 
14:58:43 SQL> BEGIN
14:58:43   2  	IF (:is_current_version_fine != 0) THEN
14:58:43   3  	  RAISE_APPLICATION_ERROR(-20001, :bad_current_version);
14:58:43   4  	END IF;
14:58:43   5  END;
14:58:43   6  /

PL/SQL procedure successfully completed.

Elapsed: 00:00:00.00
14:58:43 SQL> 
14:58:43 SQL> -- This should be done a couple of days after the release
14:58:43 SQL> DROP TABLE AMAZON_APPSTORE_HISTORY CASCADE CONSTRAINTS PURGE;

Table dropped.

Elapsed: 00:00:00.66
14:58:44 SQL> DROP SEQUENCE AAS_HISTORY_ID_SEQ;

Sequence dropped.

Elapsed: 00:00:00.02
14:58:44 SQL> 
14:58:44 SQL> CREATE TABLE CORE_HIST_OWNER.AMAZON_APPSTORE_RECEIPT_HIST (
14:58:44   2  	ID NUMBER NOT NULL,
14:58:44   3  	AASR_ID NUMBER NOT NULL,
14:58:44   4  	SUBSCRIPTION_ID NUMBER NOT NULL,
14:58:44   5  	USER_ID VARCHAR2(4000) NOT NULL,
14:58:44   6  	ITEM_TYPE VARCHAR2(50) NOT NULL,
14:58:44   7  	START_DATE DATE NOT NULL,
14:58:44   8  	END_DATE DATE,
14:58:44   9  	SKU VARCHAR2(4000) NOT NULL,
14:58:44  10  	PURCHASE_TOKEN VARCHAR2(4000) NOT NULL,
14:58:44  11  	AASR_CREATE_DATE DATE NOT NULL,
14:58:44  12  	AASR_CREATED_BY VARCHAR2(255) NOT NULL,
14:58:44  13  	AASR_UPDATE_DATE DATE NOT NULL,
14:58:44  14  	AASR_UPDATED_BY VARCHAR2(255) NOT NULL,
14:58:44  15  	LAST_CHECK_DATE DATE,
14:58:44  16  	CREATE_DATE DATE NOT NULL,
14:58:44  17  	CREATED_BY VARCHAR2(255) NOT NULL,
14:58:44  18  	SYSTEM_ACTIVITY_REASON_ID NUMBER NOT NULL,
14:58:44  19  	CONSTRAINT AASR_HISTORY_PK PRIMARY KEY (ID) USING INDEX TABLESPACE CORE_HIST_IDX
14:58:44  20  ) TABLESPACE CORE_HIST;

Table created.

Elapsed: 00:00:00.22
14:58:44 SQL> CREATE SEQUENCE AASR_HIST_ID_SEQ;

Sequence created.

Elapsed: 00:00:00.03
14:58:44 SQL> COMMENT ON TABLE CORE_HIST_OWNER.AMAZON_APPSTORE_RECEIPT_HIST  IS 'This is the history table for CORE_OWNER.AMAZON_APPSTORE_RECEIPT';

Comment created.

Elapsed: 00:00:00.01
14:58:44 SQL> CREATE INDEX CORE_HIST_OWNER.AMAZON_APPSTORE_RECEIPT_HIST ON CORE_HIST_OWNER.AMAZON_APPSTORE_RECEIPT_HIST (AASR_ID) TABLESPACE CORE_HIST_IDX;

Index created.

Elapsed: 00:00:00.01
14:58:44 SQL> 
14:58:44 SQL> 
14:58:44 SQL> exec PROCS_SYSTEM_V17.INCREMENT_VERSION();

PL/SQL procedure successfully completed.

Elapsed: 00:00:00.00
14:58:44 SQL> commit;

Commit complete.

Elapsed: 00:00:00.01
14:58:44 SQL> spool off;


Subject: Nomad upgrade completed successfully: ECST@rac01.stg.ewr1.nytimes.com
From: Nomad for Oracle <nytd_oracledba@nytimes.com>
To: nytd_ecommerce@nytimes.com
Cc: nytd_oracledba@nytimes.com

Nomad upgrade operation completed successfully without errors. 
        
        Details
        -------
        DB Hostname: rac01.stg.ewr1.nytimes.com
        DB Role: PRIMARY
        SID: ECST
        Schema: core_hist_owner
        Migration: 58.0-release-1.16.0-change-file-029
        SVN Revision: 12923
        Duration: 1 sec.
        DBA: sbao
        Service Request: https://jira.em.nytimes.com/browse/ORA-898