15:45:48 SQL> @/dbbackups/ECST/migrations/core_hist_owner/59.0-release-1.17.0-30-change/upgrade.sql
15:45:48 SQL> WHENEVER SQLERROR EXIT ROLLBACK;
15:45:48 SQL> 
15:45:48 SQL> variable is_current_version_fine NUMBER;
15:45:48 SQL> variable change_version NUMBER;
15:45:48 SQL> variable bad_current_version VARCHAR2(1024);
15:45:48 SQL> 
15:45:48 SQL> exec :change_version := 30;

PL/SQL procedure successfully completed.

Elapsed: 00:00:00.01
15:45:48 SQL> exec PROCS_SYSTEM_V17.CHECK_VERSION(:change_version - 1, :is_current_version_fine);

PL/SQL procedure successfully completed.

Elapsed: 00:00:00.11
15:45:48 SQL> exec :bad_current_version := 'Current version is bad, please update your version to '||(:change_version-1);

PL/SQL procedure successfully completed.

Elapsed: 00:00:00.00
15:45:48 SQL> 
15:45:48 SQL> BEGIN
15:45:48   2  	IF (:is_current_version_fine != 0) THEN
15:45:48   3  	  RAISE_APPLICATION_ERROR(-20001, :bad_current_version);
15:45:48   4  	END IF;
15:45:48   5  END;
15:45:48   6  /

PL/SQL procedure successfully completed.

Elapsed: 00:00:00.00
15:45:48 SQL> 
15:45:48 SQL> CREATE TABLE dbdeploy_changelog (
15:45:48   2  	change_number NUMBER(22,0) NOT NULL,
15:45:48   3  	complete_dt TIMESTAMP NOT NULL,
15:45:48   4  	applied_by VARCHAR2(100) NOT NULL,
15:45:48   5  	description VARCHAR2(500) NOT NULL
15:45:48   6  );

Table created.

Elapsed: 00:00:00.18
15:45:49 SQL> 
15:45:49 SQL> ALTER TABLE dbdeploy_changelog ADD CONSTRAINT dbdeploy_changelog_pk PRIMARY KEY (change_number);

Table altered.

Elapsed: 00:00:00.12
15:45:49 SQL> 
15:45:49 SQL> exec PROCS_SYSTEM_V17.INCREMENT_VERSION();

PL/SQL procedure successfully completed.

Elapsed: 00:00:00.00
15:45:49 SQL> commit;

Commit complete.

Elapsed: 00:00:00.01
15:45:49 SQL> spool off;


Subject: Nomad upgrade completed successfully: ECST@rac01.stg.ewr1.nytimes.com
From: Nomad for Oracle <nytd_oracledba@nytimes.com>
To: nytd_ecommerce@nytimes.com
Cc: nytd_oracledba@nytimes.com

Nomad upgrade operation completed successfully without errors. 
        
        Details
        -------
        DB Hostname: rac01.stg.ewr1.nytimes.com
        DB Role: PRIMARY
        SID: ECST
        Schema: core_hist_owner
        Migration: 59.0-release-1.17.0-30-change
        SVN Revision: 13447
        Duration: 0 sec.
        DBA: apathrose
        