14:21:02 SQL> @/dbbackups/ECPR/migrations/core_hist_owner/59.0-release-1.17.0-30-change/upgrade.sql
14:21:02 SQL> WHENEVER SQLERROR EXIT ROLLBACK;
14:21:02 SQL> 
14:21:02 SQL> variable is_current_version_fine NUMBER;
14:21:02 SQL> variable change_version NUMBER;
14:21:02 SQL> variable bad_current_version VARCHAR2(1024);
14:21:02 SQL> 
14:21:02 SQL> exec :change_version := 30;

PL/SQL procedure successfully completed.

Elapsed: 00:00:00.01
14:21:02 SQL> exec PROCS_SYSTEM_V17.CHECK_VERSION(:change_version - 1, :is_current_version_fine);

PL/SQL procedure successfully completed.

Elapsed: 00:00:00.15
14:21:02 SQL> exec :bad_current_version := 'Current version is bad, please update your version to '||(:change_version-1);

PL/SQL procedure successfully completed.

Elapsed: 00:00:00.00
14:21:02 SQL> 
14:21:02 SQL> BEGIN
14:21:02   2  	IF (:is_current_version_fine != 0) THEN
14:21:02   3  	  RAISE_APPLICATION_ERROR(-20001, :bad_current_version);
14:21:02   4  	END IF;
14:21:02   5  END;
14:21:02   6  /

PL/SQL procedure successfully completed.

Elapsed: 00:00:00.00
14:21:02 SQL> 
14:21:02 SQL> CREATE TABLE dbdeploy_changelog (
14:21:02   2  	change_number NUMBER(22,0) NOT NULL,
14:21:02   3  	complete_dt TIMESTAMP NOT NULL,
14:21:02   4  	applied_by VARCHAR2(100) NOT NULL,
14:21:02   5  	description VARCHAR2(500) NOT NULL
14:21:02   6  );

Table created.

Elapsed: 00:00:00.05
14:21:03 SQL> 
14:21:03 SQL> ALTER TABLE dbdeploy_changelog ADD CONSTRAINT dbdeploy_changelog_pk PRIMARY KEY (change_number);

Table altered.

Elapsed: 00:00:00.05
14:21:03 SQL> 
14:21:03 SQL> exec PROCS_SYSTEM_V17.INCREMENT_VERSION();

PL/SQL procedure successfully completed.

Elapsed: 00:00:00.01
14:21:03 SQL> commit;

Commit complete.

Elapsed: 00:00:00.00
14:21:03 SQL> spool off;


Subject: Nomad upgrade completed successfully: ECPR@rac01.prd.ewr1.nytimes.com
From: Nomad for Oracle <nytd_oracledba@nytimes.com>
To: nytd_ecommerce@nytimes.com
Cc: nytd_oracledba@nytimes.com

Nomad upgrade operation completed successfully without errors. 
        
        Details
        -------
        DB Hostname: rac01.prd.ewr1.nytimes.com
        DB Role: PRIMARY
        SID: ECPR
        Schema: core_hist_owner
        Migration: 59.0-release-1.17.0-30-change
        SVN Revision: 13447
        Duration: 0 sec.
        DBA: apathrose
        