16:43:48 SQL> @/dbbackups/ECST2/migrations/core_owner/26-update-gc-expiration-date-SAR-287/upgrade.sql
16:43:48 SQL> WHENEVER SQLERROR EXIT SQL.SQLCODE ROLLBACK
16:43:48 SQL> 
16:43:48 SQL> DECLARE
16:43:48   2  cnt  NUMBER(1,-2);
16:43:48   3  today DATE :=sysdate;
16:43:48   4  BEGIN
16:43:48   5  	 cnt := 0;
16:43:48   6  
16:43:48   7  	 FOR f_row IN (
16:43:48   8  	    SELECT code as "CODE"
16:43:48   9  	    FROM
16:43:48  10  	       GIFT_CERTIFICATE
16:43:48  11  	    WHERE
16:43:48  12  	       offer_chain_id = 1188880)
16:43:48  13  	 LOOP
16:43:48  14  	    UPDATE GIFT_CERTIFICATE
16:43:48  15  	    SET EXPIRATION_DATE = to_date('06/08/13', 'MM/DD/YY'),
16:43:48  16  	       UPDATE_DATE = today,
16:43:48  17  	       UPDATED_BY = 'JIRA-SAR-287'
16:43:48  18  	    WHERE OFFER_CHAIN_ID = 1188880
16:43:48  19  	       AND CODE = f_row.CODE;
16:43:48  20  
16:43:48  21  	    cnt := cnt + 1;
16:43:48  22  	    IF mod(cnt, 2000) = 0 THEN
16:43:48  23  	       COMMIT;
16:43:48  24  	    END IF;
16:43:48  25  	 END LOOP;
16:43:48  26  	 COMMIT;
16:43:48  27  END;
16:43:48  28  /

PL/SQL procedure successfully completed.

Elapsed: 00:00:00.55
16:43:49 SQL> 
16:43:49 SQL> commit;

Commit complete.

Elapsed: 00:00:00.00
16:43:49 SQL> spool off;


Subject: Nomad upgrade completed successfully: ECST2@rac01.stg.ewr1.nytimes.com
From: Nomad for Oracle <nytd_oracledba@nytimes.com>
To: nytd_ecommerce@nytimes.com
Cc: nytd_oracledba@nytimes.com

Nomad upgrade operation completed successfully without errors. 
        
        Details
        -------
        DB Hostname: rac01.stg.ewr1.nytimes.com
        DB Role: PRIMARY
        SID: ECST2
        Schema: core_owner
        Migration: 26-update-gc-expiration-date-SAR-287
        SVN Revision: 10941
        Duration: 1 sec.
        DBA: rgorigy
        Service Request: https://jira.em.nytimes.com/browse/ORA-461