15:52:03 SQL> @/dbbackups/ECST2/migrations/ops_hist_owner/3-release-1.11.1-all/upgrade.sql
15:52:03 SQL> --------------------------------------------------------------------------------
15:52:03 SQL> -- DDL for package PROCS_HISTORY
15:52:03 SQL> --------------------------------------------------------------------------------
15:52:03 SQL> 
15:52:03 SQL> CREATE OR REPLACE PACKAGE "PROCS_HISTORY_V17" AS
15:52:03   2  
15:52:03   3  PROCEDURE CREATE_NOTIFICATION_HISTORY (
15:52:03   4  /*
15:52:03   5  Throws exceptions:
15:52:03   6  APP_EXCEPTION_CODES_V17.UNKNOWN_ERROR
15:52:03   7  */
15:52:03   8  	in_notification_id	      IN NUMBER,
15:52:03   9  	in_account_id		      IN NUMBER,
15:52:03  10  	in_group_id		      IN NUMBER,
15:52:03  11  	notification_reason_type_id   IN NUMBER,
15:52:03  12  	notification_status_id	      IN NUMBER,
15:52:03  13  	email_template_params	      IN CLOB,
15:52:03  14  	in_create_date		      IN DATE,
15:52:03  15  	in_date_to_notify	      IN DATE
15:52:03  16  );
15:52:03  17  
15:52:03  18  PROCEDURE CREATE_NOTIF_FAILURE_HISTORY (
15:52:03  19  /*
15:52:03  20  Throws exceptions:
15:52:03  21  APP_EXCEPTION_CODES_V17.UNKNOWN_ERROR
15:52:03  22  */
15:52:03  23  	in_error_messgae	 IN VARCHAR2,
15:52:03  24  	in_notification_id	 IN NUMBER,
15:52:03  25  	in_create_date		 IN DATE
15:52:03  26  );
15:52:03  27  
15:52:03  28  END PROCS_HISTORY_V17;
15:52:03  29  .
15:52:03 SQL> /

Package created.

Elapsed: 00:00:00.08
15:52:03 SQL> 
15:52:03 SQL> CREATE OR REPLACE PACKAGE BODY "PROCS_HISTORY_V17" AS
15:52:03   2  
15:52:03   3  PROCEDURE CREATE_NOTIFICATION_HISTORY (
15:52:03   4  /*
15:52:03   5  Throws exceptions:
15:52:03   6  APP_EXCEPTION_CODES_V17.UNKNOWN_ERROR
15:52:03   7  */
15:52:03   8  	in_notification_id	      IN NUMBER,
15:52:03   9  	in_account_id		      IN NUMBER,
15:52:03  10  	in_group_id		      IN NUMBER,
15:52:03  11  	notification_reason_type_id   IN NUMBER,
15:52:03  12  	notification_status_id	      IN NUMBER,
15:52:03  13  	email_template_params	      IN CLOB,
15:52:03  14  	in_create_date		      IN DATE,
15:52:03  15  	in_date_to_notify	      IN DATE
15:52:03  16  ) AS
15:52:03  17  SPROC_NAME CONSTANT VARCHAR2(27) := 'CREATE_NOTIFICATION_HISTORY';
15:52:03  18  BEGIN
15:52:03  19  
15:52:03  20  	INSERT INTO NOTIFICATION_HISTORY (
15:52:03  21  	  NOTIFICATION_ID,
15:52:03  22  	  ACCOUNT_ID,
15:52:03  23  	  GROUP_ID,
15:52:03  24  	  NOTIFICATION_REASON_TYPE_ID,
15:52:03  25  	  NOTIFICATION_STATUS_ID,
15:52:03  26  	  EMAIL_TEMPLATE_PARAMS,
15:52:03  27  	  CREATE_DATE,
15:52:03  28  	  UPDATE_DATE,
15:52:03  29  	  DATE_TO_NOTIFY
15:52:03  30  	) VALUES (
15:52:03  31  	  in_notification_id,
15:52:03  32  	  in_account_id,
15:52:03  33  	  in_group_id,
15:52:03  34  	  notification_reason_type_id,
15:52:03  35  	  notification_status_id,
15:52:03  36  	  email_template_params,
15:52:03  37  	  in_create_date,
15:52:03  38  	  sysdate,
15:52:03  39  	  in_date_to_notify
15:52:03  40  	);
15:52:03  41  
15:52:03  42  EXCEPTION
15:52:03  43  WHEN OTHERS THEN
15:52:03  44  	RAISE_APPLICATION_ERROR(CORE_OWNER.APP_EXCEPTION_CODES_V17.UNKNOWN_ERROR,
15:52:03  45  	  SPROC_NAME||': Unknown error: '||SQLERRM);
15:52:03  46  END CREATE_NOTIFICATION_HISTORY;
15:52:03  47  
15:52:03  48  /******************************************************************************/
15:52:03  49  
15:52:03  50  PROCEDURE CREATE_NOTIF_FAILURE_HISTORY (
15:52:03  51  /*
15:52:03  52  Throws exceptions:
15:52:03  53  APP_EXCEPTION_CODES_V17.UNKNOWN_ERROR
15:52:03  54  */
15:52:03  55  	in_error_messgae	 IN VARCHAR2,
15:52:03  56  	in_notification_id IN NUMBER,
15:52:03  57  	in_create_date		 IN DATE
15:52:03  58  ) AS
15:52:03  59  SPROC_NAME CONSTANT VARCHAR2(28) := 'CREATE_NOTIF_FAILURE_HISTORY';
15:52:03  60  BEGIN
15:52:03  61  
15:52:03  62  	INSERT INTO NOTIFICATION_FAILURE_HISTORY (
15:52:03  63  	  ERROR_MESSAGE,
15:52:03  64  	  NOTIFICATION_ID,
15:52:03  65  	  CREATE_DATE,
15:52:03  66  	  UPDATE_DATE
15:52:03  67  	) VALUES (
15:52:03  68  	  in_error_messgae,
15:52:03  69  	  in_notification_id,
15:52:03  70  	  in_create_date,
15:52:03  71  	  sysdate
15:52:03  72  	);
15:52:03  73  
15:52:03  74  EXCEPTION
15:52:03  75  WHEN OTHERS THEN
15:52:03  76  	RAISE_APPLICATION_ERROR(CORE_OWNER.APP_EXCEPTION_CODES_V17.UNKNOWN_ERROR,
15:52:03  77  	  SPROC_NAME||': Unknown error: '||SQLERRM);
15:52:03  78  END CREATE_NOTIF_FAILURE_HISTORY;
15:52:03  79  
15:52:03  80  END PROCS_HISTORY_V17;
15:52:03  81  .
15:52:03 SQL> /

Package body created.

Elapsed: 00:00:00.04
15:52:03 SQL> 
15:52:03 SQL> --------------------------------------------------------------------------------
15:52:03 SQL> -- DDL for package PROCS_PARTITIONS
15:52:03 SQL> --------------------------------------------------------------------------------
15:52:03 SQL> 
15:52:03 SQL> CREATE OR REPLACE PACKAGE "PROCS_PARTITIONS_V17" AS
15:52:03   2  
15:52:03   3  PROCEDURE GET_PARTITION_YEAR_MONTH (
15:52:03   4  	in_year   IN NUMBER,
15:52:03   5  	in_month  IN NUMBER,
15:52:03   6  	out_year  OUT NUMBER,
15:52:03   7  	out_month OUT NUMBER
15:52:03   8  );
15:52:03   9  
15:52:03  10  PROCEDURE ADD_TABLE_PARTITION (
15:52:03  11  	in_tablename	   IN VARCHAR2,
15:52:03  12  	in_partitionprefix IN VARCHAR2,
15:52:03  13  	in_year 	   IN NUMBER,
15:52:03  14  	in_month	   IN NUMBER
15:52:03  15  );
15:52:03  16  
15:52:03  17  PROCEDURE ADD_NOTIFICATION_PARTITION(
15:52:03  18  	in_year  IN NUMBER,
15:52:03  19  	in_month IN NUMBER
15:52:03  20  );
15:52:03  21  
15:52:03  22  PROCEDURE ADD_NOTIF_FAILURE_PARTITION(
15:52:03  23  	in_year  IN NUMBER,
15:52:03  24  	in_month IN NUMBER
15:52:03  25  );
15:52:03  26  
15:52:03  27  END PROCS_PARTITIONS_V17;
15:52:03  28  .
15:52:03 SQL> /

Package created.

Elapsed: 00:00:00.02
15:52:03 SQL> 
15:52:03 SQL> CREATE OR REPLACE PACKAGE BODY "PROCS_PARTITIONS_V17" AS
15:52:03   2  
15:52:03   3  PROCEDURE GET_PARTITION_YEAR_MONTH (
15:52:03   4  	in_year   IN NUMBER,
15:52:03   5  	in_month  IN NUMBER,
15:52:03   6  	out_year  OUT NUMBER,
15:52:03   7  	out_month OUT NUMBER
15:52:03   8  ) AS
15:52:03   9  BEGIN
15:52:03  10  	IF in_month < 12 THEN
15:52:03  11  	  out_month := in_month + 1;
15:52:03  12  	  out_year  := in_year;
15:52:03  13  	ELSIF in_month = 12 THEN
15:52:03  14  	  out_month := 1;
15:52:03  15  	  out_year  := in_year + 1;
15:52:03  16  	ELSE
15:52:03  17  	  out_month := in_month;
15:52:03  18  	  out_year  := in_year;
15:52:03  19  	END IF;
15:52:03  20  END;
15:52:03  21  
15:52:03  22  /**************************************************************/
15:52:03  23  
15:52:03  24  PROCEDURE ADD_TABLE_PARTITION (
15:52:03  25  	in_tablename	   IN VARCHAR2,
15:52:03  26  	in_partitionprefix IN VARCHAR2,
15:52:03  27  	in_year 	   IN NUMBER,
15:52:03  28  	in_month	   IN NUMBER
15:52:03  29  ) AS
15:52:03  30  -- VARIABLES
15:52:03  31  partision_year  NUMBER;
15:52:03  32  partision_month NUMBER;
15:52:03  33  -- CONSTANTS
15:52:03  34  const_max_prefix CONSTANT VARCHAR(3) := 'max';
15:52:03  35  BEGIN
15:52:03  36  	GET_PARTITION_YEAR_MONTH(in_year, in_month, partision_year, partision_month);
15:52:03  37  	EXECUTE IMMEDIATE 'ALTER TABLE '||in_tablename||' SPLIT PARTITION '||in_partitionprefix||'_'||const_max_prefix||' AT (date '''||partision_year||'-'||partision_month||'-01'') INTO (PARTITION '||in_partitionprefix||'_y'||in_year||'m'||in_month||', PARTITION '||in_partitionprefix||'_'||const_max_prefix||')';
15:52:03  38  END;
15:52:03  39  
15:52:03  40  /**************************************************************/
15:52:03  41  
15:52:03  42  PROCEDURE ADD_NOTIFICATION_PARTITION(
15:52:03  43  	in_year  IN NUMBER,
15:52:03  44  	in_month IN NUMBER
15:52:03  45  ) AS
15:52:03  46  -- CONSTANTS
15:52:03  47  CONST_TABLE_NAME	     CONSTANT VARCHAR2(20) := 'NOTIFICATION_HISTORY';
15:52:03  48  CONST_PARTITION_PREFIX CONSTANT VARCHAR2(12)  := 'notification';
15:52:03  49  BEGIN
15:52:03  50  	ADD_TABLE_PARTITION(CONST_TABLE_NAME, CONST_PARTITION_PREFIX, in_year, in_month);
15:52:03  51  END ADD_NOTIFICATION_PARTITION;
15:52:03  52  
15:52:03  53  /**************************************************************/
15:52:03  54  
15:52:03  55  PROCEDURE ADD_NOTIF_FAILURE_PARTITION(
15:52:03  56  	in_year  IN NUMBER,
15:52:03  57  	in_month IN NUMBER
15:52:03  58  ) AS
15:52:03  59  -- CONSTANTS
15:52:03  60  CONST_TABLE_NAME	     CONSTANT VARCHAR2(28) := 'NOTIFICATION_FAILURE_HISTORY';
15:52:03  61  CONST_PARTITION_PREFIX CONSTANT VARCHAR2(20) := 'notification_failure';
15:52:03  62  BEGIN
15:52:03  63  	ADD_TABLE_PARTITION(CONST_TABLE_NAME, CONST_PARTITION_PREFIX, in_year, in_month);
15:52:03  64  END ADD_NOTIF_FAILURE_PARTITION;
15:52:03  65  
15:52:03  66  END PROCS_PARTITIONS_V17;
15:52:03  67  .
15:52:03 SQL> /

Package body created.

Elapsed: 00:00:00.03
15:52:03 SQL> 
15:52:03 SQL> --------------------------------------------------------------------------------
15:52:03 SQL> -- DDL for package PROCS_SYSTEM
15:52:03 SQL> --------------------------------------------------------------------------------
15:52:03 SQL> 
15:52:03 SQL> CREATE OR REPLACE PACKAGE "PROCS_SYSTEM_V17" AS
15:52:03   2  
15:52:03   3  PROCEDURE INCREMENT_VERSION;
15:52:03   4  
15:52:03   5  PROCEDURE CHECK_VERSION(
15:52:03   6  	  in_vers    IN NUMBER,
15:52:03   7  	  out_result OUT NUMBER
15:52:03   8  );
15:52:03   9  
15:52:03  10  END PROCS_SYSTEM_V17;
15:52:03  11  .
15:52:03 SQL> /

Package created.

Elapsed: 00:00:00.02
15:52:03 SQL> 
15:52:03 SQL> CREATE OR REPLACE PACKAGE BODY "PROCS_SYSTEM_V17" AS
15:52:03   2  
15:52:03   3  PROCEDURE INCREMENT_VERSION
15:52:03   4  /*
15:52:03   5  Throws exceptions:
15:52:03   6  CORE_OWNER.APP_EXCEPTION_CODES_V17.UNKNOWN_ERROR
15:52:03   7  */
15:52:03   8  AS
15:52:03   9  BEGIN
15:52:03  10  
15:52:03  11  	UPDATE SYS_VERSION SET version=version+1;
15:52:03  12  
15:52:03  13  EXCEPTION
15:52:03  14  WHEN OTHERS THEN
15:52:03  15  	RAISE_APPLICATION_ERROR(CORE_OWNER.APP_EXCEPTION_CODES_V17.UNKNOWN_ERROR,
15:52:03  16  	  'Unknown error');
15:52:03  17  END INCREMENT_VERSION;
15:52:03  18  
15:52:03  19  /*************************************************************/
15:52:03  20  
15:52:03  21  PROCEDURE CHECK_VERSION(
15:52:03  22  	  in_vers    IN NUMBER,
15:52:03  23  	  out_result OUT NUMBER
15:52:03  24  ) AS
15:52:03  25  	current_version NUMBER;
15:52:03  26  BEGIN
15:52:03  27  	SELECT version INTO current_version FROM SYS_VERSION;
15:52:03  28  	IF(current_version != in_vers) THEN
15:52:03  29  	  out_result := 1;
15:52:03  30  	ELSE
15:52:03  31  	  out_result := 0;
15:52:03  32  	END IF;
15:52:03  33  	EXCEPTION
15:52:03  34  	      WHEN OTHERS THEN
15:52:03  35  	      NULL;
15:52:03  36  END CHECK_VERSION;
15:52:03  37  
15:52:03  38  END PROCS_SYSTEM_V17;
15:52:03  39  .
15:52:03 SQL> /

Package body created.

Elapsed: 00:00:00.02
15:52:03 SQL> 
15:52:03 SQL> --------------------------------------------------------------------------------
15:52:03 SQL> -- DDL for package PUBLIC_PROCS_OPS
15:52:03 SQL> --------------------------------------------------------------------------------
15:52:03 SQL> 
15:52:03 SQL> CREATE OR REPLACE PACKAGE "PUBLIC_PROCS_OPS_V17" AS
15:52:03   2  
15:52:03   3  PROCEDURE CREATE_NOTIFICATION_HISTORY (
15:52:03   4  /*
15:52:03   5  Throws exceptions:
15:52:03   6  APP_EXCEPTION_CODES_V17.UNKNOWN_ERROR
15:52:03   7  */
15:52:03   8  	in_notification_id	      IN NUMBER,
15:52:03   9  	in_account_id		      IN NUMBER,
15:52:03  10  	in_group_id		      IN NUMBER,
15:52:03  11  	notification_reason_type_id   IN NUMBER,
15:52:03  12  	notification_status_id	      IN NUMBER,
15:52:03  13  	email_template_params	      IN CLOB,
15:52:03  14  	in_create_date		      IN DATE,
15:52:03  15  	in_date_to_notify	      IN DATE
15:52:03  16  );
15:52:03  17  
15:52:03  18  PROCEDURE CREATE_NOTIF_FAILURE_HISTORY (
15:52:03  19  /*
15:52:03  20  Throws exceptions:
15:52:03  21  APP_EXCEPTION_CODES_V17.UNKNOWN_ERROR
15:52:03  22  */
15:52:03  23  	in_error_message	 IN VARCHAR2,
15:52:03  24  	in_notification_id	 IN NUMBER,
15:52:03  25  	in_create_date		 IN DATE
15:52:03  26  );
15:52:03  27  
15:52:03  28  END PUBLIC_PROCS_OPS_V17;
15:52:03  29  .
15:52:03 SQL> /

Package created.

Elapsed: 00:00:00.04
15:52:03 SQL> 
15:52:03 SQL> CREATE OR REPLACE PACKAGE BODY "PUBLIC_PROCS_OPS_V17" AS
15:52:03   2  
15:52:03   3  PROCEDURE CREATE_NOTIFICATION_HISTORY (
15:52:03   4  /*
15:52:03   5  Throws exceptions:
15:52:03   6  APP_EXCEPTION_CODES_V17.UNKNOWN_ERROR
15:52:03   7  */
15:52:03   8  	in_notification_id	      IN NUMBER,
15:52:03   9  	in_account_id		      IN NUMBER,
15:52:03  10  	in_group_id		      IN NUMBER,
15:52:03  11  	notification_reason_type_id   IN NUMBER,
15:52:03  12  	notification_status_id	      IN NUMBER,
15:52:03  13  	email_template_params	      IN CLOB,
15:52:03  14  	in_create_date		      IN DATE,
15:52:03  15  	in_date_to_notify	      IN DATE
15:52:03  16  ) AS
15:52:03  17  BEGIN
15:52:03  18  	PROCS_HISTORY_V17.CREATE_NOTIFICATION_HISTORY(
15:52:03  19  	  in_notification_id,
15:52:03  20  	  in_account_id,
15:52:03  21  	  in_group_id,
15:52:03  22  	  notification_reason_type_id,
15:52:03  23  	  notification_status_id,
15:52:03  24  	  email_template_params,
15:52:03  25  	  in_create_date,
15:52:03  26  	  in_date_to_notify
15:52:03  27  	);
15:52:03  28  END CREATE_NOTIFICATION_HISTORY;
15:52:03  29  
15:52:03  30  /******************************************************/
15:52:03  31  
15:52:03  32  PROCEDURE CREATE_NOTIF_FAILURE_HISTORY (
15:52:03  33  /*
15:52:03  34  Throws exceptions:
15:52:03  35  APP_EXCEPTION_CODES_V17.UNKNOWN_ERROR
15:52:03  36  */
15:52:03  37  	in_error_message	 IN VARCHAR2,
15:52:03  38  	in_notification_id	 IN NUMBER,
15:52:03  39  	in_create_date		 IN DATE
15:52:03  40  ) AS
15:52:03  41  BEGIN
15:52:03  42  	PROCS_HISTORY_V17.CREATE_NOTIF_FAILURE_HISTORY(
15:52:03  43  	  in_error_message,
15:52:03  44  	  in_notification_id,
15:52:03  45  	  in_create_date
15:52:03  46  	);
15:52:03  47  END CREATE_NOTIF_FAILURE_HISTORY;
15:52:03  48  
15:52:03  49  END PUBLIC_PROCS_OPS_V17;
15:52:03  50  .
15:52:03 SQL> /

Package body created.

Elapsed: 00:00:00.03
15:52:03 SQL> 
15:52:03 SQL> GRANT EXECUTE ON PUBLIC_PROCS_OPS_V17 TO ops_owner;

Grant succeeded.

Elapsed: 00:00:00.01
15:52:03 SQL> GRANT EXECUTE ON PUBLIC_PROCS_OPS_V17 TO ops_aaa_app;

Grant succeeded.

Elapsed: 00:00:00.00
15:52:03 SQL> GRANT EXECUTE ON PUBLIC_PROCS_OPS_V17 TO ops_payment_app;

Grant succeeded.

Elapsed: 00:00:00.00
15:52:03 SQL> GRANT EXECUTE ON PUBLIC_PROCS_OPS_V17 TO ops_notif_app;

Grant succeeded.

Elapsed: 00:00:00.01
15:52:03 SQL> 
15:52:03 SQL> grant select on OPS_HIST_OWNER.NOTIFICATION_FAILURE_HISTORY to core_hist_owner;

Grant succeeded.

Elapsed: 00:00:00.13
15:52:03 SQL> grant select on OPS_HIST_OWNER.NOTIFICATION_HISTORY to core_hist_owner;

Grant succeeded.

Elapsed: 00:00:00.15
15:52:03 SQL> commit;

Commit complete.

Elapsed: 00:00:00.00
15:52:03 SQL> spool off;


Subject: Nomad upgrade completed successfully: ECST2@rac01.stg.ewr1.nytimes.com
From: Nomad for Oracle <nytd_oracledba@nytimes.com>
To: nytd_ecommerce@nytimes.com,nytd_oracledba@nytimes.com
Cc: nytd_oracledba@nytimes.com
Nomad upgrade operation completed successfully without errors. 
        
        Details
        -------
        DB Hostname: rac01.stg.ewr1.nytimes.com
        SID: ECST2
        Schema: ops_hist_owner
        Migration: 3-release-1.11.1-all
        SVN Revision: 10382
        Duration: 1 sec.
        Service Request: https://jira.em.nytimes.com/browse/ORA-339