14:50:57 SQL> @/dbbackups/ECST/migrations/core_owner/30.3-release-1.13.0-change-file-136/upgrade.sql
14:50:57 SQL> WHENEVER SQLERROR EXIT ROLLBACK;
14:50:57 SQL> 
14:50:57 SQL> EXEC PROCS_SYSTEM_V16.INCREMENT_VERSION();

PL/SQL procedure successfully completed.

Elapsed: 00:00:00.02
14:50:57 SQL> COMMIT;

Commit complete.

Elapsed: 00:00:00.01
14:50:57 SQL> 
14:50:57 SQL> variable is_current_version_fine NUMBER;
14:50:57 SQL> variable change_version NUMBER;
14:50:57 SQL> variable bad_current_version VARCHAR2(1024);
14:50:57 SQL> 
14:50:57 SQL> exec :change_version := 136;

PL/SQL procedure successfully completed.

Elapsed: 00:00:00.00
14:50:57 SQL> exec PROCS_SYSTEM_V16.CHECK_VERSION(:change_version - 1, :is_current_version_fine);

PL/SQL procedure successfully completed.

Elapsed: 00:00:00.00
14:50:57 SQL> exec :bad_current_version := 'Current version is bad, please update your version to '||(:change_version-1);

PL/SQL procedure successfully completed.

Elapsed: 00:00:00.00
14:50:57 SQL> 
14:50:57 SQL> BEGIN
14:50:57   2  	IF (:is_current_version_fine != 0) THEN
14:50:57   3  	  RAISE_APPLICATION_ERROR(-20001, :bad_current_version);
14:50:57   4  	END IF;
14:50:57   5  END;
14:50:57   6  /

PL/SQL procedure successfully completed.

Elapsed: 00:00:00.00
14:50:57 SQL> 
14:50:57 SQL> -- User Start Subscription Transaction type (8)
14:50:57 SQL> UPDATE
14:50:57   2  	  transaction
14:50:57   3  SET
14:50:57   4  	  transaction_type_code = 'START_SUBSCRIPTION'
14:50:57   5  WHERE
14:50:57   6  	  created_by <> 'LICENSING' AND
14:50:57   7  	  is_refund = 0 AND
14:50:57   8  	  rownum <= 100 AND
14:50:57   9  	  id IN
14:50:57  10  	  (
14:50:57  11  	      SELECT
14:50:57  12  		  MIN(t.id)
14:50:57  13  	      FROM
14:50:57  14  		  transaction t,
14:50:57  15  		  transaction_attempt ta,
14:50:57  16  		  license l,
14:50:57  17  		  charge c
14:50:57  18  	      WHERE
14:50:57  19  		  ta.transaction_id = t.id AND
14:50:57  20  		  l.invoice_id = c.invoice_id AND
14:50:57  21  		  c.transaction_id = t.id AND
14:50:57  22  		  t.transaction_status_id = 1 AND
14:50:57  23  		  t.create_date > SYSDATE - 3
14:50:57  24  	      GROUP BY
14:50:57  25  		  l.subscription_id) ;

0 rows updated.

Elapsed: 00:00:00.00
14:50:57 SQL> 
14:50:57 SQL> -- Refund Transaction types (38)
14:50:57 SQL> UPDATE
14:50:57   2  	  transaction
14:50:57   3  SET
14:50:57   4  	  transaction_type_code = 'REFUND'
14:50:57   5  WHERE
14:50:57   6  	  is_refund = 1 AND
14:50:57   7  	  created_by <> 'LICENSING' AND
14:50:57   8  	  transaction_type_code IS NULL AND
14:50:57   9  	  transaction_status_id = 1 AND
14:50:57  10  	  create_date > SYSDATE - 3 AND
14:50:57  11  	  rownum <= 500;

0 rows updated.

Elapsed: 00:00:00.00
14:50:57 SQL> 
14:50:57 SQL> -- Everything else not created by the licensing job must be a User Update Recurring Billing Transaction (100)
14:50:57 SQL> UPDATE
14:50:57   2  	  transaction
14:50:57   3  SET
14:50:57   4  	  transaction_type_code = 'RECURRING_BILLING_USER_UPDATE'
14:50:57   5  WHERE
14:50:57   6  	  created_by <> 'LICENSING' AND
14:50:57   7  	  transaction_type_code IS NULL AND
14:50:57   8  	  transaction_status_id = 1 AND
14:50:57   9  	  create_date > SYSDATE - 3 AND
14:50:57  10  	  rownum <= 1000;

0 rows updated.

Elapsed: 00:00:00.00
14:50:57 SQL> 
14:50:57 SQL> -- Everything else created by licensing is a Recurring Billing Transaction (577)
14:50:57 SQL> UPDATE
14:50:57   2  	  transaction
14:50:57   3  SET
14:50:57   4  	  transaction_type_code = 'RECURRING_BILLING'
14:50:57   5  WHERE
14:50:57   6  	  created_by = 'LICENSING' AND
14:50:57   7  	  transaction_type_code IS NULL AND
14:50:57   8  	  transaction_status_id = 1 AND
14:50:57   9  	  create_date > SYSDATE - 3 AND
14:50:57  10  	  rownum <= 5000;

0 rows updated.

Elapsed: 00:00:00.00
14:50:57 SQL> 
14:50:57 SQL> 
14:50:57 SQL> EXEC PROCS_SYSTEM_V16.INCREMENT_VERSION();

PL/SQL procedure successfully completed.

Elapsed: 00:00:00.00
14:50:57 SQL> 
14:50:57 SQL> COMMIT;

Commit complete.

Elapsed: 00:00:00.01
14:50:57 SQL> 
14:50:57 SQL> commit;

Commit complete.

Elapsed: 00:00:00.00
14:50:57 SQL> spool off;


Subject: Nomad upgrade completed successfully: ECST@rac01.stg.ewr1.nytimes.com
From: Nomad for Oracle <nytd_oracledba@nytimes.com>
To: nytd_ecommerce@nytimes.com
Cc: nytd_oracledba@nytimes.com

Nomad upgrade operation completed successfully without errors. 
        
        Details
        -------
        DB Hostname: rac01.stg.ewr1.nytimes.com
        DB Role: PRIMARY
        SID: ECST
        Schema: core_owner
        Migration: 30.3-release-1.13.0-change-file-136
        SVN Revision: 11699
        Duration: 0 sec.
        DBA: sbao
        Service Request: https://jira.em.nytimes.com/browse/ORA-561