13:57:50 SQL> @/dbbackups/ECST/migrations/core_owner/30.3-release-1.13.0-change-file-136/upgrade.sql
13:57:50 SQL> WHENEVER SQLERROR EXIT ROLLBACK;
13:57:50 SQL> 
13:57:50 SQL> variable is_current_version_fine NUMBER;
13:57:50 SQL> variable change_version NUMBER;
13:57:50 SQL> variable bad_current_version VARCHAR2(1024);
13:57:50 SQL> 
13:57:50 SQL> exec :change_version := 136;

PL/SQL procedure successfully completed.

Elapsed: 00:00:00.00
13:57:50 SQL> exec PROCS_SYSTEM_V16.CHECK_VERSION(:change_version - 1, :is_current_version_fine);

PL/SQL procedure successfully completed.

Elapsed: 00:00:00.06
13:57:50 SQL> exec :bad_current_version := 'Current version is bad, please update your version to '||(:change_version-1);

PL/SQL procedure successfully completed.

Elapsed: 00:00:00.00
13:57:50 SQL> 
13:57:50 SQL> BEGIN
13:57:50   2  	IF (:is_current_version_fine != 0) THEN
13:57:50   3  	  RAISE_APPLICATION_ERROR(-20001, :bad_current_version);
13:57:50   4  	END IF;
13:57:50   5  END;
13:57:50   6  /
BEGIN
*
ERROR at line 1:
ORA-20001: Current version is bad, please update your version to 135 
ORA-06512: at line 3 




Subject: Nomad upgrade completed with errors: ECST@rac01.stg.ewr1.nytimes.com
From: Nomad for Oracle <nytd_oracledba@nytimes.com>
To: nytd_ecommerce@nytimes.com
Cc: nytd_oracledba@nytimes.com

Nomad upgrade operation has errors. 
        
        Details
        -------
        DB Hostname: rac01.stg.ewr1.nytimes.com
        DB Role: PRIMARY
        SID: ECST
        Schema: core_owner
        Migration: 30.3-release-1.13.0-change-file-136
        SVN Revision: 11686
        Duration: 0 sec.
        DBA: sbao
                
        
        Error Detail
        ------------
        
        ERROR at line 1: ORA-20001: Current version is bad, please update your version to 135 ORA-06512: at line 3