16:26:01 SQL> @/dbbackups/ECPR/migrations/core_owner/45-extend-share-the-times-gift-code-expirations/upgrade.sql
16:26:01 SQL> WHENEVER SQLERROR EXIT ROLLBACK;
16:26:01 SQL> 
16:26:01 SQL> update gift_certificate set expiration_date = to_date('2018-07-01 00:00:00', 'YYYY-MM-DD HH24:MI:SS'), updated_by = 'SAR-480' where purchaser_group_id = 67513982;

75 rows updated.

Elapsed: 00:00:00.74
16:26:02 SQL> commit;

Commit complete.

Elapsed: 00:00:00.00
16:26:02 SQL> update gift_certificate set expiration_date = to_date('2018-07-01 00:00:00', 'YYYY-MM-DD HH24:MI:SS'), updated_by = 'SAR-480' where purchaser_group_id = 67513974;

3500 rows updated.

Elapsed: 00:00:01.22
16:26:03 SQL> 
16:26:03 SQL> COMMIT;

Commit complete.

Elapsed: 00:00:00.00
16:26:03 SQL> commit;

Commit complete.

Elapsed: 00:00:00.00
16:26:03 SQL> spool off;


Subject: Nomad upgrade completed successfully: ECPR@rac01.prd.ewr1.nytimes.com
From: Nomad for Oracle <nytd_oracledba@nytimes.com>
To: nytd_ecommerce@nytimes.com
Cc: nytd_oracledba@nytimes.com

Nomad upgrade operation completed successfully without errors. 
        
        Details
        -------
        DB Hostname: rac01.prd.ewr1.nytimes.com
        DB Role: PRIMARY
        SID: ECPR
        Schema: core_owner
        Migration: 45-extend-share-the-times-gift-code-expirations
        SVN Revision: 12223
        Duration: 2 sec.
        DBA: sbao
        Service Request: https://jira.em.nytimes.com/browse/ORA-716