14:16:59 SQL> @/dbbackups/ECST/migrations/core_hist_owner/5.1-release-1.13.0-change-file-025/upgrade.sql
14:16:59 SQL> WHENEVER SQLERROR EXIT ROLLBACK;
14:16:59 SQL> 
14:16:59 SQL> variable is_current_version_fine NUMBER;
14:16:59 SQL> variable change_version NUMBER;
14:16:59 SQL> variable bad_current_version VARCHAR2(1024);
14:16:59 SQL> 
14:16:59 SQL> exec :change_version := 25;

PL/SQL procedure successfully completed.

Elapsed: 00:00:00.00
14:16:59 SQL> exec PROCS_SYSTEM_V9.CHECK_VERSION(:change_version - 1, :is_current_version_fine);

PL/SQL procedure successfully completed.

Elapsed: 00:00:00.04
14:16:59 SQL> exec :bad_current_version := 'Current version is bad, please update your version to '||(:change_version-1);

PL/SQL procedure successfully completed.

Elapsed: 00:00:00.00
14:16:59 SQL> 
14:16:59 SQL> BEGIN
14:16:59   2  	IF (:is_current_version_fine != 0) THEN
14:16:59   3  	  RAISE_APPLICATION_ERROR(-20001, :bad_current_version);
14:16:59   4  	END IF;
14:16:59   5  END;
14:16:59   6  /

PL/SQL procedure successfully completed.

Elapsed: 00:00:00.00
14:16:59 SQL> 
14:16:59 SQL> create sequence not_hist_pk_seq;

Sequence created.

Elapsed: 00:00:00.05
14:16:59 SQL> alter table notification_history add id number;

Table altered.

Elapsed: 00:00:00.20
14:17:00 SQL> update notification_history set id = not_hist_pk_seq.nextval;

6595416 rows updated.

Elapsed: 00:05:56.76
14:22:56 SQL> alter table notification_history add constraint not_hist_pk primary key(id);

Table altered.

Elapsed: 00:02:16.18
14:25:13 SQL> 
14:25:13 SQL> 
14:25:13 SQL> exec PROCS_SYSTEM_V9.INCREMENT_VERSION();

PL/SQL procedure successfully completed.

Elapsed: 00:00:00.01
14:25:13 SQL> commit;

Commit complete.

Elapsed: 00:00:00.00
14:25:13 SQL> spool off;


Subject: Nomad upgrade completed successfully: ECST@rac01.stg.ewr1.nytimes.com
From: Nomad for Oracle <nytd_oracledba@nytimes.com>
To: nytd_ecommerce@nytimes.com
Cc: nytd_oracledba@nytimes.com

Nomad upgrade operation completed successfully without errors. 
        
        Details
        -------
        DB Hostname: rac01.stg.ewr1.nytimes.com
        DB Role: PRIMARY
        SID: ECST
        Schema: core_hist_owner
        Migration: 5.1-release-1.13.0-change-file-025
        SVN Revision: 11554
        Duration: 493 sec.
        DBA: sbao
        Service Request: https://jira.em.nytimes.com/browse/ORA-536