16:44:48 SQL> @/dbbackups/ECPR/migrations/core_owner/34-bugzilla-78909-reactivate-cupy-suspended-credit-cards/upgrade.sql
16:44:48 SQL> WHENEVER SQLERROR EXIT ROLLBACK;
16:44:48 SQL> 
16:44:48 SQL> UPDATE CREDIT_CARD
16:44:48   2  SET CREDIT_CARD_STATUS_ID = 1,
16:44:48   3  UPDATED_BY = 'bugzilla-78909',
16:44:48   4  UPDATE_DATE = SYSDATE
16:44:48   5  WHERE ID IN (
16:44:48   6  	SELECT cc.ID
16:44:48   7  	FROM CREDIT_CARD cc, SUBSCRIPTION s
16:44:48   8  	WHERE cc.UPDATED_BY = 'report-poller'
16:44:48   9  	AND cc.CREDIT_CARD_STATUS_ID = 3
16:44:48  10  	AND cc.ID = s.INSTRUMENT_ID
16:44:48  11  	AND cc.ACCOUNT_ID = s.ACCOUNT_ID
16:44:48  12  	AND s.SUBSCRIPTION_STATUS_ID = 1
16:44:48  13  );

115 rows updated.

Elapsed: 00:02:00.02
16:46:48 SQL> 
16:46:48 SQL> COMMIT;

Commit complete.

Elapsed: 00:00:00.00
16:46:48 SQL> commit;

Commit complete.

Elapsed: 00:00:00.01
16:46:48 SQL> spool off;


Subject: Nomad upgrade completed successfully: ECPR@rac01.prd.ewr1.nytimes.com
From: Nomad for Oracle <nytd_oracledba@nytimes.com>
To: nytd_ecommerce@nytimes.com
Cc: nytd_oracledba@nytimes.com

Nomad upgrade operation completed successfully without errors. 
        
        Details
        -------
        DB Hostname: rac01.prd.ewr1.nytimes.com
        DB Role: PRIMARY
        SID: ECPR
        Schema: core_owner
        Migration: 34-bugzilla-78909-reactivate-cupy-suspended-credit-cards
        SVN Revision: 11742
        Duration: 120 sec.
        DBA: rgorigy
        Service Request: https://jira.em.nytimes.com/browse/ORA-572