15:45:07 SQL> @/dbbackups/ECPR/migrations/core_hist_owner/5.3-release-1.13.0-change-file-026/upgrade.sql
15:45:07 SQL> WHENEVER SQLERROR EXIT ROLLBACK;
15:45:07 SQL> 
15:45:07 SQL> exec PROCS_SYSTEM_V9.INCREMENT_VERSION();

PL/SQL procedure successfully completed.

Elapsed: 00:00:00.00
15:45:07 SQL> COMMIT;

Commit complete.

Elapsed: 00:00:00.01
15:45:07 SQL> 
15:45:07 SQL> variable is_current_version_fine NUMBER;
15:45:07 SQL> variable change_version NUMBER;
15:45:07 SQL> variable bad_current_version VARCHAR2(1024);
15:45:07 SQL> 
15:45:07 SQL> exec :change_version := 26;

PL/SQL procedure successfully completed.

Elapsed: 00:00:00.00
15:45:07 SQL> exec PROCS_SYSTEM_V9.CHECK_VERSION(:change_version - 1, :is_current_version_fine);

PL/SQL procedure successfully completed.

Elapsed: 00:00:00.00
15:45:07 SQL> exec :bad_current_version := 'Current version is bad, please update your version to '||(:change_version-1);

PL/SQL procedure successfully completed.

Elapsed: 00:00:00.00
15:45:07 SQL> 
15:45:07 SQL> BEGIN
15:45:07   2  	IF (:is_current_version_fine != 0) THEN
15:45:07   3  	  RAISE_APPLICATION_ERROR(-20001, :bad_current_version);
15:45:07   4  	END IF;
15:45:07   5  END;
15:45:07   6  /

PL/SQL procedure successfully completed.

Elapsed: 00:00:00.00
15:45:07 SQL> 
15:45:07 SQL> update notification_history set id = not_hist_pk_seq.nextval where id is not null;

6860913 rows updated.

Elapsed: 00:04:27.40
15:49:35 SQL> COMMIT;

Commit complete.

Elapsed: 00:00:00.09
15:49:35 SQL> 
15:49:35 SQL> alter table notification_history add constraint not_hist_pk primary key(id);
alter table notification_history add constraint not_hist_pk primary key(id)
                                                                        *
ERROR at line 1:
ORA-01449: column contains NULL values; cannot alter to NOT NULL 




Subject: Nomad upgrade completed with errors: ECPR@rac01.prd.ewr1.nytimes.com
From: Nomad for Oracle <nytd_oracledba@nytimes.com>
To: nytd_ecommerce@nytimes.com
Cc: nytd_oracledba@nytimes.com

Nomad upgrade operation has errors. 
        
        Details
        -------
        DB Hostname: rac01.prd.ewr1.nytimes.com
        DB Role: PRIMARY
        SID: ECPR
        Schema: core_hist_owner
        Migration: 5.3-release-1.13.0-change-file-026
        SVN Revision: 11706
        Duration: 270 sec.
        DBA: sbao
        Service Request: https://jira.em.nytimes.com/browse/ORA-557        
        
        Error Detail
        ------------
        
        ERROR at line 1: ORA-01449: column contains NULL values; cannot alter to NOT NULL