12:23:21 SQL> @/dbbackups/ECST/migrations/core_owner/76-Hulu-Update-Email-Template/upgrade.sql
12:23:21 SQL> UPDATE OFFER_CHAIN_NOTIFICATION_TYPE
12:23:21   2  SET NOTIFICATION_TYPE_ID = (
12:23:21   3  	SELECT NOTIFICATION_TYPE.ID FROM NOTIFICATION_TYPE WHERE VALUE = 'sartre-upsell-sub-activation-digital-access-code'
12:23:21   4  )
12:23:21   5  WHERE OFFER_CHAIN_ID = 60015003
12:23:21   6  AND ACTION_ID = (
12:23:21   7  	  SELECT ID FROM ACTION WHERE NAME = 'GC_REDEEMER_ON_REDEEM'
12:23:21   8  );

1 row updated.

Elapsed: 00:00:00.02
12:23:21 SQL> 
12:23:21 SQL> COMMIT;

Commit complete.

Elapsed: 00:00:00.01
12:23:21 SQL> commit;

Commit complete.

Elapsed: 00:00:00.00
12:23:21 SQL> spool off;


Subject: Nomad upgrade completed successfully: ECST@rac01.stg.ewr1.nytimes.com
From: Nomad for Oracle <nytd_oracledba@nytimes.com>
To: nytd_ecommerce@nytimes.com
Cc: nytd_oracledba@nytimes.com

Nomad upgrade operation completed successfully without errors. 
        
        Details
        -------
        DB Hostname: rac01.stg.ewr1.nytimes.com
        DB Role: PRIMARY
        SID: ECST
        Schema: core_owner
        Migration: 76-Hulu-Update-Email-Template
        SVN Revision: 13501
        Duration: 0 sec.
        DBA: apathrose
        