12:23:54 SQL> @/dbbackups/ECPR/migrations/core_owner/76-Hulu-Update-Email-Template/upgrade.sql
12:23:54 SQL> UPDATE OFFER_CHAIN_NOTIFICATION_TYPE
12:23:54   2  SET NOTIFICATION_TYPE_ID = (
12:23:54   3  	SELECT NOTIFICATION_TYPE.ID FROM NOTIFICATION_TYPE WHERE VALUE = 'sartre-upsell-sub-activation-digital-access-code'
12:23:54   4  )
12:23:54   5  WHERE OFFER_CHAIN_ID = 60015003
12:23:54   6  AND ACTION_ID = (
12:23:54   7  	  SELECT ID FROM ACTION WHERE NAME = 'GC_REDEEMER_ON_REDEEM'
12:23:54   8  );

1 row updated.

Elapsed: 00:00:00.06
12:23:54 SQL> 
12:23:54 SQL> COMMIT;

Commit complete.

Elapsed: 00:00:00.00
12:23:54 SQL> commit;

Commit complete.

Elapsed: 00:00:00.00
12:23:54 SQL> spool off;


Subject: Nomad upgrade completed successfully: ECPR@rac01.prd.ewr1.nytimes.com
From: Nomad for Oracle <nytd_oracledba@nytimes.com>
To: nytd_ecommerce@nytimes.com
Cc: nytd_oracledba@nytimes.com

Nomad upgrade operation completed successfully without errors. 
        
        Details
        -------
        DB Hostname: rac01.prd.ewr1.nytimes.com
        DB Role: PRIMARY
        SID: ECPR
        Schema: core_owner
        Migration: 76-Hulu-Update-Email-Template
        SVN Revision: 13501
        Duration: 0 sec.
        DBA: apathrose
        