14:48:27 SQL> 
14:48:29 SQL> show user
USER is "CORE_OWNER"
14:48:31 SQL> 
14:48:32 SQL> @upgrade.sql
14:48:38 SQL> 
14:48:38 SQL> WHENEVER SQLERROR EXIT SQL.SQLCODE ROLLBACK
14:48:38 SQL> SET SCAN OFF
14:48:38 SQL> SET DEFINE OFF
14:48:38 SQL> 
14:48:38 SQL> 
14:48:38 SQL> PROMPT Creating offerchain: 0
Creating offerchain: 0
14:48:38 SQL> DECLARE
14:48:38   2  	TMP_VAR NUMBER;
14:48:38   3  	CUR_PRD_ID NUMBER;
14:48:38   4  	CUR_CAPABILITY_ID NUMBER;
14:48:38   5  BEGIN
14:48:38   6  	BEGIN
14:48:38   7  	  SELECT 1 INTO TMP_VAR FROM OFFER_CHAIN WHERE ID = 6767080 AND ROWNUM <= 1;
14:48:38   8  	  UPDATE OFFER_CHAIN SET NAME='NYTimes: Web + Smartphone App', DESCRIPTION='Unlimited access to NYTimes.com and the NYTimes smartphone app.*', PRODUCT_URI='', VENDOR_SOURCE_ID='1', BILLING_SOURCE_ID=(SELECT ID FROM BILLING_SOURCE BS WHERE BS.NAME='DD-TrialPay'), IS_SEAT_LICENSE=0, GROUP_ACCOUNT_TYPE_ID='NO',IS_ADDRESS_REQUIRED=0, OFFER_CHAIN_STATUS_ID = 1, UPDATE_DATE = SYSDATE, UPDATED_BY = 'OFFERMAKER', IS_GIFT_CERTIFICATE='1', REVOKE_ENTITLEMENTS = '0', ADOPTABILITY_WINDOW_START_DATE = to_date('14-Nov-2012 00:00:00','DD-MON-YY HH24:MI:SS'), ADOPTABILITY_WINDOW_END_DATE = to_date('02-Dec-2020 00:00:00','DD-MON-YY HH24:MI:SS') WHERE ID = 6767080;
14:48:38   9  	EXCEPTION
14:48:38  10  	  WHEN NO_DATA_FOUND THEN
14:48:38  11  	    INSERT INTO OFFER_CHAIN (ID, NAME, DESCRIPTION, ADOPTABILITY_WINDOW_START_DATE, ADOPTABILITY_WINDOW_END_DATE, IS_GIFT_CERTIFICATE, PRODUCT_URI, OFFER_CHAIN_STATUS_ID, REVOKE_ENTITLEMENTS, VENDOR_SOURCE_ID, BILLING_SOURCE_ID, IS_SEAT_LICENSE, GROUP_ACCOUNT_TYPE_ID, IS_ADDRESS_REQUIRED, CREATED_BY, CREATE_DATE, updated_by, update_date) VALUES (6767080, 'NYTimes: Web + Smartphone App', 'Unlimited access to NYTimes.com and the NYTimes smartphone app.*', to_date('14-Nov-2012 00:00:00','DD-MON-YY HH24:MI:SS'), to_date('02-Dec-2020 00:00:00','DD-MON-YY HH24:MI:SS'), '1', NULL, '1', '0', '1', (SELECT ID FROM BILLING_SOURCE BS WHERE BS.NAME='DD-TrialPay'), decode('NO','IL',1,0), 'NO', '0', 'OFFERMAKER', SYSDATE, 'OFFERMAKER', SYSDATE);
14:48:38  12  	END;
14:48:38  13  	DELETE FROM OFFER_CHAIN_ELIGIBILITY WHERE offer_chain_id = 6767080;
14:48:38  14  	INSERT INTO OFFER_CHAIN_ELIGIBILITY (ID, OFFER_CHAIN_ID, NAME, VALUE, CREATED_BY, CREATE_DATE) VALUES (ELG_ID_SEQ.NEXTVAL, 6767080, 'IS_COMP', '1', 'OFFERMAKER', SYSDATE);
14:48:38  15  	DELETE FROM OFFER_CHAIN_META_DATA WHERE offer_chain_id = 6767080;
14:48:38  16  	INSERT INTO OFFER_CHAIN_META_DATA (ID, OFFER_CHAIN_ID, NAME, VALUE, CREATED_BY, CREATE_DATE) VALUES (OCMD_ID_SEQ.NEXTVAL, 6767080, 'BUNDLE_EXPLANATION', 'Bundle A - Trial Pay 4 Week Sub - Purchase OC', 'OFFERMAKER', SYSDATE);
14:48:38  17  	INSERT INTO OFFER_CHAIN_META_DATA (ID, OFFER_CHAIN_ID, NAME, VALUE, CREATED_BY, CREATE_DATE) VALUES (OCMD_ID_SEQ.NEXTVAL, 6767080, 'PRICE_DESCRIPTION', '4 Week Trial Pay Promotion Subscription - Purchase', 'OFFERMAKER', SYSDATE);
14:48:38  18  	INSERT INTO OFFER_CHAIN_META_DATA (ID, OFFER_CHAIN_ID, NAME, VALUE, CREATED_BY, CREATE_DATE) VALUES (OCMD_ID_SEQ.NEXTVAL, 6767080, 'PRICE_SHORT_DESCRIPTION', 'BNDL A / $0 4 wks Trial Pay GC purch', 'OFFERMAKER', SYSDATE);
14:48:38  19  	INSERT INTO OFFER_CHAIN_META_DATA (ID, OFFER_CHAIN_ID, NAME, VALUE, CREATED_BY, CREATE_DATE) VALUES (OCMD_ID_SEQ.NEXTVAL, 6767080, 'OFFER_TYPE', 'Trial Pay Subscription for 4 weeks', 'OFFERMAKER', SYSDATE);
14:48:38  20  	INSERT INTO OFFER_CHAIN_META_DATA (ID, OFFER_CHAIN_ID, NAME, VALUE, CREATED_BY, CREATE_DATE) VALUES (OCMD_ID_SEQ.NEXTVAL, 6767080, 'PROMO_PRICE_FOOTER_LABEL', '4 Weeks', 'OFFERMAKER', SYSDATE);
14:48:38  21  	INSERT INTO OFFER_CHAIN_META_DATA (ID, OFFER_CHAIN_ID, NAME, VALUE, CREATED_BY, CREATE_DATE) VALUES (OCMD_ID_SEQ.NEXTVAL, 6767080, 'BILLING_CYCLE', '4 week subscription', 'OFFERMAKER', SYSDATE);
14:48:38  22  	INSERT INTO OFFER_CHAIN_META_DATA (ID, OFFER_CHAIN_ID, NAME, VALUE, CREATED_BY, CREATE_DATE) VALUES (OCMD_ID_SEQ.NEXTVAL, 6767080, 'SUBSCRIBER_TYPE', 'Daily Deals', 'OFFERMAKER', SYSDATE);
14:48:38  23  	INSERT INTO OFFER_CHAIN_META_DATA (ID, OFFER_CHAIN_ID, NAME, VALUE, CREATED_BY, CREATE_DATE) VALUES (OCMD_ID_SEQ.NEXTVAL, 6767080, 'redemption offer chain id', '6767081, 6767082', 'OFFERMAKER', SYSDATE);
14:48:38  24  	INSERT INTO OFFER_CHAIN_META_DATA (ID, OFFER_CHAIN_ID, NAME, VALUE, CREATED_BY, CREATE_DATE) VALUES (OCMD_ID_SEQ.NEXTVAL, 6767080, 'BUNDLE', 'Bundle A (Web+SP)', 'OFFERMAKER', SYSDATE);
14:48:38  25  	INSERT INTO OFFER_CHAIN_META_DATA (ID, OFFER_CHAIN_ID, NAME, VALUE, CREATED_BY, CREATE_DATE) VALUES (OCMD_ID_SEQ.NEXTVAL, 6767080, 'ADX_BUNDLE', 'MM_PROMO', 'OFFERMAKER', SYSDATE);
14:48:38  26  	INSERT INTO OFFER_CHAIN_META_DATA (ID, OFFER_CHAIN_ID, NAME, VALUE, CREATED_BY, CREATE_DATE) VALUES (OCMD_ID_SEQ.NEXTVAL, 6767080, 'SIEBEL_CAMPAIGN_CODE', '3HLU9', 'OFFERMAKER', SYSDATE);
14:48:38  27  	INSERT INTO OFFER_CHAIN_META_DATA (ID, OFFER_CHAIN_ID, NAME, VALUE, CREATED_BY, CREATE_DATE) VALUES (OCMD_ID_SEQ.NEXTVAL, 6767080, 'IS_COMP', '1', 'OFFERMAKER', SYSDATE);
14:48:38  28  	INSERT INTO OFFER_CHAIN_META_DATA (ID, OFFER_CHAIN_ID, NAME, VALUE, CREATED_BY, CREATE_DATE) VALUES (OCMD_ID_SEQ.NEXTVAL, 6767080, 'ANNUAL_PRICE', '195.00', 'OFFERMAKER', SYSDATE);
14:48:38  29  	INSERT INTO OFFER_CHAIN_META_DATA (ID, OFFER_CHAIN_ID, NAME, VALUE, CREATED_BY, CREATE_DATE) VALUES (OCMD_ID_SEQ.NEXTVAL, 6767080, 'UID', 'e594708516048f01ce6b5b7e2e452fb2b8088fe2480eb056e893c1b79bf239b7', 'OFFERMAKER', SYSDATE);
14:48:38  30  	DELETE FROM OFFER_CHAIN_NOTIFICATION_TYPE WHERE offer_chain_id = 6767080;
14:48:38  31  	BEGIN
14:48:38  32  	  SELECT 1 INTO TMP_VAR FROM OFFER_OFFER_CHAIN WHERE OFFER_CHAIN_ID = 6767080 AND INDEX_VALUE = 0 AND ROWNUM <= 1;
14:48:38  33  	EXCEPTION
14:48:38  34  	  WHEN NO_DATA_FOUND THEN
14:48:38  35  	INSERT INTO OFFER (ID, OFFER_STATUS_ID, ENTITLEMENT_DURATION, CREATED_BY, CREATE_DATE, updated_by, update_date) VALUES (OFR_ID_SEQ.NEXTVAL, 1, 'P0Y0M28DT0H0M', 'OFFERMAKER', SYSDATE, 'OFFERMAKER', SYSDATE);
14:48:38  36  	BEGIN
14:48:38  37  	  SELECT ID INTO CUR_PRD_ID FROM PRODUCT WHERE NAME = 'Web' AND PRODUCT_STATUS_ID = 1 AND ROWNUM <= 1;
14:48:38  38  	EXCEPTION
14:48:38  39  	  WHEN NO_DATA_FOUND THEN
14:48:38  40  	    INSERT INTO PRODUCT (ID, NAME, PRODUCTION_COST, PRODUCT_STATUS_ID, PRODUCT_URI, UNIT_PRICE, CREATED_BY, CREATE_DATE) VALUES (PRD_ID_SEQ.NEXTVAL, 'Web', '0', 1, NULL, '0.357143', 'OFFERMAKER', SYSDATE);
14:48:38  41  	    SELECT ID INTO CUR_PRD_ID FROM PRODUCT WHERE NAME = 'Web' AND PRODUCT_STATUS_ID = 1 AND ROWNUM <= 1;
14:48:38  42  	  WHEN OTHERS THEN
14:48:38  43  	    RAISE;
14:48:38  44  	END;
14:48:38  45  	SELECT ID INTO CUR_CAPABILITY_ID FROM CAPABILITY WHERE CODE IN LTRIM(RTRIM((UPPER('MM')))) AND ROWNUM <= 1;
14:48:38  46  	INSERT INTO PRODUCT_OFFERING (ID, PRODUCT_ID, TAX_POLICY_TYPE_ID, QUANTITY, UNIT_PRICE, TAX_CATEGORY_ID, CAPABILITY_ID, CREATED_BY, CREATE_DATE) VALUES (PO_ID_SEQ.NEXTVAL, CUR_PRD_ID, '1', '28', '0.357143', '2', CUR_CAPABILITY_ID, 'OFFERMAKER', SYSDATE);
14:48:38  47  	INSERT INTO PRODUCT_OFFERING_META_DATA (ID, PRODUCT_OFFERING_ID, NAME, VALUE, CREATED_BY, CREATE_DATE) VALUES (PROMD_ID_SEQ.NEXTVAL, PO_ID_SEQ.CURRVAL, 'entitlement_uri', 'http://:hostname:/svc/user/entitlements/mm/:id:.json', 'OFFERMAKER', SYSDATE);
14:48:38  48  	INSERT INTO PRODUCT_OFFERING_META_DATA (ID, PRODUCT_OFFERING_ID, NAME, VALUE, CREATED_BY, CREATE_DATE) VALUES (PROMD_ID_SEQ.NEXTVAL, PO_ID_SEQ.CURRVAL, 'DEFAULT_VAT_RATE', '{"*": 0.0}', 'OFFERMAKER', SYSDATE);
14:48:38  49  	INSERT INTO PRODUCT_OFFERING_META_DATA (ID, PRODUCT_OFFERING_ID, NAME, VALUE, CREATED_BY, CREATE_DATE) VALUES (PROMD_ID_SEQ.NEXTVAL, PO_ID_SEQ.CURRVAL, 'capability', 'MM', 'OFFERMAKER', SYSDATE);
14:48:38  50  	INSERT INTO OFFER_PRODUCT_OFFERING (OFFER_ID, PRODUCT_OFFERING_ID, CREATED_BY, CREATE_DATE) VALUES (OFR_ID_SEQ.CURRVAL, PO_ID_SEQ.CURRVAL, 'OFFERMAKER', SYSDATE);
14:48:38  51  	INSERT INTO DISCOUNT (ID, NAME, DESCRIPTION, FIXED_AMOUNT, PERCENT_AMOUNT, DISCOUNT_TYPE_ID, CREATED_BY, CREATE_DATE) VALUES (DSC_ID_SEQ.NEXTVAL, 'Discount', 'Target offer price 0.0 given offer total price 14.999992 and product price 10.000004', '10.000004', '0', 1, 'OFFERMAKER', SYSDATE);
14:48:38  52  	INSERT INTO DISCOUNT_PRODUCT_OFFERING (DISCOUNT_ID, PRODUCT_OFFERING_ID, CREATED_BY, CREATE_DATE) VALUES (DSC_ID_SEQ.CURRVAL, PO_ID_SEQ.CURRVAL, 'OFFERMAKER', SYSDATE);
14:48:38  53  	BEGIN
14:48:38  54  	  SELECT ID INTO CUR_PRD_ID FROM PRODUCT WHERE NAME = 'Mobile' AND PRODUCT_STATUS_ID = 1 AND ROWNUM <= 1;
14:48:38  55  	EXCEPTION
14:48:38  56  	  WHEN NO_DATA_FOUND THEN
14:48:38  57  	    INSERT INTO PRODUCT (ID, NAME, PRODUCTION_COST, PRODUCT_STATUS_ID, PRODUCT_URI, UNIT_PRICE, CREATED_BY, CREATE_DATE) VALUES (PRD_ID_SEQ.NEXTVAL, 'Mobile', '0', 1, NULL, '0', 'OFFERMAKER', SYSDATE);
14:48:38  58  	    SELECT ID INTO CUR_PRD_ID FROM PRODUCT WHERE NAME = 'Mobile' AND PRODUCT_STATUS_ID = 1 AND ROWNUM <= 1;
14:48:38  59  	  WHEN OTHERS THEN
14:48:38  60  	    RAISE;
14:48:38  61  	END;
14:48:38  62  	SELECT ID INTO CUR_CAPABILITY_ID FROM CAPABILITY WHERE CODE IN LTRIM(RTRIM((UPPER('MOW')))) AND ROWNUM <= 1;
14:48:38  63  	INSERT INTO PRODUCT_OFFERING (ID, PRODUCT_ID, TAX_POLICY_TYPE_ID, QUANTITY, UNIT_PRICE, TAX_CATEGORY_ID, CAPABILITY_ID, CREATED_BY, CREATE_DATE) VALUES (PO_ID_SEQ.NEXTVAL, CUR_PRD_ID, '1', '28', '0', '2', CUR_CAPABILITY_ID, 'OFFERMAKER', SYSDATE);
14:48:38  64  	INSERT INTO PRODUCT_OFFERING_META_DATA (ID, PRODUCT_OFFERING_ID, NAME, VALUE, CREATED_BY, CREATE_DATE) VALUES (PROMD_ID_SEQ.NEXTVAL, PO_ID_SEQ.CURRVAL, 'entitlement_uri', 'http://:hostname:/svc/user/entitlements/mow/:id:.json', 'OFFERMAKER', SYSDATE);
14:48:38  65  	INSERT INTO PRODUCT_OFFERING_META_DATA (ID, PRODUCT_OFFERING_ID, NAME, VALUE, CREATED_BY, CREATE_DATE) VALUES (PROMD_ID_SEQ.NEXTVAL, PO_ID_SEQ.CURRVAL, 'DEFAULT_VAT_RATE', '{"*": 0.0}', 'OFFERMAKER', SYSDATE);
14:48:38  66  	INSERT INTO PRODUCT_OFFERING_META_DATA (ID, PRODUCT_OFFERING_ID, NAME, VALUE, CREATED_BY, CREATE_DATE) VALUES (PROMD_ID_SEQ.NEXTVAL, PO_ID_SEQ.CURRVAL, 'capability', 'MOW', 'OFFERMAKER', SYSDATE);
14:48:38  67  	INSERT INTO OFFER_PRODUCT_OFFERING (OFFER_ID, PRODUCT_OFFERING_ID, CREATED_BY, CREATE_DATE) VALUES (OFR_ID_SEQ.CURRVAL, PO_ID_SEQ.CURRVAL, 'OFFERMAKER', SYSDATE);
14:48:38  68  	BEGIN
14:48:38  69  	  SELECT ID INTO CUR_PRD_ID FROM PRODUCT WHERE NAME = 'Archive Article' AND PRODUCT_STATUS_ID = 1 AND ROWNUM <= 1;
14:48:38  70  	EXCEPTION
14:48:38  71  	  WHEN NO_DATA_FOUND THEN
14:48:38  72  	    INSERT INTO PRODUCT (ID, NAME, PRODUCTION_COST, PRODUCT_STATUS_ID, PRODUCT_URI, UNIT_PRICE, CREATED_BY, CREATE_DATE) VALUES (PRD_ID_SEQ.NEXTVAL, 'Archive Article', '0', 1, NULL, '0', 'OFFERMAKER', SYSDATE);
14:48:38  73  	    SELECT ID INTO CUR_PRD_ID FROM PRODUCT WHERE NAME = 'Archive Article' AND PRODUCT_STATUS_ID = 1 AND ROWNUM <= 1;
14:48:38  74  	  WHEN OTHERS THEN
14:48:38  75  	    RAISE;
14:48:38  76  	END;
14:48:38  77  	SELECT ID INTO CUR_CAPABILITY_ID FROM CAPABILITY WHERE CODE IN LTRIM(RTRIM((UPPER('AAA')))) AND ROWNUM <= 1;
14:48:38  78  	INSERT INTO PRODUCT_OFFERING (ID, PRODUCT_ID, TAX_POLICY_TYPE_ID, QUANTITY, UNIT_PRICE, TAX_CATEGORY_ID, CAPABILITY_ID, CREATED_BY, CREATE_DATE) VALUES (PO_ID_SEQ.NEXTVAL, CUR_PRD_ID, '1', '100', '0', '2', CUR_CAPABILITY_ID, 'OFFERMAKER', SYSDATE);
14:48:38  79  	INSERT INTO PRODUCT_OFFERING_META_DATA (ID, PRODUCT_OFFERING_ID, NAME, VALUE, CREATED_BY, CREATE_DATE) VALUES (PROMD_ID_SEQ.NEXTVAL, PO_ID_SEQ.CURRVAL, 'entitlement_uri', 'http://:hostname:/svc/user/entitlements/archive/size/100/:id:.json', 'OFFERMAKER', SYSDATE);
14:48:38  80  	INSERT INTO PRODUCT_OFFERING_META_DATA (ID, PRODUCT_OFFERING_ID, NAME, VALUE, CREATED_BY, CREATE_DATE) VALUES (PROMD_ID_SEQ.NEXTVAL, PO_ID_SEQ.CURRVAL, 'DEFAULT_VAT_RATE', '{"*": 0.0}', 'OFFERMAKER', SYSDATE);
14:48:38  81  	INSERT INTO OFFER_PRODUCT_OFFERING (OFFER_ID, PRODUCT_OFFERING_ID, CREATED_BY, CREATE_DATE) VALUES (OFR_ID_SEQ.CURRVAL, PO_ID_SEQ.CURRVAL, 'OFFERMAKER', SYSDATE);
14:48:38  82  	BEGIN
14:48:38  83  	  SELECT ID INTO CUR_PRD_ID FROM PRODUCT WHERE NAME = 'TimesMachine' AND PRODUCT_STATUS_ID = 1 AND ROWNUM <= 1;
14:48:38  84  	EXCEPTION
14:48:38  85  	  WHEN NO_DATA_FOUND THEN
14:48:38  86  	    INSERT INTO PRODUCT (ID, NAME, PRODUCTION_COST, PRODUCT_STATUS_ID, PRODUCT_URI, UNIT_PRICE, CREATED_BY, CREATE_DATE) VALUES (PRD_ID_SEQ.NEXTVAL, 'TimesMachine', '0', 1, NULL, '0', 'OFFERMAKER', SYSDATE);
14:48:38  87  	    SELECT ID INTO CUR_PRD_ID FROM PRODUCT WHERE NAME = 'TimesMachine' AND PRODUCT_STATUS_ID = 1 AND ROWNUM <= 1;
14:48:38  88  	  WHEN OTHERS THEN
14:48:38  89  	    RAISE;
14:48:38  90  	END;
14:48:38  91  	SELECT ID INTO CUR_CAPABILITY_ID FROM CAPABILITY WHERE CODE IN LTRIM(RTRIM((UPPER('NONE')))) AND ROWNUM <= 1;
14:48:38  92  	INSERT INTO PRODUCT_OFFERING (ID, PRODUCT_ID, TAX_POLICY_TYPE_ID, QUANTITY, UNIT_PRICE, TAX_CATEGORY_ID, CAPABILITY_ID, CREATED_BY, CREATE_DATE) VALUES (PO_ID_SEQ.NEXTVAL, CUR_PRD_ID, '1', '28', '0', '2', CUR_CAPABILITY_ID, 'OFFERMAKER', SYSDATE);
14:48:38  93  	INSERT INTO PRODUCT_OFFERING_META_DATA (ID, PRODUCT_OFFERING_ID, NAME, VALUE, CREATED_BY, CREATE_DATE) VALUES (PROMD_ID_SEQ.NEXTVAL, PO_ID_SEQ.CURRVAL, 'DEFAULT_VAT_RATE', '{"*": 0.0}', 'OFFERMAKER', SYSDATE);
14:48:38  94  	INSERT INTO OFFER_PRODUCT_OFFERING (OFFER_ID, PRODUCT_OFFERING_ID, CREATED_BY, CREATE_DATE) VALUES (OFR_ID_SEQ.CURRVAL, PO_ID_SEQ.CURRVAL, 'OFFERMAKER', SYSDATE);
14:48:38  95  	BEGIN
14:48:38  96  	  SELECT ID INTO CUR_PRD_ID FROM PRODUCT WHERE NAME = 'Smartphone' AND PRODUCT_STATUS_ID = 1 AND ROWNUM <= 1;
14:48:38  97  	EXCEPTION
14:48:38  98  	  WHEN NO_DATA_FOUND THEN
14:48:38  99  	    INSERT INTO PRODUCT (ID, NAME, PRODUCTION_COST, PRODUCT_STATUS_ID, PRODUCT_URI, UNIT_PRICE, CREATED_BY, CREATE_DATE) VALUES (PRD_ID_SEQ.NEXTVAL, 'Smartphone', '0', 1, NULL, '0.178571', 'OFFERMAKER', SYSDATE);
14:48:38 100  	    SELECT ID INTO CUR_PRD_ID FROM PRODUCT WHERE NAME = 'Smartphone' AND PRODUCT_STATUS_ID = 1 AND ROWNUM <= 1;
14:48:38 101  	  WHEN OTHERS THEN
14:48:38 102  	    RAISE;
14:48:38 103  	END;
14:48:38 104  	SELECT ID INTO CUR_CAPABILITY_ID FROM CAPABILITY WHERE CODE IN LTRIM(RTRIM((UPPER('MSD')))) AND ROWNUM <= 1;
14:48:38 105  	INSERT INTO PRODUCT_OFFERING (ID, PRODUCT_ID, TAX_POLICY_TYPE_ID, QUANTITY, UNIT_PRICE, TAX_CATEGORY_ID, CAPABILITY_ID, CREATED_BY, CREATE_DATE) VALUES (PO_ID_SEQ.NEXTVAL, CUR_PRD_ID, '1', '28', '0.178571', '2', CUR_CAPABILITY_ID, 'OFFERMAKER', SYSDATE);
14:48:38 106  	INSERT INTO PRODUCT_OFFERING_META_DATA (ID, PRODUCT_OFFERING_ID, NAME, VALUE, CREATED_BY, CREATE_DATE) VALUES (PROMD_ID_SEQ.NEXTVAL, PO_ID_SEQ.CURRVAL, 'entitlement_uri', 'http://:hostname:/svc/user/entitlements/msd/:id:.json', 'OFFERMAKER', SYSDATE);
14:48:38 107  	INSERT INTO PRODUCT_OFFERING_META_DATA (ID, PRODUCT_OFFERING_ID, NAME, VALUE, CREATED_BY, CREATE_DATE) VALUES (PROMD_ID_SEQ.NEXTVAL, PO_ID_SEQ.CURRVAL, 'DEFAULT_VAT_RATE', '{"*": 0.0}', 'OFFERMAKER', SYSDATE);
14:48:38 108  	INSERT INTO PRODUCT_OFFERING_META_DATA (ID, PRODUCT_OFFERING_ID, NAME, VALUE, CREATED_BY, CREATE_DATE) VALUES (PROMD_ID_SEQ.NEXTVAL, PO_ID_SEQ.CURRVAL, 'capability', 'MSD', 'OFFERMAKER', SYSDATE);
14:48:38 109  	INSERT INTO OFFER_PRODUCT_OFFERING (OFFER_ID, PRODUCT_OFFERING_ID, CREATED_BY, CREATE_DATE) VALUES (OFR_ID_SEQ.CURRVAL, PO_ID_SEQ.CURRVAL, 'OFFERMAKER', SYSDATE);
14:48:38 110  	INSERT INTO DISCOUNT (ID, NAME, DESCRIPTION, FIXED_AMOUNT, PERCENT_AMOUNT, DISCOUNT_TYPE_ID, CREATED_BY, CREATE_DATE) VALUES (DSC_ID_SEQ.NEXTVAL, 'Discount', 'Target offer price 0.0 given offer total price 14.999992 and product price 4.999988', '4.999988', '0', 1, 'OFFERMAKER', SYSDATE);
14:48:38 111  	INSERT INTO DISCOUNT_PRODUCT_OFFERING (DISCOUNT_ID, PRODUCT_OFFERING_ID, CREATED_BY, CREATE_DATE) VALUES (DSC_ID_SEQ.CURRVAL, PO_ID_SEQ.CURRVAL, 'OFFERMAKER', SYSDATE);
14:48:38 112  	INSERT INTO OFFER_OFFER_CHAIN (OFFER_ID, OFFER_CHAIN_ID, INDEX_VALUE, NUM_RECURRENCES, CREATED_BY, CREATE_DATE, updated_by, update_date) VALUES (OFR_ID_SEQ.CURRVAL, 6767080, '0', '1', 'OFFERMAKER', SYSDATE, 'OFFERMAKER', SYSDATE);
14:48:38 113  	END;
14:48:38 114  END;
14:48:38 115  /

PL/SQL procedure successfully completed.

Elapsed: 00:00:00.64
14:48:38 SQL> 
14:48:38 SQL> PROMPT Creating offerchain: 1
Creating offerchain: 1
14:48:38 SQL> DECLARE
14:48:38   2  	TMP_VAR NUMBER;
14:48:38   3  	CUR_PRD_ID NUMBER;
14:48:38   4  	CUR_CAPABILITY_ID NUMBER;
14:48:38   5  BEGIN
14:48:38   6  	BEGIN
14:48:38   7  	  SELECT 1 INTO TMP_VAR FROM OFFER_CHAIN WHERE ID = 6767081 AND ROWNUM <= 1;
14:48:38   8  	  UPDATE OFFER_CHAIN SET NAME='NYTimes: Web + Smartphone App', DESCRIPTION='Unlimited access to NYTimes.com and the NYTimes smartphone app.*', PRODUCT_URI='', VENDOR_SOURCE_ID='1', BILLING_SOURCE_ID=(SELECT ID FROM BILLING_SOURCE BS WHERE BS.NAME='DD-TrialPay'), IS_SEAT_LICENSE=0, GROUP_ACCOUNT_TYPE_ID='NO',IS_ADDRESS_REQUIRED=0, OFFER_CHAIN_STATUS_ID = 1, UPDATE_DATE = SYSDATE, UPDATED_BY = 'OFFERMAKER', IS_GIFT_CERTIFICATE='0', REVOKE_ENTITLEMENTS = '0', ADOPTABILITY_WINDOW_START_DATE = to_date('14-Nov-2012 00:00:00','DD-MON-YY HH24:MI:SS'), ADOPTABILITY_WINDOW_END_DATE = to_date('02-Dec-2020 00:00:00','DD-MON-YY HH24:MI:SS') WHERE ID = 6767081;
14:48:38   9  	EXCEPTION
14:48:38  10  	  WHEN NO_DATA_FOUND THEN
14:48:38  11  	    INSERT INTO OFFER_CHAIN (ID, NAME, DESCRIPTION, ADOPTABILITY_WINDOW_START_DATE, ADOPTABILITY_WINDOW_END_DATE, IS_GIFT_CERTIFICATE, PRODUCT_URI, OFFER_CHAIN_STATUS_ID, REVOKE_ENTITLEMENTS, VENDOR_SOURCE_ID, BILLING_SOURCE_ID, IS_SEAT_LICENSE, GROUP_ACCOUNT_TYPE_ID, IS_ADDRESS_REQUIRED, CREATED_BY, CREATE_DATE, updated_by, update_date) VALUES (6767081, 'NYTimes: Web + Smartphone App', 'Unlimited access to NYTimes.com and the NYTimes smartphone app.*', to_date('14-Nov-2012 00:00:00','DD-MON-YY HH24:MI:SS'), to_date('02-Dec-2020 00:00:00','DD-MON-YY HH24:MI:SS'), '0', NULL, '1', '0', '1', (SELECT ID FROM BILLING_SOURCE BS WHERE BS.NAME='DD-TrialPay'), decode('NO','IL',1,0), 'NO', '0', 'OFFERMAKER', SYSDATE, 'OFFERMAKER', SYSDATE);
14:48:38  12  	END;
14:48:38  13  	DELETE FROM OFFER_CHAIN_ELIGIBILITY WHERE offer_chain_id = 6767081;
14:48:38  14  	INSERT INTO OFFER_CHAIN_ELIGIBILITY (ID, OFFER_CHAIN_ID, NAME, VALUE, CREATED_BY, CREATE_DATE) VALUES (ELG_ID_SEQ.NEXTVAL, 6767081, 'GIFT CERTIFICATE REQUIRED', '1', 'OFFERMAKER', SYSDATE);
14:48:38  15  	INSERT INTO OFFER_CHAIN_ELIGIBILITY (ID, OFFER_CHAIN_ID, NAME, VALUE, CREATED_BY, CREATE_DATE) VALUES (ELG_ID_SEQ.NEXTVAL, 6767081, 'IS_COMP', '1', 'OFFERMAKER', SYSDATE);
14:48:38  16  	INSERT INTO OFFER_CHAIN_ELIGIBILITY (ID, OFFER_CHAIN_ID, NAME, VALUE, CREATED_BY, CREATE_DATE) VALUES (ELG_ID_SEQ.NEXTVAL, 6767081, 'MAX_CONCURRENT_SUBS', '1', 'OFFERMAKER', SYSDATE);
14:48:38  17  	DELETE FROM OFFER_CHAIN_META_DATA WHERE offer_chain_id = 6767081;
14:48:38  18  	INSERT INTO OFFER_CHAIN_META_DATA (ID, OFFER_CHAIN_ID, NAME, VALUE, CREATED_BY, CREATE_DATE) VALUES (OCMD_ID_SEQ.NEXTVAL, 6767081, 'BUNDLE_EXPLANATION', 'Bundle A - Trial Pay 4 Week Sub - Redeem OC', 'OFFERMAKER', SYSDATE);
14:48:38  19  	INSERT INTO OFFER_CHAIN_META_DATA (ID, OFFER_CHAIN_ID, NAME, VALUE, CREATED_BY, CREATE_DATE) VALUES (OCMD_ID_SEQ.NEXTVAL, 6767081, 'PRICE_DESCRIPTION', '4 Week Trial Pay Promotion Subscription - Redemption', 'OFFERMAKER', SYSDATE);
14:48:38  20  	INSERT INTO OFFER_CHAIN_META_DATA (ID, OFFER_CHAIN_ID, NAME, VALUE, CREATED_BY, CREATE_DATE) VALUES (OCMD_ID_SEQ.NEXTVAL, 6767081, 'PRICE_SHORT_DESCRIPTION', 'BNDL A / $0 4 wks Trial Pay GC redemp', 'OFFERMAKER', SYSDATE);
14:48:38  21  	INSERT INTO OFFER_CHAIN_META_DATA (ID, OFFER_CHAIN_ID, NAME, VALUE, CREATED_BY, CREATE_DATE) VALUES (OCMD_ID_SEQ.NEXTVAL, 6767081, 'OFFER_TYPE', 'Trial Pay Subscription for 4 weeks', 'OFFERMAKER', SYSDATE);
14:48:38  22  	INSERT INTO OFFER_CHAIN_META_DATA (ID, OFFER_CHAIN_ID, NAME, VALUE, CREATED_BY, CREATE_DATE) VALUES (OCMD_ID_SEQ.NEXTVAL, 6767081, 'PROMO_PRICE_FOOTER_LABEL', '4 Weeks', 'OFFERMAKER', SYSDATE);
14:48:38  23  	INSERT INTO OFFER_CHAIN_META_DATA (ID, OFFER_CHAIN_ID, NAME, VALUE, CREATED_BY, CREATE_DATE) VALUES (OCMD_ID_SEQ.NEXTVAL, 6767081, 'BILLING_CYCLE', '4 week subscription', 'OFFERMAKER', SYSDATE);
14:48:38  24  	INSERT INTO OFFER_CHAIN_META_DATA (ID, OFFER_CHAIN_ID, NAME, VALUE, CREATED_BY, CREATE_DATE) VALUES (OCMD_ID_SEQ.NEXTVAL, 6767081, 'SUBSCRIBER_TYPE', 'Daily Deals', 'OFFERMAKER', SYSDATE);
14:48:38  25  	INSERT INTO OFFER_CHAIN_META_DATA (ID, OFFER_CHAIN_ID, NAME, VALUE, CREATED_BY, CREATE_DATE) VALUES (OCMD_ID_SEQ.NEXTVAL, 6767081, 'BUNDLE', 'Bundle A (Web+SP)', 'OFFERMAKER', SYSDATE);
14:48:38  26  	INSERT INTO OFFER_CHAIN_META_DATA (ID, OFFER_CHAIN_ID, NAME, VALUE, CREATED_BY, CREATE_DATE) VALUES (OCMD_ID_SEQ.NEXTVAL, 6767081, 'ADX_BUNDLE', 'MM_PROMO', 'OFFERMAKER', SYSDATE);
14:48:38  27  	INSERT INTO OFFER_CHAIN_META_DATA (ID, OFFER_CHAIN_ID, NAME, VALUE, CREATED_BY, CREATE_DATE) VALUES (OCMD_ID_SEQ.NEXTVAL, 6767081, 'SIEBEL_CAMPAIGN_CODE', '3HLU9', 'OFFERMAKER', SYSDATE);
14:48:38  28  	INSERT INTO OFFER_CHAIN_META_DATA (ID, OFFER_CHAIN_ID, NAME, VALUE, CREATED_BY, CREATE_DATE) VALUES (OCMD_ID_SEQ.NEXTVAL, 6767081, 'IS_COMP', '1', 'OFFERMAKER', SYSDATE);
14:48:38  29  	INSERT INTO OFFER_CHAIN_META_DATA (ID, OFFER_CHAIN_ID, NAME, VALUE, CREATED_BY, CREATE_DATE) VALUES (OCMD_ID_SEQ.NEXTVAL, 6767081, 'ANNUAL_PRICE', '195.00', 'OFFERMAKER', SYSDATE);
14:48:38  30  	INSERT INTO OFFER_CHAIN_META_DATA (ID, OFFER_CHAIN_ID, NAME, VALUE, CREATED_BY, CREATE_DATE) VALUES (OCMD_ID_SEQ.NEXTVAL, 6767081, 'UID', '358337c548958307dda46e7079f34bb8f4e1ae3d6117d431c1e8a66c8b89d94e', 'OFFERMAKER', SYSDATE);
14:48:38  31  	DELETE FROM OFFER_CHAIN_NOTIFICATION_TYPE WHERE offer_chain_id = 6767081;
14:48:38  32  	BEGIN
14:48:38  33  	  SELECT 1 INTO TMP_VAR FROM ACTION WHERE NAME = 'GC_REDEEMER_ON_REDEEM';
14:48:38  34  	EXCEPTION
14:48:38  35  	  WHEN NO_DATA_FOUND THEN
14:48:38  36  	    INSERT INTO ACTION (ID, NAME, CREATE_DATE, CREATED_BY) VALUES (ACTION_ID_SEQ.NEXTVAL, 'GC_REDEEMER_ON_REDEEM', SYSDATE, 'OFFERMAKER');
14:48:38  37  	END;
14:48:38  38  	BEGIN
14:48:38  39  	  SELECT 1 INTO TMP_VAR FROM OPS_OWNER.NOTIFICATION_TYPE WHERE VALUE = 'redeemer-access-groupon';
14:48:38  40  	EXCEPTION
14:48:38  41  	  WHEN NO_DATA_FOUND THEN NULL;
14:48:38  42  	    -- INSERT INTO OPS_OWNER.NOTIFICATION_TYPE (ID, VALUE, TEMPLATE_URL) VALUES (OPS_OWNER.NOTTID_SEQ.NEXTVAL, 'redeemer-access-groupon', 'N/A');
14:48:38  43  	END;
14:48:38  44  	BEGIN
14:48:38  45  	  SELECT 1 INTO TMP_VAR FROM ACTION WHERE NAME = 'CLOSE_SUBSCRIPTION';
14:48:38  46  	EXCEPTION
14:48:38  47  	  WHEN NO_DATA_FOUND THEN
14:48:38  48  	    INSERT INTO ACTION (ID, NAME, CREATE_DATE, CREATED_BY) VALUES (ACTION_ID_SEQ.NEXTVAL, 'CLOSE_SUBSCRIPTION', SYSDATE, 'OFFERMAKER');
14:48:38  49  	END;
14:48:38  50  	BEGIN
14:48:38  51  	  SELECT 1 INTO TMP_VAR FROM OPS_OWNER.NOTIFICATION_TYPE WHERE VALUE = 'sartre-sub-expired-groupon';
14:48:38  52  	EXCEPTION
14:48:38  53  	  WHEN NO_DATA_FOUND THEN NULL;
14:48:38  54  	    -- INSERT INTO OPS_OWNER.NOTIFICATION_TYPE (ID, VALUE, TEMPLATE_URL) VALUES (OPS_OWNER.NOTTID_SEQ.NEXTVAL, 'sartre-sub-expired-groupon', 'N/A');
14:48:38  55  	END;
14:48:38  56  	INSERT INTO OFFER_CHAIN_NOTIFICATION_TYPE (ID, OFFER_CHAIN_ID, NOTIFICATION_TYPE_ID, ACTION_ID, CREATED_BY, CREATE_DATE) VALUES (OCET_ID_SEQ.NEXTVAL, 6767081, (SELECT ID FROM OPS_OWNER.NOTIFICATION_TYPE WHERE VALUE = 'redeemer-access-groupon'), (SELECT ID FROM ACTION WHERE NAME = 'GC_REDEEMER_ON_REDEEM'), 'OFFERMAKER', SYSDATE);
14:48:38  57  	INSERT INTO OFFER_CHAIN_NOTIFICATION_TYPE (ID, OFFER_CHAIN_ID, NOTIFICATION_TYPE_ID, ACTION_ID, CREATED_BY, CREATE_DATE) VALUES (OCET_ID_SEQ.NEXTVAL, 6767081, (SELECT ID FROM OPS_OWNER.NOTIFICATION_TYPE WHERE VALUE = 'sartre-sub-expired-groupon'), (SELECT ID FROM ACTION WHERE NAME = 'CLOSE_SUBSCRIPTION'), 'OFFERMAKER', SYSDATE);
14:48:38  58  	BEGIN
14:48:38  59  	  SELECT 1 INTO TMP_VAR FROM OFFER_OFFER_CHAIN WHERE OFFER_CHAIN_ID = 6767081 AND INDEX_VALUE = 0 AND ROWNUM <= 1;
14:48:38  60  	EXCEPTION
14:48:38  61  	  WHEN NO_DATA_FOUND THEN
14:48:38  62  	INSERT INTO OFFER (ID, OFFER_STATUS_ID, ENTITLEMENT_DURATION, CREATED_BY, CREATE_DATE, updated_by, update_date) VALUES (OFR_ID_SEQ.NEXTVAL, 1, 'P0Y0M28DT0H0M', 'OFFERMAKER', SYSDATE, 'OFFERMAKER', SYSDATE);
14:48:38  63  	BEGIN
14:48:38  64  	  SELECT ID INTO CUR_PRD_ID FROM PRODUCT WHERE NAME = 'Web' AND PRODUCT_STATUS_ID = 1 AND ROWNUM <= 1;
14:48:38  65  	EXCEPTION
14:48:38  66  	  WHEN NO_DATA_FOUND THEN
14:48:38  67  	    INSERT INTO PRODUCT (ID, NAME, PRODUCTION_COST, PRODUCT_STATUS_ID, PRODUCT_URI, UNIT_PRICE, CREATED_BY, CREATE_DATE) VALUES (PRD_ID_SEQ.NEXTVAL, 'Web', '0', 1, NULL, '0.357143', 'OFFERMAKER', SYSDATE);
14:48:38  68  	    SELECT ID INTO CUR_PRD_ID FROM PRODUCT WHERE NAME = 'Web' AND PRODUCT_STATUS_ID = 1 AND ROWNUM <= 1;
14:48:38  69  	  WHEN OTHERS THEN
14:48:38  70  	    RAISE;
14:48:38  71  	END;
14:48:38  72  	SELECT ID INTO CUR_CAPABILITY_ID FROM CAPABILITY WHERE CODE IN LTRIM(RTRIM((UPPER('MM')))) AND ROWNUM <= 1;
14:48:38  73  	INSERT INTO PRODUCT_OFFERING (ID, PRODUCT_ID, TAX_POLICY_TYPE_ID, QUANTITY, UNIT_PRICE, TAX_CATEGORY_ID, CAPABILITY_ID, CREATED_BY, CREATE_DATE) VALUES (PO_ID_SEQ.NEXTVAL, CUR_PRD_ID, '1', '28', '0.357143', '2', CUR_CAPABILITY_ID, 'OFFERMAKER', SYSDATE);
14:48:38  74  	INSERT INTO PRODUCT_OFFERING_META_DATA (ID, PRODUCT_OFFERING_ID, NAME, VALUE, CREATED_BY, CREATE_DATE) VALUES (PROMD_ID_SEQ.NEXTVAL, PO_ID_SEQ.CURRVAL, 'entitlement_uri', 'http://:hostname:/svc/user/entitlements/mm/:id:.json', 'OFFERMAKER', SYSDATE);
14:48:38  75  	INSERT INTO PRODUCT_OFFERING_META_DATA (ID, PRODUCT_OFFERING_ID, NAME, VALUE, CREATED_BY, CREATE_DATE) VALUES (PROMD_ID_SEQ.NEXTVAL, PO_ID_SEQ.CURRVAL, 'DEFAULT_VAT_RATE', '{"*": 0.0}', 'OFFERMAKER', SYSDATE);
14:48:38  76  	INSERT INTO PRODUCT_OFFERING_META_DATA (ID, PRODUCT_OFFERING_ID, NAME, VALUE, CREATED_BY, CREATE_DATE) VALUES (PROMD_ID_SEQ.NEXTVAL, PO_ID_SEQ.CURRVAL, 'capability', 'MM', 'OFFERMAKER', SYSDATE);
14:48:38  77  	INSERT INTO OFFER_PRODUCT_OFFERING (OFFER_ID, PRODUCT_OFFERING_ID, CREATED_BY, CREATE_DATE) VALUES (OFR_ID_SEQ.CURRVAL, PO_ID_SEQ.CURRVAL, 'OFFERMAKER', SYSDATE);
14:48:38  78  	INSERT INTO DISCOUNT (ID, NAME, DESCRIPTION, FIXED_AMOUNT, PERCENT_AMOUNT, DISCOUNT_TYPE_ID, CREATED_BY, CREATE_DATE) VALUES (DSC_ID_SEQ.NEXTVAL, 'Discount', 'Target offer price 0.0 given offer total price 14.999992 and product price 10.000004', '10.000004', '0', 1, 'OFFERMAKER', SYSDATE);
14:48:38  79  	INSERT INTO DISCOUNT_PRODUCT_OFFERING (DISCOUNT_ID, PRODUCT_OFFERING_ID, CREATED_BY, CREATE_DATE) VALUES (DSC_ID_SEQ.CURRVAL, PO_ID_SEQ.CURRVAL, 'OFFERMAKER', SYSDATE);
14:48:38  80  	BEGIN
14:48:38  81  	  SELECT ID INTO CUR_PRD_ID FROM PRODUCT WHERE NAME = 'Mobile' AND PRODUCT_STATUS_ID = 1 AND ROWNUM <= 1;
14:48:38  82  	EXCEPTION
14:48:38  83  	  WHEN NO_DATA_FOUND THEN
14:48:38  84  	    INSERT INTO PRODUCT (ID, NAME, PRODUCTION_COST, PRODUCT_STATUS_ID, PRODUCT_URI, UNIT_PRICE, CREATED_BY, CREATE_DATE) VALUES (PRD_ID_SEQ.NEXTVAL, 'Mobile', '0', 1, NULL, '0', 'OFFERMAKER', SYSDATE);
14:48:38  85  	    SELECT ID INTO CUR_PRD_ID FROM PRODUCT WHERE NAME = 'Mobile' AND PRODUCT_STATUS_ID = 1 AND ROWNUM <= 1;
14:48:38  86  	  WHEN OTHERS THEN
14:48:38  87  	    RAISE;
14:48:38  88  	END;
14:48:38  89  	SELECT ID INTO CUR_CAPABILITY_ID FROM CAPABILITY WHERE CODE IN LTRIM(RTRIM((UPPER('MOW')))) AND ROWNUM <= 1;
14:48:38  90  	INSERT INTO PRODUCT_OFFERING (ID, PRODUCT_ID, TAX_POLICY_TYPE_ID, QUANTITY, UNIT_PRICE, TAX_CATEGORY_ID, CAPABILITY_ID, CREATED_BY, CREATE_DATE) VALUES (PO_ID_SEQ.NEXTVAL, CUR_PRD_ID, '1', '28', '0', '2', CUR_CAPABILITY_ID, 'OFFERMAKER', SYSDATE);
14:48:38  91  	INSERT INTO PRODUCT_OFFERING_META_DATA (ID, PRODUCT_OFFERING_ID, NAME, VALUE, CREATED_BY, CREATE_DATE) VALUES (PROMD_ID_SEQ.NEXTVAL, PO_ID_SEQ.CURRVAL, 'entitlement_uri', 'http://:hostname:/svc/user/entitlements/mow/:id:.json', 'OFFERMAKER', SYSDATE);
14:48:38  92  	INSERT INTO PRODUCT_OFFERING_META_DATA (ID, PRODUCT_OFFERING_ID, NAME, VALUE, CREATED_BY, CREATE_DATE) VALUES (PROMD_ID_SEQ.NEXTVAL, PO_ID_SEQ.CURRVAL, 'DEFAULT_VAT_RATE', '{"*": 0.0}', 'OFFERMAKER', SYSDATE);
14:48:38  93  	INSERT INTO PRODUCT_OFFERING_META_DATA (ID, PRODUCT_OFFERING_ID, NAME, VALUE, CREATED_BY, CREATE_DATE) VALUES (PROMD_ID_SEQ.NEXTVAL, PO_ID_SEQ.CURRVAL, 'capability', 'MOW', 'OFFERMAKER', SYSDATE);
14:48:38  94  	INSERT INTO OFFER_PRODUCT_OFFERING (OFFER_ID, PRODUCT_OFFERING_ID, CREATED_BY, CREATE_DATE) VALUES (OFR_ID_SEQ.CURRVAL, PO_ID_SEQ.CURRVAL, 'OFFERMAKER', SYSDATE);
14:48:38  95  	BEGIN
14:48:38  96  	  SELECT ID INTO CUR_PRD_ID FROM PRODUCT WHERE NAME = 'Archive Article' AND PRODUCT_STATUS_ID = 1 AND ROWNUM <= 1;
14:48:38  97  	EXCEPTION
14:48:38  98  	  WHEN NO_DATA_FOUND THEN
14:48:38  99  	    INSERT INTO PRODUCT (ID, NAME, PRODUCTION_COST, PRODUCT_STATUS_ID, PRODUCT_URI, UNIT_PRICE, CREATED_BY, CREATE_DATE) VALUES (PRD_ID_SEQ.NEXTVAL, 'Archive Article', '0', 1, NULL, '0', 'OFFERMAKER', SYSDATE);
14:48:38 100  	    SELECT ID INTO CUR_PRD_ID FROM PRODUCT WHERE NAME = 'Archive Article' AND PRODUCT_STATUS_ID = 1 AND ROWNUM <= 1;
14:48:38 101  	  WHEN OTHERS THEN
14:48:38 102  	    RAISE;
14:48:38 103  	END;
14:48:38 104  	SELECT ID INTO CUR_CAPABILITY_ID FROM CAPABILITY WHERE CODE IN LTRIM(RTRIM((UPPER('AAA')))) AND ROWNUM <= 1;
14:48:38 105  	INSERT INTO PRODUCT_OFFERING (ID, PRODUCT_ID, TAX_POLICY_TYPE_ID, QUANTITY, UNIT_PRICE, TAX_CATEGORY_ID, CAPABILITY_ID, CREATED_BY, CREATE_DATE) VALUES (PO_ID_SEQ.NEXTVAL, CUR_PRD_ID, '1', '100', '0', '2', CUR_CAPABILITY_ID, 'OFFERMAKER', SYSDATE);
14:48:38 106  	INSERT INTO PRODUCT_OFFERING_META_DATA (ID, PRODUCT_OFFERING_ID, NAME, VALUE, CREATED_BY, CREATE_DATE) VALUES (PROMD_ID_SEQ.NEXTVAL, PO_ID_SEQ.CURRVAL, 'entitlement_uri', 'http://:hostname:/svc/user/entitlements/archive/size/100/:id:.json', 'OFFERMAKER', SYSDATE);
14:48:38 107  	INSERT INTO PRODUCT_OFFERING_META_DATA (ID, PRODUCT_OFFERING_ID, NAME, VALUE, CREATED_BY, CREATE_DATE) VALUES (PROMD_ID_SEQ.NEXTVAL, PO_ID_SEQ.CURRVAL, 'DEFAULT_VAT_RATE', '{"*": 0.0}', 'OFFERMAKER', SYSDATE);
14:48:38 108  	INSERT INTO OFFER_PRODUCT_OFFERING (OFFER_ID, PRODUCT_OFFERING_ID, CREATED_BY, CREATE_DATE) VALUES (OFR_ID_SEQ.CURRVAL, PO_ID_SEQ.CURRVAL, 'OFFERMAKER', SYSDATE);
14:48:38 109  	BEGIN
14:48:38 110  	  SELECT ID INTO CUR_PRD_ID FROM PRODUCT WHERE NAME = 'TimesMachine' AND PRODUCT_STATUS_ID = 1 AND ROWNUM <= 1;
14:48:38 111  	EXCEPTION
14:48:38 112  	  WHEN NO_DATA_FOUND THEN
14:48:38 113  	    INSERT INTO PRODUCT (ID, NAME, PRODUCTION_COST, PRODUCT_STATUS_ID, PRODUCT_URI, UNIT_PRICE, CREATED_BY, CREATE_DATE) VALUES (PRD_ID_SEQ.NEXTVAL, 'TimesMachine', '0', 1, NULL, '0', 'OFFERMAKER', SYSDATE);
14:48:38 114  	    SELECT ID INTO CUR_PRD_ID FROM PRODUCT WHERE NAME = 'TimesMachine' AND PRODUCT_STATUS_ID = 1 AND ROWNUM <= 1;
14:48:38 115  	  WHEN OTHERS THEN
14:48:38 116  	    RAISE;
14:48:38 117  	END;
14:48:38 118  	SELECT ID INTO CUR_CAPABILITY_ID FROM CAPABILITY WHERE CODE IN LTRIM(RTRIM((UPPER('NONE')))) AND ROWNUM <= 1;
14:48:38 119  	INSERT INTO PRODUCT_OFFERING (ID, PRODUCT_ID, TAX_POLICY_TYPE_ID, QUANTITY, UNIT_PRICE, TAX_CATEGORY_ID, CAPABILITY_ID, CREATED_BY, CREATE_DATE) VALUES (PO_ID_SEQ.NEXTVAL, CUR_PRD_ID, '1', '28', '0', '2', CUR_CAPABILITY_ID, 'OFFERMAKER', SYSDATE);
14:48:38 120  	INSERT INTO PRODUCT_OFFERING_META_DATA (ID, PRODUCT_OFFERING_ID, NAME, VALUE, CREATED_BY, CREATE_DATE) VALUES (PROMD_ID_SEQ.NEXTVAL, PO_ID_SEQ.CURRVAL, 'DEFAULT_VAT_RATE', '{"*": 0.0}', 'OFFERMAKER', SYSDATE);
14:48:38 121  	INSERT INTO OFFER_PRODUCT_OFFERING (OFFER_ID, PRODUCT_OFFERING_ID, CREATED_BY, CREATE_DATE) VALUES (OFR_ID_SEQ.CURRVAL, PO_ID_SEQ.CURRVAL, 'OFFERMAKER', SYSDATE);
14:48:38 122  	BEGIN
14:48:38 123  	  SELECT ID INTO CUR_PRD_ID FROM PRODUCT WHERE NAME = 'Smartphone' AND PRODUCT_STATUS_ID = 1 AND ROWNUM <= 1;
14:48:38 124  	EXCEPTION
14:48:38 125  	  WHEN NO_DATA_FOUND THEN
14:48:38 126  	    INSERT INTO PRODUCT (ID, NAME, PRODUCTION_COST, PRODUCT_STATUS_ID, PRODUCT_URI, UNIT_PRICE, CREATED_BY, CREATE_DATE) VALUES (PRD_ID_SEQ.NEXTVAL, 'Smartphone', '0', 1, NULL, '0.178571', 'OFFERMAKER', SYSDATE);
14:48:38 127  	    SELECT ID INTO CUR_PRD_ID FROM PRODUCT WHERE NAME = 'Smartphone' AND PRODUCT_STATUS_ID = 1 AND ROWNUM <= 1;
14:48:38 128  	  WHEN OTHERS THEN
14:48:38 129  	    RAISE;
14:48:38 130  	END;
14:48:38 131  	SELECT ID INTO CUR_CAPABILITY_ID FROM CAPABILITY WHERE CODE IN LTRIM(RTRIM((UPPER('MSD')))) AND ROWNUM <= 1;
14:48:38 132  	INSERT INTO PRODUCT_OFFERING (ID, PRODUCT_ID, TAX_POLICY_TYPE_ID, QUANTITY, UNIT_PRICE, TAX_CATEGORY_ID, CAPABILITY_ID, CREATED_BY, CREATE_DATE) VALUES (PO_ID_SEQ.NEXTVAL, CUR_PRD_ID, '1', '28', '0.178571', '2', CUR_CAPABILITY_ID, 'OFFERMAKER', SYSDATE);
14:48:38 133  	INSERT INTO PRODUCT_OFFERING_META_DATA (ID, PRODUCT_OFFERING_ID, NAME, VALUE, CREATED_BY, CREATE_DATE) VALUES (PROMD_ID_SEQ.NEXTVAL, PO_ID_SEQ.CURRVAL, 'entitlement_uri', 'http://:hostname:/svc/user/entitlements/msd/:id:.json', 'OFFERMAKER', SYSDATE);
14:48:38 134  	INSERT INTO PRODUCT_OFFERING_META_DATA (ID, PRODUCT_OFFERING_ID, NAME, VALUE, CREATED_BY, CREATE_DATE) VALUES (PROMD_ID_SEQ.NEXTVAL, PO_ID_SEQ.CURRVAL, 'DEFAULT_VAT_RATE', '{"*": 0.0}', 'OFFERMAKER', SYSDATE);
14:48:38 135  	INSERT INTO PRODUCT_OFFERING_META_DATA (ID, PRODUCT_OFFERING_ID, NAME, VALUE, CREATED_BY, CREATE_DATE) VALUES (PROMD_ID_SEQ.NEXTVAL, PO_ID_SEQ.CURRVAL, 'capability', 'MSD', 'OFFERMAKER', SYSDATE);
14:48:38 136  	INSERT INTO OFFER_PRODUCT_OFFERING (OFFER_ID, PRODUCT_OFFERING_ID, CREATED_BY, CREATE_DATE) VALUES (OFR_ID_SEQ.CURRVAL, PO_ID_SEQ.CURRVAL, 'OFFERMAKER', SYSDATE);
14:48:38 137  	INSERT INTO DISCOUNT (ID, NAME, DESCRIPTION, FIXED_AMOUNT, PERCENT_AMOUNT, DISCOUNT_TYPE_ID, CREATED_BY, CREATE_DATE) VALUES (DSC_ID_SEQ.NEXTVAL, 'Discount', 'Target offer price 0.0 given offer total price 14.999992 and product price 4.999988', '4.999988', '0', 1, 'OFFERMAKER', SYSDATE);
14:48:38 138  	INSERT INTO DISCOUNT_PRODUCT_OFFERING (DISCOUNT_ID, PRODUCT_OFFERING_ID, CREATED_BY, CREATE_DATE) VALUES (DSC_ID_SEQ.CURRVAL, PO_ID_SEQ.CURRVAL, 'OFFERMAKER', SYSDATE);
14:48:38 139  	INSERT INTO OFFER_OFFER_CHAIN (OFFER_ID, OFFER_CHAIN_ID, INDEX_VALUE, NUM_RECURRENCES, CREATED_BY, CREATE_DATE, updated_by, update_date) VALUES (OFR_ID_SEQ.CURRVAL, 6767081, '0', '1', 'OFFERMAKER', SYSDATE, 'OFFERMAKER', SYSDATE);
14:48:38 140  	END;
14:48:38 141  END;
14:48:38 142  /

PL/SQL procedure successfully completed.

Elapsed: 00:00:00.13
14:48:38 SQL> 
14:48:38 SQL> PROMPT Creating offerchain: 2
Creating offerchain: 2
14:48:38 SQL> DECLARE
14:48:38   2  	TMP_VAR NUMBER;
14:48:38   3  	CUR_PRD_ID NUMBER;
14:48:38   4  	CUR_CAPABILITY_ID NUMBER;
14:48:38   5  BEGIN
14:48:38   6  	BEGIN
14:48:38   7  	  SELECT 1 INTO TMP_VAR FROM OFFER_CHAIN WHERE ID = 6767082 AND ROWNUM <= 1;
14:48:38   8  	  UPDATE OFFER_CHAIN SET NAME='NYTimes: Web + Smartphone App', DESCRIPTION='Unlimited access to NYTimes.com and the NYTimes smartphone app.*', PRODUCT_URI='', VENDOR_SOURCE_ID='1', BILLING_SOURCE_ID=(SELECT ID FROM BILLING_SOURCE BS WHERE BS.NAME='Sartre'), IS_SEAT_LICENSE=0, GROUP_ACCOUNT_TYPE_ID='NO',IS_ADDRESS_REQUIRED=0, OFFER_CHAIN_STATUS_ID = 1, UPDATE_DATE = SYSDATE, UPDATED_BY = 'OFFERMAKER', IS_GIFT_CERTIFICATE='0', REVOKE_ENTITLEMENTS = '0', ADOPTABILITY_WINDOW_START_DATE = to_date('14-Nov-2012 00:00:00','DD-MON-YY HH24:MI:SS'), ADOPTABILITY_WINDOW_END_DATE = to_date('02-Dec-2020 00:00:00','DD-MON-YY HH24:MI:SS') WHERE ID = 6767082;
14:48:38   9  	EXCEPTION
14:48:38  10  	  WHEN NO_DATA_FOUND THEN
14:48:38  11  	    INSERT INTO OFFER_CHAIN (ID, NAME, DESCRIPTION, ADOPTABILITY_WINDOW_START_DATE, ADOPTABILITY_WINDOW_END_DATE, IS_GIFT_CERTIFICATE, PRODUCT_URI, OFFER_CHAIN_STATUS_ID, REVOKE_ENTITLEMENTS, VENDOR_SOURCE_ID, BILLING_SOURCE_ID, IS_SEAT_LICENSE, GROUP_ACCOUNT_TYPE_ID, IS_ADDRESS_REQUIRED, CREATED_BY, CREATE_DATE, updated_by, update_date) VALUES (6767082, 'NYTimes: Web + Smartphone App', 'Unlimited access to NYTimes.com and the NYTimes smartphone app.*', to_date('14-Nov-2012 00:00:00','DD-MON-YY HH24:MI:SS'), to_date('02-Dec-2020 00:00:00','DD-MON-YY HH24:MI:SS'), '0', NULL, '1', '0', '1', (SELECT ID FROM BILLING_SOURCE BS WHERE BS.NAME='Sartre'), decode('NO','IL',1,0), 'NO', '0', 'OFFERMAKER', SYSDATE, 'OFFERMAKER', SYSDATE);
14:48:38  12  	END;
14:48:38  13  	DELETE FROM OFFER_CHAIN_ELIGIBILITY WHERE offer_chain_id = 6767082;
14:48:38  14  	INSERT INTO OFFER_CHAIN_ELIGIBILITY (ID, OFFER_CHAIN_ID, NAME, VALUE, CREATED_BY, CREATE_DATE) VALUES (ELG_ID_SEQ.NEXTVAL, 6767082, 'GIFT CERTIFICATE REQUIRED', '1', 'OFFERMAKER', SYSDATE);
14:48:38  15  	INSERT INTO OFFER_CHAIN_ELIGIBILITY (ID, OFFER_CHAIN_ID, NAME, VALUE, CREATED_BY, CREATE_DATE) VALUES (ELG_ID_SEQ.NEXTVAL, 6767082, 'IS_COMP', '0', 'OFFERMAKER', SYSDATE);
14:48:38  16  	INSERT INTO OFFER_CHAIN_ELIGIBILITY (ID, OFFER_CHAIN_ID, NAME, VALUE, CREATED_BY, CREATE_DATE) VALUES (ELG_ID_SEQ.NEXTVAL, 6767082, 'MAX_CONCURRENT_SUBS', '1', 'OFFERMAKER', SYSDATE);
14:48:38  17  	DELETE FROM OFFER_CHAIN_META_DATA WHERE offer_chain_id = 6767082;
14:48:38  18  	INSERT INTO OFFER_CHAIN_META_DATA (ID, OFFER_CHAIN_ID, NAME, VALUE, CREATED_BY, CREATE_DATE) VALUES (OCMD_ID_SEQ.NEXTVAL, 6767082, 'BUNDLE_EXPLANATION', 'Bundle A - Trial Pay 4 Week Sub - Upsell OC', 'OFFERMAKER', SYSDATE);
14:48:38  19  	INSERT INTO OFFER_CHAIN_META_DATA (ID, OFFER_CHAIN_ID, NAME, VALUE, CREATED_BY, CREATE_DATE) VALUES (OCMD_ID_SEQ.NEXTVAL, 6767082, 'PRICE_DESCRIPTION', '4 Week Trial Pay Promotion Subscription- Upsell. Then $0.99 for next 8 weeks ($3.75 / week thereafter)', 'OFFERMAKER', SYSDATE);
14:48:38  20  	INSERT INTO OFFER_CHAIN_META_DATA (ID, OFFER_CHAIN_ID, NAME, VALUE, CREATED_BY, CREATE_DATE) VALUES (OCMD_ID_SEQ.NEXTVAL, 6767082, 'PRICE_SHORT_DESCRIPTION', 'BNDL A / $0 4 wks Trial Pay GC upsell', 'OFFERMAKER', SYSDATE);
14:48:38  21  	INSERT INTO OFFER_CHAIN_META_DATA (ID, OFFER_CHAIN_ID, NAME, VALUE, CREATED_BY, CREATE_DATE) VALUES (OCMD_ID_SEQ.NEXTVAL, 6767082, 'OFFER_TYPE', '$0.99 for first 8 Weeks after redeemed period', 'OFFERMAKER', SYSDATE);
14:48:38  22  	INSERT INTO OFFER_CHAIN_META_DATA (ID, OFFER_CHAIN_ID, NAME, VALUE, CREATED_BY, CREATE_DATE) VALUES (OCMD_ID_SEQ.NEXTVAL, 6767082, 'OFFER_PRICE_DESCRIPTOR', 'First 4 Weeks: Trial Pay Purchase', 'OFFERMAKER', SYSDATE);
14:48:38  23  	INSERT INTO OFFER_CHAIN_META_DATA (ID, OFFER_CHAIN_ID, NAME, VALUE, CREATED_BY, CREATE_DATE) VALUES (OCMD_ID_SEQ.NEXTVAL, 6767082, 'OFFER_PRICE', '$0.99 for subsequent 8 weeks', 'OFFERMAKER', SYSDATE);
14:48:38  24  	INSERT INTO OFFER_CHAIN_META_DATA (ID, OFFER_CHAIN_ID, NAME, VALUE, CREATED_BY, CREATE_DATE) VALUES (OCMD_ID_SEQ.NEXTVAL, 6767082, 'OFFER_PRICE_DETAIL', '($3.75 /  week thereafter)', 'OFFERMAKER', SYSDATE);
14:48:38  25  	INSERT INTO OFFER_CHAIN_META_DATA (ID, OFFER_CHAIN_ID, NAME, VALUE, CREATED_BY, CREATE_DATE) VALUES (OCMD_ID_SEQ.NEXTVAL, 6767082, 'PROMO_PRICE_FOOTER_LABEL', 'First 4 weeks', 'OFFERMAKER', SYSDATE);
14:48:38  26  	INSERT INTO OFFER_CHAIN_META_DATA (ID, OFFER_CHAIN_ID, NAME, VALUE, CREATED_BY, CREATE_DATE) VALUES (OCMD_ID_SEQ.NEXTVAL, 6767082, 'ACTUAL_PRICE_FOOTER_LABEL', 'Subsequent 8 weeks $0.99', 'OFFERMAKER', SYSDATE);
14:48:38  27  	INSERT INTO OFFER_CHAIN_META_DATA (ID, OFFER_CHAIN_ID, NAME, VALUE, CREATED_BY, CREATE_DATE) VALUES (OCMD_ID_SEQ.NEXTVAL, 6767082, 'UPSELL_OFFER_HEADER', 'WANT TO ADD 8 WEEKS FOR ONLY 99&cent;?', 'OFFERMAKER', SYSDATE);
14:48:38  28  	INSERT INTO OFFER_CHAIN_META_DATA (ID, OFFER_CHAIN_ID, NAME, VALUE, CREATED_BY, CREATE_DATE) VALUES (OCMD_ID_SEQ.NEXTVAL, 6767082, 'UPSELL_OFFER_TRAILER', 'Sign up now to get 8 additional weeks for just 99&cent;.', 'OFFERMAKER', SYSDATE);
14:48:38  29  	INSERT INTO OFFER_CHAIN_META_DATA (ID, OFFER_CHAIN_ID, NAME, VALUE, CREATED_BY, CREATE_DATE) VALUES (OCMD_ID_SEQ.NEXTVAL, 6767082, 'BILLING_CYCLE', 'every 4 weeks thereafter', 'OFFERMAKER', SYSDATE);
14:48:38  30  	INSERT INTO OFFER_CHAIN_META_DATA (ID, OFFER_CHAIN_ID, NAME, VALUE, CREATED_BY, CREATE_DATE) VALUES (OCMD_ID_SEQ.NEXTVAL, 6767082, 'SUBSCRIBER_TYPE', 'Daily Deals', 'OFFERMAKER', SYSDATE);
14:48:38  31  	INSERT INTO OFFER_CHAIN_META_DATA (ID, OFFER_CHAIN_ID, NAME, VALUE, CREATED_BY, CREATE_DATE) VALUES (OCMD_ID_SEQ.NEXTVAL, 6767082, 'PRORATED_REFUND_DAYS_LIMIT', '28', 'OFFERMAKER', SYSDATE);
14:48:38  32  	INSERT INTO OFFER_CHAIN_META_DATA (ID, OFFER_CHAIN_ID, NAME, VALUE, CREATED_BY, CREATE_DATE) VALUES (OCMD_ID_SEQ.NEXTVAL, 6767082, 'OPEN_TO_ANONYMOUS', '1', 'OFFERMAKER', SYSDATE);
14:48:38  33  	INSERT INTO OFFER_CHAIN_META_DATA (ID, OFFER_CHAIN_ID, NAME, VALUE, CREATED_BY, CREATE_DATE) VALUES (OCMD_ID_SEQ.NEXTVAL, 6767082, 'BUNDLE', 'Bundle A (Web+SP)', 'OFFERMAKER', SYSDATE);
14:48:38  34  	INSERT INTO OFFER_CHAIN_META_DATA (ID, OFFER_CHAIN_ID, NAME, VALUE, CREATED_BY, CREATE_DATE) VALUES (OCMD_ID_SEQ.NEXTVAL, 6767082, 'ADX_BUNDLE', 'MM_PROMO', 'OFFERMAKER', SYSDATE);
14:48:38  35  	INSERT INTO OFFER_CHAIN_META_DATA (ID, OFFER_CHAIN_ID, NAME, VALUE, CREATED_BY, CREATE_DATE) VALUES (OCMD_ID_SEQ.NEXTVAL, 6767082, 'SIEBEL_CAMPAIGN_CODE', '3HLUF', 'OFFERMAKER', SYSDATE);
14:48:38  36  	INSERT INTO OFFER_CHAIN_META_DATA (ID, OFFER_CHAIN_ID, NAME, VALUE, CREATED_BY, CREATE_DATE) VALUES (OCMD_ID_SEQ.NEXTVAL, 6767082, 'ANNUAL_PRICE', '195.00', 'OFFERMAKER', SYSDATE);
14:48:38  37  	INSERT INTO OFFER_CHAIN_META_DATA (ID, OFFER_CHAIN_ID, NAME, VALUE, CREATED_BY, CREATE_DATE) VALUES (OCMD_ID_SEQ.NEXTVAL, 6767082, 'UID', '88e59cda9a9d9edbfcd247fd2ff07072353181c29e53c9a071ffa358b3d85628', 'OFFERMAKER', SYSDATE);
14:48:38  38  	DELETE FROM OFFER_CHAIN_NOTIFICATION_TYPE WHERE offer_chain_id = 6767082;
14:48:38  39  	BEGIN
14:48:38  40  	  SELECT 1 INTO TMP_VAR FROM ACTION WHERE NAME = 'SUBSCRIBE_TO_OFFER_CHAIN';
14:48:38  41  	EXCEPTION
14:48:38  42  	  WHEN NO_DATA_FOUND THEN
14:48:38  43  	    INSERT INTO ACTION (ID, NAME, CREATE_DATE, CREATED_BY) VALUES (ACTION_ID_SEQ.NEXTVAL, 'SUBSCRIBE_TO_OFFER_CHAIN', SYSDATE, 'OFFERMAKER');
14:48:38  44  	END;
14:48:38  45  	BEGIN
14:48:38  46  	  SELECT 1 INTO TMP_VAR FROM OPS_OWNER.NOTIFICATION_TYPE WHERE VALUE = 'sartre-purchase';
14:48:38  47  	EXCEPTION
14:48:38  48  	  WHEN NO_DATA_FOUND THEN NULL;
14:48:38  49  	    -- INSERT INTO OPS_OWNER.NOTIFICATION_TYPE (ID, VALUE, TEMPLATE_URL) VALUES (OPS_OWNER.NOTTID_SEQ.NEXTVAL, 'sartre-purchase', 'N/A');
14:48:38  50  	END;
14:48:38  51  	BEGIN
14:48:38  52  	  SELECT 1 INTO TMP_VAR FROM ACTION WHERE NAME = 'UPGRADE_SUBSCRIPTION';
14:48:38  53  	EXCEPTION
14:48:38  54  	  WHEN NO_DATA_FOUND THEN
14:48:38  55  	    INSERT INTO ACTION (ID, NAME, CREATE_DATE, CREATED_BY) VALUES (ACTION_ID_SEQ.NEXTVAL, 'UPGRADE_SUBSCRIPTION', SYSDATE, 'OFFERMAKER');
14:48:38  56  	END;
14:48:38  57  	BEGIN
14:48:38  58  	  SELECT 1 INTO TMP_VAR FROM OPS_OWNER.NOTIFICATION_TYPE WHERE VALUE = 'sartre-purchase';
14:48:38  59  	EXCEPTION
14:48:38  60  	  WHEN NO_DATA_FOUND THEN NULL;
14:48:38  61  	    -- INSERT INTO OPS_OWNER.NOTIFICATION_TYPE (ID, VALUE, TEMPLATE_URL) VALUES (OPS_OWNER.NOTTID_SEQ.NEXTVAL, 'sartre-purchase', 'N/A');
14:48:38  62  	END;
14:48:38  63  	BEGIN
14:48:38  64  	  SELECT 1 INTO TMP_VAR FROM ACTION WHERE NAME = 'CANCEL_SUBSCRIPTION';
14:48:38  65  	EXCEPTION
14:48:38  66  	  WHEN NO_DATA_FOUND THEN
14:48:38  67  	    INSERT INTO ACTION (ID, NAME, CREATE_DATE, CREATED_BY) VALUES (ACTION_ID_SEQ.NEXTVAL, 'CANCEL_SUBSCRIPTION', SYSDATE, 'OFFERMAKER');
14:48:38  68  	END;
14:48:38  69  	BEGIN
14:48:38  70  	  SELECT 1 INTO TMP_VAR FROM OPS_OWNER.NOTIFICATION_TYPE WHERE VALUE = 'sartre-cancel';
14:48:38  71  	EXCEPTION
14:48:38  72  	  WHEN NO_DATA_FOUND THEN NULL;
14:48:38  73  	    -- INSERT INTO OPS_OWNER.NOTIFICATION_TYPE (ID, VALUE, TEMPLATE_URL) VALUES (OPS_OWNER.NOTTID_SEQ.NEXTVAL, 'sartre-cancel', 'N/A');
14:48:38  74  	END;
14:48:38  75  	BEGIN
14:48:38  76  	  SELECT 1 INTO TMP_VAR FROM ACTION WHERE NAME = 'SYSTEM_CANCEL';
14:48:38  77  	EXCEPTION
14:48:38  78  	  WHEN NO_DATA_FOUND THEN
14:48:38  79  	    INSERT INTO ACTION (ID, NAME, CREATE_DATE, CREATED_BY) VALUES (ACTION_ID_SEQ.NEXTVAL, 'SYSTEM_CANCEL', SYSDATE, 'OFFERMAKER');
14:48:38  80  	END;
14:48:38  81  	BEGIN
14:48:38  82  	  SELECT 1 INTO TMP_VAR FROM OPS_OWNER.NOTIFICATION_TYPE WHERE VALUE = 'sartre-decline';
14:48:38  83  	EXCEPTION
14:48:38  84  	  WHEN NO_DATA_FOUND THEN NULL;
14:48:38  85  	    -- INSERT INTO OPS_OWNER.NOTIFICATION_TYPE (ID, VALUE, TEMPLATE_URL) VALUES (OPS_OWNER.NOTTID_SEQ.NEXTVAL, 'sartre-decline', 'N/A');
14:48:38  86  	END;
14:48:38  87  	BEGIN
14:48:38  88  	  SELECT 1 INTO TMP_VAR FROM ACTION WHERE NAME = 'CREDIT_CARD_EXP';
14:48:38  89  	EXCEPTION
14:48:38  90  	  WHEN NO_DATA_FOUND THEN
14:48:38  91  	    INSERT INTO ACTION (ID, NAME, CREATE_DATE, CREATED_BY) VALUES (ACTION_ID_SEQ.NEXTVAL, 'CREDIT_CARD_EXP', SYSDATE, 'OFFERMAKER');
14:48:38  92  	END;
14:48:38  93  	BEGIN
14:48:38  94  	  SELECT 1 INTO TMP_VAR FROM OPS_OWNER.NOTIFICATION_TYPE WHERE VALUE = 'card_expiration';
14:48:38  95  	EXCEPTION
14:48:38  96  	  WHEN NO_DATA_FOUND THEN NULL;
14:48:38  97  	    -- INSERT INTO OPS_OWNER.NOTIFICATION_TYPE (ID, VALUE, TEMPLATE_URL) VALUES (OPS_OWNER.NOTTID_SEQ.NEXTVAL, 'card_expiration', 'N/A');
14:48:38  98  	END;
14:48:38  99  	BEGIN
14:48:38 100  	  SELECT 1 INTO TMP_VAR FROM ACTION WHERE NAME = 'GC_REDEEMER_ON_REDEEM';
14:48:38 101  	EXCEPTION
14:48:38 102  	  WHEN NO_DATA_FOUND THEN
14:48:38 103  	    INSERT INTO ACTION (ID, NAME, CREATE_DATE, CREATED_BY) VALUES (ACTION_ID_SEQ.NEXTVAL, 'GC_REDEEMER_ON_REDEEM', SYSDATE, 'OFFERMAKER');
14:48:38 104  	END;
14:48:38 105  	BEGIN
14:48:38 106  	  SELECT 1 INTO TMP_VAR FROM OPS_OWNER.NOTIFICATION_TYPE WHERE VALUE = 'sartre-upsell-sub-activation-groupon';
14:48:38 107  	EXCEPTION
14:48:38 108  	  WHEN NO_DATA_FOUND THEN NULL;
14:48:38 109  	    -- INSERT INTO OPS_OWNER.NOTIFICATION_TYPE (ID, VALUE, TEMPLATE_URL) VALUES (OPS_OWNER.NOTTID_SEQ.NEXTVAL, 'sartre-upsell-sub-activation-groupon', 'N/A');
14:48:38 110  	END;
14:48:38 111  	INSERT INTO OFFER_CHAIN_NOTIFICATION_TYPE (ID, OFFER_CHAIN_ID, NOTIFICATION_TYPE_ID, ACTION_ID, CREATED_BY, CREATE_DATE) VALUES (OCET_ID_SEQ.NEXTVAL, 6767082, (SELECT ID FROM OPS_OWNER.NOTIFICATION_TYPE WHERE VALUE = 'sartre-purchase'), (SELECT ID FROM ACTION WHERE NAME = 'SUBSCRIBE_TO_OFFER_CHAIN'), 'OFFERMAKER', SYSDATE);
14:48:38 112  	INSERT INTO OFFER_CHAIN_NOTIFICATION_TYPE (ID, OFFER_CHAIN_ID, NOTIFICATION_TYPE_ID, ACTION_ID, CREATED_BY, CREATE_DATE) VALUES (OCET_ID_SEQ.NEXTVAL, 6767082, (SELECT ID FROM OPS_OWNER.NOTIFICATION_TYPE WHERE VALUE = 'sartre-purchase'), (SELECT ID FROM ACTION WHERE NAME = 'UPGRADE_SUBSCRIPTION'), 'OFFERMAKER', SYSDATE);
14:48:38 113  	INSERT INTO OFFER_CHAIN_NOTIFICATION_TYPE (ID, OFFER_CHAIN_ID, NOTIFICATION_TYPE_ID, ACTION_ID, CREATED_BY, CREATE_DATE) VALUES (OCET_ID_SEQ.NEXTVAL, 6767082, (SELECT ID FROM OPS_OWNER.NOTIFICATION_TYPE WHERE VALUE = 'sartre-cancel'), (SELECT ID FROM ACTION WHERE NAME = 'CANCEL_SUBSCRIPTION'), 'OFFERMAKER', SYSDATE);
14:48:38 114  	INSERT INTO OFFER_CHAIN_NOTIFICATION_TYPE (ID, OFFER_CHAIN_ID, NOTIFICATION_TYPE_ID, ACTION_ID, CREATED_BY, CREATE_DATE) VALUES (OCET_ID_SEQ.NEXTVAL, 6767082, (SELECT ID FROM OPS_OWNER.NOTIFICATION_TYPE WHERE VALUE = 'sartre-decline'), (SELECT ID FROM ACTION WHERE NAME = 'SYSTEM_CANCEL'), 'OFFERMAKER', SYSDATE);
14:48:38 115  	INSERT INTO OFFER_CHAIN_NOTIFICATION_TYPE (ID, OFFER_CHAIN_ID, NOTIFICATION_TYPE_ID, ACTION_ID, CREATED_BY, CREATE_DATE) VALUES (OCET_ID_SEQ.NEXTVAL, 6767082, (SELECT ID FROM OPS_OWNER.NOTIFICATION_TYPE WHERE VALUE = 'card_expiration'), (SELECT ID FROM ACTION WHERE NAME = 'CREDIT_CARD_EXP'), 'OFFERMAKER', SYSDATE);
14:48:38 116  	INSERT INTO OFFER_CHAIN_NOTIFICATION_TYPE (ID, OFFER_CHAIN_ID, NOTIFICATION_TYPE_ID, ACTION_ID, CREATED_BY, CREATE_DATE) VALUES (OCET_ID_SEQ.NEXTVAL, 6767082, (SELECT ID FROM OPS_OWNER.NOTIFICATION_TYPE WHERE VALUE = 'sartre-upsell-sub-activation-groupon'), (SELECT ID FROM ACTION WHERE NAME = 'GC_REDEEMER_ON_REDEEM'), 'OFFERMAKER', SYSDATE);
14:48:38 117  	BEGIN
14:48:38 118  	  SELECT 1 INTO TMP_VAR FROM OFFER_OFFER_CHAIN WHERE OFFER_CHAIN_ID = 6767082 AND INDEX_VALUE = 0 AND ROWNUM <= 1;
14:48:38 119  	EXCEPTION
14:48:38 120  	  WHEN NO_DATA_FOUND THEN
14:48:38 121  	INSERT INTO OFFER (ID, OFFER_STATUS_ID, ENTITLEMENT_DURATION, CREATED_BY, CREATE_DATE, updated_by, update_date) VALUES (OFR_ID_SEQ.NEXTVAL, 1, 'P0Y0M28DT0H0M', 'OFFERMAKER', SYSDATE, 'OFFERMAKER', SYSDATE);
14:48:38 122  	BEGIN
14:48:38 123  	  SELECT ID INTO CUR_PRD_ID FROM PRODUCT WHERE NAME = 'Web' AND PRODUCT_STATUS_ID = 1 AND ROWNUM <= 1;
14:48:38 124  	EXCEPTION
14:48:38 125  	  WHEN NO_DATA_FOUND THEN
14:48:38 126  	    INSERT INTO PRODUCT (ID, NAME, PRODUCTION_COST, PRODUCT_STATUS_ID, PRODUCT_URI, UNIT_PRICE, CREATED_BY, CREATE_DATE) VALUES (PRD_ID_SEQ.NEXTVAL, 'Web', '0', 1, NULL, '0.357143', 'OFFERMAKER', SYSDATE);
14:48:38 127  	    SELECT ID INTO CUR_PRD_ID FROM PRODUCT WHERE NAME = 'Web' AND PRODUCT_STATUS_ID = 1 AND ROWNUM <= 1;
14:48:38 128  	  WHEN OTHERS THEN
14:48:38 129  	    RAISE;
14:48:38 130  	END;
14:48:38 131  	SELECT ID INTO CUR_CAPABILITY_ID FROM CAPABILITY WHERE CODE IN LTRIM(RTRIM((UPPER('MM')))) AND ROWNUM <= 1;
14:48:38 132  	INSERT INTO PRODUCT_OFFERING (ID, PRODUCT_ID, TAX_POLICY_TYPE_ID, QUANTITY, UNIT_PRICE, TAX_CATEGORY_ID, CAPABILITY_ID, CREATED_BY, CREATE_DATE) VALUES (PO_ID_SEQ.NEXTVAL, CUR_PRD_ID, '1', '28', '0.357143', '2', CUR_CAPABILITY_ID, 'OFFERMAKER', SYSDATE);
14:48:38 133  	INSERT INTO PRODUCT_OFFERING_META_DATA (ID, PRODUCT_OFFERING_ID, NAME, VALUE, CREATED_BY, CREATE_DATE) VALUES (PROMD_ID_SEQ.NEXTVAL, PO_ID_SEQ.CURRVAL, 'entitlement_uri', 'http://:hostname:/svc/user/entitlements/mm/:id:.json', 'OFFERMAKER', SYSDATE);
14:48:38 134  	INSERT INTO PRODUCT_OFFERING_META_DATA (ID, PRODUCT_OFFERING_ID, NAME, VALUE, CREATED_BY, CREATE_DATE) VALUES (PROMD_ID_SEQ.NEXTVAL, PO_ID_SEQ.CURRVAL, 'DEFAULT_VAT_RATE', '{"*": 0.0}', 'OFFERMAKER', SYSDATE);
14:48:38 135  	INSERT INTO PRODUCT_OFFERING_META_DATA (ID, PRODUCT_OFFERING_ID, NAME, VALUE, CREATED_BY, CREATE_DATE) VALUES (PROMD_ID_SEQ.NEXTVAL, PO_ID_SEQ.CURRVAL, 'capability', 'MM', 'OFFERMAKER', SYSDATE);
14:48:38 136  	INSERT INTO OFFER_PRODUCT_OFFERING (OFFER_ID, PRODUCT_OFFERING_ID, CREATED_BY, CREATE_DATE) VALUES (OFR_ID_SEQ.CURRVAL, PO_ID_SEQ.CURRVAL, 'OFFERMAKER', SYSDATE);
14:48:38 137  	INSERT INTO DISCOUNT (ID, NAME, DESCRIPTION, FIXED_AMOUNT, PERCENT_AMOUNT, DISCOUNT_TYPE_ID, CREATED_BY, CREATE_DATE) VALUES (DSC_ID_SEQ.NEXTVAL, 'Discount', 'Target offer price 0.0 given offer total price 14.999992 and product price 10.000004', '10.000004', '0', 1, 'OFFERMAKER', SYSDATE);
14:48:38 138  	INSERT INTO DISCOUNT_PRODUCT_OFFERING (DISCOUNT_ID, PRODUCT_OFFERING_ID, CREATED_BY, CREATE_DATE) VALUES (DSC_ID_SEQ.CURRVAL, PO_ID_SEQ.CURRVAL, 'OFFERMAKER', SYSDATE);
14:48:38 139  	BEGIN
14:48:38 140  	  SELECT ID INTO CUR_PRD_ID FROM PRODUCT WHERE NAME = 'Mobile' AND PRODUCT_STATUS_ID = 1 AND ROWNUM <= 1;
14:48:38 141  	EXCEPTION
14:48:38 142  	  WHEN NO_DATA_FOUND THEN
14:48:38 143  	    INSERT INTO PRODUCT (ID, NAME, PRODUCTION_COST, PRODUCT_STATUS_ID, PRODUCT_URI, UNIT_PRICE, CREATED_BY, CREATE_DATE) VALUES (PRD_ID_SEQ.NEXTVAL, 'Mobile', '0', 1, NULL, '0', 'OFFERMAKER', SYSDATE);
14:48:38 144  	    SELECT ID INTO CUR_PRD_ID FROM PRODUCT WHERE NAME = 'Mobile' AND PRODUCT_STATUS_ID = 1 AND ROWNUM <= 1;
14:48:38 145  	  WHEN OTHERS THEN
14:48:38 146  	    RAISE;
14:48:38 147  	END;
14:48:38 148  	SELECT ID INTO CUR_CAPABILITY_ID FROM CAPABILITY WHERE CODE IN LTRIM(RTRIM((UPPER('MOW')))) AND ROWNUM <= 1;
14:48:38 149  	INSERT INTO PRODUCT_OFFERING (ID, PRODUCT_ID, TAX_POLICY_TYPE_ID, QUANTITY, UNIT_PRICE, TAX_CATEGORY_ID, CAPABILITY_ID, CREATED_BY, CREATE_DATE) VALUES (PO_ID_SEQ.NEXTVAL, CUR_PRD_ID, '1', '28', '0', '2', CUR_CAPABILITY_ID, 'OFFERMAKER', SYSDATE);
14:48:38 150  	INSERT INTO PRODUCT_OFFERING_META_DATA (ID, PRODUCT_OFFERING_ID, NAME, VALUE, CREATED_BY, CREATE_DATE) VALUES (PROMD_ID_SEQ.NEXTVAL, PO_ID_SEQ.CURRVAL, 'entitlement_uri', 'http://:hostname:/svc/user/entitlements/mow/:id:.json', 'OFFERMAKER', SYSDATE);
14:48:38 151  	INSERT INTO PRODUCT_OFFERING_META_DATA (ID, PRODUCT_OFFERING_ID, NAME, VALUE, CREATED_BY, CREATE_DATE) VALUES (PROMD_ID_SEQ.NEXTVAL, PO_ID_SEQ.CURRVAL, 'DEFAULT_VAT_RATE', '{"*": 0.0}', 'OFFERMAKER', SYSDATE);
14:48:38 152  	INSERT INTO PRODUCT_OFFERING_META_DATA (ID, PRODUCT_OFFERING_ID, NAME, VALUE, CREATED_BY, CREATE_DATE) VALUES (PROMD_ID_SEQ.NEXTVAL, PO_ID_SEQ.CURRVAL, 'capability', 'MOW', 'OFFERMAKER', SYSDATE);
14:48:38 153  	INSERT INTO OFFER_PRODUCT_OFFERING (OFFER_ID, PRODUCT_OFFERING_ID, CREATED_BY, CREATE_DATE) VALUES (OFR_ID_SEQ.CURRVAL, PO_ID_SEQ.CURRVAL, 'OFFERMAKER', SYSDATE);
14:48:38 154  	BEGIN
14:48:38 155  	  SELECT ID INTO CUR_PRD_ID FROM PRODUCT WHERE NAME = 'Archive Article' AND PRODUCT_STATUS_ID = 1 AND ROWNUM <= 1;
14:48:38 156  	EXCEPTION
14:48:38 157  	  WHEN NO_DATA_FOUND THEN
14:48:38 158  	    INSERT INTO PRODUCT (ID, NAME, PRODUCTION_COST, PRODUCT_STATUS_ID, PRODUCT_URI, UNIT_PRICE, CREATED_BY, CREATE_DATE) VALUES (PRD_ID_SEQ.NEXTVAL, 'Archive Article', '0', 1, NULL, '0', 'OFFERMAKER', SYSDATE);
14:48:38 159  	    SELECT ID INTO CUR_PRD_ID FROM PRODUCT WHERE NAME = 'Archive Article' AND PRODUCT_STATUS_ID = 1 AND ROWNUM <= 1;
14:48:38 160  	  WHEN OTHERS THEN
14:48:38 161  	    RAISE;
14:48:38 162  	END;
14:48:38 163  	SELECT ID INTO CUR_CAPABILITY_ID FROM CAPABILITY WHERE CODE IN LTRIM(RTRIM((UPPER('AAA')))) AND ROWNUM <= 1;
14:48:38 164  	INSERT INTO PRODUCT_OFFERING (ID, PRODUCT_ID, TAX_POLICY_TYPE_ID, QUANTITY, UNIT_PRICE, TAX_CATEGORY_ID, CAPABILITY_ID, CREATED_BY, CREATE_DATE) VALUES (PO_ID_SEQ.NEXTVAL, CUR_PRD_ID, '1', '100', '0', '2', CUR_CAPABILITY_ID, 'OFFERMAKER', SYSDATE);
14:48:38 165  	INSERT INTO PRODUCT_OFFERING_META_DATA (ID, PRODUCT_OFFERING_ID, NAME, VALUE, CREATED_BY, CREATE_DATE) VALUES (PROMD_ID_SEQ.NEXTVAL, PO_ID_SEQ.CURRVAL, 'entitlement_uri', 'http://:hostname:/svc/user/entitlements/archive/size/100/:id:.json', 'OFFERMAKER', SYSDATE);
14:48:38 166  	INSERT INTO PRODUCT_OFFERING_META_DATA (ID, PRODUCT_OFFERING_ID, NAME, VALUE, CREATED_BY, CREATE_DATE) VALUES (PROMD_ID_SEQ.NEXTVAL, PO_ID_SEQ.CURRVAL, 'DEFAULT_VAT_RATE', '{"*": 0.0}', 'OFFERMAKER', SYSDATE);
14:48:38 167  	INSERT INTO OFFER_PRODUCT_OFFERING (OFFER_ID, PRODUCT_OFFERING_ID, CREATED_BY, CREATE_DATE) VALUES (OFR_ID_SEQ.CURRVAL, PO_ID_SEQ.CURRVAL, 'OFFERMAKER', SYSDATE);
14:48:38 168  	BEGIN
14:48:38 169  	  SELECT ID INTO CUR_PRD_ID FROM PRODUCT WHERE NAME = 'TimesMachine' AND PRODUCT_STATUS_ID = 1 AND ROWNUM <= 1;
14:48:38 170  	EXCEPTION
14:48:38 171  	  WHEN NO_DATA_FOUND THEN
14:48:38 172  	    INSERT INTO PRODUCT (ID, NAME, PRODUCTION_COST, PRODUCT_STATUS_ID, PRODUCT_URI, UNIT_PRICE, CREATED_BY, CREATE_DATE) VALUES (PRD_ID_SEQ.NEXTVAL, 'TimesMachine', '0', 1, NULL, '0', 'OFFERMAKER', SYSDATE);
14:48:38 173  	    SELECT ID INTO CUR_PRD_ID FROM PRODUCT WHERE NAME = 'TimesMachine' AND PRODUCT_STATUS_ID = 1 AND ROWNUM <= 1;
14:48:38 174  	  WHEN OTHERS THEN
14:48:38 175  	    RAISE;
14:48:38 176  	END;
14:48:38 177  	SELECT ID INTO CUR_CAPABILITY_ID FROM CAPABILITY WHERE CODE IN LTRIM(RTRIM((UPPER('NONE')))) AND ROWNUM <= 1;
14:48:38 178  	INSERT INTO PRODUCT_OFFERING (ID, PRODUCT_ID, TAX_POLICY_TYPE_ID, QUANTITY, UNIT_PRICE, TAX_CATEGORY_ID, CAPABILITY_ID, CREATED_BY, CREATE_DATE) VALUES (PO_ID_SEQ.NEXTVAL, CUR_PRD_ID, '1', '28', '0', '2', CUR_CAPABILITY_ID, 'OFFERMAKER', SYSDATE);
14:48:38 179  	INSERT INTO PRODUCT_OFFERING_META_DATA (ID, PRODUCT_OFFERING_ID, NAME, VALUE, CREATED_BY, CREATE_DATE) VALUES (PROMD_ID_SEQ.NEXTVAL, PO_ID_SEQ.CURRVAL, 'DEFAULT_VAT_RATE', '{"*": 0.0}', 'OFFERMAKER', SYSDATE);
14:48:38 180  	INSERT INTO OFFER_PRODUCT_OFFERING (OFFER_ID, PRODUCT_OFFERING_ID, CREATED_BY, CREATE_DATE) VALUES (OFR_ID_SEQ.CURRVAL, PO_ID_SEQ.CURRVAL, 'OFFERMAKER', SYSDATE);
14:48:38 181  	BEGIN
14:48:38 182  	  SELECT ID INTO CUR_PRD_ID FROM PRODUCT WHERE NAME = 'Smartphone' AND PRODUCT_STATUS_ID = 1 AND ROWNUM <= 1;
14:48:38 183  	EXCEPTION
14:48:38 184  	  WHEN NO_DATA_FOUND THEN
14:48:38 185  	    INSERT INTO PRODUCT (ID, NAME, PRODUCTION_COST, PRODUCT_STATUS_ID, PRODUCT_URI, UNIT_PRICE, CREATED_BY, CREATE_DATE) VALUES (PRD_ID_SEQ.NEXTVAL, 'Smartphone', '0', 1, NULL, '0.178571', 'OFFERMAKER', SYSDATE);
14:48:38 186  	    SELECT ID INTO CUR_PRD_ID FROM PRODUCT WHERE NAME = 'Smartphone' AND PRODUCT_STATUS_ID = 1 AND ROWNUM <= 1;
14:48:38 187  	  WHEN OTHERS THEN
14:48:38 188  	    RAISE;
14:48:38 189  	END;
14:48:38 190  	SELECT ID INTO CUR_CAPABILITY_ID FROM CAPABILITY WHERE CODE IN LTRIM(RTRIM((UPPER('MSD')))) AND ROWNUM <= 1;
14:48:38 191  	INSERT INTO PRODUCT_OFFERING (ID, PRODUCT_ID, TAX_POLICY_TYPE_ID, QUANTITY, UNIT_PRICE, TAX_CATEGORY_ID, CAPABILITY_ID, CREATED_BY, CREATE_DATE) VALUES (PO_ID_SEQ.NEXTVAL, CUR_PRD_ID, '1', '28', '0.178571', '2', CUR_CAPABILITY_ID, 'OFFERMAKER', SYSDATE);
14:48:38 192  	INSERT INTO PRODUCT_OFFERING_META_DATA (ID, PRODUCT_OFFERING_ID, NAME, VALUE, CREATED_BY, CREATE_DATE) VALUES (PROMD_ID_SEQ.NEXTVAL, PO_ID_SEQ.CURRVAL, 'entitlement_uri', 'http://:hostname:/svc/user/entitlements/msd/:id:.json', 'OFFERMAKER', SYSDATE);
14:48:38 193  	INSERT INTO PRODUCT_OFFERING_META_DATA (ID, PRODUCT_OFFERING_ID, NAME, VALUE, CREATED_BY, CREATE_DATE) VALUES (PROMD_ID_SEQ.NEXTVAL, PO_ID_SEQ.CURRVAL, 'DEFAULT_VAT_RATE', '{"*": 0.0}', 'OFFERMAKER', SYSDATE);
14:48:38 194  	INSERT INTO PRODUCT_OFFERING_META_DATA (ID, PRODUCT_OFFERING_ID, NAME, VALUE, CREATED_BY, CREATE_DATE) VALUES (PROMD_ID_SEQ.NEXTVAL, PO_ID_SEQ.CURRVAL, 'capability', 'MSD', 'OFFERMAKER', SYSDATE);
14:48:38 195  	INSERT INTO OFFER_PRODUCT_OFFERING (OFFER_ID, PRODUCT_OFFERING_ID, CREATED_BY, CREATE_DATE) VALUES (OFR_ID_SEQ.CURRVAL, PO_ID_SEQ.CURRVAL, 'OFFERMAKER', SYSDATE);
14:48:38 196  	INSERT INTO DISCOUNT (ID, NAME, DESCRIPTION, FIXED_AMOUNT, PERCENT_AMOUNT, DISCOUNT_TYPE_ID, CREATED_BY, CREATE_DATE) VALUES (DSC_ID_SEQ.NEXTVAL, 'Discount', 'Target offer price 0.0 given offer total price 14.999992 and product price 4.999988', '4.999988', '0', 1, 'OFFERMAKER', SYSDATE);
14:48:38 197  	INSERT INTO DISCOUNT_PRODUCT_OFFERING (DISCOUNT_ID, PRODUCT_OFFERING_ID, CREATED_BY, CREATE_DATE) VALUES (DSC_ID_SEQ.CURRVAL, PO_ID_SEQ.CURRVAL, 'OFFERMAKER', SYSDATE);
14:48:38 198  	INSERT INTO OFFER_OFFER_CHAIN (OFFER_ID, OFFER_CHAIN_ID, INDEX_VALUE, NUM_RECURRENCES, CREATED_BY, CREATE_DATE, updated_by, update_date) VALUES (OFR_ID_SEQ.CURRVAL, 6767082, '0', '1', 'OFFERMAKER', SYSDATE, 'OFFERMAKER', SYSDATE);
14:48:38 199  	END;
14:48:38 200  	BEGIN
14:48:38 201  	  SELECT 1 INTO TMP_VAR FROM OFFER_OFFER_CHAIN WHERE OFFER_CHAIN_ID = 6767082 AND INDEX_VALUE = 1 AND ROWNUM <= 1;
14:48:38 202  	EXCEPTION
14:48:38 203  	  WHEN NO_DATA_FOUND THEN
14:48:38 204  	INSERT INTO OFFER (ID, OFFER_STATUS_ID, ENTITLEMENT_DURATION, CREATED_BY, CREATE_DATE, updated_by, update_date) VALUES (OFR_ID_SEQ.NEXTVAL, 1, 'P0Y0M56DT0H0M', 'OFFERMAKER', SYSDATE, 'OFFERMAKER', SYSDATE);
14:48:38 205  	BEGIN
14:48:38 206  	  SELECT ID INTO CUR_PRD_ID FROM PRODUCT WHERE NAME = 'Web' AND PRODUCT_STATUS_ID = 1 AND ROWNUM <= 1;
14:48:38 207  	EXCEPTION
14:48:38 208  	  WHEN NO_DATA_FOUND THEN
14:48:38 209  	    INSERT INTO PRODUCT (ID, NAME, PRODUCTION_COST, PRODUCT_STATUS_ID, PRODUCT_URI, UNIT_PRICE, CREATED_BY, CREATE_DATE) VALUES (PRD_ID_SEQ.NEXTVAL, 'Web', '0', 1, NULL, '0.357143', 'OFFERMAKER', SYSDATE);
14:48:38 210  	    SELECT ID INTO CUR_PRD_ID FROM PRODUCT WHERE NAME = 'Web' AND PRODUCT_STATUS_ID = 1 AND ROWNUM <= 1;
14:48:38 211  	  WHEN OTHERS THEN
14:48:38 212  	    RAISE;
14:48:38 213  	END;
14:48:38 214  	SELECT ID INTO CUR_CAPABILITY_ID FROM CAPABILITY WHERE CODE IN LTRIM(RTRIM((UPPER('MM')))) AND ROWNUM <= 1;
14:48:38 215  	INSERT INTO PRODUCT_OFFERING (ID, PRODUCT_ID, TAX_POLICY_TYPE_ID, QUANTITY, UNIT_PRICE, TAX_CATEGORY_ID, CAPABILITY_ID, CREATED_BY, CREATE_DATE) VALUES (PO_ID_SEQ.NEXTVAL, CUR_PRD_ID, '1', '56', '0.357143', '2', CUR_CAPABILITY_ID, 'OFFERMAKER', SYSDATE);
14:48:38 216  	INSERT INTO PRODUCT_OFFERING_META_DATA (ID, PRODUCT_OFFERING_ID, NAME, VALUE, CREATED_BY, CREATE_DATE) VALUES (PROMD_ID_SEQ.NEXTVAL, PO_ID_SEQ.CURRVAL, 'entitlement_uri', 'http://:hostname:/svc/user/entitlements/mm/:id:.json', 'OFFERMAKER', SYSDATE);
14:48:38 217  	INSERT INTO PRODUCT_OFFERING_META_DATA (ID, PRODUCT_OFFERING_ID, NAME, VALUE, CREATED_BY, CREATE_DATE) VALUES (PROMD_ID_SEQ.NEXTVAL, PO_ID_SEQ.CURRVAL, 'DEFAULT_VAT_RATE', '{"*": 0.0}', 'OFFERMAKER', SYSDATE);
14:48:38 218  	INSERT INTO PRODUCT_OFFERING_META_DATA (ID, PRODUCT_OFFERING_ID, NAME, VALUE, CREATED_BY, CREATE_DATE) VALUES (PROMD_ID_SEQ.NEXTVAL, PO_ID_SEQ.CURRVAL, 'capability', 'MM', 'OFFERMAKER', SYSDATE);
14:48:38 219  	INSERT INTO OFFER_PRODUCT_OFFERING (OFFER_ID, PRODUCT_OFFERING_ID, CREATED_BY, CREATE_DATE) VALUES (OFR_ID_SEQ.CURRVAL, PO_ID_SEQ.CURRVAL, 'OFFERMAKER', SYSDATE);
14:48:38 220  	INSERT INTO DISCOUNT (ID, NAME, DESCRIPTION, FIXED_AMOUNT, PERCENT_AMOUNT, DISCOUNT_TYPE_ID, CREATED_BY, CREATE_DATE) VALUES (DSC_ID_SEQ.NEXTVAL, 'Discount', 'Target offer price 0.99 given offer total price 29.999984 and product price 19.340007384', '19.340007384', '0', 1, 'OFFERMAKER', SYSDATE);
14:48:38 221  	INSERT INTO DISCOUNT_PRODUCT_OFFERING (DISCOUNT_ID, PRODUCT_OFFERING_ID, CREATED_BY, CREATE_DATE) VALUES (DSC_ID_SEQ.CURRVAL, PO_ID_SEQ.CURRVAL, 'OFFERMAKER', SYSDATE);
14:48:38 222  	BEGIN
14:48:38 223  	  SELECT ID INTO CUR_PRD_ID FROM PRODUCT WHERE NAME = 'Mobile' AND PRODUCT_STATUS_ID = 1 AND ROWNUM <= 1;
14:48:38 224  	EXCEPTION
14:48:38 225  	  WHEN NO_DATA_FOUND THEN
14:48:38 226  	    INSERT INTO PRODUCT (ID, NAME, PRODUCTION_COST, PRODUCT_STATUS_ID, PRODUCT_URI, UNIT_PRICE, CREATED_BY, CREATE_DATE) VALUES (PRD_ID_SEQ.NEXTVAL, 'Mobile', '0', 1, NULL, '0', 'OFFERMAKER', SYSDATE);
14:48:38 227  	    SELECT ID INTO CUR_PRD_ID FROM PRODUCT WHERE NAME = 'Mobile' AND PRODUCT_STATUS_ID = 1 AND ROWNUM <= 1;
14:48:38 228  	  WHEN OTHERS THEN
14:48:38 229  	    RAISE;
14:48:38 230  	END;
14:48:38 231  	SELECT ID INTO CUR_CAPABILITY_ID FROM CAPABILITY WHERE CODE IN LTRIM(RTRIM((UPPER('MOW')))) AND ROWNUM <= 1;
14:48:38 232  	INSERT INTO PRODUCT_OFFERING (ID, PRODUCT_ID, TAX_POLICY_TYPE_ID, QUANTITY, UNIT_PRICE, TAX_CATEGORY_ID, CAPABILITY_ID, CREATED_BY, CREATE_DATE) VALUES (PO_ID_SEQ.NEXTVAL, CUR_PRD_ID, '1', '56', '0', '2', CUR_CAPABILITY_ID, 'OFFERMAKER', SYSDATE);
14:48:38 233  	INSERT INTO PRODUCT_OFFERING_META_DATA (ID, PRODUCT_OFFERING_ID, NAME, VALUE, CREATED_BY, CREATE_DATE) VALUES (PROMD_ID_SEQ.NEXTVAL, PO_ID_SEQ.CURRVAL, 'entitlement_uri', 'http://:hostname:/svc/user/entitlements/mow/:id:.json', 'OFFERMAKER', SYSDATE);
14:48:38 234  	INSERT INTO PRODUCT_OFFERING_META_DATA (ID, PRODUCT_OFFERING_ID, NAME, VALUE, CREATED_BY, CREATE_DATE) VALUES (PROMD_ID_SEQ.NEXTVAL, PO_ID_SEQ.CURRVAL, 'DEFAULT_VAT_RATE', '{"*": 0.0}', 'OFFERMAKER', SYSDATE);
14:48:38 235  	INSERT INTO PRODUCT_OFFERING_META_DATA (ID, PRODUCT_OFFERING_ID, NAME, VALUE, CREATED_BY, CREATE_DATE) VALUES (PROMD_ID_SEQ.NEXTVAL, PO_ID_SEQ.CURRVAL, 'capability', 'MOW', 'OFFERMAKER', SYSDATE);
14:48:38 236  	INSERT INTO OFFER_PRODUCT_OFFERING (OFFER_ID, PRODUCT_OFFERING_ID, CREATED_BY, CREATE_DATE) VALUES (OFR_ID_SEQ.CURRVAL, PO_ID_SEQ.CURRVAL, 'OFFERMAKER', SYSDATE);
14:48:38 237  	BEGIN
14:48:38 238  	  SELECT ID INTO CUR_PRD_ID FROM PRODUCT WHERE NAME = 'Archive Article' AND PRODUCT_STATUS_ID = 1 AND ROWNUM <= 1;
14:48:38 239  	EXCEPTION
14:48:38 240  	  WHEN NO_DATA_FOUND THEN
14:48:38 241  	    INSERT INTO PRODUCT (ID, NAME, PRODUCTION_COST, PRODUCT_STATUS_ID, PRODUCT_URI, UNIT_PRICE, CREATED_BY, CREATE_DATE) VALUES (PRD_ID_SEQ.NEXTVAL, 'Archive Article', '0', 1, NULL, '0', 'OFFERMAKER', SYSDATE);
14:48:38 242  	    SELECT ID INTO CUR_PRD_ID FROM PRODUCT WHERE NAME = 'Archive Article' AND PRODUCT_STATUS_ID = 1 AND ROWNUM <= 1;
14:48:38 243  	  WHEN OTHERS THEN
14:48:38 244  	    RAISE;
14:48:38 245  	END;
14:48:38 246  	SELECT ID INTO CUR_CAPABILITY_ID FROM CAPABILITY WHERE CODE IN LTRIM(RTRIM((UPPER('AAA')))) AND ROWNUM <= 1;
14:48:38 247  	INSERT INTO PRODUCT_OFFERING (ID, PRODUCT_ID, TAX_POLICY_TYPE_ID, QUANTITY, UNIT_PRICE, TAX_CATEGORY_ID, CAPABILITY_ID, CREATED_BY, CREATE_DATE) VALUES (PO_ID_SEQ.NEXTVAL, CUR_PRD_ID, '1', '200', '0', '2', CUR_CAPABILITY_ID, 'OFFERMAKER', SYSDATE);
14:48:38 248  	INSERT INTO PRODUCT_OFFERING_META_DATA (ID, PRODUCT_OFFERING_ID, NAME, VALUE, CREATED_BY, CREATE_DATE) VALUES (PROMD_ID_SEQ.NEXTVAL, PO_ID_SEQ.CURRVAL, 'entitlement_uri', 'http://:hostname:/svc/user/entitlements/archive/size/200/:id:.json', 'OFFERMAKER', SYSDATE);
14:48:38 249  	INSERT INTO PRODUCT_OFFERING_META_DATA (ID, PRODUCT_OFFERING_ID, NAME, VALUE, CREATED_BY, CREATE_DATE) VALUES (PROMD_ID_SEQ.NEXTVAL, PO_ID_SEQ.CURRVAL, 'DEFAULT_VAT_RATE', '{"*": 0.0}', 'OFFERMAKER', SYSDATE);
14:48:38 250  	INSERT INTO OFFER_PRODUCT_OFFERING (OFFER_ID, PRODUCT_OFFERING_ID, CREATED_BY, CREATE_DATE) VALUES (OFR_ID_SEQ.CURRVAL, PO_ID_SEQ.CURRVAL, 'OFFERMAKER', SYSDATE);
14:48:38 251  	BEGIN
14:48:38 252  	  SELECT ID INTO CUR_PRD_ID FROM PRODUCT WHERE NAME = 'TimesMachine' AND PRODUCT_STATUS_ID = 1 AND ROWNUM <= 1;
14:48:38 253  	EXCEPTION
14:48:38 254  	  WHEN NO_DATA_FOUND THEN
14:48:38 255  	    INSERT INTO PRODUCT (ID, NAME, PRODUCTION_COST, PRODUCT_STATUS_ID, PRODUCT_URI, UNIT_PRICE, CREATED_BY, CREATE_DATE) VALUES (PRD_ID_SEQ.NEXTVAL, 'TimesMachine', '0', 1, NULL, '0', 'OFFERMAKER', SYSDATE);
14:48:38 256  	    SELECT ID INTO CUR_PRD_ID FROM PRODUCT WHERE NAME = 'TimesMachine' AND PRODUCT_STATUS_ID = 1 AND ROWNUM <= 1;
14:48:38 257  	  WHEN OTHERS THEN
14:48:38 258  	    RAISE;
14:48:38 259  	END;
14:48:38 260  	SELECT ID INTO CUR_CAPABILITY_ID FROM CAPABILITY WHERE CODE IN LTRIM(RTRIM((UPPER('NONE')))) AND ROWNUM <= 1;
14:48:38 261  	INSERT INTO PRODUCT_OFFERING (ID, PRODUCT_ID, TAX_POLICY_TYPE_ID, QUANTITY, UNIT_PRICE, TAX_CATEGORY_ID, CAPABILITY_ID, CREATED_BY, CREATE_DATE) VALUES (PO_ID_SEQ.NEXTVAL, CUR_PRD_ID, '1', '56', '0', '2', CUR_CAPABILITY_ID, 'OFFERMAKER', SYSDATE);
14:48:38 262  	INSERT INTO PRODUCT_OFFERING_META_DATA (ID, PRODUCT_OFFERING_ID, NAME, VALUE, CREATED_BY, CREATE_DATE) VALUES (PROMD_ID_SEQ.NEXTVAL, PO_ID_SEQ.CURRVAL, 'DEFAULT_VAT_RATE', '{"*": 0.0}', 'OFFERMAKER', SYSDATE);
14:48:38 263  	INSERT INTO OFFER_PRODUCT_OFFERING (OFFER_ID, PRODUCT_OFFERING_ID, CREATED_BY, CREATE_DATE) VALUES (OFR_ID_SEQ.CURRVAL, PO_ID_SEQ.CURRVAL, 'OFFERMAKER', SYSDATE);
14:48:38 264  	BEGIN
14:48:38 265  	  SELECT ID INTO CUR_PRD_ID FROM PRODUCT WHERE NAME = 'Smartphone' AND PRODUCT_STATUS_ID = 1 AND ROWNUM <= 1;
14:48:38 266  	EXCEPTION
14:48:38 267  	  WHEN NO_DATA_FOUND THEN
14:48:38 268  	    INSERT INTO PRODUCT (ID, NAME, PRODUCTION_COST, PRODUCT_STATUS_ID, PRODUCT_URI, UNIT_PRICE, CREATED_BY, CREATE_DATE) VALUES (PRD_ID_SEQ.NEXTVAL, 'Smartphone', '0', 1, NULL, '0.178571', 'OFFERMAKER', SYSDATE);
14:48:38 269  	    SELECT ID INTO CUR_PRD_ID FROM PRODUCT WHERE NAME = 'Smartphone' AND PRODUCT_STATUS_ID = 1 AND ROWNUM <= 1;
14:48:38 270  	  WHEN OTHERS THEN
14:48:38 271  	    RAISE;
14:48:38 272  	END;
14:48:38 273  	SELECT ID INTO CUR_CAPABILITY_ID FROM CAPABILITY WHERE CODE IN LTRIM(RTRIM((UPPER('MSD')))) AND ROWNUM <= 1;
14:48:38 274  	INSERT INTO PRODUCT_OFFERING (ID, PRODUCT_ID, TAX_POLICY_TYPE_ID, QUANTITY, UNIT_PRICE, TAX_CATEGORY_ID, CAPABILITY_ID, CREATED_BY, CREATE_DATE) VALUES (PO_ID_SEQ.NEXTVAL, CUR_PRD_ID, '1', '56', '0.178571', '2', CUR_CAPABILITY_ID, 'OFFERMAKER', SYSDATE);
14:48:38 275  	INSERT INTO PRODUCT_OFFERING_META_DATA (ID, PRODUCT_OFFERING_ID, NAME, VALUE, CREATED_BY, CREATE_DATE) VALUES (PROMD_ID_SEQ.NEXTVAL, PO_ID_SEQ.CURRVAL, 'entitlement_uri', 'http://:hostname:/svc/user/entitlements/msd/:id:.json', 'OFFERMAKER', SYSDATE);
14:48:38 276  	INSERT INTO PRODUCT_OFFERING_META_DATA (ID, PRODUCT_OFFERING_ID, NAME, VALUE, CREATED_BY, CREATE_DATE) VALUES (PROMD_ID_SEQ.NEXTVAL, PO_ID_SEQ.CURRVAL, 'DEFAULT_VAT_RATE', '{"*": 0.0}', 'OFFERMAKER', SYSDATE);
14:48:38 277  	INSERT INTO PRODUCT_OFFERING_META_DATA (ID, PRODUCT_OFFERING_ID, NAME, VALUE, CREATED_BY, CREATE_DATE) VALUES (PROMD_ID_SEQ.NEXTVAL, PO_ID_SEQ.CURRVAL, 'capability', 'MSD', 'OFFERMAKER', SYSDATE);
14:48:38 278  	INSERT INTO OFFER_PRODUCT_OFFERING (OFFER_ID, PRODUCT_OFFERING_ID, CREATED_BY, CREATE_DATE) VALUES (OFR_ID_SEQ.CURRVAL, PO_ID_SEQ.CURRVAL, 'OFFERMAKER', SYSDATE);
14:48:38 279  	INSERT INTO DISCOUNT (ID, NAME, DESCRIPTION, FIXED_AMOUNT, PERCENT_AMOUNT, DISCOUNT_TYPE_ID, CREATED_BY, CREATE_DATE) VALUES (DSC_ID_SEQ.NEXTVAL, 'Discount', 'Target offer price 0.99 given offer total price 29.999984 and product price 9.669976616', '9.669976616', '0', 1, 'OFFERMAKER', SYSDATE);
14:48:38 280  	INSERT INTO DISCOUNT_PRODUCT_OFFERING (DISCOUNT_ID, PRODUCT_OFFERING_ID, CREATED_BY, CREATE_DATE) VALUES (DSC_ID_SEQ.CURRVAL, PO_ID_SEQ.CURRVAL, 'OFFERMAKER', SYSDATE);
14:48:38 281  	INSERT INTO OFFER_OFFER_CHAIN (OFFER_ID, OFFER_CHAIN_ID, INDEX_VALUE, NUM_RECURRENCES, CREATED_BY, CREATE_DATE, updated_by, update_date) VALUES (OFR_ID_SEQ.CURRVAL, 6767082, '1', '1', 'OFFERMAKER', SYSDATE, 'OFFERMAKER', SYSDATE);
14:48:38 282  	END;
14:48:38 283  	BEGIN
14:48:38 284  	  SELECT 1 INTO TMP_VAR FROM OFFER_OFFER_CHAIN WHERE OFFER_CHAIN_ID = 6767082 AND INDEX_VALUE = 2 AND ROWNUM <= 1;
14:48:38 285  	EXCEPTION
14:48:38 286  	  WHEN NO_DATA_FOUND THEN
14:48:38 287  	INSERT INTO OFFER (ID, OFFER_STATUS_ID, ENTITLEMENT_DURATION, CREATED_BY, CREATE_DATE, updated_by, update_date) VALUES (OFR_ID_SEQ.NEXTVAL, 1, 'P0Y0M28DT0H0M', 'OFFERMAKER', SYSDATE, 'OFFERMAKER', SYSDATE);
14:48:38 288  	BEGIN
14:48:38 289  	  SELECT ID INTO CUR_PRD_ID FROM PRODUCT WHERE NAME = 'Web' AND PRODUCT_STATUS_ID = 1 AND ROWNUM <= 1;
14:48:38 290  	EXCEPTION
14:48:38 291  	  WHEN NO_DATA_FOUND THEN
14:48:38 292  	    INSERT INTO PRODUCT (ID, NAME, PRODUCTION_COST, PRODUCT_STATUS_ID, PRODUCT_URI, UNIT_PRICE, CREATED_BY, CREATE_DATE) VALUES (PRD_ID_SEQ.NEXTVAL, 'Web', '0', 1, NULL, '0.357143', 'OFFERMAKER', SYSDATE);
14:48:38 293  	    SELECT ID INTO CUR_PRD_ID FROM PRODUCT WHERE NAME = 'Web' AND PRODUCT_STATUS_ID = 1 AND ROWNUM <= 1;
14:48:38 294  	  WHEN OTHERS THEN
14:48:38 295  	    RAISE;
14:48:38 296  	END;
14:48:38 297  	SELECT ID INTO CUR_CAPABILITY_ID FROM CAPABILITY WHERE CODE IN LTRIM(RTRIM((UPPER('MM')))) AND ROWNUM <= 1;
14:48:38 298  	INSERT INTO PRODUCT_OFFERING (ID, PRODUCT_ID, TAX_POLICY_TYPE_ID, QUANTITY, UNIT_PRICE, TAX_CATEGORY_ID, CAPABILITY_ID, CREATED_BY, CREATE_DATE) VALUES (PO_ID_SEQ.NEXTVAL, CUR_PRD_ID, '1', '28', '0.357143', '2', CUR_CAPABILITY_ID, 'OFFERMAKER', SYSDATE);
14:48:38 299  	INSERT INTO PRODUCT_OFFERING_META_DATA (ID, PRODUCT_OFFERING_ID, NAME, VALUE, CREATED_BY, CREATE_DATE) VALUES (PROMD_ID_SEQ.NEXTVAL, PO_ID_SEQ.CURRVAL, 'entitlement_uri', 'http://:hostname:/svc/user/entitlements/mm/:id:.json', 'OFFERMAKER', SYSDATE);
14:48:38 300  	INSERT INTO PRODUCT_OFFERING_META_DATA (ID, PRODUCT_OFFERING_ID, NAME, VALUE, CREATED_BY, CREATE_DATE) VALUES (PROMD_ID_SEQ.NEXTVAL, PO_ID_SEQ.CURRVAL, 'DEFAULT_VAT_RATE', '{"*": 0.0}', 'OFFERMAKER', SYSDATE);
14:48:38 301  	INSERT INTO PRODUCT_OFFERING_META_DATA (ID, PRODUCT_OFFERING_ID, NAME, VALUE, CREATED_BY, CREATE_DATE) VALUES (PROMD_ID_SEQ.NEXTVAL, PO_ID_SEQ.CURRVAL, 'capability', 'MM', 'OFFERMAKER', SYSDATE);
14:48:38 302  	INSERT INTO OFFER_PRODUCT_OFFERING (OFFER_ID, PRODUCT_OFFERING_ID, CREATED_BY, CREATE_DATE) VALUES (OFR_ID_SEQ.CURRVAL, PO_ID_SEQ.CURRVAL, 'OFFERMAKER', SYSDATE);
14:48:38 303  	INSERT INTO DISCOUNT (ID, NAME, DESCRIPTION, FIXED_AMOUNT, PERCENT_AMOUNT, DISCOUNT_TYPE_ID, CREATED_BY, CREATE_DATE) VALUES (DSC_ID_SEQ.NEXTVAL, 'Discount', 'Target offer price 15.0 given offer total price 14.999992 and product price -5.33333831111e-06', '-5.33333831111e-06', '0', 1, 'OFFERMAKER', SYSDATE);
14:48:38 304  	INSERT INTO DISCOUNT_PRODUCT_OFFERING (DISCOUNT_ID, PRODUCT_OFFERING_ID, CREATED_BY, CREATE_DATE) VALUES (DSC_ID_SEQ.CURRVAL, PO_ID_SEQ.CURRVAL, 'OFFERMAKER', SYSDATE);
14:48:38 305  	BEGIN
14:48:38 306  	  SELECT ID INTO CUR_PRD_ID FROM PRODUCT WHERE NAME = 'Mobile' AND PRODUCT_STATUS_ID = 1 AND ROWNUM <= 1;
14:48:38 307  	EXCEPTION
14:48:38 308  	  WHEN NO_DATA_FOUND THEN
14:48:38 309  	    INSERT INTO PRODUCT (ID, NAME, PRODUCTION_COST, PRODUCT_STATUS_ID, PRODUCT_URI, UNIT_PRICE, CREATED_BY, CREATE_DATE) VALUES (PRD_ID_SEQ.NEXTVAL, 'Mobile', '0', 1, NULL, '0', 'OFFERMAKER', SYSDATE);
14:48:38 310  	    SELECT ID INTO CUR_PRD_ID FROM PRODUCT WHERE NAME = 'Mobile' AND PRODUCT_STATUS_ID = 1 AND ROWNUM <= 1;
14:48:38 311  	  WHEN OTHERS THEN
14:48:38 312  	    RAISE;
14:48:38 313  	END;
14:48:38 314  	SELECT ID INTO CUR_CAPABILITY_ID FROM CAPABILITY WHERE CODE IN LTRIM(RTRIM((UPPER('MOW')))) AND ROWNUM <= 1;
14:48:38 315  	INSERT INTO PRODUCT_OFFERING (ID, PRODUCT_ID, TAX_POLICY_TYPE_ID, QUANTITY, UNIT_PRICE, TAX_CATEGORY_ID, CAPABILITY_ID, CREATED_BY, CREATE_DATE) VALUES (PO_ID_SEQ.NEXTVAL, CUR_PRD_ID, '1', '28', '0', '2', CUR_CAPABILITY_ID, 'OFFERMAKER', SYSDATE);
14:48:38 316  	INSERT INTO PRODUCT_OFFERING_META_DATA (ID, PRODUCT_OFFERING_ID, NAME, VALUE, CREATED_BY, CREATE_DATE) VALUES (PROMD_ID_SEQ.NEXTVAL, PO_ID_SEQ.CURRVAL, 'entitlement_uri', 'http://:hostname:/svc/user/entitlements/mow/:id:.json', 'OFFERMAKER', SYSDATE);
14:48:38 317  	INSERT INTO PRODUCT_OFFERING_META_DATA (ID, PRODUCT_OFFERING_ID, NAME, VALUE, CREATED_BY, CREATE_DATE) VALUES (PROMD_ID_SEQ.NEXTVAL, PO_ID_SEQ.CURRVAL, 'DEFAULT_VAT_RATE', '{"*": 0.0}', 'OFFERMAKER', SYSDATE);
14:48:38 318  	INSERT INTO PRODUCT_OFFERING_META_DATA (ID, PRODUCT_OFFERING_ID, NAME, VALUE, CREATED_BY, CREATE_DATE) VALUES (PROMD_ID_SEQ.NEXTVAL, PO_ID_SEQ.CURRVAL, 'capability', 'MOW', 'OFFERMAKER', SYSDATE);
14:48:38 319  	INSERT INTO OFFER_PRODUCT_OFFERING (OFFER_ID, PRODUCT_OFFERING_ID, CREATED_BY, CREATE_DATE) VALUES (OFR_ID_SEQ.CURRVAL, PO_ID_SEQ.CURRVAL, 'OFFERMAKER', SYSDATE);
14:48:38 320  	BEGIN
14:48:38 321  	  SELECT ID INTO CUR_PRD_ID FROM PRODUCT WHERE NAME = 'Archive Article' AND PRODUCT_STATUS_ID = 1 AND ROWNUM <= 1;
14:48:38 322  	EXCEPTION
14:48:38 323  	  WHEN NO_DATA_FOUND THEN
14:48:38 324  	    INSERT INTO PRODUCT (ID, NAME, PRODUCTION_COST, PRODUCT_STATUS_ID, PRODUCT_URI, UNIT_PRICE, CREATED_BY, CREATE_DATE) VALUES (PRD_ID_SEQ.NEXTVAL, 'Archive Article', '0', 1, NULL, '0', 'OFFERMAKER', SYSDATE);
14:48:38 325  	    SELECT ID INTO CUR_PRD_ID FROM PRODUCT WHERE NAME = 'Archive Article' AND PRODUCT_STATUS_ID = 1 AND ROWNUM <= 1;
14:48:38 326  	  WHEN OTHERS THEN
14:48:38 327  	    RAISE;
14:48:38 328  	END;
14:48:38 329  	SELECT ID INTO CUR_CAPABILITY_ID FROM CAPABILITY WHERE CODE IN LTRIM(RTRIM((UPPER('AAA')))) AND ROWNUM <= 1;
14:48:38 330  	INSERT INTO PRODUCT_OFFERING (ID, PRODUCT_ID, TAX_POLICY_TYPE_ID, QUANTITY, UNIT_PRICE, TAX_CATEGORY_ID, CAPABILITY_ID, CREATED_BY, CREATE_DATE) VALUES (PO_ID_SEQ.NEXTVAL, CUR_PRD_ID, '1', '100', '0', '2', CUR_CAPABILITY_ID, 'OFFERMAKER', SYSDATE);
14:48:38 331  	INSERT INTO PRODUCT_OFFERING_META_DATA (ID, PRODUCT_OFFERING_ID, NAME, VALUE, CREATED_BY, CREATE_DATE) VALUES (PROMD_ID_SEQ.NEXTVAL, PO_ID_SEQ.CURRVAL, 'entitlement_uri', 'http://:hostname:/svc/user/entitlements/archive/size/100/:id:.json', 'OFFERMAKER', SYSDATE);
14:48:38 332  	INSERT INTO PRODUCT_OFFERING_META_DATA (ID, PRODUCT_OFFERING_ID, NAME, VALUE, CREATED_BY, CREATE_DATE) VALUES (PROMD_ID_SEQ.NEXTVAL, PO_ID_SEQ.CURRVAL, 'DEFAULT_VAT_RATE', '{"*": 0.0}', 'OFFERMAKER', SYSDATE);
14:48:38 333  	INSERT INTO OFFER_PRODUCT_OFFERING (OFFER_ID, PRODUCT_OFFERING_ID, CREATED_BY, CREATE_DATE) VALUES (OFR_ID_SEQ.CURRVAL, PO_ID_SEQ.CURRVAL, 'OFFERMAKER', SYSDATE);
14:48:38 334  	BEGIN
14:48:38 335  	  SELECT ID INTO CUR_PRD_ID FROM PRODUCT WHERE NAME = 'TimesMachine' AND PRODUCT_STATUS_ID = 1 AND ROWNUM <= 1;
14:48:38 336  	EXCEPTION
14:48:38 337  	  WHEN NO_DATA_FOUND THEN
14:48:38 338  	    INSERT INTO PRODUCT (ID, NAME, PRODUCTION_COST, PRODUCT_STATUS_ID, PRODUCT_URI, UNIT_PRICE, CREATED_BY, CREATE_DATE) VALUES (PRD_ID_SEQ.NEXTVAL, 'TimesMachine', '0', 1, NULL, '0', 'OFFERMAKER', SYSDATE);
14:48:38 339  	    SELECT ID INTO CUR_PRD_ID FROM PRODUCT WHERE NAME = 'TimesMachine' AND PRODUCT_STATUS_ID = 1 AND ROWNUM <= 1;
14:48:38 340  	  WHEN OTHERS THEN
14:48:38 341  	    RAISE;
14:48:38 342  	END;
14:48:38 343  	SELECT ID INTO CUR_CAPABILITY_ID FROM CAPABILITY WHERE CODE IN LTRIM(RTRIM((UPPER('NONE')))) AND ROWNUM <= 1;
14:48:38 344  	INSERT INTO PRODUCT_OFFERING (ID, PRODUCT_ID, TAX_POLICY_TYPE_ID, QUANTITY, UNIT_PRICE, TAX_CATEGORY_ID, CAPABILITY_ID, CREATED_BY, CREATE_DATE) VALUES (PO_ID_SEQ.NEXTVAL, CUR_PRD_ID, '1', '28', '0', '2', CUR_CAPABILITY_ID, 'OFFERMAKER', SYSDATE);
14:48:38 345  	INSERT INTO PRODUCT_OFFERING_META_DATA (ID, PRODUCT_OFFERING_ID, NAME, VALUE, CREATED_BY, CREATE_DATE) VALUES (PROMD_ID_SEQ.NEXTVAL, PO_ID_SEQ.CURRVAL, 'DEFAULT_VAT_RATE', '{"*": 0.0}', 'OFFERMAKER', SYSDATE);
14:48:38 346  	INSERT INTO OFFER_PRODUCT_OFFERING (OFFER_ID, PRODUCT_OFFERING_ID, CREATED_BY, CREATE_DATE) VALUES (OFR_ID_SEQ.CURRVAL, PO_ID_SEQ.CURRVAL, 'OFFERMAKER', SYSDATE);
14:48:38 347  	BEGIN
14:48:38 348  	  SELECT ID INTO CUR_PRD_ID FROM PRODUCT WHERE NAME = 'Smartphone' AND PRODUCT_STATUS_ID = 1 AND ROWNUM <= 1;
14:48:38 349  	EXCEPTION
14:48:38 350  	  WHEN NO_DATA_FOUND THEN
14:48:38 351  	    INSERT INTO PRODUCT (ID, NAME, PRODUCTION_COST, PRODUCT_STATUS_ID, PRODUCT_URI, UNIT_PRICE, CREATED_BY, CREATE_DATE) VALUES (PRD_ID_SEQ.NEXTVAL, 'Smartphone', '0', 1, NULL, '0.178571', 'OFFERMAKER', SYSDATE);
14:48:38 352  	    SELECT ID INTO CUR_PRD_ID FROM PRODUCT WHERE NAME = 'Smartphone' AND PRODUCT_STATUS_ID = 1 AND ROWNUM <= 1;
14:48:38 353  	  WHEN OTHERS THEN
14:48:38 354  	    RAISE;
14:48:38 355  	END;
14:48:38 356  	SELECT ID INTO CUR_CAPABILITY_ID FROM CAPABILITY WHERE CODE IN LTRIM(RTRIM((UPPER('MSD')))) AND ROWNUM <= 1;
14:48:38 357  	INSERT INTO PRODUCT_OFFERING (ID, PRODUCT_ID, TAX_POLICY_TYPE_ID, QUANTITY, UNIT_PRICE, TAX_CATEGORY_ID, CAPABILITY_ID, CREATED_BY, CREATE_DATE) VALUES (PO_ID_SEQ.NEXTVAL, CUR_PRD_ID, '1', '28', '0.178571', '2', CUR_CAPABILITY_ID, 'OFFERMAKER', SYSDATE);
14:48:38 358  	INSERT INTO PRODUCT_OFFERING_META_DATA (ID, PRODUCT_OFFERING_ID, NAME, VALUE, CREATED_BY, CREATE_DATE) VALUES (PROMD_ID_SEQ.NEXTVAL, PO_ID_SEQ.CURRVAL, 'entitlement_uri', 'http://:hostname:/svc/user/entitlements/msd/:id:.json', 'OFFERMAKER', SYSDATE);
14:48:38 359  	INSERT INTO PRODUCT_OFFERING_META_DATA (ID, PRODUCT_OFFERING_ID, NAME, VALUE, CREATED_BY, CREATE_DATE) VALUES (PROMD_ID_SEQ.NEXTVAL, PO_ID_SEQ.CURRVAL, 'DEFAULT_VAT_RATE', '{"*": 0.0}', 'OFFERMAKER', SYSDATE);
14:48:38 360  	INSERT INTO PRODUCT_OFFERING_META_DATA (ID, PRODUCT_OFFERING_ID, NAME, VALUE, CREATED_BY, CREATE_DATE) VALUES (PROMD_ID_SEQ.NEXTVAL, PO_ID_SEQ.CURRVAL, 'capability', 'MSD', 'OFFERMAKER', SYSDATE);
14:48:38 361  	INSERT INTO OFFER_PRODUCT_OFFERING (OFFER_ID, PRODUCT_OFFERING_ID, CREATED_BY, CREATE_DATE) VALUES (OFR_ID_SEQ.CURRVAL, PO_ID_SEQ.CURRVAL, 'OFFERMAKER', SYSDATE);
14:48:38 362  	INSERT INTO DISCOUNT (ID, NAME, DESCRIPTION, FIXED_AMOUNT, PERCENT_AMOUNT, DISCOUNT_TYPE_ID, CREATED_BY, CREATE_DATE) VALUES (DSC_ID_SEQ.NEXTVAL, 'Discount', 'Target offer price 15.0 given offer total price 14.999992 and product price -2.66666168889e-06', '-2.66666168889e-06', '0', 1, 'OFFERMAKER', SYSDATE);
14:48:38 363  	INSERT INTO DISCOUNT_PRODUCT_OFFERING (DISCOUNT_ID, PRODUCT_OFFERING_ID, CREATED_BY, CREATE_DATE) VALUES (DSC_ID_SEQ.CURRVAL, PO_ID_SEQ.CURRVAL, 'OFFERMAKER', SYSDATE);
14:48:38 364  	INSERT INTO OFFER_OFFER_CHAIN (OFFER_ID, OFFER_CHAIN_ID, INDEX_VALUE, NUM_RECURRENCES, CREATED_BY, CREATE_DATE, updated_by, update_date) VALUES (OFR_ID_SEQ.CURRVAL, 6767082, '2', '-1', 'OFFERMAKER', SYSDATE, 'OFFERMAKER', SYSDATE);
14:48:38 365  	END;
14:48:38 366  END;
14:48:38 367  /

PL/SQL procedure successfully completed.

Elapsed: 00:00:00.20
14:48:39 SQL> 
14:48:39 SQL> COMMIT;

Commit complete.

Elapsed: 00:00:00.01
14:48:39 SQL> 
14:48:39 SQL> spool off
