13:39:30 SQL> @/dbbackups/ECST/migrations/core_owner/70-SAR-754-revoke-entitlements-for-chargebacks/upgrade.sql
13:39:30 SQL> WHENEVER SQLERROR EXIT SQL.SQLCODE ROLLBACK
13:39:30 SQL> 
13:39:30 SQL> UPDATE
13:39:30   2  	  license
13:39:30   3  SET
13:39:30   4  	  license.ENTITLEMENT_END_DATE = SYSDATE,
13:39:30   5  	  license.UPDATE_DATE = SYSDATE,
13:39:30   6  	  license.UPDATED_BY = 'JIRA-SAR-754'
13:39:30   7  WHERE
13:39:30   8  	  id IN(23307269,
13:39:30   9  		22529004,
13:39:30  10  		26239404,
13:39:30  11  		26283392,
13:39:30  12  		24694981,
13:39:30  13  		22627251,
13:39:30  14  		21218821,
13:39:30  15  		26393215,
13:39:30  16  		26318666,
13:39:30  17  		24739082,
13:39:30  18  		24726869,
13:39:30  19  		24168480,
13:39:30  20  		24567430,
13:39:30  21  		25853162,
13:39:30  22  		25295384,
13:39:30  23  		25167272,
13:39:30  24  		23278626,
13:39:30  25  		23151270,
13:39:30  26  		21259222,
13:39:30  27  		20943854,
13:39:30  28  		22145648,
13:39:30  29  		27161346,
13:39:30  30  		26587927,
13:39:30  31  		24246192,
13:39:30  32  		25268036,
13:39:30  33  		23955766,
13:39:30  34  		23955076,
13:39:30  35  		23097406,
13:39:30  36  		23229128,
13:39:30  37  		23391493,
13:39:30  38  		22016587,
13:39:30  39  		22059935,
13:39:30  40  		22031504,
13:39:30  41  		26566300,
13:39:30  42  		21851569,
13:39:30  43  		26176682,
13:39:30  44  		26032716,
13:39:30  45  		25908728,
13:39:30  46  		25851977,
13:39:30  47  		24995743,
13:39:30  48  		24883855,
13:39:30  49  		24551513,
13:39:30  50  		24544701,
13:39:30  51  		24348076,
13:39:30  52  		23633821,
13:39:30  53  		23412615,
13:39:30  54  		21662639,
13:39:30  55  		21044274,
13:39:30  56  		22328748,
13:39:30  57  		22489479,
13:39:30  58  		27091857,
13:39:30  59  		26484287,
13:39:30  60  		24881384,
13:39:30  61  		24723375,
13:39:30  62  		23761848,
13:39:30  63  		23742922,
13:39:30  64  		23478697,
13:39:30  65  		23036354,
13:39:30  66  		22054061,
13:39:30  67  		22003147,
13:39:30  68  		21984176,
13:39:30  69  		21864847,
13:39:30  70  		21788972,
13:39:30  71  		21482494,
13:39:30  72  		27724429,
13:39:30  73  		22772884,
13:39:30  74  		21488847,
13:39:30  75  		21170825,
13:39:30  76  		21024384,
13:39:30  77  		27067239,
13:39:30  78  		27217924,
13:39:30  79  		22648769);

55 rows updated.

Elapsed: 00:48:57.86
14:28:28 SQL> 
14:28:28 SQL> COMMIT;

Commit complete.

Elapsed: 00:00:00.00
14:28:28 SQL> commit;

Commit complete.

Elapsed: 00:00:00.00
14:28:28 SQL> spool off;


Subject: Nomad upgrade completed successfully: ECST@rac01.stg.ewr1.nytimes.com
From: Nomad for Oracle <nytd_oracledba@nytimes.com>
To: nytd_ecommerce@nytimes.com
Cc: nytd_oracledba@nytimes.com

Nomad upgrade operation completed successfully without errors. 
        
        Details
        -------
        DB Hostname: rac01.stg.ewr1.nytimes.com
        DB Role: PRIMARY
        SID: ECST
        Schema: core_owner
        Migration: 70-SAR-754-revoke-entitlements-for-chargebacks
        SVN Revision: 13321
        Duration: 2938 sec.
        DBA: sbao
        Service Request: https://jira.em.nytimes.com/browse/ORA-1026