16:52:27 SQL> @/dbbackups/ECDV8/migrations/nytdba/7-cr_role_core_owner_readonly-stg/upgrade.sql
16:52:27 SQL> -- code to create a role with read only privileges on <object_owner>'s objects and then grant that role to <grantee>
16:52:27 SQL> 
16:52:27 SQL> set serveroutput on termout off
16:52:27 SQL> 
16:52:27 SQL> declare
16:52:27   2  
16:52:27   3  	    role varchar2(30) := 'CORE_OWNER_READONLY';
16:52:27   4  	    grantee varchar2(30):= 'CORE_QA_AUTO';
16:52:27   5  	    object_owner varchar2(30) := 'CORE_OWNER';
16:52:27   6  
16:52:27   7  begin
16:52:27   8  
16:52:27   9  	  /* create role */
16:52:27  10  	  execute immediate 'create role '||role;
16:52:27  11  
16:52:27  12  	  /* grant select privileges on object_owner's tables to role */
16:52:27  13  	  for x in (select table_name from dba_tables  where owner = object_owner)
16:52:27  14  	  loop
16:52:27  15  	       execute immediate 'grant select on ' ||object_owner||'.'|| x.table_name || ' to '||role;
16:52:27  16  	       dbms_output.put_line ('grant select on ' ||object_owner||'.'|| x.table_name || ' to '||role);
16:52:27  17  	  end loop;
16:52:27  18  
16:52:27  19  	  /* grant select privileges on object_owner's views to role */
16:52:27  20  	  for x in (select view_name from dba_views  where owner = object_owner )
16:52:27  21  	  loop
16:52:27  22  	       execute immediate 'grant select on ' ||object_owner||'.'|| x.view_name || ' to '||role;
16:52:27  23  	       dbms_output.put_line ('grant select on ' ||object_owner||'.'|| x.view_name || ' to '||role);
16:52:27  24  	  end loop;
16:52:27  25  
16:52:27  26  	  /* grant role */
16:52:27  27  	  execute immediate 'grant '||role||' to '||grantee;
16:52:27  28  end;
16:52:27  29  /
grant select on CORE_OWNER.ACCOUNT to CORE_OWNER_READONLY                       
grant select on CORE_OWNER.ACCOUNT_LOCK to CORE_OWNER_READONLY                  
grant select on CORE_OWNER.ACCOUNT_NOTE to CORE_OWNER_READONLY                  
grant select on CORE_OWNER.ACCOUNT_STATUS to CORE_OWNER_READONLY                
grant select on CORE_OWNER.CHARGE to CORE_OWNER_READONLY                        
grant select on CORE_OWNER.CHARGE_STATUS to CORE_OWNER_READONLY                 
grant select on CORE_OWNER.CREDIT_CARD to CORE_OWNER_READONLY                   
grant select on CORE_OWNER.CREDIT_CARD_STATUS to CORE_OWNER_READONLY            
grant select on CORE_OWNER.CREDIT_CARD_TYPE to CORE_OWNER_READONLY              
grant select on CORE_OWNER.DISCOUNT to CORE_OWNER_READONLY                      
grant select on CORE_OWNER.DISCOUNT_PRODUCT_OFFERING to CORE_OWNER_READONLY     
grant select on CORE_OWNER.DISCOUNT_TYPE to CORE_OWNER_READONLY                 
grant select on CORE_OWNER.GIFT_CERTIFICATE to CORE_OWNER_READONLY              
grant select on CORE_OWNER.GIFT_CERTIFICATE_STATUS to CORE_OWNER_READONLY       
grant select on CORE_OWNER.INSTRUMENT_TYPE to CORE_OWNER_READONLY               
grant select on CORE_OWNER.INVOICE to CORE_OWNER_READONLY                       
grant select on CORE_OWNER.INVOICE_STATUS to CORE_OWNER_READONLY                
grant select on CORE_OWNER.JURISDICTION_LEVEL to CORE_OWNER_READONLY            
grant select on CORE_OWNER.LEGACY_CREDIT_MEMO to CORE_OWNER_READONLY            
grant select on CORE_OWNER.LEGACY_CREDIT_MEMO_NOTE to CORE_OWNER_READONLY       
grant select on CORE_OWNER.LEGACY_CREDIT_MEMO_STATUS to CORE_OWNER_READONLY     
grant select on CORE_OWNER.LEGACY_REFUND to CORE_OWNER_READONLY                 
grant select on CORE_OWNER.LEGACY_REFUND_NOTE to CORE_OWNER_READONLY            
grant select on CORE_OWNER.LEGACY_REFUND_STATUS to CORE_OWNER_READONLY          
grant select on CORE_OWNER.LEGACY_REFUND_TRN to CORE_OWNER_READONLY             
grant select on CORE_OWNER.LEGACY_REFUND_TRN_ATTEMPT to CORE_OWNER_READONLY     
grant select on CORE_OWNER.LEGACY_REFUND_TRN_STATUS to CORE_OWNER_READONLY      
grant select on CORE_OWNER.LICENSE to CORE_OWNER_READONLY                       
grant select on CORE_OWNER.LICENSE_STATUS to CORE_OWNER_READONLY                
grant select on CORE_OWNER.LINE_ITEM to CORE_OWNER_READONLY                     
grant select on CORE_OWNER.MIGRATION_STATUS to CORE_OWNER_READONLY              
grant select on CORE_OWNER.OFFER to CORE_OWNER_READONLY                         
grant select on CORE_OWNER.OFFER_CHAIN to CORE_OWNER_READONLY                   
grant select on CORE_OWNER.OFFER_CHAIN_ELIGIBILITY to CORE_OWNER_READONLY       
grant select on CORE_OWNER.OFFER_CHAIN_META_DATA to CORE_OWNER_READONLY         
grant select on CORE_OWNER.OFFER_CHAIN_STATUS to CORE_OWNER_READONLY            
grant select on CORE_OWNER.OFFER_OFFER_CHAIN to CORE_OWNER_READONLY             
grant select on CORE_OWNER.OFFER_PRODUCT_OFFERING to CORE_OWNER_READONLY        
grant select on CORE_OWNER.OFFER_STATUS to CORE_OWNER_READONLY                  
grant select on CORE_OWNER.PAYPAL_STATUS to CORE_OWNER_READONLY                 
grant select on CORE_OWNER.PRODUCT to CORE_OWNER_READONLY                       
grant select on CORE_OWNER.PRODUCT_ELIGIBILITY to CORE_OWNER_READONLY           
grant select on CORE_OWNER.PRODUCT_OFFERING to CORE_OWNER_READONLY              
grant select on CORE_OWNER.PRODUCT_OFFERING_META_DATA to CORE_OWNER_READONLY    
grant select on CORE_OWNER.PRODUCT_STATUS to CORE_OWNER_READONLY                
grant select on CORE_OWNER.SUBSCRIPTION to CORE_OWNER_READONLY                  
grant select on CORE_OWNER.SUBSCRIPTION_CANCEL_REASON to CORE_OWNER_READONLY    
grant select on CORE_OWNER.SUBSCRIPTION_CANC_TYPE_STATUS to CORE_OWNER_READONLY 
grant select on CORE_OWNER.SUBSCRIPTION_NOTE to CORE_OWNER_READONLY             
grant select on CORE_OWNER.SUBSCRIPTION_STATUS to CORE_OWNER_READONLY           
grant select on CORE_OWNER.SYSTEM_CATEGORY to CORE_OWNER_READONLY               
grant select on CORE_OWNER.SYS_VERSION to CORE_OWNER_READONLY                   
grant select on CORE_OWNER.TAX_CATEGORY to CORE_OWNER_READONLY                  
grant select on CORE_OWNER.TAX_POLICY_TYPE to CORE_OWNER_READONLY               
grant select on CORE_OWNER.TAX_TYPE to CORE_OWNER_READONLY                      
grant select on CORE_OWNER.TRANSACTION to CORE_OWNER_READONLY                   
grant select on CORE_OWNER.TRANSACTION_ATTEMPT to CORE_OWNER_READONLY           
grant select on CORE_OWNER.TRANSACTION_ATTEMPT_STATUS to CORE_OWNER_READONLY    
grant select on CORE_OWNER.TRANSACTION_STATUS to CORE_OWNER_READONLY            
grant select on CORE_OWNER.ACCOUNT_WARNING_FLAG to CORE_OWNER_READONLY          
grant select on CORE_OWNER.BILLING_ACTIVITY_LOG to CORE_OWNER_READONLY          
grant select on CORE_OWNER.CHARGEBACK to CORE_OWNER_READONLY                    
grant select on CORE_OWNER.DISCOUNT_LINE_ITEM to CORE_OWNER_READONLY            
grant select on CORE_OWNER.TAX_COUNTRY_EXCLUSION_LIST to CORE_OWNER_READONLY    
grant select on CORE_OWNER.FLAGGED_ACCOUNTS to CORE_OWNER_READONLY              
grant select on CORE_OWNER.INVOICE_NOTE to CORE_OWNER_READONLY                  
grant select on CORE_OWNER.PAYPAL to CORE_OWNER_READONLY                        
grant select on CORE_OWNER.SUBSCRIPTION_META_DATA to CORE_OWNER_READONLY        
grant select on CORE_OWNER.SYSTEM_ACTIVITY_REASONS to CORE_OWNER_READONLY       
grant select on CORE_OWNER.TAX to CORE_OWNER_READONLY                           
grant select on CORE_OWNER.TEMP_OFFER to CORE_OWNER_READONLY                    
grant select on CORE_OWNER.TEMP_REPAIR_CASE_36A to CORE_OWNER_READONLY          
grant select on CORE_OWNER.TEMP_B22_SUBQUERY to CORE_OWNER_READONLY             
grant select on CORE_OWNER.TEMP_REPAIR_CASE_9 to CORE_OWNER_READONLY            
grant select on CORE_OWNER.TEMP_JT_LICENSES to CORE_OWNER_READONLY              
grant select on CORE_OWNER.INVOICE_ADJUSTMENT_REASON to CORE_OWNER_READONLY     
grant select on CORE_OWNER.INVOICE_ADJUSTMENT to CORE_OWNER_READONLY            
grant select on CORE_OWNER.LINE_ITEM_ADJUSTMENT to CORE_OWNER_READONLY          
grant select on CORE_OWNER.TAX_ADJUSTMENT to CORE_OWNER_READONLY                
grant select on CORE_OWNER.DISCOUNT_LINEITEM_ADJUSTMENT to CORE_OWNER_READONLY  
grant select on CORE_OWNER.TEMP_CASE_45280 to CORE_OWNER_READONLY               
grant select on CORE_OWNER.TMP_CASE_47636 to CORE_OWNER_READONLY                
grant select on CORE_OWNER.OFFER_CHAIN_NOTIFICATION_TYPE to CORE_OWNER_READONLY 
grant select on CORE_OWNER.POLLING_SYNC to CORE_OWNER_READONLY                  
grant select on CORE_OWNER.POLLING_SYNC_LASTRUN to CORE_OWNER_READONLY          
grant select on CORE_OWNER.RCN_EXT_SOURCE_LOG to CORE_OWNER_READONLY            
grant select on CORE_OWNER.RCN_CPT_SERVICE_CHARGE_DETAIL to CORE_OWNER_READONLY 
grant select on CORE_OWNER.RCN_CPT_EXCEPTION_DETAIL to CORE_OWNER_READONLY      
grant select on CORE_OWNER.RCN_CPT_DEPOSIT_DETAIL to CORE_OWNER_READONLY        
grant select on CORE_OWNER.RCN_CPT_CHARGEBACK_ACT_DETAIL to CORE_OWNER_READONLY 
grant select on CORE_OWNER.RCN_PP_SETTLEMENT to CORE_OWNER_READONLY             
grant select on CORE_OWNER.RCN_PP_DISPUTE to CORE_OWNER_READONLY                
grant select on CORE_OWNER.RCN_PP_TRANS_DETAIL to CORE_OWNER_READONLY           
grant select on CORE_OWNER.ACTION to CORE_OWNER_READONLY                        
grant select on CORE_OWNER.TEMP_CASE_42168 to CORE_OWNER_READONLY               
grant select on CORE_OWNER.TEMP_CASE_48832 to CORE_OWNER_READONLY               
grant select on CORE_OWNER.LICENSE_TEMP_20110311 to CORE_OWNER_READONLY         
grant select on CORE_OWNER.ITUNES_RECEIPT to CORE_OWNER_READONLY                
grant select on CORE_OWNER.BILLING_SOURCE to CORE_OWNER_READONLY                
grant select on CORE_OWNER.AMAZON_SUB to CORE_OWNER_READONLY                    
grant select on CORE_OWNER.VENDOR_SOURCE to CORE_OWNER_READONLY                 
grant select on CORE_OWNER.ADDRESS to CORE_OWNER_READONLY                       
grant select on CORE_OWNER.GROUP_ACCOUNT to CORE_OWNER_READONLY                 
grant select on CORE_OWNER.GROUP_ACCOUNT_TYPE to CORE_OWNER_READONLY            
grant select on CORE_OWNER.CAPABILITY to CORE_OWNER_READONLY                    
grant select on CORE_OWNER.GROUP_ACC_IP_RNG_STATUS to CORE_OWNER_READONLY       
grant select on CORE_OWNER.GROUP_ACCOUNT_IP_RANGE to CORE_OWNER_READONLY        
grant select on CORE_OWNER.SUBSCRIPTION_SHARE to CORE_OWNER_READONLY            
grant select on CORE_OWNER.GROUP_ACCOUNT_EMAIL_DOMAIN to CORE_OWNER_READONLY    
grant select on CORE_OWNER.CC_REQUEST_FILE_STATUS to CORE_OWNER_READONLY        
grant select on CORE_OWNER.CC_REQUEST_FILE to CORE_OWNER_READONLY               
grant select on CORE_OWNER.CC_UPDATE_STATUS to CORE_OWNER_READONLY              
grant select on CORE_OWNER.CC_UPDATE_REASON to CORE_OWNER_READONLY              
grant select on CORE_OWNER.CC_UPDATE_ACTION to CORE_OWNER_READONLY              
grant select on CORE_OWNER.CC_UPDATE to CORE_OWNER_READONLY                     
grant select on CORE_OWNER.NOMAD_MIGRATION to CORE_OWNER_READONLY               
grant select on CORE_OWNER.NOMAD_ACTION to CORE_OWNER_READONLY                  
grant select on CORE_OWNER.NOTIFICATION_STATUS to CORE_OWNER_READONLY           
grant select on CORE_OWNER.NOTIFICATION_TYPE to CORE_OWNER_READONLY             
grant select on CORE_OWNER.NOTIFICATION_FAILURE to CORE_OWNER_READONLY          
grant select on CORE_OWNER.PROCESS_RETRY_THROTTLE to CORE_OWNER_READONLY        
grant select on CORE_OWNER.RCN_AMEX_CHARGEBACK to CORE_OWNER_READONLY           
grant select on CORE_OWNER.NOMAD_VERSION to CORE_OWNER_READONLY                 
grant select on CORE_OWNER.TRANSACTION_TYPE to CORE_OWNER_READONLY              
grant select on CORE_OWNER.NOTIFICATION to CORE_OWNER_READONLY                  
grant select on CORE_OWNER.MLOG$_ACCOUNT to CORE_OWNER_READONLY                 
grant select on CORE_OWNER.MLOG$_CHARGE to CORE_OWNER_READONLY                  
grant select on CORE_OWNER.MLOG$_CREDIT_CARD to CORE_OWNER_READONLY             
grant select on CORE_OWNER.MLOG$_GIFT_CERTIFICATE to CORE_OWNER_READONLY        
grant select on CORE_OWNER.MLOG$_INVOICE to CORE_OWNER_READONLY                 
grant select on CORE_OWNER.MLOG$_ITUNES_RECEIPT to CORE_OWNER_READONLY          
grant select on CORE_OWNER.MLOG$_LICENSE to CORE_OWNER_READONLY                 
grant select on CORE_OWNER.MLOG$_LINE_ITEM to CORE_OWNER_READONLY               
grant select on CORE_OWNER.MLOG$_RCN_CPT_DEPOSIT_DETA to CORE_OWNER_READONLY    
grant select on CORE_OWNER.MLOG$_RCN_CPT_EXCEPTION_DE to CORE_OWNER_READONLY    
grant select on CORE_OWNER.MLOG$_SUBSCRIPTION to CORE_OWNER_READONLY            
grant select on CORE_OWNER.MLOG$_SUBSCRIPTION_META_DA to CORE_OWNER_READONLY    
grant select on CORE_OWNER.MLOG$_SUBSCRIPTION_NOTE to CORE_OWNER_READONLY       
grant select on CORE_OWNER.MLOG$_TAX to CORE_OWNER_READONLY                     
grant select on CORE_OWNER.MLOG$_TRANSACTION to CORE_OWNER_READONLY             
grant select on CORE_OWNER.MLOG$_TRANSACTION_ATTEMPT to CORE_OWNER_READONLY     
grant select on CORE_OWNER.AMAZON_APPSTORE_ITEM_TYPE to CORE_OWNER_READONLY     
grant select on CORE_OWNER.AMAZON_APPSTORE to CORE_OWNER_READONLY               
grant select on CORE_OWNER.TRANSACTION_TEMP_1 to CORE_OWNER_READONLY            
grant select on CORE_OWNER.TRANSACTION_TEMP_2 to CORE_OWNER_READONLY            
grant select on CORE_OWNER.FOO to CORE_OWNER_READONLY                           
grant select on CORE_OWNER.TRANSACTION_RUBEN_RUN_1 to CORE_OWNER_READONLY       
grant select on CORE_OWNER.RUPD$_LINE_ITEM to CORE_OWNER_READONLY               
grant select on CORE_OWNER.RUPD$_RCN_CPT_DEPOSIT_DETA to CORE_OWNER_READONLY    
grant select on CORE_OWNER.RUPD$_RCN_CPT_EXCEPTION_DE to CORE_OWNER_READONLY    
grant select on CORE_OWNER.RUPD$_SUBSCRIPTION to CORE_OWNER_READONLY            
grant select on CORE_OWNER.RUPD$_SUBSCRIPTION_META_DA to CORE_OWNER_READONLY    
grant select on CORE_OWNER.RUPD$_SUBSCRIPTION_NOTE to CORE_OWNER_READONLY       
grant select on CORE_OWNER.RUPD$_TAX to CORE_OWNER_READONLY                     
grant select on CORE_OWNER.RUPD$_TRANSACTION to CORE_OWNER_READONLY             
grant select on CORE_OWNER.RUPD$_TRANSACTION_ATTEMPT to CORE_OWNER_READONLY     
grant select on CORE_OWNER.RUPD$_ACCOUNT to CORE_OWNER_READONLY                 
grant select on CORE_OWNER.RUPD$_CHARGE to CORE_OWNER_READONLY                  
grant select on CORE_OWNER.RUPD$_CREDIT_CARD to CORE_OWNER_READONLY             
grant select on CORE_OWNER.RUPD$_GIFT_CERTIFICATE to CORE_OWNER_READONLY        
grant select on CORE_OWNER.RUPD$_INVOICE to CORE_OWNER_READONLY                 
grant select on CORE_OWNER.RUPD$_ITUNES_RECEIPT to CORE_OWNER_READONLY          
grant select on CORE_OWNER.RUPD$_LICENSE to CORE_OWNER_READONLY                 
grant select on CORE_OWNER.SUBSCRIPTION_SHARE_OLD to CORE_OWNER_READONLY        

PL/SQL procedure successfully completed.

Elapsed: 00:00:02.19
16:52:29 SQL> 
16:52:29 SQL> 16:52:29 SQL> commit;

Commit complete.

Elapsed: 00:00:00.00
16:52:29 SQL> spool off;


Subject: Nomad upgrade completed successfully: ECDV8@rac01.qprvt.nytimes.com
From: Nomad for Oracle <nytd_oracledba@nytimes.com>
To: nytd_oracledba@nytimes.com
Cc: nytd_oracledba@nytimes.com

Nomad upgrade operation completed successfully without errors. 
        
        Details
        -------
        DB Hostname: rac01.qprvt.nytimes.com
        DB Role: PRIMARY
        SID: ECDV8
        Schema: nytdba
        Migration: 7-cr_role_core_owner_readonly-stg
        SVN Revision: 12424
        Duration: 2 sec.
        DBA: apathrose
        