15:45:25 SQL> @/dbbackups/ECDV8/migrations/core_owner/0-create-MVLOG-PRODUCT_BUNDLE/upgrade.sql
15:45:25 SQL> CREATE MATERIALIZED VIEW LOG ON "CORE_OWNER"."PRODUCT_BUNDLE"  TABLESPACE "CORE" WITH PRIMARY KEY EXCLUDING NEW VALUES;

Materialized view log created.

Elapsed: 00:00:00.13
15:45:25 SQL> 
15:45:25 SQL> commit;

Commit complete.

Elapsed: 00:00:00.00
15:45:25 SQL> spool off;


Subject: Nomad upgrade completed successfully: ECDV8@rac01.qprvt.nytimes.com
From: Nomad for Oracle <db.alert@nytimes.com>
To: steven.nedlin@nytimes.com

Nomad upgrade operation completed successfully without errors. 
        
        Details
        -------
        DB Hostname: rac01.qprvt.nytimes.com
        DB Role: primary
        Database: ECDV8
        Schema: core_owner
        Migration: 0-create-MVLOG-PRODUCT_BUNDLE
        SVN Revision: 14162
        Duration: 0 sec.
        DBA: achinnappan
        