16:13:39 SQL> @/dbbackups/ECST/migrations/core_owner/52-SY-2465-update-seat-ttl/upgrade.sql
16:13:39 SQL> whenever sqlerror exit rollback;
16:13:39 SQL> 
16:13:39 SQL> update group_account
16:13:39   2  set seat_ttl_in_hours = 24,
16:13:39   3  update_date = sysdate,
16:13:39   4  updated_by = 'jira-sy-2465'
16:13:39   5  where id in (
16:13:39   6  	107787, 107771, 107961, 107790, 107776, 107772,
16:13:39   7  	107774, 107962, 107788, 107791, 107786, 107789,
16:13:39   8  	107775, 107785, 107770
16:13:39   9  );

0 rows updated.

Elapsed: 00:00:00.02
16:13:39 SQL> 
16:13:39 SQL> commit;

Commit complete.

Elapsed: 00:00:00.00
16:13:39 SQL> commit;

Commit complete.

Elapsed: 00:00:00.00
16:13:39 SQL> spool off;


Subject: Nomad upgrade completed successfully: ECST@rac01.stg.ewr1.nytimes.com
From: Nomad for Oracle <nytd_oracledba@nytimes.com>
To: nytd_ecommerce@nytimes.com
Cc: nytd_oracledba@nytimes.com

Nomad upgrade operation completed successfully without errors. 
        
        Details
        -------
        DB Hostname: rac01.stg.ewr1.nytimes.com
        DB Role: PRIMARY
        SID: ECST
        Schema: core_owner
        Migration: 52-SY-2465-update-seat-ttl
        SVN Revision: 12705
        Duration: 0 sec.
        DBA: sbao
        Service Request: https://jira.em.nytimes.com/browse/ORA-811