16:15:17 SQL> @/dbbackups/ECPR/migrations/core_owner/52-SY-2465-update-seat-ttl/upgrade.sql
16:15:17 SQL> whenever sqlerror exit rollback;
16:15:17 SQL> 
16:15:17 SQL> update group_account
16:15:17   2  set seat_ttl_in_hours = 24,
16:15:17   3  update_date = sysdate,
16:15:17   4  updated_by = 'jira-sy-2465'
16:15:17   5  where id in (
16:15:17   6  	107787, 107771, 107961, 107790, 107776, 107772,
16:15:17   7  	107774, 107962, 107788, 107791, 107786, 107789,
16:15:17   8  	107775, 107785, 107770
16:15:17   9  );

15 rows updated.

Elapsed: 00:00:00.05
16:15:17 SQL> 
16:15:17 SQL> commit;

Commit complete.

Elapsed: 00:00:00.01
16:15:17 SQL> commit;

Commit complete.

Elapsed: 00:00:00.00
16:15:17 SQL> spool off;


Subject: Nomad upgrade completed successfully: ECPR@rac01.prd.ewr1.nytimes.com
From: Nomad for Oracle <nytd_oracledba@nytimes.com>
To: nytd_ecommerce@nytimes.com
Cc: nytd_oracledba@nytimes.com

Nomad upgrade operation completed successfully without errors. 
        
        Details
        -------
        DB Hostname: rac01.prd.ewr1.nytimes.com
        DB Role: PRIMARY
        SID: ECPR
        Schema: core_owner
        Migration: 52-SY-2465-update-seat-ttl
        SVN Revision: 12705
        Duration: 0 sec.
        DBA: sbao
        Service Request: https://jira.em.nytimes.com/browse/ORA-811