15:23:24 SQL> @/dbbackups/ECST/migrations/core_owner/43-SAR-487-kindle-fire-ocs/upgrade.sql
15:23:24 SQL> WHENEVER SQLERROR EXIT SQL.SQLCODE ROLLBACK
15:23:24 SQL> SET SCAN OFF
15:23:24 SQL> SET DEFINE OFF
15:23:24 SQL> 
15:23:24 SQL> 
15:23:24 SQL> DECLARE
15:23:24   2  	TMP_VAR NUMBER;
15:23:24   3  	CUR_PRD_ID NUMBER;
15:23:24   4  	CUR_CAPABILITY_ID NUMBER;
15:23:24   5  BEGIN
15:23:24   6  	BEGIN
15:23:24   7  	  SELECT 1 INTO TMP_VAR FROM OFFER_CHAIN WHERE ID = 1258185160 AND ROWNUM <= 1;
15:23:24   8  	  UPDATE OFFER_CHAIN SET NAME='NYTimes: Web + Tablet App', DESCRIPTION='Unlimited access to NYTimes.com and the NYTimes tablet app.*', PRODUCT_URI='', VENDOR_SOURCE_ID='1', BILLING_SOURCE_ID=(SELECT ID FROM BILLING_SOURCE BS WHERE BS.NAME='Amazon'), IS_SEAT_LICENSE=0, GROUP_ACCOUNT_TYPE_ID='NO',IS_ADDRESS_REQUIRED=0, OFFER_CHAIN_STATUS_ID = 1, UPDATE_DATE = SYSDATE, UPDATED_BY = 'OFFERMAKER', IS_GIFT_CERTIFICATE='0', REVOKE_ENTITLEMENTS = '0', ADOPTABILITY_WINDOW_START_DATE = to_date('04-Apr-2013 00:00:00','DD-MON-YY HH24:MI:SS'), ADOPTABILITY_WINDOW_END_DATE = to_date('01-Jan-2100 00:00:00','DD-MON-YY HH24:MI:SS') WHERE ID = 1258185160;
15:23:24   9  	EXCEPTION
15:23:24  10  	  WHEN NO_DATA_FOUND THEN
15:23:24  11  	    INSERT INTO OFFER_CHAIN (ID, NAME, DESCRIPTION, ADOPTABILITY_WINDOW_START_DATE, ADOPTABILITY_WINDOW_END_DATE, IS_GIFT_CERTIFICATE, PRODUCT_URI, OFFER_CHAIN_STATUS_ID, REVOKE_ENTITLEMENTS, VENDOR_SOURCE_ID, BILLING_SOURCE_ID, IS_SEAT_LICENSE, GROUP_ACCOUNT_TYPE_ID, IS_ADDRESS_REQUIRED, CREATED_BY, CREATE_DATE, updated_by, update_date) VALUES (1258185160, 'NYTimes: Web + Tablet App', 'Unlimited access to NYTimes.com and the NYTimes tablet app.*', to_date('04-Apr-2013 00:00:00','DD-MON-YY HH24:MI:SS'), to_date('01-Jan-2100 00:00:00','DD-MON-YY HH24:MI:SS'), '0', NULL, '1', '0', '1', (SELECT ID FROM BILLING_SOURCE BS WHERE BS.NAME='Amazon'), decode('NO','IL',1,0), 'NO', '0', 'OFFERMAKER', SYSDATE, 'OFFERMAKER', SYSDATE);
15:23:24  12  	END;
15:23:24  13  	DELETE FROM OFFER_CHAIN_ELIGIBILITY WHERE offer_chain_id = 1258185160;
15:23:24  14  	INSERT INTO OFFER_CHAIN_ELIGIBILITY (ID, OFFER_CHAIN_ID, NAME, VALUE, CREATED_BY, CREATE_DATE) VALUES (ELG_ID_SEQ.NEXTVAL, 1258185160, 'IS_COMP', '0', 'OFFERMAKER', SYSDATE);
15:23:24  15  	INSERT INTO OFFER_CHAIN_ELIGIBILITY (ID, OFFER_CHAIN_ID, NAME, VALUE, CREATED_BY, CREATE_DATE) VALUES (ELG_ID_SEQ.NEXTVAL, 1258185160, 'MAX_CONCURRENT_SUBS', 'UNLIMITED', 'OFFERMAKER', SYSDATE);
15:23:24  16  	INSERT INTO OFFER_CHAIN_ELIGIBILITY (ID, OFFER_CHAIN_ID, NAME, VALUE, CREATED_BY, CREATE_DATE) VALUES (ELG_ID_SEQ.NEXTVAL, 1258185160, 'INTERNAL_ONLY', '0', 'OFFERMAKER', SYSDATE);
15:23:24  17  	DELETE FROM OFFER_CHAIN_META_DATA WHERE offer_chain_id = 1258185160;
15:23:24  18  	INSERT INTO OFFER_CHAIN_META_DATA (ID, OFFER_CHAIN_ID, NAME, VALUE, CREATED_BY, CREATE_DATE) VALUES (OCMD_ID_SEQ.NEXTVAL, 1258185160, 'BUNDLE_EXPLANATION', 'W+T (for Amazon Kindle Fire)', 'OFFERMAKER', SYSDATE);
15:23:24  19  	INSERT INTO OFFER_CHAIN_META_DATA (ID, OFFER_CHAIN_ID, NAME, VALUE, CREATED_BY, CREATE_DATE) VALUES (OCMD_ID_SEQ.NEXTVAL, 1258185160, 'PRICE_DESCRIPTION', '14 days free trial Thereafter $20.00 every 4 weeks for Bundle B (Billed by Amazon) ', 'OFFERMAKER', SYSDATE);
15:23:24  20  	INSERT INTO OFFER_CHAIN_META_DATA (ID, OFFER_CHAIN_ID, NAME, VALUE, CREATED_BY, CREATE_DATE) VALUES (OCMD_ID_SEQ.NEXTVAL, 1258185160, 'PRICE_SHORT_DESCRIPTION', 'Amazon Fire Bundle B', 'OFFERMAKER', SYSDATE);
15:23:24  21  	INSERT INTO OFFER_CHAIN_META_DATA (ID, OFFER_CHAIN_ID, NAME, VALUE, CREATED_BY, CREATE_DATE) VALUES (OCMD_ID_SEQ.NEXTVAL, 1258185160, 'OFFER_TYPE', 'Full Price', 'OFFERMAKER', SYSDATE);
15:23:24  22  	INSERT INTO OFFER_CHAIN_META_DATA (ID, OFFER_CHAIN_ID, NAME, VALUE, CREATED_BY, CREATE_DATE) VALUES (OCMD_ID_SEQ.NEXTVAL, 1258185160, 'PROMO_PRICE_FOOTER_LABEL', 'Billing Cycle', 'OFFERMAKER', SYSDATE);
15:23:24  23  	INSERT INTO OFFER_CHAIN_META_DATA (ID, OFFER_CHAIN_ID, NAME, VALUE, CREATED_BY, CREATE_DATE) VALUES (OCMD_ID_SEQ.NEXTVAL, 1258185160, 'BILLING_CYCLE', 'monthly', 'OFFERMAKER', SYSDATE);
15:23:24  24  	INSERT INTO OFFER_CHAIN_META_DATA (ID, OFFER_CHAIN_ID, NAME, VALUE, CREATED_BY, CREATE_DATE) VALUES (OCMD_ID_SEQ.NEXTVAL, 1258185160, 'SUBSCRIBER_TYPE', 'Kindle Fire', 'OFFERMAKER', SYSDATE);
15:23:24  25  	INSERT INTO OFFER_CHAIN_META_DATA (ID, OFFER_CHAIN_ID, NAME, VALUE, CREATED_BY, CREATE_DATE) VALUES (OCMD_ID_SEQ.NEXTVAL, 1258185160, 'REFUND_POLICY', 'Monthly Billing: No refund.  Users will maintain access for the remainder of the billing period.  Users will not be billed in the next billing cycle.', 'OFFERMAKER', SYSDATE);
15:23:24  26  	INSERT INTO OFFER_CHAIN_META_DATA (ID, OFFER_CHAIN_ID, NAME, VALUE, CREATED_BY, CREATE_DATE) VALUES (OCMD_ID_SEQ.NEXTVAL, 1258185160, 'BUNDLE', 'Bundle B (Web+Tab)', 'OFFERMAKER', SYSDATE);
15:23:24  27  	INSERT INTO OFFER_CHAIN_META_DATA (ID, OFFER_CHAIN_ID, NAME, VALUE, CREATED_BY, CREATE_DATE) VALUES (OCMD_ID_SEQ.NEXTVAL, 1258185160, 'ADX_BUNDLE', 'MM_FULL', 'OFFERMAKER', SYSDATE);
15:23:24  28  	INSERT INTO OFFER_CHAIN_META_DATA (ID, OFFER_CHAIN_ID, NAME, VALUE, CREATED_BY, CREATE_DATE) VALUES (OCMD_ID_SEQ.NEXTVAL, 1258185160, 'SIEBEL_CAMPAIGN_CODE', '3JLKW', 'OFFERMAKER', SYSDATE);
15:23:24  29  	INSERT INTO OFFER_CHAIN_META_DATA (ID, OFFER_CHAIN_ID, NAME, VALUE, CREATED_BY, CREATE_DATE) VALUES (OCMD_ID_SEQ.NEXTVAL, 1258185160, 'UID', '6fffa81beb5b818e3de3f156c38a3b7d63c320a60fdb27700c802b3cca2e51bf', 'OFFERMAKER', SYSDATE);
15:23:24  30  	DELETE FROM OFFER_CHAIN_NOTIFICATION_TYPE WHERE offer_chain_id = 1258185160;
15:23:24  31  	BEGIN
15:23:24  32  	  SELECT 1 INTO TMP_VAR FROM OFFER_OFFER_CHAIN WHERE OFFER_CHAIN_ID = 1258185160 AND INDEX_VALUE = 0 AND ROWNUM <= 1;
15:23:24  33  	EXCEPTION
15:23:24  34  	  WHEN NO_DATA_FOUND THEN
15:23:24  35  	INSERT INTO OFFER (ID, OFFER_STATUS_ID, ENTITLEMENT_DURATION, CREATED_BY, CREATE_DATE, updated_by, update_date) VALUES (OFR_ID_SEQ.NEXTVAL, 1, 'P0Y0M1820DT0H0M', 'OFFERMAKER', SYSDATE, 'OFFERMAKER', SYSDATE);
15:23:24  36  	BEGIN
15:23:24  37  	  SELECT ID INTO CUR_PRD_ID FROM PRODUCT WHERE NAME = 'Web' AND PRODUCT_STATUS_ID = 1 AND ROWNUM <= 1;
15:23:24  38  	EXCEPTION
15:23:24  39  	  WHEN NO_DATA_FOUND THEN
15:23:24  40  	    INSERT INTO PRODUCT (ID, NAME, PRODUCTION_COST, PRODUCT_STATUS_ID, PRODUCT_URI, UNIT_PRICE, CREATED_BY, CREATE_DATE) VALUES (PRD_ID_SEQ.NEXTVAL, 'Web', '0', 1, NULL, '0', 'OFFERMAKER', SYSDATE);
15:23:24  41  	    SELECT ID INTO CUR_PRD_ID FROM PRODUCT WHERE NAME = 'Web' AND PRODUCT_STATUS_ID = 1 AND ROWNUM <= 1;
15:23:24  42  	  WHEN OTHERS THEN
15:23:24  43  	    RAISE;
15:23:24  44  	END;
15:23:24  45  	SELECT ID INTO CUR_CAPABILITY_ID FROM CAPABILITY WHERE CODE IN LTRIM(RTRIM((UPPER('MM')))) AND ROWNUM <= 1;
15:23:24  46  	INSERT INTO PRODUCT_OFFERING (ID, PRODUCT_ID, TAX_POLICY_TYPE_ID, QUANTITY, UNIT_PRICE, TAX_CATEGORY_ID, CAPABILITY_ID, CREATED_BY, CREATE_DATE) VALUES (PO_ID_SEQ.NEXTVAL, CUR_PRD_ID, '1', '1820', '0', '2', CUR_CAPABILITY_ID, 'OFFERMAKER', SYSDATE);
15:23:24  47  	INSERT INTO PRODUCT_OFFERING_META_DATA (ID, PRODUCT_OFFERING_ID, NAME, VALUE, CREATED_BY, CREATE_DATE) VALUES (PROMD_ID_SEQ.NEXTVAL, PO_ID_SEQ.CURRVAL, 'entitlement_uri', 'http://:hostname:/svc/user/entitlements/mm/:id:.json', 'OFFERMAKER', SYSDATE);
15:23:24  48  	INSERT INTO PRODUCT_OFFERING_META_DATA (ID, PRODUCT_OFFERING_ID, NAME, VALUE, CREATED_BY, CREATE_DATE) VALUES (PROMD_ID_SEQ.NEXTVAL, PO_ID_SEQ.CURRVAL, 'DEFAULT_VAT_RATE', '{"*": }', 'OFFERMAKER', SYSDATE);
15:23:24  49  	INSERT INTO PRODUCT_OFFERING_META_DATA (ID, PRODUCT_OFFERING_ID, NAME, VALUE, CREATED_BY, CREATE_DATE) VALUES (PROMD_ID_SEQ.NEXTVAL, PO_ID_SEQ.CURRVAL, 'capability', 'MM', 'OFFERMAKER', SYSDATE);
15:23:24  50  	INSERT INTO OFFER_PRODUCT_OFFERING (OFFER_ID, PRODUCT_OFFERING_ID, CREATED_BY, CREATE_DATE) VALUES (OFR_ID_SEQ.CURRVAL, PO_ID_SEQ.CURRVAL, 'OFFERMAKER', SYSDATE);
15:23:24  51  	BEGIN
15:23:24  52  	  SELECT ID INTO CUR_PRD_ID FROM PRODUCT WHERE NAME = 'Mobile' AND PRODUCT_STATUS_ID = 1 AND ROWNUM <= 1;
15:23:24  53  	EXCEPTION
15:23:24  54  	  WHEN NO_DATA_FOUND THEN
15:23:24  55  	    INSERT INTO PRODUCT (ID, NAME, PRODUCTION_COST, PRODUCT_STATUS_ID, PRODUCT_URI, UNIT_PRICE, CREATED_BY, CREATE_DATE) VALUES (PRD_ID_SEQ.NEXTVAL, 'Mobile', '0', 1, NULL, '0', 'OFFERMAKER', SYSDATE);
15:23:24  56  	    SELECT ID INTO CUR_PRD_ID FROM PRODUCT WHERE NAME = 'Mobile' AND PRODUCT_STATUS_ID = 1 AND ROWNUM <= 1;
15:23:24  57  	  WHEN OTHERS THEN
15:23:24  58  	    RAISE;
15:23:24  59  	END;
15:23:24  60  	SELECT ID INTO CUR_CAPABILITY_ID FROM CAPABILITY WHERE CODE IN LTRIM(RTRIM((UPPER('MOW')))) AND ROWNUM <= 1;
15:23:24  61  	INSERT INTO PRODUCT_OFFERING (ID, PRODUCT_ID, TAX_POLICY_TYPE_ID, QUANTITY, UNIT_PRICE, TAX_CATEGORY_ID, CAPABILITY_ID, CREATED_BY, CREATE_DATE) VALUES (PO_ID_SEQ.NEXTVAL, CUR_PRD_ID, '1', '1820', '0', '2', CUR_CAPABILITY_ID, 'OFFERMAKER', SYSDATE);
15:23:24  62  	INSERT INTO PRODUCT_OFFERING_META_DATA (ID, PRODUCT_OFFERING_ID, NAME, VALUE, CREATED_BY, CREATE_DATE) VALUES (PROMD_ID_SEQ.NEXTVAL, PO_ID_SEQ.CURRVAL, 'entitlement_uri', 'http://:hostname:/svc/user/entitlements/mow/:id:.json', 'OFFERMAKER', SYSDATE);
15:23:24  63  	INSERT INTO PRODUCT_OFFERING_META_DATA (ID, PRODUCT_OFFERING_ID, NAME, VALUE, CREATED_BY, CREATE_DATE) VALUES (PROMD_ID_SEQ.NEXTVAL, PO_ID_SEQ.CURRVAL, 'DEFAULT_VAT_RATE', '{"*": }', 'OFFERMAKER', SYSDATE);
15:23:24  64  	INSERT INTO PRODUCT_OFFERING_META_DATA (ID, PRODUCT_OFFERING_ID, NAME, VALUE, CREATED_BY, CREATE_DATE) VALUES (PROMD_ID_SEQ.NEXTVAL, PO_ID_SEQ.CURRVAL, 'capability', 'MOW', 'OFFERMAKER', SYSDATE);
15:23:24  65  	INSERT INTO OFFER_PRODUCT_OFFERING (OFFER_ID, PRODUCT_OFFERING_ID, CREATED_BY, CREATE_DATE) VALUES (OFR_ID_SEQ.CURRVAL, PO_ID_SEQ.CURRVAL, 'OFFERMAKER', SYSDATE);
15:23:24  66  	BEGIN
15:23:24  67  	  SELECT ID INTO CUR_PRD_ID FROM PRODUCT WHERE NAME = 'Archive Article' AND PRODUCT_STATUS_ID = 1 AND ROWNUM <= 1;
15:23:24  68  	EXCEPTION
15:23:24  69  	  WHEN NO_DATA_FOUND THEN
15:23:24  70  	    INSERT INTO PRODUCT (ID, NAME, PRODUCTION_COST, PRODUCT_STATUS_ID, PRODUCT_URI, UNIT_PRICE, CREATED_BY, CREATE_DATE) VALUES (PRD_ID_SEQ.NEXTVAL, 'Archive Article', '0', 1, NULL, '0', 'OFFERMAKER', SYSDATE);
15:23:24  71  	    SELECT ID INTO CUR_PRD_ID FROM PRODUCT WHERE NAME = 'Archive Article' AND PRODUCT_STATUS_ID = 1 AND ROWNUM <= 1;
15:23:24  72  	  WHEN OTHERS THEN
15:23:24  73  	    RAISE;
15:23:24  74  	END;
15:23:24  75  	SELECT ID INTO CUR_CAPABILITY_ID FROM CAPABILITY WHERE CODE IN LTRIM(RTRIM((UPPER('AAA')))) AND ROWNUM <= 1;
15:23:24  76  	INSERT INTO PRODUCT_OFFERING (ID, PRODUCT_ID, TAX_POLICY_TYPE_ID, QUANTITY, UNIT_PRICE, TAX_CATEGORY_ID, CAPABILITY_ID, CREATED_BY, CREATE_DATE) VALUES (PO_ID_SEQ.NEXTVAL, CUR_PRD_ID, '1', '6500', '0', '2', CUR_CAPABILITY_ID, 'OFFERMAKER', SYSDATE);
15:23:24  77  	INSERT INTO PRODUCT_OFFERING_META_DATA (ID, PRODUCT_OFFERING_ID, NAME, VALUE, CREATED_BY, CREATE_DATE) VALUES (PROMD_ID_SEQ.NEXTVAL, PO_ID_SEQ.CURRVAL, 'entitlement_uri', 'http://:hostname:/svc/user/entitlements/archive/size/6500/:id:.json', 'OFFERMAKER', SYSDATE);
15:23:24  78  	INSERT INTO PRODUCT_OFFERING_META_DATA (ID, PRODUCT_OFFERING_ID, NAME, VALUE, CREATED_BY, CREATE_DATE) VALUES (PROMD_ID_SEQ.NEXTVAL, PO_ID_SEQ.CURRVAL, 'DEFAULT_VAT_RATE', '{"*": }', 'OFFERMAKER', SYSDATE);
15:23:24  79  	INSERT INTO OFFER_PRODUCT_OFFERING (OFFER_ID, PRODUCT_OFFERING_ID, CREATED_BY, CREATE_DATE) VALUES (OFR_ID_SEQ.CURRVAL, PO_ID_SEQ.CURRVAL, 'OFFERMAKER', SYSDATE);
15:23:24  80  	BEGIN
15:23:24  81  	  SELECT ID INTO CUR_PRD_ID FROM PRODUCT WHERE NAME = 'TimesMachine' AND PRODUCT_STATUS_ID = 1 AND ROWNUM <= 1;
15:23:24  82  	EXCEPTION
15:23:24  83  	  WHEN NO_DATA_FOUND THEN
15:23:24  84  	    INSERT INTO PRODUCT (ID, NAME, PRODUCTION_COST, PRODUCT_STATUS_ID, PRODUCT_URI, UNIT_PRICE, CREATED_BY, CREATE_DATE) VALUES (PRD_ID_SEQ.NEXTVAL, 'TimesMachine', '0', 1, NULL, '0', 'OFFERMAKER', SYSDATE);
15:23:24  85  	    SELECT ID INTO CUR_PRD_ID FROM PRODUCT WHERE NAME = 'TimesMachine' AND PRODUCT_STATUS_ID = 1 AND ROWNUM <= 1;
15:23:24  86  	  WHEN OTHERS THEN
15:23:24  87  	    RAISE;
15:23:24  88  	END;
15:23:24  89  	SELECT ID INTO CUR_CAPABILITY_ID FROM CAPABILITY WHERE CODE IN LTRIM(RTRIM((UPPER('NONE')))) AND ROWNUM <= 1;
15:23:24  90  	INSERT INTO PRODUCT_OFFERING (ID, PRODUCT_ID, TAX_POLICY_TYPE_ID, QUANTITY, UNIT_PRICE, TAX_CATEGORY_ID, CAPABILITY_ID, CREATED_BY, CREATE_DATE) VALUES (PO_ID_SEQ.NEXTVAL, CUR_PRD_ID, '1', '1820', '0', '2', CUR_CAPABILITY_ID, 'OFFERMAKER', SYSDATE);
15:23:24  91  	INSERT INTO PRODUCT_OFFERING_META_DATA (ID, PRODUCT_OFFERING_ID, NAME, VALUE, CREATED_BY, CREATE_DATE) VALUES (PROMD_ID_SEQ.NEXTVAL, PO_ID_SEQ.CURRVAL, 'DEFAULT_VAT_RATE', '{"*": }', 'OFFERMAKER', SYSDATE);
15:23:24  92  	INSERT INTO OFFER_PRODUCT_OFFERING (OFFER_ID, PRODUCT_OFFERING_ID, CREATED_BY, CREATE_DATE) VALUES (OFR_ID_SEQ.CURRVAL, PO_ID_SEQ.CURRVAL, 'OFFERMAKER', SYSDATE);
15:23:24  93  	BEGIN
15:23:24  94  	  SELECT ID INTO CUR_PRD_ID FROM PRODUCT WHERE NAME = 'Tablet' AND PRODUCT_STATUS_ID = 1 AND ROWNUM <= 1;
15:23:24  95  	EXCEPTION
15:23:24  96  	  WHEN NO_DATA_FOUND THEN
15:23:24  97  	    INSERT INTO PRODUCT (ID, NAME, PRODUCTION_COST, PRODUCT_STATUS_ID, PRODUCT_URI, UNIT_PRICE, CREATED_BY, CREATE_DATE) VALUES (PRD_ID_SEQ.NEXTVAL, 'Tablet', '0', 1, NULL, '0', 'OFFERMAKER', SYSDATE);
15:23:24  98  	    SELECT ID INTO CUR_PRD_ID FROM PRODUCT WHERE NAME = 'Tablet' AND PRODUCT_STATUS_ID = 1 AND ROWNUM <= 1;
15:23:24  99  	  WHEN OTHERS THEN
15:23:24 100  	    RAISE;
15:23:24 101  	END;
15:23:24 102  	SELECT ID INTO CUR_CAPABILITY_ID FROM CAPABILITY WHERE CODE IN LTRIM(RTRIM((UPPER('MTD')))) AND ROWNUM <= 1;
15:23:24 103  	INSERT INTO PRODUCT_OFFERING (ID, PRODUCT_ID, TAX_POLICY_TYPE_ID, QUANTITY, UNIT_PRICE, TAX_CATEGORY_ID, CAPABILITY_ID, CREATED_BY, CREATE_DATE) VALUES (PO_ID_SEQ.NEXTVAL, CUR_PRD_ID, '1', '1820', '0', '2', CUR_CAPABILITY_ID, 'OFFERMAKER', SYSDATE);
15:23:24 104  	INSERT INTO PRODUCT_OFFERING_META_DATA (ID, PRODUCT_OFFERING_ID, NAME, VALUE, CREATED_BY, CREATE_DATE) VALUES (PROMD_ID_SEQ.NEXTVAL, PO_ID_SEQ.CURRVAL, 'entitlement_uri', 'http://:hostname:/svc/user/entitlements/mtd/:id:.json', 'OFFERMAKER', SYSDATE);
15:23:24 105  	INSERT INTO PRODUCT_OFFERING_META_DATA (ID, PRODUCT_OFFERING_ID, NAME, VALUE, CREATED_BY, CREATE_DATE) VALUES (PROMD_ID_SEQ.NEXTVAL, PO_ID_SEQ.CURRVAL, 'DEFAULT_VAT_RATE', '{"*": }', 'OFFERMAKER', SYSDATE);
15:23:24 106  	INSERT INTO PRODUCT_OFFERING_META_DATA (ID, PRODUCT_OFFERING_ID, NAME, VALUE, CREATED_BY, CREATE_DATE) VALUES (PROMD_ID_SEQ.NEXTVAL, PO_ID_SEQ.CURRVAL, 'capability', 'MTD', 'OFFERMAKER', SYSDATE);
15:23:24 107  	INSERT INTO OFFER_PRODUCT_OFFERING (OFFER_ID, PRODUCT_OFFERING_ID, CREATED_BY, CREATE_DATE) VALUES (OFR_ID_SEQ.CURRVAL, PO_ID_SEQ.CURRVAL, 'OFFERMAKER', SYSDATE);
15:23:24 108  	BEGIN
15:23:24 109  	  SELECT ID INTO CUR_PRD_ID FROM PRODUCT WHERE NAME = 'TimesReader' AND PRODUCT_STATUS_ID = 1 AND ROWNUM <= 1;
15:23:24 110  	EXCEPTION
15:23:24 111  	  WHEN NO_DATA_FOUND THEN
15:23:24 112  	    INSERT INTO PRODUCT (ID, NAME, PRODUCTION_COST, PRODUCT_STATUS_ID, PRODUCT_URI, UNIT_PRICE, CREATED_BY, CREATE_DATE) VALUES (PRD_ID_SEQ.NEXTVAL, 'TimesReader', '0', 1, NULL, '0', 'OFFERMAKER', SYSDATE);
15:23:24 113  	    SELECT ID INTO CUR_PRD_ID FROM PRODUCT WHERE NAME = 'TimesReader' AND PRODUCT_STATUS_ID = 1 AND ROWNUM <= 1;
15:23:24 114  	  WHEN OTHERS THEN
15:23:24 115  	    RAISE;
15:23:24 116  	END;
15:23:24 117  	SELECT ID INTO CUR_CAPABILITY_ID FROM CAPABILITY WHERE CODE IN LTRIM(RTRIM((UPPER('TNR')))) AND ROWNUM <= 1;
15:23:24 118  	INSERT INTO PRODUCT_OFFERING (ID, PRODUCT_ID, TAX_POLICY_TYPE_ID, QUANTITY, UNIT_PRICE, TAX_CATEGORY_ID, CAPABILITY_ID, CREATED_BY, CREATE_DATE) VALUES (PO_ID_SEQ.NEXTVAL, CUR_PRD_ID, '1', '1820', '0', '2', CUR_CAPABILITY_ID, 'OFFERMAKER', SYSDATE);
15:23:24 119  	INSERT INTO PRODUCT_OFFERING_META_DATA (ID, PRODUCT_OFFERING_ID, NAME, VALUE, CREATED_BY, CREATE_DATE) VALUES (PROMD_ID_SEQ.NEXTVAL, PO_ID_SEQ.CURRVAL, 'entitlement_uri', 'http://:hostname:/svc/user/entitlements/timesreader/:id:.json', 'OFFERMAKER', SYSDATE);
15:23:24 120  	INSERT INTO PRODUCT_OFFERING_META_DATA (ID, PRODUCT_OFFERING_ID, NAME, VALUE, CREATED_BY, CREATE_DATE) VALUES (PROMD_ID_SEQ.NEXTVAL, PO_ID_SEQ.CURRVAL, 'capability', 'TNR', 'OFFERMAKER', SYSDATE);
15:23:24 121  	INSERT INTO PRODUCT_OFFERING_META_DATA (ID, PRODUCT_OFFERING_ID, NAME, VALUE, CREATED_BY, CREATE_DATE) VALUES (PROMD_ID_SEQ.NEXTVAL, PO_ID_SEQ.CURRVAL, 'DEFAULT_VAT_RATE', '{"*": }', 'OFFERMAKER', SYSDATE);
15:23:24 122  	INSERT INTO OFFER_PRODUCT_OFFERING (OFFER_ID, PRODUCT_OFFERING_ID, CREATED_BY, CREATE_DATE) VALUES (OFR_ID_SEQ.CURRVAL, PO_ID_SEQ.CURRVAL, 'OFFERMAKER', SYSDATE);
15:23:24 123  	INSERT INTO OFFER_OFFER_CHAIN (OFFER_ID, OFFER_CHAIN_ID, INDEX_VALUE, NUM_RECURRENCES, CREATED_BY, CREATE_DATE, updated_by, update_date) VALUES (OFR_ID_SEQ.CURRVAL, 1258185160, '0', '-1', 'OFFERMAKER', SYSDATE, 'OFFERMAKER', SYSDATE);
15:23:24 124  	END;
15:23:24 125  END;
15:23:24 126  /

PL/SQL procedure successfully completed.

Elapsed: 00:00:00.07
15:23:24 SQL> 
15:23:24 SQL> DECLARE
15:23:24   2  	TMP_VAR NUMBER;
15:23:24   3  	CUR_PRD_ID NUMBER;
15:23:24   4  	CUR_CAPABILITY_ID NUMBER;
15:23:24   5  BEGIN
15:23:24   6  	BEGIN
15:23:24   7  	  SELECT 1 INTO TMP_VAR FROM OFFER_CHAIN WHERE ID = 1358785690 AND ROWNUM <= 1;
15:23:24   8  	  UPDATE OFFER_CHAIN SET NAME='NYTimes: All Digital Access', DESCRIPTION='Unlimited access to NYTimes.com, and the NYTimes smartphone and tablet apps.*', PRODUCT_URI='', VENDOR_SOURCE_ID='1', BILLING_SOURCE_ID=(SELECT ID FROM BILLING_SOURCE BS WHERE BS.NAME='Amazon'), IS_SEAT_LICENSE=0, GROUP_ACCOUNT_TYPE_ID='FL',IS_ADDRESS_REQUIRED=0, OFFER_CHAIN_STATUS_ID = 1, UPDATE_DATE = SYSDATE, UPDATED_BY = 'OFFERMAKER', IS_GIFT_CERTIFICATE='0', REVOKE_ENTITLEMENTS = '0', ADOPTABILITY_WINDOW_START_DATE = to_date('04-Apr-2013 00:00:00','DD-MON-YY HH24:MI:SS'), ADOPTABILITY_WINDOW_END_DATE = to_date('01-Jan-2100 00:00:00','DD-MON-YY HH24:MI:SS') WHERE ID = 1358785690;
15:23:24   9  	EXCEPTION
15:23:24  10  	  WHEN NO_DATA_FOUND THEN
15:23:24  11  	    INSERT INTO OFFER_CHAIN (ID, NAME, DESCRIPTION, ADOPTABILITY_WINDOW_START_DATE, ADOPTABILITY_WINDOW_END_DATE, IS_GIFT_CERTIFICATE, PRODUCT_URI, OFFER_CHAIN_STATUS_ID, REVOKE_ENTITLEMENTS, VENDOR_SOURCE_ID, BILLING_SOURCE_ID, IS_SEAT_LICENSE, GROUP_ACCOUNT_TYPE_ID, IS_ADDRESS_REQUIRED, CREATED_BY, CREATE_DATE, updated_by, update_date) VALUES (1358785690, 'NYTimes: All Digital Access', 'Unlimited access to NYTimes.com, and the NYTimes smartphone and tablet apps.*', to_date('04-Apr-2013 00:00:00','DD-MON-YY HH24:MI:SS'), to_date('01-Jan-2100 00:00:00','DD-MON-YY HH24:MI:SS'), '0', NULL, '1', '0', '1', (SELECT ID FROM BILLING_SOURCE BS WHERE BS.NAME='Amazon'), decode('FL','IL',1,0), 'FL', '0', 'OFFERMAKER', SYSDATE, 'OFFERMAKER', SYSDATE);
15:23:24  12  	END;
15:23:24  13  	DELETE FROM OFFER_CHAIN_ELIGIBILITY WHERE offer_chain_id = 1358785690;
15:23:24  14  	INSERT INTO OFFER_CHAIN_ELIGIBILITY (ID, OFFER_CHAIN_ID, NAME, VALUE, CREATED_BY, CREATE_DATE) VALUES (ELG_ID_SEQ.NEXTVAL, 1358785690, 'IS_COMP', '0', 'OFFERMAKER', SYSDATE);
15:23:24  15  	INSERT INTO OFFER_CHAIN_ELIGIBILITY (ID, OFFER_CHAIN_ID, NAME, VALUE, CREATED_BY, CREATE_DATE) VALUES (ELG_ID_SEQ.NEXTVAL, 1358785690, 'MAX_CONCURRENT_SUBS', 'UNLIMITED', 'OFFERMAKER', SYSDATE);
15:23:24  16  	INSERT INTO OFFER_CHAIN_ELIGIBILITY (ID, OFFER_CHAIN_ID, NAME, VALUE, CREATED_BY, CREATE_DATE) VALUES (ELG_ID_SEQ.NEXTVAL, 1358785690, 'INTERNAL_ONLY', '0', 'OFFERMAKER', SYSDATE);
15:23:24  17  	DELETE FROM OFFER_CHAIN_META_DATA WHERE offer_chain_id = 1358785690;
15:23:24  18  	INSERT INTO OFFER_CHAIN_META_DATA (ID, OFFER_CHAIN_ID, NAME, VALUE, CREATED_BY, CREATE_DATE) VALUES (OCMD_ID_SEQ.NEXTVAL, 1358785690, 'BUNDLE_EXPLANATION', 'W+SP+T (for Amazon Kindle Fire)', 'OFFERMAKER', SYSDATE);
15:23:24  19  	INSERT INTO OFFER_CHAIN_META_DATA (ID, OFFER_CHAIN_ID, NAME, VALUE, CREATED_BY, CREATE_DATE) VALUES (OCMD_ID_SEQ.NEXTVAL, 1358785690, 'PRICE_DESCRIPTION', '14 days free trial Thereafter $35.00 every 4 weeks for Bundle D (Billed by Amazon)', 'OFFERMAKER', SYSDATE);
15:23:24  20  	INSERT INTO OFFER_CHAIN_META_DATA (ID, OFFER_CHAIN_ID, NAME, VALUE, CREATED_BY, CREATE_DATE) VALUES (OCMD_ID_SEQ.NEXTVAL, 1358785690, 'PRICE_SHORT_DESCRIPTION', 'Amazon Fire Bundle D', 'OFFERMAKER', SYSDATE);
15:23:24  21  	INSERT INTO OFFER_CHAIN_META_DATA (ID, OFFER_CHAIN_ID, NAME, VALUE, CREATED_BY, CREATE_DATE) VALUES (OCMD_ID_SEQ.NEXTVAL, 1358785690, 'OFFER_TYPE', 'Full Price', 'OFFERMAKER', SYSDATE);
15:23:24  22  	INSERT INTO OFFER_CHAIN_META_DATA (ID, OFFER_CHAIN_ID, NAME, VALUE, CREATED_BY, CREATE_DATE) VALUES (OCMD_ID_SEQ.NEXTVAL, 1358785690, 'PROMO_PRICE_FOOTER_LABEL', 'Billing Cycle', 'OFFERMAKER', SYSDATE);
15:23:24  23  	INSERT INTO OFFER_CHAIN_META_DATA (ID, OFFER_CHAIN_ID, NAME, VALUE, CREATED_BY, CREATE_DATE) VALUES (OCMD_ID_SEQ.NEXTVAL, 1358785690, 'BILLING_CYCLE', 'monthly', 'OFFERMAKER', SYSDATE);
15:23:24  24  	INSERT INTO OFFER_CHAIN_META_DATA (ID, OFFER_CHAIN_ID, NAME, VALUE, CREATED_BY, CREATE_DATE) VALUES (OCMD_ID_SEQ.NEXTVAL, 1358785690, 'SUBSCRIBER_TYPE', 'Kindle Fire', 'OFFERMAKER', SYSDATE);
15:23:24  25  	INSERT INTO OFFER_CHAIN_META_DATA (ID, OFFER_CHAIN_ID, NAME, VALUE, CREATED_BY, CREATE_DATE) VALUES (OCMD_ID_SEQ.NEXTVAL, 1358785690, 'REFUND_POLICY', 'Monthly Billing: No refund.  Users will maintain access for the remainder of the billing period.  Users will not be billed in the next billing cycle.', 'OFFERMAKER', SYSDATE);
15:23:24  26  	INSERT INTO OFFER_CHAIN_META_DATA (ID, OFFER_CHAIN_ID, NAME, VALUE, CREATED_BY, CREATE_DATE) VALUES (OCMD_ID_SEQ.NEXTVAL, 1358785690, 'BUNDLE', 'Bundle D (Digital All Access)', 'OFFERMAKER', SYSDATE);
15:23:24  27  	INSERT INTO OFFER_CHAIN_META_DATA (ID, OFFER_CHAIN_ID, NAME, VALUE, CREATED_BY, CREATE_DATE) VALUES (OCMD_ID_SEQ.NEXTVAL, 1358785690, 'ADX_BUNDLE', 'MM_FULL', 'OFFERMAKER', SYSDATE);
15:23:24  28  	INSERT INTO OFFER_CHAIN_META_DATA (ID, OFFER_CHAIN_ID, NAME, VALUE, CREATED_BY, CREATE_DATE) VALUES (OCMD_ID_SEQ.NEXTVAL, 1358785690, 'SIEBEL_CAMPAIGN_CODE', '3JLKW', 'OFFERMAKER', SYSDATE);
15:23:24  29  	INSERT INTO OFFER_CHAIN_META_DATA (ID, OFFER_CHAIN_ID, NAME, VALUE, CREATED_BY, CREATE_DATE) VALUES (OCMD_ID_SEQ.NEXTVAL, 1358785690, 'UID', '337098b24b00a770c4610fe9b511166f8ef241b11e4212b2ede0f9c85217d65b', 'OFFERMAKER', SYSDATE);
15:23:24  30  	DELETE FROM OFFER_CHAIN_NOTIFICATION_TYPE WHERE offer_chain_id = 1358785690;
15:23:24  31  	BEGIN
15:23:24  32  	  SELECT 1 INTO TMP_VAR FROM ACTION WHERE NAME = 'FAMILY_PLAN_OWNER_ADD';
15:23:24  33  	EXCEPTION
15:23:24  34  	  WHEN NO_DATA_FOUND THEN
15:23:24  35  	    INSERT INTO ACTION (ID, NAME, CREATE_DATE, CREATED_BY) VALUES (ACTION_ID_SEQ.NEXTVAL, 'FAMILY_PLAN_OWNER_ADD', SYSDATE, 'OFFERMAKER');
15:23:24  36  	END;
15:23:24  37  	BEGIN
15:23:24  38  	  SELECT 1 INTO TMP_VAR FROM CORE_OWNER.NOTIFICATION_TYPE WHERE VALUE = 'family-plan-welcome';
15:23:24  39  	EXCEPTION
15:23:24  40  	  WHEN NO_DATA_FOUND THEN NULL;
15:23:24  41  	    INSERT INTO CORE_OWNER.NOTIFICATION_TYPE (ID, VALUE, TEMPLATE_URL) VALUES (CORE_OWNER.NOTTID_SEQ.NEXTVAL, 'family-plan-welcome', 'N/A');
15:23:24  42  	END;
15:23:24  43  	BEGIN
15:23:24  44  	  SELECT 1 INTO TMP_VAR FROM ACTION WHERE NAME = 'FAMILY_PLAN_OWNER_EXPIRE';
15:23:24  45  	EXCEPTION
15:23:24  46  	  WHEN NO_DATA_FOUND THEN
15:23:24  47  	    INSERT INTO ACTION (ID, NAME, CREATE_DATE, CREATED_BY) VALUES (ACTION_ID_SEQ.NEXTVAL, 'FAMILY_PLAN_OWNER_EXPIRE', SYSDATE, 'OFFERMAKER');
15:23:24  48  	END;
15:23:24  49  	BEGIN
15:23:24  50  	  SELECT 1 INTO TMP_VAR FROM CORE_OWNER.NOTIFICATION_TYPE WHERE VALUE = 'family-plan-child-remove';
15:23:24  51  	EXCEPTION
15:23:24  52  	  WHEN NO_DATA_FOUND THEN NULL;
15:23:24  53  	    INSERT INTO CORE_OWNER.NOTIFICATION_TYPE (ID, VALUE, TEMPLATE_URL) VALUES (CORE_OWNER.NOTTID_SEQ.NEXTVAL, 'family-plan-child-remove', 'N/A');
15:23:24  54  	END;
15:23:24  55  	BEGIN
15:23:24  56  	  SELECT 1 INTO TMP_VAR FROM ACTION WHERE NAME = 'FAMILY_PLAN_OWNER_INVITE';
15:23:24  57  	EXCEPTION
15:23:24  58  	  WHEN NO_DATA_FOUND THEN
15:23:24  59  	    INSERT INTO ACTION (ID, NAME, CREATE_DATE, CREATED_BY) VALUES (ACTION_ID_SEQ.NEXTVAL, 'FAMILY_PLAN_OWNER_INVITE', SYSDATE, 'OFFERMAKER');
15:23:24  60  	END;
15:23:24  61  	BEGIN
15:23:24  62  	  SELECT 1 INTO TMP_VAR FROM CORE_OWNER.NOTIFICATION_TYPE WHERE VALUE = 'family-plan-child-invite';
15:23:24  63  	EXCEPTION
15:23:24  64  	  WHEN NO_DATA_FOUND THEN NULL;
15:23:24  65  	    INSERT INTO CORE_OWNER.NOTIFICATION_TYPE (ID, VALUE, TEMPLATE_URL) VALUES (CORE_OWNER.NOTTID_SEQ.NEXTVAL, 'family-plan-child-invite', 'N/A');
15:23:24  66  	END;
15:23:24  67  	BEGIN
15:23:24  68  	  SELECT 1 INTO TMP_VAR FROM ACTION WHERE NAME = 'FAMILY_PLAN_BORROWER_EXPIRE';
15:23:24  69  	EXCEPTION
15:23:24  70  	  WHEN NO_DATA_FOUND THEN
15:23:24  71  	    INSERT INTO ACTION (ID, NAME, CREATE_DATE, CREATED_BY) VALUES (ACTION_ID_SEQ.NEXTVAL, 'FAMILY_PLAN_BORROWER_EXPIRE', SYSDATE, 'OFFERMAKER');
15:23:24  72  	END;
15:23:24  73  	BEGIN
15:23:24  74  	  SELECT 1 INTO TMP_VAR FROM CORE_OWNER.NOTIFICATION_TYPE WHERE VALUE = 'family-plan-parent-remove';
15:23:24  75  	EXCEPTION
15:23:24  76  	  WHEN NO_DATA_FOUND THEN NULL;
15:23:24  77  	    INSERT INTO CORE_OWNER.NOTIFICATION_TYPE (ID, VALUE, TEMPLATE_URL) VALUES (CORE_OWNER.NOTTID_SEQ.NEXTVAL, 'family-plan-parent-remove', 'N/A');
15:23:24  78  	END;
15:23:24  79  	INSERT INTO OFFER_CHAIN_NOTIFICATION_TYPE (ID, OFFER_CHAIN_ID, NOTIFICATION_TYPE_ID, ACTION_ID, CREATED_BY, CREATE_DATE) VALUES (OCET_ID_SEQ.NEXTVAL, 1358785690, (SELECT ID FROM CORE_OWNER.NOTIFICATION_TYPE WHERE VALUE = 'family-plan-welcome'), (SELECT ID FROM ACTION WHERE NAME = 'FAMILY_PLAN_OWNER_ADD'), 'OFFERMAKER', SYSDATE);
15:23:24  80  	INSERT INTO OFFER_CHAIN_NOTIFICATION_TYPE (ID, OFFER_CHAIN_ID, NOTIFICATION_TYPE_ID, ACTION_ID, CREATED_BY, CREATE_DATE) VALUES (OCET_ID_SEQ.NEXTVAL, 1358785690, (SELECT ID FROM CORE_OWNER.NOTIFICATION_TYPE WHERE VALUE = 'family-plan-child-remove'), (SELECT ID FROM ACTION WHERE NAME = 'FAMILY_PLAN_OWNER_EXPIRE'), 'OFFERMAKER', SYSDATE);
15:23:24  81  	INSERT INTO OFFER_CHAIN_NOTIFICATION_TYPE (ID, OFFER_CHAIN_ID, NOTIFICATION_TYPE_ID, ACTION_ID, CREATED_BY, CREATE_DATE) VALUES (OCET_ID_SEQ.NEXTVAL, 1358785690, (SELECT ID FROM CORE_OWNER.NOTIFICATION_TYPE WHERE VALUE = 'family-plan-child-invite'), (SELECT ID FROM ACTION WHERE NAME = 'FAMILY_PLAN_OWNER_INVITE'), 'OFFERMAKER', SYSDATE);
15:23:24  82  	INSERT INTO OFFER_CHAIN_NOTIFICATION_TYPE (ID, OFFER_CHAIN_ID, NOTIFICATION_TYPE_ID, ACTION_ID, CREATED_BY, CREATE_DATE) VALUES (OCET_ID_SEQ.NEXTVAL, 1358785690, (SELECT ID FROM CORE_OWNER.NOTIFICATION_TYPE WHERE VALUE = 'family-plan-parent-remove'), (SELECT ID FROM ACTION WHERE NAME = 'FAMILY_PLAN_BORROWER_EXPIRE'), 'OFFERMAKER', SYSDATE);
15:23:24  83  	BEGIN
15:23:24  84  	  SELECT 1 INTO TMP_VAR FROM OFFER_OFFER_CHAIN WHERE OFFER_CHAIN_ID = 1358785690 AND INDEX_VALUE = 0 AND ROWNUM <= 1;
15:23:24  85  	EXCEPTION
15:23:24  86  	  WHEN NO_DATA_FOUND THEN
15:23:24  87  	INSERT INTO OFFER (ID, OFFER_STATUS_ID, ENTITLEMENT_DURATION, CREATED_BY, CREATE_DATE, updated_by, update_date) VALUES (OFR_ID_SEQ.NEXTVAL, 1, 'P0Y0M1820DT0H0M', 'OFFERMAKER', SYSDATE, 'OFFERMAKER', SYSDATE);
15:23:24  88  	BEGIN
15:23:24  89  	  SELECT ID INTO CUR_PRD_ID FROM PRODUCT WHERE NAME = 'Web' AND PRODUCT_STATUS_ID = 1 AND ROWNUM <= 1;
15:23:24  90  	EXCEPTION
15:23:24  91  	  WHEN NO_DATA_FOUND THEN
15:23:24  92  	    INSERT INTO PRODUCT (ID, NAME, PRODUCTION_COST, PRODUCT_STATUS_ID, PRODUCT_URI, UNIT_PRICE, CREATED_BY, CREATE_DATE) VALUES (PRD_ID_SEQ.NEXTVAL, 'Web', '0', 1, NULL, '0', 'OFFERMAKER', SYSDATE);
15:23:24  93  	    SELECT ID INTO CUR_PRD_ID FROM PRODUCT WHERE NAME = 'Web' AND PRODUCT_STATUS_ID = 1 AND ROWNUM <= 1;
15:23:24  94  	  WHEN OTHERS THEN
15:23:24  95  	    RAISE;
15:23:24  96  	END;
15:23:24  97  	SELECT ID INTO CUR_CAPABILITY_ID FROM CAPABILITY WHERE CODE IN LTRIM(RTRIM((UPPER('MM')))) AND ROWNUM <= 1;
15:23:24  98  	INSERT INTO PRODUCT_OFFERING (ID, PRODUCT_ID, TAX_POLICY_TYPE_ID, QUANTITY, UNIT_PRICE, TAX_CATEGORY_ID, CAPABILITY_ID, CREATED_BY, CREATE_DATE) VALUES (PO_ID_SEQ.NEXTVAL, CUR_PRD_ID, '1', '1820', '0', '2', CUR_CAPABILITY_ID, 'OFFERMAKER', SYSDATE);
15:23:24  99  	INSERT INTO PRODUCT_OFFERING_META_DATA (ID, PRODUCT_OFFERING_ID, NAME, VALUE, CREATED_BY, CREATE_DATE) VALUES (PROMD_ID_SEQ.NEXTVAL, PO_ID_SEQ.CURRVAL, 'entitlement_uri', 'http://:hostname:/svc/user/entitlements/mm/:id:.json', 'OFFERMAKER', SYSDATE);
15:23:24 100  	INSERT INTO PRODUCT_OFFERING_META_DATA (ID, PRODUCT_OFFERING_ID, NAME, VALUE, CREATED_BY, CREATE_DATE) VALUES (PROMD_ID_SEQ.NEXTVAL, PO_ID_SEQ.CURRVAL, 'DEFAULT_VAT_RATE', '{"*": }', 'OFFERMAKER', SYSDATE);
15:23:24 101  	INSERT INTO PRODUCT_OFFERING_META_DATA (ID, PRODUCT_OFFERING_ID, NAME, VALUE, CREATED_BY, CREATE_DATE) VALUES (PROMD_ID_SEQ.NEXTVAL, PO_ID_SEQ.CURRVAL, 'capability', 'MM', 'OFFERMAKER', SYSDATE);
15:23:24 102  	INSERT INTO OFFER_PRODUCT_OFFERING (OFFER_ID, PRODUCT_OFFERING_ID, CREATED_BY, CREATE_DATE) VALUES (OFR_ID_SEQ.CURRVAL, PO_ID_SEQ.CURRVAL, 'OFFERMAKER', SYSDATE);
15:23:24 103  	BEGIN
15:23:24 104  	  SELECT ID INTO CUR_PRD_ID FROM PRODUCT WHERE NAME = 'Mobile' AND PRODUCT_STATUS_ID = 1 AND ROWNUM <= 1;
15:23:24 105  	EXCEPTION
15:23:24 106  	  WHEN NO_DATA_FOUND THEN
15:23:24 107  	    INSERT INTO PRODUCT (ID, NAME, PRODUCTION_COST, PRODUCT_STATUS_ID, PRODUCT_URI, UNIT_PRICE, CREATED_BY, CREATE_DATE) VALUES (PRD_ID_SEQ.NEXTVAL, 'Mobile', '0', 1, NULL, '0', 'OFFERMAKER', SYSDATE);
15:23:24 108  	    SELECT ID INTO CUR_PRD_ID FROM PRODUCT WHERE NAME = 'Mobile' AND PRODUCT_STATUS_ID = 1 AND ROWNUM <= 1;
15:23:24 109  	  WHEN OTHERS THEN
15:23:24 110  	    RAISE;
15:23:24 111  	END;
15:23:24 112  	SELECT ID INTO CUR_CAPABILITY_ID FROM CAPABILITY WHERE CODE IN LTRIM(RTRIM((UPPER('MOW')))) AND ROWNUM <= 1;
15:23:24 113  	INSERT INTO PRODUCT_OFFERING (ID, PRODUCT_ID, TAX_POLICY_TYPE_ID, QUANTITY, UNIT_PRICE, TAX_CATEGORY_ID, CAPABILITY_ID, CREATED_BY, CREATE_DATE) VALUES (PO_ID_SEQ.NEXTVAL, CUR_PRD_ID, '1', '1820', '0', '2', CUR_CAPABILITY_ID, 'OFFERMAKER', SYSDATE);
15:23:24 114  	INSERT INTO PRODUCT_OFFERING_META_DATA (ID, PRODUCT_OFFERING_ID, NAME, VALUE, CREATED_BY, CREATE_DATE) VALUES (PROMD_ID_SEQ.NEXTVAL, PO_ID_SEQ.CURRVAL, 'entitlement_uri', 'http://:hostname:/svc/user/entitlements/mow/:id:.json', 'OFFERMAKER', SYSDATE);
15:23:24 115  	INSERT INTO PRODUCT_OFFERING_META_DATA (ID, PRODUCT_OFFERING_ID, NAME, VALUE, CREATED_BY, CREATE_DATE) VALUES (PROMD_ID_SEQ.NEXTVAL, PO_ID_SEQ.CURRVAL, 'DEFAULT_VAT_RATE', '{"*": }', 'OFFERMAKER', SYSDATE);
15:23:24 116  	INSERT INTO PRODUCT_OFFERING_META_DATA (ID, PRODUCT_OFFERING_ID, NAME, VALUE, CREATED_BY, CREATE_DATE) VALUES (PROMD_ID_SEQ.NEXTVAL, PO_ID_SEQ.CURRVAL, 'capability', 'MOW', 'OFFERMAKER', SYSDATE);
15:23:24 117  	INSERT INTO OFFER_PRODUCT_OFFERING (OFFER_ID, PRODUCT_OFFERING_ID, CREATED_BY, CREATE_DATE) VALUES (OFR_ID_SEQ.CURRVAL, PO_ID_SEQ.CURRVAL, 'OFFERMAKER', SYSDATE);
15:23:24 118  	BEGIN
15:23:24 119  	  SELECT ID INTO CUR_PRD_ID FROM PRODUCT WHERE NAME = 'Archive Article' AND PRODUCT_STATUS_ID = 1 AND ROWNUM <= 1;
15:23:24 120  	EXCEPTION
15:23:24 121  	  WHEN NO_DATA_FOUND THEN
15:23:24 122  	    INSERT INTO PRODUCT (ID, NAME, PRODUCTION_COST, PRODUCT_STATUS_ID, PRODUCT_URI, UNIT_PRICE, CREATED_BY, CREATE_DATE) VALUES (PRD_ID_SEQ.NEXTVAL, 'Archive Article', '0', 1, NULL, '0', 'OFFERMAKER', SYSDATE);
15:23:24 123  	    SELECT ID INTO CUR_PRD_ID FROM PRODUCT WHERE NAME = 'Archive Article' AND PRODUCT_STATUS_ID = 1 AND ROWNUM <= 1;
15:23:24 124  	  WHEN OTHERS THEN
15:23:24 125  	    RAISE;
15:23:24 126  	END;
15:23:24 127  	SELECT ID INTO CUR_CAPABILITY_ID FROM CAPABILITY WHERE CODE IN LTRIM(RTRIM((UPPER('AAA')))) AND ROWNUM <= 1;
15:23:24 128  	INSERT INTO PRODUCT_OFFERING (ID, PRODUCT_ID, TAX_POLICY_TYPE_ID, QUANTITY, UNIT_PRICE, TAX_CATEGORY_ID, CAPABILITY_ID, CREATED_BY, CREATE_DATE) VALUES (PO_ID_SEQ.NEXTVAL, CUR_PRD_ID, '1', '6500', '0', '2', CUR_CAPABILITY_ID, 'OFFERMAKER', SYSDATE);
15:23:24 129  	INSERT INTO PRODUCT_OFFERING_META_DATA (ID, PRODUCT_OFFERING_ID, NAME, VALUE, CREATED_BY, CREATE_DATE) VALUES (PROMD_ID_SEQ.NEXTVAL, PO_ID_SEQ.CURRVAL, 'entitlement_uri', 'http://:hostname:/svc/user/entitlements/archive/size/6500/:id:.json', 'OFFERMAKER', SYSDATE);
15:23:24 130  	INSERT INTO PRODUCT_OFFERING_META_DATA (ID, PRODUCT_OFFERING_ID, NAME, VALUE, CREATED_BY, CREATE_DATE) VALUES (PROMD_ID_SEQ.NEXTVAL, PO_ID_SEQ.CURRVAL, 'DEFAULT_VAT_RATE', '{"*": }', 'OFFERMAKER', SYSDATE);
15:23:24 131  	INSERT INTO OFFER_PRODUCT_OFFERING (OFFER_ID, PRODUCT_OFFERING_ID, CREATED_BY, CREATE_DATE) VALUES (OFR_ID_SEQ.CURRVAL, PO_ID_SEQ.CURRVAL, 'OFFERMAKER', SYSDATE);
15:23:24 132  	BEGIN
15:23:24 133  	  SELECT ID INTO CUR_PRD_ID FROM PRODUCT WHERE NAME = 'TimesMachine' AND PRODUCT_STATUS_ID = 1 AND ROWNUM <= 1;
15:23:24 134  	EXCEPTION
15:23:24 135  	  WHEN NO_DATA_FOUND THEN
15:23:24 136  	    INSERT INTO PRODUCT (ID, NAME, PRODUCTION_COST, PRODUCT_STATUS_ID, PRODUCT_URI, UNIT_PRICE, CREATED_BY, CREATE_DATE) VALUES (PRD_ID_SEQ.NEXTVAL, 'TimesMachine', '0', 1, NULL, '0', 'OFFERMAKER', SYSDATE);
15:23:24 137  	    SELECT ID INTO CUR_PRD_ID FROM PRODUCT WHERE NAME = 'TimesMachine' AND PRODUCT_STATUS_ID = 1 AND ROWNUM <= 1;
15:23:24 138  	  WHEN OTHERS THEN
15:23:24 139  	    RAISE;
15:23:24 140  	END;
15:23:24 141  	SELECT ID INTO CUR_CAPABILITY_ID FROM CAPABILITY WHERE CODE IN LTRIM(RTRIM((UPPER('NONE')))) AND ROWNUM <= 1;
15:23:24 142  	INSERT INTO PRODUCT_OFFERING (ID, PRODUCT_ID, TAX_POLICY_TYPE_ID, QUANTITY, UNIT_PRICE, TAX_CATEGORY_ID, CAPABILITY_ID, CREATED_BY, CREATE_DATE) VALUES (PO_ID_SEQ.NEXTVAL, CUR_PRD_ID, '1', '1820', '0', '2', CUR_CAPABILITY_ID, 'OFFERMAKER', SYSDATE);
15:23:24 143  	INSERT INTO PRODUCT_OFFERING_META_DATA (ID, PRODUCT_OFFERING_ID, NAME, VALUE, CREATED_BY, CREATE_DATE) VALUES (PROMD_ID_SEQ.NEXTVAL, PO_ID_SEQ.CURRVAL, 'DEFAULT_VAT_RATE', '{"*": }', 'OFFERMAKER', SYSDATE);
15:23:24 144  	INSERT INTO OFFER_PRODUCT_OFFERING (OFFER_ID, PRODUCT_OFFERING_ID, CREATED_BY, CREATE_DATE) VALUES (OFR_ID_SEQ.CURRVAL, PO_ID_SEQ.CURRVAL, 'OFFERMAKER', SYSDATE);
15:23:24 145  	BEGIN
15:23:24 146  	  SELECT ID INTO CUR_PRD_ID FROM PRODUCT WHERE NAME = 'Smartphone' AND PRODUCT_STATUS_ID = 1 AND ROWNUM <= 1;
15:23:24 147  	EXCEPTION
15:23:24 148  	  WHEN NO_DATA_FOUND THEN
15:23:24 149  	    INSERT INTO PRODUCT (ID, NAME, PRODUCTION_COST, PRODUCT_STATUS_ID, PRODUCT_URI, UNIT_PRICE, CREATED_BY, CREATE_DATE) VALUES (PRD_ID_SEQ.NEXTVAL, 'Smartphone', '0', 1, NULL, '0', 'OFFERMAKER', SYSDATE);
15:23:24 150  	    SELECT ID INTO CUR_PRD_ID FROM PRODUCT WHERE NAME = 'Smartphone' AND PRODUCT_STATUS_ID = 1 AND ROWNUM <= 1;
15:23:24 151  	  WHEN OTHERS THEN
15:23:24 152  	    RAISE;
15:23:24 153  	END;
15:23:24 154  	SELECT ID INTO CUR_CAPABILITY_ID FROM CAPABILITY WHERE CODE IN LTRIM(RTRIM((UPPER('MSD')))) AND ROWNUM <= 1;
15:23:24 155  	INSERT INTO PRODUCT_OFFERING (ID, PRODUCT_ID, TAX_POLICY_TYPE_ID, QUANTITY, UNIT_PRICE, TAX_CATEGORY_ID, CAPABILITY_ID, CREATED_BY, CREATE_DATE) VALUES (PO_ID_SEQ.NEXTVAL, CUR_PRD_ID, '1', '1820', '0', '2', CUR_CAPABILITY_ID, 'OFFERMAKER', SYSDATE);
15:23:24 156  	INSERT INTO PRODUCT_OFFERING_META_DATA (ID, PRODUCT_OFFERING_ID, NAME, VALUE, CREATED_BY, CREATE_DATE) VALUES (PROMD_ID_SEQ.NEXTVAL, PO_ID_SEQ.CURRVAL, 'entitlement_uri', 'http://:hostname:/svc/user/entitlements/msd/:id:.json', 'OFFERMAKER', SYSDATE);
15:23:24 157  	INSERT INTO PRODUCT_OFFERING_META_DATA (ID, PRODUCT_OFFERING_ID, NAME, VALUE, CREATED_BY, CREATE_DATE) VALUES (PROMD_ID_SEQ.NEXTVAL, PO_ID_SEQ.CURRVAL, 'DEFAULT_VAT_RATE', '{"*": }', 'OFFERMAKER', SYSDATE);
15:23:24 158  	INSERT INTO PRODUCT_OFFERING_META_DATA (ID, PRODUCT_OFFERING_ID, NAME, VALUE, CREATED_BY, CREATE_DATE) VALUES (PROMD_ID_SEQ.NEXTVAL, PO_ID_SEQ.CURRVAL, 'capability', 'MSD', 'OFFERMAKER', SYSDATE);
15:23:24 159  	INSERT INTO OFFER_PRODUCT_OFFERING (OFFER_ID, PRODUCT_OFFERING_ID, CREATED_BY, CREATE_DATE) VALUES (OFR_ID_SEQ.CURRVAL, PO_ID_SEQ.CURRVAL, 'OFFERMAKER', SYSDATE);
15:23:24 160  	BEGIN
15:23:24 161  	  SELECT ID INTO CUR_PRD_ID FROM PRODUCT WHERE NAME = 'Tablet' AND PRODUCT_STATUS_ID = 1 AND ROWNUM <= 1;
15:23:24 162  	EXCEPTION
15:23:24 163  	  WHEN NO_DATA_FOUND THEN
15:23:24 164  	    INSERT INTO PRODUCT (ID, NAME, PRODUCTION_COST, PRODUCT_STATUS_ID, PRODUCT_URI, UNIT_PRICE, CREATED_BY, CREATE_DATE) VALUES (PRD_ID_SEQ.NEXTVAL, 'Tablet', '0', 1, NULL, '0', 'OFFERMAKER', SYSDATE);
15:23:24 165  	    SELECT ID INTO CUR_PRD_ID FROM PRODUCT WHERE NAME = 'Tablet' AND PRODUCT_STATUS_ID = 1 AND ROWNUM <= 1;
15:23:24 166  	  WHEN OTHERS THEN
15:23:24 167  	    RAISE;
15:23:24 168  	END;
15:23:24 169  	SELECT ID INTO CUR_CAPABILITY_ID FROM CAPABILITY WHERE CODE IN LTRIM(RTRIM((UPPER('MTD')))) AND ROWNUM <= 1;
15:23:24 170  	INSERT INTO PRODUCT_OFFERING (ID, PRODUCT_ID, TAX_POLICY_TYPE_ID, QUANTITY, UNIT_PRICE, TAX_CATEGORY_ID, CAPABILITY_ID, CREATED_BY, CREATE_DATE) VALUES (PO_ID_SEQ.NEXTVAL, CUR_PRD_ID, '1', '1820', '0', '2', CUR_CAPABILITY_ID, 'OFFERMAKER', SYSDATE);
15:23:24 171  	INSERT INTO PRODUCT_OFFERING_META_DATA (ID, PRODUCT_OFFERING_ID, NAME, VALUE, CREATED_BY, CREATE_DATE) VALUES (PROMD_ID_SEQ.NEXTVAL, PO_ID_SEQ.CURRVAL, 'entitlement_uri', 'http://:hostname:/svc/user/entitlements/mtd/:id:.json', 'OFFERMAKER', SYSDATE);
15:23:24 172  	INSERT INTO PRODUCT_OFFERING_META_DATA (ID, PRODUCT_OFFERING_ID, NAME, VALUE, CREATED_BY, CREATE_DATE) VALUES (PROMD_ID_SEQ.NEXTVAL, PO_ID_SEQ.CURRVAL, 'DEFAULT_VAT_RATE', '{"*": }', 'OFFERMAKER', SYSDATE);
15:23:24 173  	INSERT INTO PRODUCT_OFFERING_META_DATA (ID, PRODUCT_OFFERING_ID, NAME, VALUE, CREATED_BY, CREATE_DATE) VALUES (PROMD_ID_SEQ.NEXTVAL, PO_ID_SEQ.CURRVAL, 'capability', 'MTD', 'OFFERMAKER', SYSDATE);
15:23:24 174  	INSERT INTO OFFER_PRODUCT_OFFERING (OFFER_ID, PRODUCT_OFFERING_ID, CREATED_BY, CREATE_DATE) VALUES (OFR_ID_SEQ.CURRVAL, PO_ID_SEQ.CURRVAL, 'OFFERMAKER', SYSDATE);
15:23:24 175  	BEGIN
15:23:24 176  	  SELECT ID INTO CUR_PRD_ID FROM PRODUCT WHERE NAME = 'TimesReader' AND PRODUCT_STATUS_ID = 1 AND ROWNUM <= 1;
15:23:24 177  	EXCEPTION
15:23:24 178  	  WHEN NO_DATA_FOUND THEN
15:23:24 179  	    INSERT INTO PRODUCT (ID, NAME, PRODUCTION_COST, PRODUCT_STATUS_ID, PRODUCT_URI, UNIT_PRICE, CREATED_BY, CREATE_DATE) VALUES (PRD_ID_SEQ.NEXTVAL, 'TimesReader', '0', 1, NULL, '0', 'OFFERMAKER', SYSDATE);
15:23:24 180  	    SELECT ID INTO CUR_PRD_ID FROM PRODUCT WHERE NAME = 'TimesReader' AND PRODUCT_STATUS_ID = 1 AND ROWNUM <= 1;
15:23:24 181  	  WHEN OTHERS THEN
15:23:24 182  	    RAISE;
15:23:24 183  	END;
15:23:24 184  	SELECT ID INTO CUR_CAPABILITY_ID FROM CAPABILITY WHERE CODE IN LTRIM(RTRIM((UPPER('TNR')))) AND ROWNUM <= 1;
15:23:24 185  	INSERT INTO PRODUCT_OFFERING (ID, PRODUCT_ID, TAX_POLICY_TYPE_ID, QUANTITY, UNIT_PRICE, TAX_CATEGORY_ID, CAPABILITY_ID, CREATED_BY, CREATE_DATE) VALUES (PO_ID_SEQ.NEXTVAL, CUR_PRD_ID, '1', '1820', '0', '2', CUR_CAPABILITY_ID, 'OFFERMAKER', SYSDATE);
15:23:24 186  	INSERT INTO PRODUCT_OFFERING_META_DATA (ID, PRODUCT_OFFERING_ID, NAME, VALUE, CREATED_BY, CREATE_DATE) VALUES (PROMD_ID_SEQ.NEXTVAL, PO_ID_SEQ.CURRVAL, 'entitlement_uri', 'http://:hostname:/svc/user/entitlements/timesreader/:id:.json', 'OFFERMAKER', SYSDATE);
15:23:24 187  	INSERT INTO PRODUCT_OFFERING_META_DATA (ID, PRODUCT_OFFERING_ID, NAME, VALUE, CREATED_BY, CREATE_DATE) VALUES (PROMD_ID_SEQ.NEXTVAL, PO_ID_SEQ.CURRVAL, 'capability', 'TNR', 'OFFERMAKER', SYSDATE);
15:23:24 188  	INSERT INTO PRODUCT_OFFERING_META_DATA (ID, PRODUCT_OFFERING_ID, NAME, VALUE, CREATED_BY, CREATE_DATE) VALUES (PROMD_ID_SEQ.NEXTVAL, PO_ID_SEQ.CURRVAL, 'DEFAULT_VAT_RATE', '{"*": }', 'OFFERMAKER', SYSDATE);
15:23:24 189  	INSERT INTO OFFER_PRODUCT_OFFERING (OFFER_ID, PRODUCT_OFFERING_ID, CREATED_BY, CREATE_DATE) VALUES (OFR_ID_SEQ.CURRVAL, PO_ID_SEQ.CURRVAL, 'OFFERMAKER', SYSDATE);
15:23:24 190  	INSERT INTO OFFER_OFFER_CHAIN (OFFER_ID, OFFER_CHAIN_ID, INDEX_VALUE, NUM_RECURRENCES, CREATED_BY, CREATE_DATE, updated_by, update_date) VALUES (OFR_ID_SEQ.CURRVAL, 1358785690, '0', '-1', 'OFFERMAKER', SYSDATE, 'OFFERMAKER', SYSDATE);
15:23:24 191  	END;
15:23:24 192  END;
15:23:24 193  /

PL/SQL procedure successfully completed.

Elapsed: 00:00:00.07
15:23:25 SQL> 
15:23:25 SQL> COMMIT;

Commit complete.

Elapsed: 00:00:00.03
15:23:25 SQL> 
15:23:25 SQL> commit;

Commit complete.

Elapsed: 00:00:00.01
15:23:25 SQL> spool off;


Subject: Nomad upgrade completed successfully: ECST@rac01.stg.ewr1.nytimes.com
From: Nomad for Oracle <nytd_oracledba@nytimes.com>
To: nytd_ecommerce@nytimes.com
Cc: nytd_oracledba@nytimes.com

Nomad upgrade operation completed successfully without errors. 
        
        Details
        -------
        DB Hostname: rac01.stg.ewr1.nytimes.com
        DB Role: PRIMARY
        SID: ECST
        Schema: core_owner
        Migration: 43-SAR-487-kindle-fire-ocs
        SVN Revision: 12168
        Duration: 0 sec.
        DBA: sbao
        Service Request: https://jira.em.nytimes.com/browse/ORA-685