15:59:38 SQL> @/dbbackups/ECST/migrations/core_owner/29.0-bugzilla-78909-reactivate-cupy-suspended-credit-cards/upgrade.sql
15:59:38 SQL> WHENEVER SQLERROR EXIT ROLLBACK;
15:59:38 SQL> 
15:59:38 SQL> UPDATE CREDIT_CARD
15:59:38   2  SET CC_CREDIT_CARD_STATUS_ID = 1
15:59:38   3  WHERE ID IN (
15:59:38   4  	SELECT cc.ID
15:59:38   5  	FROM CREDIT_CARD cc, SUBSCRIPTION s
15:59:38   6  	WHERE cc.UPDATED_BY = 'report-poller'
15:59:38   7  	AND cc.CREDIT_CARD_STATUS_ID = 3
15:59:38   8  	AND cc.ID = s.INSTRUMENT_ID
15:59:38   9  	AND cc.ACCOUNT_ID = s.ACCOUNT_ID
15:59:38  10  	AND s.SUBSCRIPTION_STATUS_ID = 1
15:59:38  11  );
SET CC_CREDIT_CARD_STATUS_ID = 1
    *
ERROR at line 2:
ORA-00904: "CC_CREDIT_CARD_STATUS_ID": invalid identifier 




Subject: Nomad upgrade completed with errors: ECST@rac01.stg.ewr1.nytimes.com
From: Nomad for Oracle <nytd_oracledba@nytimes.com>
To: nytd_ecommerce@nytimes.com
Cc: nytd_oracledba@nytimes.com

Nomad upgrade operation has errors. 
        
        Details
        -------
        DB Hostname: rac01.stg.ewr1.nytimes.com
        DB Role: PRIMARY
        SID: ECST
        Schema: core_owner
        Migration: 29.0-bugzilla-78909-reactivate-cupy-suspended-credit-cards
        SVN Revision: 11540
        Duration: 0 sec.
        DBA: sbao
        Service Request: https://jira.em.nytimes.com/browse/ORA-531        
        
        Error Detail
        ------------
        
        ERROR at line 2: ORA-00904: "CC_CREDIT_CARD_STATUS_ID": invalid identifier