14:47:45 SQL> @/dbbackups/ECPR/migrations/core_owner/29.0-bugzilla-78909-reactivate-cupy-suspended-credit-cards/upgrade.sql
14:47:45 SQL> WHENEVER SQLERROR EXIT ROLLBACK;
14:47:45 SQL> 
14:47:45 SQL> UPDATE CREDIT_CARD
14:47:45   2  SET CREDIT_CARD_STATUS_ID = 1,
14:47:45   3  UPDATED_BY = 'bugzilla-78909',
14:47:45   4  UPDATE_DATE = SYSDATE
14:47:45   5  WHERE ID IN (
14:47:45   6  	SELECT cc.ID
14:47:45   7  	FROM CREDIT_CARD cc, SUBSCRIPTION s
14:47:45   8  	WHERE cc.UPDATED_BY = 'report-poller'
14:47:45   9  	AND cc.CREDIT_CARD_STATUS_ID = 3
14:47:45  10  	AND cc.ID = s.INSTRUMENT_ID
14:47:45  11  	AND cc.ACCOUNT_ID = s.ACCOUNT_ID
14:47:45  12  	AND s.SUBSCRIPTION_STATUS_ID = 1
14:47:45  13  );

412 rows updated.

Elapsed: 00:01:58.33
14:49:44 SQL> 
14:49:44 SQL> COMMIT;

Commit complete.

Elapsed: 00:00:00.01
14:49:44 SQL> 
14:49:44 SQL> commit;

Commit complete.

Elapsed: 00:00:00.00
14:49:44 SQL> spool off;


Subject: Nomad upgrade completed successfully: ECPR@rac01.prd.ewr1.nytimes.com
From: Nomad for Oracle <nytd_oracledba@nytimes.com>
To: nytd_ecommerce@nytimes.com
Cc: nytd_oracledba@nytimes.com

Nomad upgrade operation completed successfully without errors. 
        
        Details
        -------
        DB Hostname: rac01.prd.ewr1.nytimes.com
        DB Role: PRIMARY
        SID: ECPR
        Schema: core_owner
        Migration: 29.0-bugzilla-78909-reactivate-cupy-suspended-credit-cards
        SVN Revision: 11549
        Duration: 118 sec.
        DBA: sbao
        Service Request: https://jira.em.nytimes.com/browse/ORA-531