15:39:00 SQL> @/dbbackups/ECST/migrations/core_hist_owner/2.0-release-1.11.0-20_change/upgrade.sql
15:39:00 SQL> WHENEVER SQLERROR EXIT ROLLBACK;
15:39:00 SQL> 
15:39:00 SQL> variable is_current_version_fine NUMBER;
15:39:00 SQL> variable change_version NUMBER;
15:39:00 SQL> variable bad_current_version VARCHAR2(1024);
15:39:00 SQL> 
15:39:00 SQL> update sys_version set version = 19;

1 row updated.

Elapsed: 00:00:00.01
15:39:00 SQL> 
15:39:00 SQL> exec :change_version := 20;

PL/SQL procedure successfully completed.

Elapsed: 00:00:00.00
15:39:00 SQL> exec PROCS_SYSTEM_V14.CHECK_VERSION(:change_version - 1, :is_current_version_fine);

PL/SQL procedure successfully completed.

Elapsed: 00:00:00.01
15:39:00 SQL> exec :bad_current_version := 'Current version is bad, please update your version to '||(:change_version-1);

PL/SQL procedure successfully completed.

Elapsed: 00:00:00.02
15:39:00 SQL> 
15:39:00 SQL> BEGIN
15:39:00   2  	IF (:is_current_version_fine != 0) THEN
15:39:00   3  	  RAISE_APPLICATION_ERROR(-20001, :bad_current_version);
15:39:00   4  	END IF;
15:39:00   5  END;
15:39:00   6  /

PL/SQL procedure successfully completed.

Elapsed: 00:00:00.01
15:39:00 SQL> 
15:39:00 SQL> CREATE TABLE "CORE_HIST_OWNER"."INVOICE_ADJUSTMENT_HISTORY"
15:39:00   2   (    "INVOICE_ADJUSTMENT_ID" NUMBER,
15:39:00   3  	    "INVOICE_ID" NUMBER,
15:39:00   4  	    "IS_CREDIT" NUMBER,
15:39:00   5  	    "CHARGE_ID" NUMBER,
15:39:00   6  	    "ADJUSTMENT_DATE" VARCHAR2(20 BYTE),
15:39:00   7  	    "CREATE_DATE" DATE,
15:39:00   8  	    "CREATED_BY" VARCHAR2(255 BYTE),
15:39:00   9  	    "INVOICE_ADJUSTMENT_REASON_ID" NUMBER,
15:39:00  10  	    "UPDATE_DATE" DATE,
15:39:00  11  	    "UPDATED_BY" VARCHAR2(255 BYTE)
15:39:00  12   )
15:39:00  13   PARTITION BY RANGE (CREATE_DATE)
15:39:00  14  	(
15:39:00  15  	    PARTITION invoice_adjustment_max values less than (maxvalue) tablespace "CORE_HIST"
15:39:00  16  	);

Table created.

Elapsed: 00:00:00.28
15:39:00 SQL> 
15:39:00 SQL> exec PROCS_SYSTEM_V14.INCREMENT_VERSION();

PL/SQL procedure successfully completed.

Elapsed: 00:00:00.00
15:39:00 SQL> commit;

Commit complete.

Elapsed: 00:00:00.01
15:39:00 SQL> spool off;


Subject: Nomad upgrade completed successfully: ECST@rac01.stg.ewr1.nytimes.com
From: Nomad for Oracle <nytd_oracledba@nytimes.com>
To: nytd_ecommerce@nytimes.com,nytd_oracledba@nytimes.com
Cc: nytd_oracledba@nytimes.com
Nomad upgrade operation completed successfully without errors. 
        
        Details
        -------
        DB Hostname: rac01.stg.ewr1.nytimes.com
        SID: ECST
        Schema: core_hist_owner
        Migration: 2.0-release-1.11.0-20_change
        SVN Revision: 10351
        Duration: 0 sec.
        Service Request: https://jira.em.nytimes.com/browse/ORA-315