15:39:28 SQL> @/dbbackups/ECPR/migrations/core_owner/20.6-release-1.11.1-130_change/upgrade.sql
15:39:28 SQL> WHENEVER SQLERROR EXIT ROLLBACK;
15:39:28 SQL> 
15:39:28 SQL> variable is_current_version_fine NUMBER;
15:39:28 SQL> variable change_version NUMBER;
15:39:28 SQL> variable bad_current_version VARCHAR2(1024);
15:39:28 SQL> 
15:39:28 SQL> exec :change_version := 130;

PL/SQL procedure successfully completed.

Elapsed: 00:00:00.00
15:39:28 SQL> exec PROCS_SYSTEM_V9.CHECK_VERSION(:change_version - 1, :is_current_version_fine);

PL/SQL procedure successfully completed.

Elapsed: 00:00:00.00
15:39:28 SQL> exec :bad_current_version := 'Current version is bad, please update your version to '||(:change_version-1);

PL/SQL procedure successfully completed.

Elapsed: 00:00:00.00
15:39:28 SQL> 
15:39:28 SQL> BEGIN
15:39:28   2  	IF (:is_current_version_fine != 0) THEN
15:39:28   3  	  RAISE_APPLICATION_ERROR(-20001, :bad_current_version);
15:39:28   4  	END IF;
15:39:28   5  END;
15:39:28   6  /

PL/SQL procedure successfully completed.

Elapsed: 00:00:00.00
15:39:28 SQL> 
15:39:28 SQL> insert into core_owner.NOTIFICATION_STATUS select * from ops_owner.NOTIFICATION_STATUS;

3 rows created.

Elapsed: 00:00:00.11
15:39:28 SQL> insert into core_owner.NOTIFICATION_TYPE select * from ops_owner.NOTIFICATION_TYPE;

95 rows created.

Elapsed: 00:00:00.05
15:39:28 SQL> 
15:39:28 SQL> commit;

Commit complete.

Elapsed: 00:00:00.00
15:39:28 SQL> 
15:39:28 SQL> exec PROCS_SYSTEM_V9.INCREMENT_VERSION();

PL/SQL procedure successfully completed.

Elapsed: 00:00:00.00
15:39:28 SQL> commit;

Commit complete.

Elapsed: 00:00:00.01
15:39:28 SQL> spool off;


Subject: Nomad upgrade completed successfully: ECPR@rac01.prd.ewr1.nytimes.com
From: Nomad for Oracle <nytd_oracledba@nytimes.com>
To: nytd_ecommerce@nytimes.com,nytd_oracledba@nytimes.com
Cc: nytd_oracledba@nytimes.com
Nomad upgrade operation completed successfully without errors. 
        
        Details
        -------
        DB Hostname: rac01.prd.ewr1.nytimes.com
        SID: ECPR
        Schema: core_owner
        Migration: 20.6-release-1.11.1-130_change
        SVN Revision: 10382
        Duration: 0 sec.
        Service Request: https://jira.em.nytimes.com/browse/ORA-348