15:29:05 SQL> @/dbbackups/ECPR/migrations/core_owner/20.2-release-1.11.1-033_update/upgrade.sql
15:29:05 SQL> set serveroutput on;
15:29:06 SQL> --https://svn.prvt.nytimes.com/svn/db/trunk/oracle/migrations/EC
15:29:06 SQL> WHENEVER SQLERROR EXIT ROLLBACK;
15:29:06 SQL> DECLARE
15:29:06   2  temp_count NUMBER;
15:29:06   3  BEGIN
15:29:06   4  	BEGIN
15:29:06   5  	  FOR REC IN
15:29:06   6  	  (
15:29:06   7  	      SELECT DISTINCT c.id AS charge_id, c.invoice_id AS invoice_id
15:29:06   8  	      FROM invoice_adjustment ia
15:29:06   9  	      JOIN charge c ON c.invoice_id = ia.invoice_id
15:29:06  10  	      JOIN TRANSACTION t ON t.ID = c.transaction_id AND t.is_refund = 1
15:29:06  11  	      WHERE c.id NOT IN (SELECT charge_id FROM invoice_adjustment)
15:29:06  12  	 )
15:29:06  13  	 LOOP
15:29:06  14  	    SELECT COUNT(1) INTO temp_count FROM INVOICE_ADJUSTMENT where INVOICE_ID =	REC.INVOICE_ID;
15:29:06  15  	    IF temp_count = 1 THEN
15:29:06  16  	       --DBMS_OUTPUT.PUT_LINE('update invoice_adjustment set charge_id='||REC.CHARGE_ID||' where invoice_id='||REC.INVOICE_ID);
15:29:06  17  	       --set updated_by and update_date
15:29:06  18  	       update invoice_adjustment set charge_id=REC.CHARGE_ID,update_date=sysdate, updated_by='SR-413' where invoice_id=REC.INVOICE_ID and updated_by != 'SR-413';
15:29:06  19  	       --to look at csv report billing t_type is none
15:29:06  20  	    ELSE
15:29:06  21  	       DBMS_OUTPUT.PUT_LINE('Skipping because only dealing with 1 invoice adjustment invoice_id = '||REC.INVOICE_ID);
15:29:06  22  	    END IF;
15:29:06  23  
15:29:06  24  	  END LOOP;
15:29:06  25  
15:29:06  26  	END;
15:29:06  27  END;
15:29:06  28  /
Skipping because only dealing with 1 invoice adjustment invoice_id = 313665     
Skipping because only dealing with 1 invoice adjustment invoice_id = 24316646   
Skipping because only dealing with 1 invoice adjustment invoice_id = 23733913   
Skipping because only dealing with 1 invoice adjustment invoice_id = 24316646   
Skipping because only dealing with 1 invoice adjustment invoice_id = 26343059   
Skipping because only dealing with 1 invoice adjustment invoice_id = 17014610   

PL/SQL procedure successfully completed.

Elapsed: 00:00:36.18
15:29:42 SQL> --other manual updates here
15:29:42 SQL> -- for invoice_id=23733913
15:29:42 SQL> UPDATE invoice_adjustment SET charge_id=9771771,update_date=sysdate, updated_by='SR-413' WHERE ID=46257 and updated_by != 'SR-413';

1 row updated.

Elapsed: 00:00:00.01
15:29:42 SQL> -- for invoice_id=17014610
15:29:42 SQL> UPDATE invoice_adjustment SET charge_id=6693820,update_date=sysdate, updated_by='SR-413' WHERE ID=19367 and updated_by != 'SR-413';

1 row updated.

Elapsed: 00:00:00.01
15:29:42 SQL> -- for invoice_id=24316646
15:29:42 SQL> UPDATE invoice_adjustment SET charge_id=11469538,update_date=sysdate, updated_by='SR-413' WHERE ID=62626 and updated_by != 'SR-413';

1 row updated.

Elapsed: 00:00:00.02
15:29:42 SQL> UPDATE invoice_adjustment SET charge_id=11469537,update_date=sysdate, updated_by='SR-413' WHERE ID=62615 and updated_by != 'SR-413';

1 row updated.

Elapsed: 00:00:00.00
15:29:42 SQL> commit;

Commit complete.

Elapsed: 00:00:00.01
15:29:42 SQL> EXIT;


Subject: Nomad upgrade completed successfully: ECPR@rac01.prd.ewr1.nytimes.com
From: Nomad for Oracle <nytd_oracledba@nytimes.com>
To: nytd_ecommerce@nytimes.com,nytd_oracledba@nytimes.com
Cc: nytd_oracledba@nytimes.com
Nomad upgrade operation completed successfully without errors. 
        
        Details
        -------
        DB Hostname: rac01.prd.ewr1.nytimes.com
        SID: ECPR
        Schema: core_owner
        Migration: 20.2-release-1.11.1-033_update
        SVN Revision: 10382
        Duration: 37 sec.
        Service Request: https://jira.em.nytimes.com/browse/ORA-348