14:37:57 SQL> @/dbbackups/ECST2/migrations/ops_hist_owner/2-release-1.11.0-all/upgrade.sql
14:37:57 SQL> --------------------------------------------------------------------------------
14:37:57 SQL> -- DDL for package PROCS_HISTORY
14:37:57 SQL> --------------------------------------------------------------------------------
14:37:57 SQL> 
14:37:57 SQL> CREATE OR REPLACE PACKAGE "PROCS_HISTORY_V16" AS
14:37:57   2  
14:37:57   3  PROCEDURE CREATE_NOTIFICATION_HISTORY (
14:37:57   4  /*
14:37:57   5  Throws exceptions:
14:37:57   6  APP_EXCEPTION_CODES_V16.UNKNOWN_ERROR
14:37:57   7  */
14:37:57   8  	in_notification_id	      IN NUMBER,
14:37:57   9  	in_account_id		      IN NUMBER,
14:37:57  10  	in_group_id		      IN NUMBER,
14:37:57  11  	notification_reason_type_id   IN NUMBER,
14:37:57  12  	notification_status_id	      IN NUMBER,
14:37:57  13  	email_template_params	      IN CLOB,
14:37:57  14  	in_create_date		      IN DATE,
14:37:57  15  	in_date_to_notify	      IN DATE
14:37:57  16  );
14:37:57  17  
14:37:57  18  PROCEDURE CREATE_NOTIF_FAILURE_HISTORY (
14:37:57  19  /*
14:37:57  20  Throws exceptions:
14:37:57  21  APP_EXCEPTION_CODES_V16.UNKNOWN_ERROR
14:37:57  22  */
14:37:57  23  	in_error_messgae	 IN VARCHAR2,
14:37:57  24  	in_notification_id	 IN NUMBER,
14:37:57  25  	in_create_date		 IN DATE
14:37:57  26  );
14:37:57  27  
14:37:57  28  END PROCS_HISTORY_V16;
14:37:57  29  .
14:37:57 SQL> /

Package created.

Elapsed: 00:00:00.01
14:37:57 SQL> 
14:37:57 SQL> CREATE OR REPLACE PACKAGE BODY "PROCS_HISTORY_V16" AS
14:37:57   2  
14:37:57   3  PROCEDURE CREATE_NOTIFICATION_HISTORY (
14:37:57   4  /*
14:37:57   5  Throws exceptions:
14:37:57   6  APP_EXCEPTION_CODES_V16.UNKNOWN_ERROR
14:37:57   7  */
14:37:57   8  	in_notification_id	      IN NUMBER,
14:37:57   9  	in_account_id		      IN NUMBER,
14:37:57  10  	in_group_id		      IN NUMBER,
14:37:57  11  	notification_reason_type_id   IN NUMBER,
14:37:57  12  	notification_status_id	      IN NUMBER,
14:37:57  13  	email_template_params	      IN CLOB,
14:37:57  14  	in_create_date		      IN DATE,
14:37:57  15  	in_date_to_notify	      IN DATE
14:37:57  16  ) AS
14:37:57  17  SPROC_NAME CONSTANT VARCHAR2(27) := 'CREATE_NOTIFICATION_HISTORY';
14:37:57  18  BEGIN
14:37:57  19  
14:37:57  20  	INSERT INTO NOTIFICATION_HISTORY (
14:37:57  21  	  NOTIFICATION_ID,
14:37:57  22  	  ACCOUNT_ID,
14:37:57  23  	  GROUP_ID,
14:37:57  24  	  NOTIFICATION_REASON_TYPE_ID,
14:37:57  25  	  NOTIFICATION_STATUS_ID,
14:37:57  26  	  EMAIL_TEMPLATE_PARAMS,
14:37:57  27  	  CREATE_DATE,
14:37:57  28  	  UPDATE_DATE,
14:37:57  29  	  DATE_TO_NOTIFY
14:37:57  30  	) VALUES (
14:37:57  31  	  in_notification_id,
14:37:57  32  	  in_account_id,
14:37:57  33  	  in_group_id,
14:37:57  34  	  notification_reason_type_id,
14:37:57  35  	  notification_status_id,
14:37:57  36  	  email_template_params,
14:37:57  37  	  in_create_date,
14:37:57  38  	  sysdate,
14:37:57  39  	  in_date_to_notify
14:37:57  40  	);
14:37:57  41  
14:37:57  42  EXCEPTION
14:37:57  43  WHEN OTHERS THEN
14:37:57  44  	RAISE_APPLICATION_ERROR(CORE_OWNER.APP_EXCEPTION_CODES_V16.UNKNOWN_ERROR,
14:37:57  45  	  SPROC_NAME||': Unknown error: '||SQLERRM);
14:37:57  46  END CREATE_NOTIFICATION_HISTORY;
14:37:57  47  
14:37:57  48  /******************************************************************************/
14:37:57  49  
14:37:57  50  PROCEDURE CREATE_NOTIF_FAILURE_HISTORY (
14:37:57  51  /*
14:37:57  52  Throws exceptions:
14:37:57  53  APP_EXCEPTION_CODES_V16.UNKNOWN_ERROR
14:37:57  54  */
14:37:57  55  	in_error_messgae	 IN VARCHAR2,
14:37:57  56  	in_notification_id IN NUMBER,
14:37:57  57  	in_create_date		 IN DATE
14:37:57  58  ) AS
14:37:57  59  SPROC_NAME CONSTANT VARCHAR2(28) := 'CREATE_NOTIF_FAILURE_HISTORY';
14:37:57  60  BEGIN
14:37:57  61  
14:37:57  62  	INSERT INTO NOTIFICATION_FAILURE_HISTORY (
14:37:57  63  	  ERROR_MESSAGE,
14:37:57  64  	  NOTIFICATION_ID,
14:37:57  65  	  CREATE_DATE,
14:37:57  66  	  UPDATE_DATE
14:37:57  67  	) VALUES (
14:37:57  68  	  in_error_messgae,
14:37:57  69  	  in_notification_id,
14:37:57  70  	  in_create_date,
14:37:57  71  	  sysdate
14:37:57  72  	);
14:37:57  73  
14:37:57  74  EXCEPTION
14:37:57  75  WHEN OTHERS THEN
14:37:57  76  	RAISE_APPLICATION_ERROR(CORE_OWNER.APP_EXCEPTION_CODES_V16.UNKNOWN_ERROR,
14:37:57  77  	  SPROC_NAME||': Unknown error: '||SQLERRM);
14:37:57  78  END CREATE_NOTIF_FAILURE_HISTORY;
14:37:57  79  
14:37:57  80  END PROCS_HISTORY_V16;
14:37:57  81  .
14:37:57 SQL> /

Package body created.

Elapsed: 00:00:00.01
14:37:57 SQL> 
14:37:57 SQL> --------------------------------------------------------------------------------
14:37:57 SQL> -- DDL for package PROCS_PARTITIONS
14:37:57 SQL> --------------------------------------------------------------------------------
14:37:57 SQL> 
14:37:57 SQL> CREATE OR REPLACE PACKAGE "PROCS_PARTITIONS_V16" AS
14:37:57   2  
14:37:57   3  PROCEDURE GET_PARTITION_YEAR_MONTH (
14:37:57   4  	in_year   IN NUMBER,
14:37:57   5  	in_month  IN NUMBER,
14:37:57   6  	out_year  OUT NUMBER,
14:37:57   7  	out_month OUT NUMBER
14:37:57   8  );
14:37:57   9  
14:37:57  10  PROCEDURE ADD_TABLE_PARTITION (
14:37:57  11  	in_tablename	   IN VARCHAR2,
14:37:57  12  	in_partitionprefix IN VARCHAR2,
14:37:57  13  	in_year 	   IN NUMBER,
14:37:57  14  	in_month	   IN NUMBER
14:37:57  15  );
14:37:57  16  
14:37:57  17  PROCEDURE ADD_NOTIFICATION_PARTITION(
14:37:57  18  	in_year  IN NUMBER,
14:37:57  19  	in_month IN NUMBER
14:37:57  20  );
14:37:57  21  
14:37:57  22  PROCEDURE ADD_NOTIF_FAILURE_PARTITION(
14:37:57  23  	in_year  IN NUMBER,
14:37:57  24  	in_month IN NUMBER
14:37:57  25  );
14:37:57  26  
14:37:57  27  END PROCS_PARTITIONS_V16;
14:37:57  28  .
14:37:57 SQL> /

Package created.

Elapsed: 00:00:00.00
14:37:57 SQL> 
14:37:57 SQL> CREATE OR REPLACE PACKAGE BODY "PROCS_PARTITIONS_V16" AS
14:37:57   2  
14:37:57   3  PROCEDURE GET_PARTITION_YEAR_MONTH (
14:37:57   4  	in_year   IN NUMBER,
14:37:57   5  	in_month  IN NUMBER,
14:37:57   6  	out_year  OUT NUMBER,
14:37:57   7  	out_month OUT NUMBER
14:37:57   8  ) AS
14:37:57   9  BEGIN
14:37:57  10  	IF in_month < 12 THEN
14:37:57  11  	  out_month := in_month + 1;
14:37:57  12  	  out_year  := in_year;
14:37:57  13  	ELSIF in_month = 12 THEN
14:37:57  14  	  out_month := 1;
14:37:57  15  	  out_year  := in_year + 1;
14:37:57  16  	ELSE
14:37:57  17  	  out_month := in_month;
14:37:57  18  	  out_year  := in_year;
14:37:57  19  	END IF;
14:37:57  20  END;
14:37:57  21  
14:37:57  22  /**************************************************************/
14:37:57  23  
14:37:57  24  PROCEDURE ADD_TABLE_PARTITION (
14:37:57  25  	in_tablename	   IN VARCHAR2,
14:37:57  26  	in_partitionprefix IN VARCHAR2,
14:37:57  27  	in_year 	   IN NUMBER,
14:37:57  28  	in_month	   IN NUMBER
14:37:57  29  ) AS
14:37:57  30  -- VARIABLES
14:37:57  31  partision_year  NUMBER;
14:37:57  32  partision_month NUMBER;
14:37:57  33  -- CONSTANTS
14:37:57  34  const_max_prefix CONSTANT VARCHAR(3) := 'max';
14:37:57  35  BEGIN
14:37:57  36  	GET_PARTITION_YEAR_MONTH(in_year, in_month, partision_year, partision_month);
14:37:57  37  	EXECUTE IMMEDIATE 'ALTER TABLE '||in_tablename||' SPLIT PARTITION '||in_partitionprefix||'_'||const_max_prefix||' AT (date '''||partision_year||'-'||partision_month||'-01'') INTO (PARTITION '||in_partitionprefix||'_y'||in_year||'m'||in_month||', PARTITION '||in_partitionprefix||'_'||const_max_prefix||')';
14:37:57  38  END;
14:37:57  39  
14:37:57  40  /**************************************************************/
14:37:57  41  
14:37:57  42  PROCEDURE ADD_NOTIFICATION_PARTITION(
14:37:57  43  	in_year  IN NUMBER,
14:37:57  44  	in_month IN NUMBER
14:37:57  45  ) AS
14:37:57  46  -- CONSTANTS
14:37:57  47  CONST_TABLE_NAME	     CONSTANT VARCHAR2(20) := 'NOTIFICATION_HISTORY';
14:37:57  48  CONST_PARTITION_PREFIX CONSTANT VARCHAR2(12)  := 'notification';
14:37:57  49  BEGIN
14:37:57  50  	ADD_TABLE_PARTITION(CONST_TABLE_NAME, CONST_PARTITION_PREFIX, in_year, in_month);
14:37:57  51  END ADD_NOTIFICATION_PARTITION;
14:37:57  52  
14:37:57  53  /**************************************************************/
14:37:57  54  
14:37:57  55  PROCEDURE ADD_NOTIF_FAILURE_PARTITION(
14:37:57  56  	in_year  IN NUMBER,
14:37:57  57  	in_month IN NUMBER
14:37:57  58  ) AS
14:37:57  59  -- CONSTANTS
14:37:57  60  CONST_TABLE_NAME	     CONSTANT VARCHAR2(28) := 'NOTIFICATION_FAILURE_HISTORY';
14:37:57  61  CONST_PARTITION_PREFIX CONSTANT VARCHAR2(20) := 'notification_failure';
14:37:57  62  BEGIN
14:37:57  63  	ADD_TABLE_PARTITION(CONST_TABLE_NAME, CONST_PARTITION_PREFIX, in_year, in_month);
14:37:57  64  END ADD_NOTIF_FAILURE_PARTITION;
14:37:57  65  
14:37:57  66  END PROCS_PARTITIONS_V16;
14:37:57  67  .
14:37:57 SQL> /

Package body created.

Elapsed: 00:00:00.01
14:37:57 SQL> 
14:37:57 SQL> --------------------------------------------------------------------------------
14:37:57 SQL> -- DDL for package PROCS_SYSTEM
14:37:57 SQL> --------------------------------------------------------------------------------
14:37:57 SQL> 
14:37:57 SQL> CREATE OR REPLACE PACKAGE "PROCS_SYSTEM_V16" AS
14:37:57   2  
14:37:57   3  PROCEDURE INCREMENT_VERSION;
14:37:57   4  
14:37:57   5  PROCEDURE CHECK_VERSION(
14:37:57   6  	  in_vers    IN NUMBER,
14:37:57   7  	  out_result OUT NUMBER
14:37:57   8  );
14:37:57   9  
14:37:57  10  END PROCS_SYSTEM_V16;
14:37:57  11  .
14:37:57 SQL> /

Package created.

Elapsed: 00:00:00.01
14:37:57 SQL> 
14:37:57 SQL> CREATE OR REPLACE PACKAGE BODY "PROCS_SYSTEM_V16" AS
14:37:57   2  
14:37:57   3  PROCEDURE INCREMENT_VERSION
14:37:57   4  /*
14:37:57   5  Throws exceptions:
14:37:57   6  CORE_OWNER.APP_EXCEPTION_CODES_V16.UNKNOWN_ERROR
14:37:57   7  */
14:37:57   8  AS
14:37:57   9  BEGIN
14:37:57  10  
14:37:57  11  	UPDATE SYS_VERSION SET version=version+1;
14:37:57  12  
14:37:57  13  EXCEPTION
14:37:57  14  WHEN OTHERS THEN
14:37:57  15  	RAISE_APPLICATION_ERROR(CORE_OWNER.APP_EXCEPTION_CODES_V16.UNKNOWN_ERROR,
14:37:57  16  	  'Unknown error');
14:37:57  17  END INCREMENT_VERSION;
14:37:57  18  
14:37:57  19  /*************************************************************/
14:37:57  20  
14:37:57  21  PROCEDURE CHECK_VERSION(
14:37:57  22  	  in_vers    IN NUMBER,
14:37:57  23  	  out_result OUT NUMBER
14:37:57  24  ) AS
14:37:57  25  	current_version NUMBER;
14:37:57  26  BEGIN
14:37:57  27  	SELECT version INTO current_version FROM SYS_VERSION;
14:37:57  28  	IF(current_version != in_vers) THEN
14:37:57  29  	  out_result := 1;
14:37:57  30  	ELSE
14:37:57  31  	  out_result := 0;
14:37:57  32  	END IF;
14:37:57  33  	EXCEPTION
14:37:57  34  	      WHEN OTHERS THEN
14:37:57  35  	      NULL;
14:37:57  36  END CHECK_VERSION;
14:37:57  37  
14:37:57  38  END PROCS_SYSTEM_V16;
14:37:57  39  .
14:37:57 SQL> /

Package body created.

Elapsed: 00:00:00.01
14:37:57 SQL> 
14:37:57 SQL> --------------------------------------------------------------------------------
14:37:57 SQL> -- DDL for package PUBLIC_PROCS_OPS
14:37:57 SQL> --------------------------------------------------------------------------------
14:37:57 SQL> 
14:37:57 SQL> CREATE OR REPLACE PACKAGE "PUBLIC_PROCS_OPS_V16" AS
14:37:57   2  
14:37:57   3  PROCEDURE CREATE_NOTIFICATION_HISTORY (
14:37:57   4  /*
14:37:57   5  Throws exceptions:
14:37:57   6  APP_EXCEPTION_CODES_V16.UNKNOWN_ERROR
14:37:57   7  */
14:37:57   8  	in_notification_id	      IN NUMBER,
14:37:57   9  	in_account_id		      IN NUMBER,
14:37:57  10  	in_group_id		      IN NUMBER,
14:37:57  11  	notification_reason_type_id   IN NUMBER,
14:37:57  12  	notification_status_id	      IN NUMBER,
14:37:57  13  	email_template_params	      IN CLOB,
14:37:57  14  	in_create_date		      IN DATE,
14:37:57  15  	in_date_to_notify	      IN DATE
14:37:57  16  );
14:37:57  17  
14:37:57  18  PROCEDURE CREATE_NOTIF_FAILURE_HISTORY (
14:37:57  19  /*
14:37:57  20  Throws exceptions:
14:37:57  21  APP_EXCEPTION_CODES_V16.UNKNOWN_ERROR
14:37:57  22  */
14:37:57  23  	in_error_message	 IN VARCHAR2,
14:37:57  24  	in_notification_id	 IN NUMBER,
14:37:57  25  	in_create_date		 IN DATE
14:37:57  26  );
14:37:57  27  
14:37:57  28  END PUBLIC_PROCS_OPS_V16;
14:37:57  29  .
14:37:57 SQL> /

Package created.

Elapsed: 00:00:00.01
14:37:57 SQL> 
14:37:57 SQL> CREATE OR REPLACE PACKAGE BODY "PUBLIC_PROCS_OPS_V16" AS
14:37:57   2  
14:37:57   3  PROCEDURE CREATE_NOTIFICATION_HISTORY (
14:37:57   4  /*
14:37:57   5  Throws exceptions:
14:37:57   6  APP_EXCEPTION_CODES_V16.UNKNOWN_ERROR
14:37:57   7  */
14:37:57   8  	in_notification_id	      IN NUMBER,
14:37:57   9  	in_account_id		      IN NUMBER,
14:37:57  10  	in_group_id		      IN NUMBER,
14:37:57  11  	notification_reason_type_id   IN NUMBER,
14:37:57  12  	notification_status_id	      IN NUMBER,
14:37:57  13  	email_template_params	      IN CLOB,
14:37:57  14  	in_create_date		      IN DATE,
14:37:57  15  	in_date_to_notify	      IN DATE
14:37:57  16  ) AS
14:37:57  17  BEGIN
14:37:57  18  	PROCS_HISTORY_V16.CREATE_NOTIFICATION_HISTORY(
14:37:57  19  	  in_notification_id,
14:37:57  20  	  in_account_id,
14:37:57  21  	  in_group_id,
14:37:57  22  	  notification_reason_type_id,
14:37:57  23  	  notification_status_id,
14:37:57  24  	  email_template_params,
14:37:57  25  	  in_create_date,
14:37:57  26  	  in_date_to_notify
14:37:57  27  	);
14:37:57  28  END CREATE_NOTIFICATION_HISTORY;
14:37:57  29  
14:37:57  30  /******************************************************/
14:37:57  31  
14:37:57  32  PROCEDURE CREATE_NOTIF_FAILURE_HISTORY (
14:37:57  33  /*
14:37:57  34  Throws exceptions:
14:37:57  35  APP_EXCEPTION_CODES_V16.UNKNOWN_ERROR
14:37:57  36  */
14:37:57  37  	in_error_message	 IN VARCHAR2,
14:37:57  38  	in_notification_id	 IN NUMBER,
14:37:57  39  	in_create_date		 IN DATE
14:37:57  40  ) AS
14:37:57  41  BEGIN
14:37:57  42  	PROCS_HISTORY_V16.CREATE_NOTIF_FAILURE_HISTORY(
14:37:57  43  	  in_error_message,
14:37:57  44  	  in_notification_id,
14:37:57  45  	  in_create_date
14:37:57  46  	);
14:37:57  47  END CREATE_NOTIF_FAILURE_HISTORY;
14:37:57  48  
14:37:57  49  END PUBLIC_PROCS_OPS_V16;
14:37:57  50  .
14:37:57 SQL> /

Package body created.

Elapsed: 00:00:00.00
14:37:57 SQL> 
14:37:57 SQL> GRANT EXECUTE ON PUBLIC_PROCS_OPS_V16 TO ops_owner;

Grant succeeded.

Elapsed: 00:00:00.01
14:37:57 SQL> GRANT EXECUTE ON PUBLIC_PROCS_OPS_V16 TO ops_aaa_app;

Grant succeeded.

Elapsed: 00:00:00.01
14:37:57 SQL> GRANT EXECUTE ON PUBLIC_PROCS_OPS_V16 TO ops_payment_app;

Grant succeeded.

Elapsed: 00:00:00.00
14:37:57 SQL> GRANT EXECUTE ON PUBLIC_PROCS_OPS_V16 TO ops_notif_app;

Grant succeeded.

Elapsed: 00:00:00.01
14:37:57 SQL> commit;

Commit complete.

Elapsed: 00:00:00.00
14:37:57 SQL> spool off;


Subject: Nomad upgrade completed successfully: ECST2@rac01.stg.ewr1.nytimes.com
From: Nomad for Oracle <nytd_oracledba@nytimes.com>
To: nytd_ecommerce@nytimes.com,nytd_oracledba@nytimes.com
Cc: nytd_oracledba@nytimes.com
Nomad upgrade operation completed successfully without errors. 
        
        Details
        -------
        DB Hostname: rac01.stg.ewr1.nytimes.com
        SID: ECST2
        Schema: ops_hist_owner
        Migration: 2-release-1.11.0-all
        SVN Revision: 10148
        Duration: 0 sec.
        Service Request: https://jira.em.nytimes.com/browse/ORA-284