12:20:51 SQL> @/dbbackups/ECST2/migrations/core_owner/19.0-release-1.11.0-127_change/upgrade.sql
12:20:51 SQL> WHENEVER SQLERROR EXIT ROLLBACK;
12:20:51 SQL> 
12:20:51 SQL> variable is_current_version_fine NUMBER;
12:20:51 SQL> variable change_version NUMBER;
12:20:51 SQL> variable bad_current_version VARCHAR2(1024);
12:20:51 SQL> 
12:20:51 SQL> exec :change_version := 127;

PL/SQL procedure successfully completed.

Elapsed: 00:00:00.00
12:20:51 SQL> exec PROCS_SYSTEM_V14.CHECK_VERSION(:change_version - 1, :is_current_version_fine);

PL/SQL procedure successfully completed.

Elapsed: 00:00:00.10
12:20:51 SQL> exec :bad_current_version := 'Current version is bad, please update your version to '||(:change_version-1);

PL/SQL procedure successfully completed.

Elapsed: 00:00:00.03
12:20:51 SQL> 
12:20:51 SQL> BEGIN
12:20:51   2  	IF (:is_current_version_fine != 0) THEN
12:20:51   3  	  RAISE_APPLICATION_ERROR(-20001, :bad_current_version);
12:20:51   4  	END IF;
12:20:51   5  END;
12:20:51   6  /

PL/SQL procedure successfully completed.

Elapsed: 00:00:00.00
12:20:51 SQL> 
12:20:51 SQL> ALTER TABLE INVOICE_ADJUSTMENT ADD (UPDATE_DATE DATE, UPDATED_BY VARCHAR2(255));

Table altered.

Elapsed: 00:00:02.35
12:20:53 SQL> update INVOICE_ADJUSTMENT set UPDATE_DATE=CREATE_DATE, UPDATED_BY=CREATED_BY;

49034 rows updated.

Elapsed: 00:00:09.49
12:21:03 SQL> 
12:21:03 SQL> exec PROCS_SYSTEM_V14.INCREMENT_VERSION();

PL/SQL procedure successfully completed.

Elapsed: 00:00:00.00
12:21:03 SQL> commit;

Commit complete.

Elapsed: 00:00:00.00
12:21:03 SQL> spool off;


Subject: Nomad upgrade completed successfully: ECST2@rac01.stg.ewr1.nytimes.com
From: Nomad for Oracle <nytd_oracledba@nytimes.com>
To: nytd_ecommerce@nytimes.com,nytd_oracledba@nytimes.com
Cc: nytd_oracledba@nytimes.com
Nomad upgrade operation completed successfully without errors. 
        
        Details
        -------
        DB Hostname: rac01.stg.ewr1.nytimes.com
        SID: ECST2
        Schema: core_owner
        Migration: 19.0-release-1.11.0-127_change
        SVN Revision: 10148
        Duration: 12 sec.
        