13:39:54 SQL> @/dbbackups/ECST2/migrations/core_hist_owner/3.3-post-release-1.11.1-data-copy/upgrade.sql
13:39:54 SQL> WHENEVER SQLERROR EXIT ROLLBACK;
13:39:54 SQL> 
13:39:54 SQL> truncate table core_hist_owner.NOTIFICATION_FAILURE_HISTORY;

Table truncated.

Elapsed: 00:00:00.02
13:39:54 SQL> truncate table core_hist_owner.NOTIFICATION_HISTORY;

Table truncated.

Elapsed: 00:00:00.30
13:39:54 SQL> 
13:39:54 SQL> insert into core_hist_owner.NOTIFICATION_FAILURE_HISTORY select * from ops_hist_owner.NOTIFICATION_FAILURE_HISTORY;

98878 rows created.

Elapsed: 00:00:03.53
13:39:58 SQL> insert into core_hist_owner.NOTIFICATION_HISTORY select * from ops_hist_owner.NOTIFICATION_HISTORY;

5407741 rows created.

Elapsed: 00:06:15.25
13:46:13 SQL> commit;

Commit complete.

Elapsed: 00:00:00.01
13:46:13 SQL> 
13:46:13 SQL> 
13:46:13 SQL> commit;

Commit complete.

Elapsed: 00:00:00.00
13:46:13 SQL> spool off;


Subject: Nomad upgrade completed successfully: ECST2@rac01.stg.ewr1.nytimes.com
From: Nomad for Oracle <nytd_oracledba@nytimes.com>
To: nytd_ecommerce@nytimes.com,nytd_oracledba@nytimes.com
Cc: nytd_oracledba@nytimes.com
Nomad upgrade operation completed successfully without errors. 
        
        Details
        -------
        DB Hostname: rac01.stg.ewr1.nytimes.com
        SID: ECST2
        Schema: core_hist_owner
        Migration: 3.3-post-release-1.11.1-data-copy
        SVN Revision: 10566
        Duration: 379 sec.
        Service Request: https://jira.em.nytimes.com/browse/ORA-348