15:26:54 SQL> @/dbbackups/ECPR/migrations/core_hist_owner/3.3-post-release-1.11.1-data-copy/upgrade.sql
15:26:54 SQL> WHENEVER SQLERROR EXIT ROLLBACK;
15:26:54 SQL> 
15:26:54 SQL> truncate table core_hist_owner.NOTIFICATION_FAILURE_HISTORY;

Table truncated.

Elapsed: 00:00:00.18
15:26:54 SQL> truncate table core_hist_owner.NOTIFICATION_HISTORY;

Table truncated.

Elapsed: 00:00:00.64
15:26:55 SQL> 
15:26:55 SQL> insert into core_hist_owner.NOTIFICATION_FAILURE_HISTORY select * from ops_hist_owner.NOTIFICATION_FAILURE_HISTORY;

10844 rows created.

Elapsed: 00:00:00.35
15:26:55 SQL> insert into core_hist_owner.NOTIFICATION_HISTORY select * from ops_hist_owner.NOTIFICATION_HISTORY;

6311521 rows created.

Elapsed: 00:05:41.32
15:32:37 SQL> commit;

Commit complete.

Elapsed: 00:00:00.02
15:32:37 SQL> 
15:32:37 SQL> 
15:32:37 SQL> commit;

Commit complete.

Elapsed: 00:00:00.00
15:32:37 SQL> spool off;


Subject: Nomad upgrade completed successfully: ECPR@rac01.prd.ewr1.nytimes.com
From: Nomad for Oracle <nytd_oracledba@nytimes.com>
To: nytd_ecommerce@nytimes.com
Cc: nytd_oracledba@nytimes.com
Nomad upgrade operation completed successfully without errors. 
        
        Details
        -------
        DB Hostname: rac01.prd.ewr1.nytimes.com
        SID: ECPR
        Schema: core_hist_owner
        Migration: 3.3-post-release-1.11.1-data-copy
        SVN Revision: 10566
        Duration: 343 sec.
        Service Request: https://jira.em.nytimes.com/browse/ORA-348