11:01:03 SQL> @/dbbackups/ECST/migrations/core_owner/78-Update-Hulu-Care-Expiration/upgrade.sql
11:01:03 SQL> -- Hulu Customer care gift codes need to have an expiration of Nov 1, 2013.  As per Nimpee Kaul.
11:01:03 SQL> UPDATE GIFT_CERTIFICATE
11:01:03   2  SET     EXPIRATION_DATE = to_date('2013-Nov-01', 'yyyy-mon-dd'),
11:01:03   3  	      UPDATED_BY = 'PMOM-47',
11:01:03   4  	      UPDATE_DATE = SYSDATE
11:01:03   5  WHERE SENDER_EMAIL = 'hulu_bun_b_care_300@nyt.net';

300 rows updated.

Elapsed: 00:00:08.29
11:01:11 SQL> 
11:01:11 SQL> COMMIT;

Commit complete.

Elapsed: 00:00:00.09
11:01:11 SQL> commit;

Commit complete.

Elapsed: 00:00:00.00
11:01:11 SQL> spool off;


Subject: Nomad upgrade completed successfully: ECST@rac01.stg.ewr1.nytimes.com
From: Nomad for Oracle <db.alert@nytimes.com>
To: nytd_ecommerce@nytimes.com

Nomad upgrade operation completed successfully without errors. 
        
        Details
        -------
        DB Hostname: rac01.stg.ewr1.nytimes.com
        DB Role: primary
        Database: ECST
        Schema: core_owner
        Migration: 78-Update-Hulu-Care-Expiration
        SVN Revision: 13868
        Duration: 8 sec.
        DBA: apathrose
        