16:02:02 SQL> @/dbbackups/ECST/migrations/core_hist_owner/5.4-release-1.13.0-change-file-027/upgrade.sql
16:02:02 SQL> WHENEVER SQLERROR EXIT ROLLBACK;
16:02:02 SQL> 
16:02:02 SQL> variable is_current_version_fine NUMBER;
16:02:02 SQL> variable change_version NUMBER;
16:02:02 SQL> variable bad_current_version VARCHAR2(1024);
16:02:02 SQL> 
16:02:02 SQL> exec :change_version := 27;

PL/SQL procedure successfully completed.

Elapsed: 00:00:00.01
16:02:02 SQL> exec PROCS_SYSTEM_V9.CHECK_VERSION(:change_version - 1, :is_current_version_fine);

PL/SQL procedure successfully completed.

Elapsed: 00:00:00.00
16:02:02 SQL> exec :bad_current_version := 'Current version is bad, please update your version to '||(:change_version-1);

PL/SQL procedure successfully completed.

Elapsed: 00:00:00.00
16:02:02 SQL> 
16:02:02 SQL> BEGIN
16:02:02   2  	IF (:is_current_version_fine != 0) THEN
16:02:02   3  	  RAISE_APPLICATION_ERROR(-20001, :bad_current_version);
16:02:02   4  	END IF;
16:02:02   5  END;
16:02:02   6  /

PL/SQL procedure successfully completed.

Elapsed: 00:00:00.00
16:02:02 SQL> 
16:02:02 SQL> update notification_history set id = not_hist_pk_seq.nextval where id is null;

0 rows updated.

Elapsed: 00:00:36.80
16:02:39 SQL> COMMIT;

Commit complete.

Elapsed: 00:00:00.00
16:02:39 SQL> alter table notification_history add constraint not_hist_pk primary key(id);

Table altered.

Elapsed: 00:01:19.09
16:03:58 SQL> 
16:03:58 SQL> exec PROCS_SYSTEM_V9.INCREMENT_VERSION();

PL/SQL procedure successfully completed.

Elapsed: 00:00:00.00
16:03:58 SQL> 
16:03:58 SQL> COMMIT;

Commit complete.

Elapsed: 00:00:00.02
16:03:58 SQL> 
16:03:58 SQL> commit;

Commit complete.

Elapsed: 00:00:00.00
16:03:58 SQL> spool off;


Subject: Nomad upgrade completed successfully: ECST@rac01.stg.ewr1.nytimes.com
From: Nomad for Oracle <nytd_oracledba@nytimes.com>
To: nytd_ecommerce@nytimes.com
Cc: nytd_oracledba@nytimes.com

Nomad upgrade operation completed successfully without errors. 
        
        Details
        -------
        DB Hostname: rac01.stg.ewr1.nytimes.com
        DB Role: PRIMARY
        SID: ECST
        Schema: core_hist_owner
        Migration: 5.4-release-1.13.0-change-file-027
        SVN Revision: 11718
        Duration: 116 sec.
        DBA: sbao
        Service Request: https://jira.em.nytimes.com/browse/ORA-536