16:05:00 SQL> @/dbbackups/ECPR/migrations/core_hist_owner/5.4-release-1.13.0-change-file-027/upgrade.sql
16:05:00 SQL> WHENEVER SQLERROR EXIT ROLLBACK;
16:05:00 SQL> 
16:05:00 SQL> variable is_current_version_fine NUMBER;
16:05:00 SQL> variable change_version NUMBER;
16:05:00 SQL> variable bad_current_version VARCHAR2(1024);
16:05:00 SQL> 
16:05:00 SQL> exec :change_version := 27;

PL/SQL procedure successfully completed.

Elapsed: 00:00:00.00
16:05:00 SQL> exec PROCS_SYSTEM_V9.CHECK_VERSION(:change_version - 1, :is_current_version_fine);

PL/SQL procedure successfully completed.

Elapsed: 00:00:00.00
16:05:00 SQL> exec :bad_current_version := 'Current version is bad, please update your version to '||(:change_version-1);

PL/SQL procedure successfully completed.

Elapsed: 00:00:00.00
16:05:00 SQL> 
16:05:00 SQL> BEGIN
16:05:00   2  	IF (:is_current_version_fine != 0) THEN
16:05:00   3  	  RAISE_APPLICATION_ERROR(-20001, :bad_current_version);
16:05:00   4  	END IF;
16:05:00   5  END;
16:05:00   6  /
BEGIN
*
ERROR at line 1:
ORA-20001: Current version is bad, please update your version to 26 
ORA-06512: at line 3 




Subject: Nomad upgrade completed with errors: ECPR@rac01.prd.ewr1.nytimes.com
From: Nomad for Oracle <nytd_oracledba@nytimes.com>
To: nytd_ecommerce@nytimes.com
Cc: nytd_oracledba@nytimes.com

Nomad upgrade operation has errors. 
        
        Details
        -------
        DB Hostname: rac01.prd.ewr1.nytimes.com
        DB Role: PRIMARY
        SID: ECPR
        Schema: core_hist_owner
        Migration: 5.4-release-1.13.0-change-file-027
        SVN Revision: 11718
        Duration: 0 sec.
        DBA: sbao
        Service Request: https://jira.em.nytimes.com/browse/ORA-557        
        
        Error Detail
        ------------
        
        ERROR at line 1: ORA-20001: Current version is bad, please update your version to 26 ORA-06512: at line 3