19:30:54 SQL> @/dbbackups/ECST/migrations/core_owner/30.4-release-1.13.0-update-transaction-type/upgrade.sql
19:30:54 SQL> WHENEVER SQLERROR EXIT ROLLBACK;
19:30:54 SQL> 
19:30:54 SQL> -- User Start Subscription Transaction type (8)
19:30:54 SQL> UPDATE
19:30:54   2  	  transaction
19:30:54   3  SET
19:30:54   4  	  transaction_type_code = 'START_SUBSCRIPTION'
19:30:54   5  WHERE
19:30:54   6  	  created_by <> 'LICENSING' AND
19:30:54   7  	  transaction_type_code IS NULL AND
19:30:54   8  	  is_refund = 0 AND
19:30:54   9  	  rownum <= 100 AND
19:30:54  10  	  id IN
19:30:54  11  	  (
19:30:54  12  	      SELECT
19:30:54  13  		  MIN(t.id)
19:30:54  14  	      FROM
19:30:54  15  		  transaction t,
19:30:54  16  		  transaction_attempt ta,
19:30:54  17  		  license l,
19:30:54  18  		  charge c
19:30:54  19  	      WHERE
19:30:54  20  		  ta.transaction_id = t.id AND
19:30:54  21  		  l.invoice_id = c.invoice_id AND
19:30:54  22  		  c.transaction_id = t.id AND
19:30:54  23  		  t.transaction_status_id = 1 AND
19:30:54  24  		  t.create_date > SYSDATE - 3
19:30:54  25  	      GROUP BY
19:30:54  26  		  l.subscription_id) ;

0 rows updated.

Elapsed: 00:00:00.03
19:30:54 SQL> COMMIT;

Commit complete.

Elapsed: 00:00:00.03
19:30:54 SQL> 
19:30:54 SQL> -- Refund Transaction types (38)
19:30:54 SQL> UPDATE
19:30:54   2  	  transaction
19:30:54   3  SET
19:30:54   4  	  transaction_type_code = 'REFUND'
19:30:54   5  WHERE
19:30:54   6  	  is_refund = 1 AND
19:30:54   7  	  created_by <> 'LICENSING' AND
19:30:54   8  	  transaction_type_code IS NULL AND
19:30:54   9  	  transaction_status_id = 1 AND
19:30:54  10  	  create_date > SYSDATE - 3 AND
19:30:54  11  	  rownum <= 500;

0 rows updated.

Elapsed: 00:00:00.01
19:30:54 SQL> COMMIT;

Commit complete.

Elapsed: 00:00:00.00
19:30:54 SQL> 
19:30:54 SQL> -- Everything else not created by the licensing job must be a User Update Recurring Billing Transaction (100)
19:30:54 SQL> UPDATE
19:30:54   2  	  transaction
19:30:54   3  SET
19:30:54   4  	  transaction_type_code = 'RECURRING_BILLING_USER_UPDATE'
19:30:54   5  WHERE
19:30:54   6  	  created_by <> 'LICENSING' AND
19:30:54   7  	  transaction_type_code IS NULL AND
19:30:54   8  	  transaction_status_id = 1 AND
19:30:54   9  	  create_date > SYSDATE - 3 AND
19:30:54  10  	  rownum <= 1000;

0 rows updated.

Elapsed: 00:00:00.00
19:30:54 SQL> COMMIT;

Commit complete.

Elapsed: 00:00:00.00
19:30:54 SQL> 
19:30:54 SQL> -- Everything else created by licensing is a Recurring Billing Transaction (577)
19:30:54 SQL> UPDATE
19:30:54   2  	  transaction
19:30:54   3  SET
19:30:54   4  	  transaction_type_code = 'RECURRING_BILLING'
19:30:54   5  WHERE
19:30:54   6  	  created_by = 'LICENSING' AND
19:30:54   7  	  transaction_type_code IS NULL AND
19:30:54   8  	  transaction_status_id = 1 AND
19:30:54   9  	  create_date > SYSDATE - 3 AND
19:30:54  10  	  rownum <= 5000;

0 rows updated.

Elapsed: 00:00:00.00
19:30:54 SQL> COMMIT;

Commit complete.

Elapsed: 00:00:00.00
19:30:54 SQL> 
19:30:54 SQL> commit;

Commit complete.

Elapsed: 00:00:00.00
19:30:54 SQL> spool off;


Subject: Nomad upgrade completed successfully: ECST@rac01.stg.ewr1.nytimes.com
From: Nomad for Oracle <nytd_oracledba@nytimes.com>
To: nytd_ecommerce@nytimes.com
Cc: nytd_oracledba@nytimes.com

Nomad upgrade operation completed successfully without errors. 
        
        Details
        -------
        DB Hostname: rac01.stg.ewr1.nytimes.com
        DB Role: PRIMARY
        SID: ECST
        Schema: core_owner
        Migration: 30.4-release-1.13.0-update-transaction-type
        SVN Revision: 11733
        Duration: 0 sec.
        DBA: sbao
        Service Request: https://jira.em.nytimes.com/browse/ORA-571