09:13:39 SQL> @/dbbackups/ECST/migrations/core_owner/84.1-sartre-release-1.18.0-changes/rollback.sql
09:13:39 SQL> 
09:13:39 SQL> 
09:13:39 SQL> -- START UNDO OF CHANGE SCRIPT #20130801152742: 20130801152742-alter_charge_status_indexes.sql
09:13:39 SQL> 
09:13:39 SQL> ALTER TABLE CHARGE_STATUS_LOG DROP CONSTRAINT CHARGE_STATUS_LOG_PK;

Table altered.

Elapsed: 00:00:00.13
09:13:39 SQL> ALTER TABLE CHARGE_STATUS_LOG DROP CONSTRAINT CHARGE_STATUS_LOG_CRG_ID_FK;

Table altered.

Elapsed: 00:00:00.07
09:13:39 SQL> ALTER TABLE CHARGE_STATUS_LOG DROP CONSTRAINT CHARGE_STATUS_LOG_CSSTAT_ID_FK;

Table altered.

Elapsed: 00:00:00.02
09:13:39 SQL> DROP INDEX CHARGE_STATUS_LOG_CID_IDX;

Index dropped.

Elapsed: 00:00:00.04
09:13:39 SQL> 
09:13:39 SQL> 
09:13:39 SQL> DELETE FROM dbdeploy_changelog WHERE change_number = 20130801152742;

1 row deleted.

Elapsed: 00:00:00.00
09:13:39 SQL> 
09:13:39 SQL> COMMIT;

Commit complete.

Elapsed: 00:00:00.00
09:13:39 SQL> 
09:13:39 SQL> -- END UNDO OF CHANGE SCRIPT #20130801152742: 20130801152742-alter_charge_status_indexes.sql
09:13:39 SQL> 
09:13:39 SQL> 
09:13:39 SQL> -- START UNDO OF CHANGE SCRIPT #20130801152708: 20130801152708-alter_ar_balance_indexes.sql
09:13:39 SQL> 
09:13:39 SQL> ALTER TABLE AR_BALANCE_APPLIES DROP CONSTRAINT AR_APPLIES_PK;

Table altered.

Elapsed: 00:00:00.07
09:13:39 SQL> ALTER TABLE AR_BALANCE_APPLIES DROP CONSTRAINT AR_APPLIES_CHARGEID_FK;

Table altered.

Elapsed: 00:00:00.02
09:13:39 SQL> ALTER TABLE AR_BALANCE_APPLIES DROP CONSTRAINT AR_APPLIES_INVID_FK;

Table altered.

Elapsed: 00:00:00.02
09:13:39 SQL> DROP INDEX AR_BAL_APPLIES_CID_IDX;

Index dropped.

Elapsed: 00:00:00.05
09:13:39 SQL> DROP INDEX AR_BAL_APPLIES_IID_IDX;

Index dropped.

Elapsed: 00:00:00.03
09:13:39 SQL> 
09:13:39 SQL> 
09:13:39 SQL> DELETE FROM dbdeploy_changelog WHERE change_number = 20130801152708;

1 row deleted.

Elapsed: 00:00:00.00
09:13:39 SQL> 
09:13:39 SQL> COMMIT;

Commit complete.

Elapsed: 00:00:00.00
09:13:39 SQL> 
09:13:39 SQL> -- END UNDO OF CHANGE SCRIPT #20130801152708: 20130801152708-alter_ar_balance_indexes.sql
09:13:39 SQL> 
09:13:39 SQL> 
09:13:39 SQL> commit;

Commit complete.

Elapsed: 00:00:00.00
09:13:39 SQL> spool off;
